MD5 differential path toolbox
Copyright (C) 2009 Marc Stevens
http://homepages.cwi.nl/~stevens/

delta_m[2] = [!8!]
Q-3:	|01100111 01000101 00100011 00000001|
Q-2:	|00010000 00110010 01010100 01110110|
Q-1:	|10011000 10111010 11011100 11111110|
Q0:	|11101111 11001101 10101011 10001001| ok p=1
Q1:	|01011100 01010000 10011001 00101000| ok p=1
Q2:	|00000000 01100010 00011101 00011101| ok p=1
Q3:	|111+---1 11101111 11011000 10101111| ok p=1
Q4:	|100111+1 1010110- 10100101 00100000| ok p=1
Q5:	|0001+--1 -110100- 11001010 001011+0| ok p=1
Q6:	|1100001+ +010101- -++00001 -+0110+0| ok p=1
Q7:	|0+1.000+ +..0.0++ 00-....- 0-......| ok p=1
Q8:	|000...+. ..!+.+01 11-....- 1-....0.| ok p=1
Q9:	|+10..0+1 0..+.+10 ..-.1..+ .-.0...^| ok p=1
Q10:	|0-0110-1 1....-.. 0001010+ .1.00.^+| ok p=1
Q11:	|+-100-1- 0^.01-0^ 1101+010 0+.-0^-1| ok p=1
Q12:	|+-1--+01 --^00-0+ ----0+-- 11^+++11| ok p=1
Q13:	|.-+++--+ 00---+-1 01+-+--- -----00.| ok p=1
Q14:	|1.01010- 1-0011+1 111.01.. 1010+1..| ok p=1
Q15:	|00+00101 .11110-. ..001110 1101-.0.| ok p=1
Q16:	|1.+....- .0....-. ........ ....0.1.| ok p=0.737305
Q17:	|+.0..... ......1. ...0.... ....1.+.| ok p=0.761719
Q18:	|1.1....^ ......1. ...1.... .0......| ok p=0.308594
Q19:	|+....... ......-. ...+.... .1....^.| ok p=0.896484
Q20:	|+....... ........ ........ .-......| ok p=1
Q21:	|-....0.. ......^. ...^.... ........| ok p=1
Q22:	|-....1.. ........ ........ .^......| ok p=0.507812
Q23:	|1....+.. ........ ........ ........| ok p=1
Q24:	|0....... ........ .......0 ........| ok p=1
Q25:	|.....^.. ........ .......1 ........| ok p=0.5
Q26:	|........ ........ .......- ........| ok p=0.978516
Q27:	|........ ........ ........ ........| ok p=1
Q28:	|........ ........ .......^ ........| ok p=1
Q29:	|........ ........ ........ ........| ok p=1
Q30:	|........ ........ ........ ........| ok p=1
Q31:	|........ ........ ........ ........| ok p=1
Q32:	|........ ........ ........ ........| ok p=1
Q33:	|........ ........ ........ ........| ok p=1
Q34:	|........ ........ ........ ........| ok p=1
Q35:	|........ ........ ........ ........| ok p=1
Q36:	|........ ........ ........ ........| ok p=1
Q37:	|........ ........ ........ ........| ok p=1
Q38:	|........ ........ ........ ........| ok p=1
Q39:	|........ ........ ........ ........| ok p=1
Q40:	|........ ........ ........ ........| ok p=1
Q41:	|........ ........ ........ ........| ok p=1
Q42:	|........ ........ ........ ........| ok p=1
Q43:	|........ ........ ........ ........| ok p=1
Q44:	|........ ........ ........ ........| ok p=1
Q45:	|........ ........ ........ ........| ok p=1
Q46:	|0....... ........ ........ ........| ok p=1
Q47:	|1....... ........ ........ ........| ok p=0.505859
Q48:	|-....... ........ ........ ........| ok p=1
Q49:	|-....... ........ ........ ........| ok p=1
Q50:	|+....... ........ ........ ........| ok p=1
Q51:	|-....... ........ ........ ........| ok p=1
Q52:	|+....... ........ ........ ........| ok p=1
Q53:	|-....... ........ ........ ........| ok p=1
Q54:	|+....... ........ ........ ........| ok p=1
Q55:	|-....... ........ ........ ........| ok p=1
Q56:	|+....... ........ ........ ........| ok p=1
Q57:	|-....... ........ ........ ........| ok p=1
Q58:	|+....... ........ ........ ........| ok p=1
Q59:	|-....... ........ ........ ........| ok p=1
Q60:	|+....... ........ ........ ........| ok p=1
Q61:	|-....... 0....... ........ ........| ok p=1
Q62:	|+....... ........ ........ ........| ok p=1
Q63:	|-....... +....... ........ ........| ok p=1
Q64:	|+....... +....... ........ ........|
Starting...
20: Q5m5tunnel      = 0
20: Q4m5tunnel      = 0
20: Q14m6Q3m5tunnel = 0
21: Q10m10tunnel    = 3
21: Q9m10tunnel     = 3
22: Q8Q12m15tunnel  = 0
23: Q4m4tunnel      = 0
24: Q9m9tunnel      = 6
25: Q14Q3m14tunnel  = 0
.1 0
2 0
4 0
8 0
16 0
32 0
64 0
128 0
256 0
512 0
1024 0
2048 0
4096 0
20: Q5m5tunnel      = 0
20: Q4m5tunnel      = 0
20: Q14m6Q3m5tunnel = 0
21: Q10m10tunnel    = 3
21: Q9m10tunnel     = 3
22: Q8Q12m15tunnel  = 0
23: Q4m4tunnel      = 0
24: Q9m9tunnel      = 6
25: Q14Q3m14tunnel  = 0
.8192 0
20: Q5m5tunnel      = 0
20: Q4m5tunnel      = 0
20: Q14m6Q3m5tunnel = 0
21: Q10m10tunnel    = 3
21: Q9m10tunnel     = 3
22: Q8Q12m15tunnel  = 0
23: Q4m4tunnel      = 0
24: Q9m9tunnel      = 6
25: Q14Q3m14tunnel  = 0
.16384 0
20: Q5m5tunnel      = 0
20: Q4m5tunnel      = 0
20: Q14m6Q3m5tunnel = 0
21: Q10m10tunnel    = 3
21: Q9m10tunnel     = 3
22: Q8Q12m15tunnel  = 0
23: Q4m4tunnel      = 0
24: Q9m9tunnel      = 6
25: Q14Q3m14tunnel  = 0
.20: Q5m5tunnel      = 0
20: Q4m5tunnel      = 0
20: Q14m6Q3m5tunnel = 0
21: Q10m10tunnel    = 3
21: Q9m10tunnel     = 3
22: Q8Q12m15tunnel  = 0
23: Q4m4tunnel      = 0
24: Q9m9tunnel      = 6
25: Q14Q3m14tunnel  = 0
.20: Q5m5tunnel      = 0
20: Q4m5tunnel      = 0
20: Q14m6Q3m5tunnel = 0
21: Q10m10tunnel    = 3
21: Q9m10tunnel     = 3
22: Q8Q12m15tunnel  = 0
23: Q4m4tunnel      = 0
24: Q9m9tunnel      = 6
25: Q14Q3m14tunnel  = 0
.32768 0
36482 1
38704 2
20: Q5m5tunnel      = 0
20: Q4m5tunnel      = 0
20: Q14m6Q3m5tunnel = 0
21: Q10m10tunnel    = 3
21: Q9m10tunnel     = 3
22: Q8Q12m15tunnel  = 0
23: Q4m4tunnel      = 0
24: Q9m9tunnel      = 6
25: Q14Q3m14tunnel  = 0
.20: Q5m5tunnel      = 0
20: Q4m5tunnel      = 0
20: Q14m6Q3m5tunnel = 0
21: Q10m10tunnel    = 3
21: Q9m10tunnel     = 3
22: Q8Q12m15tunnel  = 0
23: Q4m4tunnel      = 0
24: Q9m9tunnel      = 6
25: Q14Q3m14tunnel  = 0
.65536 3
72415 4
131072 7
157806 8
262144 10
428623 16
524288 20
986930 32
1048576 34
Block 1: ./data/coll1_590383169
64 61 6e 67 6e 67 75 79 65 6e 20 31 32 33 34 35 
36 37 38 39 31 30 31 31 14 f4 23 9e 44 7e 3b e4 
33 ad cc 7c f3 7f b8 0a 4a 05 8e ed 6e a8 51 03 
3e 09 77 1c eb 9e 11 40 30 ca 8b d1 9f 8a 4e c1 
Block 2: ./data/coll2_590383169
64 61 6e 67 6e 67 75 79 65 6f 20 31 32 33 34 35 
36 37 38 39 31 30 31 31 14 f4 23 9e 44 7e 3b e4 
33 ad cc 7c f3 7f b8 0a 4a 05 8e ed 6e a8 51 03 
3e 09 77 1c eb 9e 11 40 30 ca 8b d1 9f 8a 4e c1 
Found collision!
