Connect MD5 differential paths
Copyright (C) 2009 Marc Stevens
http://homepages.cwi.nl/~stevens/

delta_m[2] = [!8!]
Loading upper_1_640000/paths16_0of1.bin.gz...done: 640000.
Loading data/paths11_0of1.bin.gz...done: 320000.
t=12: 0%   10   20   30   40   50   60   70   80   90   100%
      |----|----|----|----|----|----|----|----|----|----|
      *Q-3:	|01100111 01000101 00100011 00000001|
Q-2:	|00010000 00110010 01010100 01110110|
Q-1:	|10011000 10111010 11011100 11111110|
Q0:	|11101111 11001101 10101011 10001001| ok p=1
Q1:	|01011100 01010000 10011001 00101000| ok p=1
Q2:	|00000000 01100010 00011101 00011101| ok p=1
Q3:	|111+---1 11101111 11011000 10101111| ok p=1
Q4:	|100111+1 1010110- 10100101 00100000| ok p=1
Q5:	|0001+--1 -110100- 11001010 001011+0| ok p=1
Q6:	|1100001+ +010101- -++00001 -+0110+0| ok p=1
Q7:	|0+1.000+ +..0.0++ 00-....- 0-......| ok p=1
Q8:	|000...+. ...+^+01 11-....- 1-....0.| ok p=1
Q9:	|+10..0+1 0..+.+10 ..-.1..+ .-.0...^| ok p=1
Q10:	|0-0110-1 1....-.1 .100010+ .1.00.^+| ok p=1
Q11:	|+-100-1- 0^.01-00 ^000+010 0+.-0^-1| ok p=1
Q12:	|+-1--+01 --^00-0+ ----0+-- 11^+++11| ok p=1
Q13:	|.-+++--+ 00---+-1 010++--- -----00.| ok p=1
Q14:	|1.01010- 1-0011+1 111101.. 1010+1..| ok p=1
Q15:	|00+00101 .11110-. ...01110 1101-.0.| ok p=1
Q16:	|1.+....- .0....-. ........ ....0.1.| ok p=0.763672
Q17:	|+.0..... ......1. ...0.... ....1.+.| ok p=0.743164
Q18:	|1.1....^ ......1. ...1.... .0......| ok p=0.282227
Q19:	|+....... ......-. ...+.... .1....^.| ok p=0.87793
Q20:	|+....... ........ ........ .-......| ok p=1
Q21:	|-....0.. ......^. ...^.... ........| ok p=1
Q22:	|-....1.. ........ ........ .^......| ok p=0.527344
Q23:	|1....+.. ........ ........ ........| ok p=1
Q24:	|0....... ........ .......0 ........| ok p=1
Q25:	|.....^.. ........ .......1 ........| ok p=0.508789
Q26:	|........ ........ .......- ........| ok p=0.981445
Q27:	|........ ........ ........ ........| ok p=1
Q28:	|........ ........ .......^ ........| ok p=1
Q29:	|........ ........ ........ ........| ok p=1
Q30:	|........ ........ ........ ........| ok p=1
Q31:	|........ ........ ........ ........| ok p=1
Q32:	|........ ........ ........ ........| ok p=1
Q33:	|........ ........ ........ ........| ok p=1
Q34:	|........ ........ ........ ........| ok p=1
Q35:	|........ ........ ........ ........| ok p=1
Q36:	|........ ........ ........ ........| ok p=1
Q37:	|........ ........ ........ ........| ok p=1
Q38:	|........ ........ ........ ........| ok p=1
Q39:	|........ ........ ........ ........| ok p=1
Q40:	|........ ........ ........ ........| ok p=1
Q41:	|........ ........ ........ ........| ok p=1
Q42:	|........ ........ ........ ........| ok p=1
Q43:	|........ ........ ........ ........| ok p=1
Q44:	|........ ........ ........ ........| ok p=1
Q45:	|........ ........ ........ ........| ok p=1
Q46:	|0....... ........ ........ ........| ok p=1
Q47:	|1....... ........ ........ ........| ok p=0.495117
Q48:	|-....... ........ ........ ........| ok p=1
Q49:	|-....... ........ ........ ........| ok p=1
Q50:	|+....... ........ ........ ........| ok p=1
Q51:	|-....... ........ ........ ........| ok p=1
Q52:	|+....... ........ ........ ........| ok p=1
Q53:	|-....... ........ ........ ........| ok p=1
Q54:	|+....... ........ ........ ........| ok p=1
Q55:	|-....... ........ ........ ........| ok p=1
Q56:	|+....... ........ ........ ........| ok p=1
Q57:	|-....... ........ ........ ........| ok p=1
Q58:	|+....... ........ ........ ........| ok p=1
Q59:	|-....... ........ ........ ........| ok p=1
Q60:	|+....... ........ ........ ........| ok p=1
Q61:	|-....... 0....... ........ ........| ok p=1
Q62:	|+....... ........ ........ ........| ok p=1
Q63:	|-....... +....... ........ ........| ok p=1
Q64:	|+....... +....... ........ ........|
Best path: totcompl=-38 tottunnel=10, totcond=601, p=0.0166075
Best paths: 2
Q-3:	|01100111 01000101 00100011 00000001|
Q-2:	|00010000 00110010 01010100 01110110|
Q-1:	|10011000 10111010 11011100 11111110|
Q0:	|11101111 11001101 10101011 10001001| ok p=1
Q1:	|01011100 01010000 10011001 00101000| ok p=1
Q2:	|00000000 01100010 00011101 00011101| ok p=1
Q3:	|111+---1 11101111 11011000 10101111| ok p=1
Q4:	|100111+1 1010110- 10100101 00100000| ok p=1
Q5:	|0001+--1 -110100- 11001010 001011+0| ok p=1
Q6:	|1100001+ +010101- -++00001 -+0110+0| ok p=1
Q7:	|0+1.000+ +..0.0++ 00-....- 0-......| ok p=1
Q8:	|000...+. ...+^+01 11-....- 1-....0.| ok p=1
Q9:	|+10..0+1 0..+.+10 ..-.1..+ .-.0...^| ok p=1
Q10:	|0-0110-1 1....-.1 .101010+ .1.00.^+| ok p=1
Q11:	|+-100-1- 0^.01-00 ^001+010 0+.-0^-1| ok p=1
Q12:	|+-1--+01 --^00-0+ ----0+-- 11^+++11| ok p=1
Q13:	|.-+++--+ 00---+-1 01+-+--- -----00.| ok p=1
Q14:	|1.01010- 1-0011+1 111.01.. 1010+1..| ok p=1
Q15:	|00+00101 .11110-. ..001110 1101-.0.| ok p=1
Q16:	|1.+....- .0....-. ........ ....0.1.| ok p=0.738281
Q17:	|+.0..... ......1. ...0.... ....1.+.| ok p=0.753906
Q18:	|1.1....^ ......1. ...1.... .0......| ok p=0.302734
Q19:	|+....... ......-. ...+.... .1....^.| ok p=0.878906
Q20:	|+....... ........ ........ .-......| ok p=1
Q21:	|-....0.. ......^. ...^.... ........| ok p=1
Q22:	|-....1.. ........ ........ .^......| ok p=0.549805
Q23:	|1....+.. ........ ........ ........| ok p=1
Q24:	|0....... ........ .......0 ........| ok p=1
Q25:	|.....^.. ........ .......1 ........| ok p=0.49707
Q26:	|........ ........ .......- ........| ok p=0.988281
Q27:	|........ ........ ........ ........| ok p=1
Q28:	|........ ........ .......^ ........| ok p=1
Q29:	|........ ........ ........ ........| ok p=1
Q30:	|........ ........ ........ ........| ok p=1
Q31:	|........ ........ ........ ........| ok p=1
Q32:	|........ ........ ........ ........| ok p=1
Q33:	|........ ........ ........ ........| ok p=1
Q34:	|........ ........ ........ ........| ok p=1
Q35:	|........ ........ ........ ........| ok p=1
Q36:	|........ ........ ........ ........| ok p=1
Q37:	|........ ........ ........ ........| ok p=1
Q38:	|........ ........ ........ ........| ok p=1
Q39:	|........ ........ ........ ........| ok p=1
Q40:	|........ ........ ........ ........| ok p=1
Q41:	|........ ........ ........ ........| ok p=1
Q42:	|........ ........ ........ ........| ok p=1
Q43:	|........ ........ ........ ........| ok p=1
Q44:	|........ ........ ........ ........| ok p=1
Q45:	|........ ........ ........ ........| ok p=1
Q46:	|0....... ........ ........ ........| ok p=1
Q47:	|1....... ........ ........ ........| ok p=0.516602
Q48:	|-....... ........ ........ ........| ok p=1
Q49:	|-....... ........ ........ ........| ok p=1
Q50:	|+....... ........ ........ ........| ok p=1
Q51:	|-....... ........ ........ ........| ok p=1
Q52:	|+....... ........ ........ ........| ok p=1
Q53:	|-....... ........ ........ ........| ok p=1
Q54:	|+....... ........ ........ ........| ok p=1
Q55:	|-....... ........ ........ ........| ok p=1
Q56:	|+....... ........ ........ ........| ok p=1
Q57:	|-....... ........ ........ ........| ok p=1
Q58:	|+....... ........ ........ ........| ok p=1
Q59:	|-....... ........ ........ ........| ok p=1
Q60:	|+....... ........ ........ ........| ok p=1
Q61:	|-....... 0....... ........ ........| ok p=1
Q62:	|+....... ........ ........ ........| ok p=1
Q63:	|-....... +....... ........ ........| ok p=1
Q64:	|+....... +....... ........ ........|
Best path: totcompl=-37 tottunnel=11, totcond=601, p=0.0156695
Best paths: 2
Best paths: 4
Q-3:	|01100111 01000101 00100011 00000001|
Q-2:	|00010000 00110010 01010100 01110110|
Q-1:	|10011000 10111010 11011100 11111110|
Q0:	|11101111 11001101 10101011 10001001| ok p=1
Q1:	|01011100 01010000 10011001 00101000| ok p=1
Q2:	|00000000 01100010 00011101 00011101| ok p=1
Q3:	|111+---1 11101111 11011000 10101111| ok p=1
Q4:	|100111+1 1010110- 10100101 00100000| ok p=1
Q5:	|0001+--1 -110100- 11001010 001011+0| ok p=1
Q6:	|1100001+ +010101- -++00001 -+0110+0| ok p=1
Q7:	|0+1.000+ +..0.0++ 00-....- 0-......| ok p=1
Q8:	|000...+. ..!+.+01 11-....- 1-....0.| ok p=1
Q9:	|+10..0+1 0..+.+10 ..-.1..+ .-.0...^| ok p=1
Q10:	|0-0110-1 1....-.. 0001010+ .1.00.^+| ok p=1
Q11:	|+-100-1- 0^.01-0^ 1101+010 0+.-0^-1| ok p=1
Q12:	|+-1--+01 --^00-0+ ----0+-- 11^+++11| ok p=1
Q13:	|.-+++--+ 00---+-1 01+-+--- -----00.| ok p=1
Q14:	|1.01010- 1-0011+1 111.01.. 1010+1..| ok p=1
Q15:	|00+00101 .11110-. ..001110 1101-.0.| ok p=1
Q16:	|1.+....- .0....-. ........ ....0.1.| ok p=0.780273
Q17:	|+.0..... ......1. ...0.... ....1.+.| ok p=0.736328
Q18:	|1.1....^ ......1. ...1.... .0......| ok p=0.279297
Q19:	|+....... ......-. ...+.... .1....^.| ok p=0.873047
Q20:	|+....... ........ ........ .-......| ok p=1
Q21:	|-....0.. ......^. ...^.... ........| ok p=1
Q22:	|-....1.. ........ ........ .^......| ok p=0.509766
Q23:	|1....+.. ........ ........ ........| ok p=1
Q24:	|0....... ........ .......0 ........| ok p=1
Q25:	|.....^.. ........ .......1 ........| ok p=0.53418
Q26:	|........ ........ .......- ........| ok p=0.982422
Q27:	|........ ........ ........ ........| ok p=1
Q28:	|........ ........ .......^ ........| ok p=1
Q29:	|........ ........ ........ ........| ok p=1
Q30:	|........ ........ ........ ........| ok p=1
Q31:	|........ ........ ........ ........| ok p=1
Q32:	|........ ........ ........ ........| ok p=1
Q33:	|........ ........ ........ ........| ok p=1
Q34:	|........ ........ ........ ........| ok p=1
Q35:	|........ ........ ........ ........| ok p=1
Q36:	|........ ........ ........ ........| ok p=1
Q37:	|........ ........ ........ ........| ok p=1
Q38:	|........ ........ ........ ........| ok p=1
Q39:	|........ ........ ........ ........| ok p=1
Q40:	|........ ........ ........ ........| ok p=1
Q41:	|........ ........ ........ ........| ok p=1
Q42:	|........ ........ ........ ........| ok p=1
Q43:	|........ ........ ........ ........| ok p=1
Q44:	|........ ........ ........ ........| ok p=1
Q45:	|........ ........ ........ ........| ok p=1
Q46:	|0....... ........ ........ ........| ok p=1
Q47:	|1....... ........ ........ ........| ok p=0.515625
Q48:	|-....... ........ ........ ........| ok p=1
Q49:	|-....... ........ ........ ........| ok p=1
Q50:	|+....... ........ ........ ........| ok p=1
Q51:	|-....... ........ ........ ........| ok p=1
Q52:	|+....... ........ ........ ........| ok p=1
Q53:	|-....... ........ ........ ........| ok p=1
Q54:	|+....... ........ ........ ........| ok p=1
Q55:	|-....... ........ ........ ........| ok p=1
Q56:	|+....... ........ ........ ........| ok p=1
Q57:	|-....... ........ ........ ........| ok p=1
Q58:	|+....... ........ ........ ........| ok p=1
Q59:	|-....... ........ ........ ........| ok p=1
Q60:	|+....... ........ ........ ........| ok p=1
Q61:	|-....... 0....... ........ ........| ok p=1
Q62:	|+....... ........ ........ ........| ok p=1
Q63:	|-....... +....... ........ ........| ok p=1
Q64:	|+....... +....... ........ ........|
Best path: totcompl=-36 tottunnel=12, totcond=601, p=0.0179372
Best paths: 2
Best paths: 4
Best paths: 8
