Connect MD5 differential paths
Copyright (C) 2009 Marc Stevens
http://homepages.cwi.nl/~stevens/

delta_m[2] = [!8!]
Loading upper_1_640000/paths16_0of1.bin.gz...done: 640000.
Loading data/paths11_0of1.bin.gz...done: 320000.
t=12: 0%   10   20   30   40   50   60   70   80   90   100%
      |----|----|----|----|----|----|----|----|----|----|
      ***Q-3:	|+0001000 10001101 01011011 11011111|
Q-2:	|-0010100 01111001 01110000 10010100|
Q-1:	|+111001- +1000101 00101001 11101000|
Q0:	|-1001100 -0111011 10010000 00110100| ok p=0.820312
Q1:	|-......1 -....0.. ....00.. +-......| ok p=0.357422
Q2:	|-......- +....-.. ....+0.. 0+......| ok p=1
Q3:	|+......+ +....-.. !^.^0+.^ +-......| ok p=1
Q4:	|-......+ +..!.-.. .-.---.- 1+0.....| ok p=1
Q5:	|-1!..... -....... .0.0+-00 -01^....| ok p=1
Q6:	|10.^...0 0....0.. .1.11-.1 -11+....| ok p=1
Q7:	|0..+.... +......! .1..1..+ +.10^...| ok p=1
Q8:	|.!.1.... +0!..... .+...0.0 +0-1+...| ok p=1
Q9:	|...0.1.1 +1...... .01..0.1 .0++0...| ok p=1
Q10:	|0110.1.0 .+100001 110110!+ 10+++...| ok p=1
Q11:	|1101.+.+ 0+011110 01+01+11 0-10-.1.| ok p=1
Q12:	|+-++^-^- 0++----- --0---01 1-11000.| ok p=1
Q13:	|0--0+++- +----011 +--0-+++ +++++0+.| ok p=1
Q14:	|+100110- 010..001 1.10.100 11001+-.| ok p=1
Q15:	|11-01001 101111.. 101.1011 11000++.| ok p=0.929688
Q16:	|0.-....- .....-.. ........ .....10.| ok p=0.730469
Q17:	|+.0..... ......0. ...0.... .....0+.| ok p=0.99707
Q18:	|+.1....^ .....^1. ...1.... .0......| ok p=0.751953
Q19:	|-....... ......+. ...+.... .1....^.| ok p=0.876953
Q20:	|-....... ........ ........ .-......| ok p=1
Q21:	|-....0.. ......^. ...^.... ........| ok p=1
Q22:	|-....1.. ........ ........ .^......| ok p=0.460938
Q23:	|1....+.. ........ ........ ........| ok p=1
Q24:	|0....... ........ .......0 ........| ok p=1
Q25:	|.....^.. ........ .......1 ........| ok p=0.511719
Q26:	|........ ........ .......- ........| ok p=0.991211
Q27:	|........ ........ ........ ........| ok p=1
Q28:	|........ ........ .......^ ........| ok p=1
Q29:	|........ ........ ........ ........| ok p=1
Q30:	|........ ........ ........ ........| ok p=1
Q31:	|........ ........ ........ ........| ok p=1
Q32:	|........ ........ ........ ........| ok p=1
Q33:	|........ ........ ........ ........| ok p=1
Q34:	|........ ........ ........ ........| ok p=1
Q35:	|........ ........ ........ ........| ok p=1
Q36:	|........ ........ ........ ........| ok p=1
Q37:	|........ ........ ........ ........| ok p=1
Q38:	|........ ........ ........ ........| ok p=1
Q39:	|........ ........ ........ ........| ok p=1
Q40:	|........ ........ ........ ........| ok p=1
Q41:	|........ ........ ........ ........| ok p=1
Q42:	|........ ........ ........ ........| ok p=1
Q43:	|........ ........ ........ ........| ok p=1
Q44:	|........ ........ ........ ........| ok p=1
Q45:	|........ ........ ........ ........| ok p=1
Q46:	|0....... ........ ........ ........| ok p=1
Q47:	|1....... ........ ........ ........| ok p=0.460938
Q48:	|+....... ........ ........ ........| ok p=1
Q49:	|-....... ........ ........ ........| ok p=1
Q50:	|-....... ........ ........ ........| ok p=1
Q51:	|-....... ........ ........ ........| ok p=1
Q52:	|-....... ........ ........ ........| ok p=1
Q53:	|-....... ........ ........ ........| ok p=1
Q54:	|-....... ........ ........ ........| ok p=1
Q55:	|-....... ........ ........ ........| ok p=1
Q56:	|-....... ........ ........ ........| ok p=1
Q57:	|-....... ........ ........ ........| ok p=1
Q58:	|-....... ........ ........ ........| ok p=1
Q59:	|-....... ........ ........ ........| ok p=1
Q60:	|-....... ........ ........ ........| ok p=1
Q61:	|-....... 0....... ........ ........| ok p=1
Q62:	|-....... ........ ........ ........| ok p=0.992188
Q63:	|-....... +....... ........ ........| ok p=1
Q64:	|+....... +....... ........ ........|
Best path: totcompl=-12 tottunnel=37, totcond=469, p=0.0148158
Q-3:	|+0001000 10001101 01011011 11011111|
Q-2:	|-0010100 01111001 01110000 10010100|
Q-1:	|+111001- +1000101 00101001 11101000|
Q0:	|-1001100 -0111011 10010000 00110100| ok p=0.81543
Q1:	|-......1 -....0.. ....00.. +-......| ok p=0.369141
Q2:	|-......- +....-.. ....+0.. 0+......| ok p=1
Q3:	|+......+ +....-.! .^.^0+.^ +-......| ok p=1
Q4:	|-0.....+ +..!.-.. .-.---.- 1+0.....| ok p=1
Q5:	|-1...... -....... .0.0+-00 -01^....| ok p=1
Q6:	|10.^...0 0....0.. .1.11-.1 -11+....| ok p=1
Q7:	|0..+.... +.1..... !1..1..+ +.10^...| ok p=0.994141
Q8:	|.!.1.... +0...... .+...0.0 +0-1+...| ok p=1
Q9:	|...0.1.1 +1...... .01.00.1 .0++0...| ok p=1
Q10:	|0110.1.0 .+100001 110110.+ 10+++...| ok p=1
Q11:	|1101.+.+ 0+011110 01+01+11 0-10-.1.| ok p=1
Q12:	|+-++^-^- 0++----- --0---01 1-11000.| ok p=1
Q13:	|0--0+++- +----011 +--0-+++ +++++0+.| ok p=1
Q14:	|+100110- 010..001 1.10.101 00001+-.| ok p=1
Q15:	|11-01001 101111.. 101.1011 11000++.| ok p=0.954102
Q16:	|0.-....- .....-.. ........ .....10.| ok p=0.743164
Q17:	|+.0..... ......0. ...0.... .....0+.| ok p=0.99707
Q18:	|+.1....^ .....^1. ...1.... .0......| ok p=0.763672
Q19:	|-....... ......+. ...+.... .1....^.| ok p=0.864258
Q20:	|-....... ........ ........ .-......| ok p=1
Q21:	|-....0.. ......^. ...^.... ........| ok p=1
Q22:	|-....1.. ........ ........ .^......| ok p=0.455078
Q23:	|1....+.. ........ ........ ........| ok p=1
Q24:	|0....... ........ .......0 ........| ok p=1
Q25:	|.....^.. ........ .......1 ........| ok p=0.494141
Q26:	|........ ........ .......- ........| ok p=0.986328
Q27:	|........ ........ ........ ........| ok p=1
Q28:	|........ ........ .......^ ........| ok p=1
Q29:	|........ ........ ........ ........| ok p=1
Q30:	|........ ........ ........ ........| ok p=1
Q31:	|........ ........ ........ ........| ok p=1
Q32:	|........ ........ ........ ........| ok p=1
Q33:	|........ ........ ........ ........| ok p=1
Q34:	|........ ........ ........ ........| ok p=1
Q35:	|........ ........ ........ ........| ok p=1
Q36:	|........ ........ ........ ........| ok p=1
Q37:	|........ ........ ........ ........| ok p=1
Q38:	|........ ........ ........ ........| ok p=1
Q39:	|........ ........ ........ ........| ok p=1
Q40:	|........ ........ ........ ........| ok p=1
Q41:	|........ ........ ........ ........| ok p=1
Q42:	|........ ........ ........ ........| ok p=1
Q43:	|........ ........ ........ ........| ok p=1
Q44:	|........ ........ ........ ........| ok p=1
Q45:	|........ ........ ........ ........| ok p=1
Q46:	|0....... ........ ........ ........| ok p=1
Q47:	|1....... ........ ........ ........| ok p=0.496094
Q48:	|+....... ........ ........ ........| ok p=1
Q49:	|-....... ........ ........ ........| ok p=1
Q50:	|-....... ........ ........ ........| ok p=1
Q51:	|-....... ........ ........ ........| ok p=1
Q52:	|-....... ........ ........ ........| ok p=1
Q53:	|-....... ........ ........ ........| ok p=1
Q54:	|-....... ........ ........ ........| ok p=1
Q55:	|-....... ........ ........ ........| ok p=1
Q56:	|-....... ........ ........ ........| ok p=1
Q57:	|-....... ........ ........ ........| ok p=1
Q58:	|-....... ........ ........ ........| ok p=1
Q59:	|-....... ........ ........ ........| ok p=1
Q60:	|-....... ........ ........ ........| ok p=1
Q61:	|-....... 0....... ........ ........| ok p=1
Q62:	|-....... ........ ........ ........| ok p=0.995117
Q63:	|-....... +....... ........ ........| ok p=1
Q64:	|+....... +....... ........ ........|
Best path: totcompl=-11 tottunnel=38, totcond=469, p=0.0159632
Best paths: 2
Q-3:	|+0001000 10001101 01011011 11011111|
Q-2:	|-0010100 01111001 01110000 10010100|
Q-1:	|+111001- +1000101 00101001 11101000|
Q0:	|-1001100 -0111011 10010000 00110100| ok p=0.806641
Q1:	|-......1 -....0.. ....00.. +-......| ok p=0.368164
Q2:	|-......- +....-.. ....+0.. 0+......| ok p=1
Q3:	|+......+ +....-.. !^.^0+.^ +-......| ok p=1
Q4:	|-0.....+ +.!..-.. .-.---.- 1+0.....| ok p=1
Q5:	|-1...... -....... .0.0+-00 -01^....| ok p=1
Q6:	|10.^...0 0....0.. .1.11-.1 -11+....| ok p=1
Q7:	|0..+.... +....... !1..1..+ +.10^...| ok p=1
Q8:	|.!.1.... +0!..... .+...0.0 +0-1+...| ok p=1
Q9:	|...0.1.1 +1...... .01..0.1 .0++0...| ok p=1
Q10:	|0110.1.0 .+1000.0 110110!+ 10+++...| ok p=1
Q11:	|1101.+.+ 0+0111^1 01+01+11 0-10-.1.| ok p=1
Q12:	|+-++^-^- 0++----- --0---01 1-11000.| ok p=1
Q13:	|0--0+++- +----011 +--0-+++ +++++0+.| ok p=1
Q14:	|+100110- 010..001 1.10.100 11001+-.| ok p=1
Q15:	|11-01001 101111.. 101.1011 11000++.| ok p=0.941406
Q16:	|0.-....- .....-.. ........ .....10.| ok p=0.765625
Q17:	|+.0..... ......0. ...0.... .....0+.| ok p=0.996094
Q18:	|+.1....^ .....^1. ...1.... .0......| ok p=0.727539
Q19:	|-....... ......+. ...+.... .1....^.| ok p=0.881836
Q20:	|-....... ........ ........ .-......| ok p=1
Q21:	|-....0.. ......^. ...^.... ........| ok p=1
Q22:	|-....1.. ........ ........ .^......| ok p=0.491211
Q23:	|1....+.. ........ ........ ........| ok p=1
Q24:	|0....... ........ .......0 ........| ok p=1
Q25:	|.....^.. ........ .......1 ........| ok p=0.494141
Q26:	|........ ........ .......- ........| ok p=0.988281
Q27:	|........ ........ ........ ........| ok p=1
Q28:	|........ ........ .......^ ........| ok p=1
Q29:	|........ ........ ........ ........| ok p=1
Q30:	|........ ........ ........ ........| ok p=1
Q31:	|........ ........ ........ ........| ok p=1
Q32:	|........ ........ ........ ........| ok p=1
Q33:	|........ ........ ........ ........| ok p=1
Q34:	|........ ........ ........ ........| ok p=1
Q35:	|........ ........ ........ ........| ok p=1
Q36:	|........ ........ ........ ........| ok p=1
Q37:	|........ ........ ........ ........| ok p=1
Q38:	|........ ........ ........ ........| ok p=1
Q39:	|........ ........ ........ ........| ok p=1
Q40:	|........ ........ ........ ........| ok p=1
Q41:	|........ ........ ........ ........| ok p=1
Q42:	|........ ........ ........ ........| ok p=1
Q43:	|........ ........ ........ ........| ok p=1
Q44:	|........ ........ ........ ........| ok p=1
Q45:	|........ ........ ........ ........| ok p=1
Q46:	|0....... ........ ........ ........| ok p=1
Q47:	|1....... ........ ........ ........| ok p=0.50293
Q48:	|+....... ........ ........ ........| ok p=1
Q49:	|-....... ........ ........ ........| ok p=1
Q50:	|-....... ........ ........ ........| ok p=1
Q51:	|-....... ........ ........ ........| ok p=1
Q52:	|-....... ........ ........ ........| ok p=1
Q53:	|-....... ........ ........ ........| ok p=1
Q54:	|-....... ........ ........ ........| ok p=1
Q55:	|-....... ........ ........ ........| ok p=1
Q56:	|-....... ........ ........ ........| ok p=1
Q57:	|-....... ........ ........ ........| ok p=1
Q58:	|-....... ........ ........ ........| ok p=1
Q59:	|-....... ........ ........ ........| ok p=1
Q60:	|-....... ........ ........ ........| ok p=1
Q61:	|-....... 0....... ........ ........| ok p=1
Q62:	|-....... ........ ........ ........| ok p=0.99707
Q63:	|-....... +....... ........ ........| ok p=1
Q64:	|+....... +....... ........ ........|
Best path: totcompl=-9 tottunnel=40, totcond=468, p=0.0161028
Best paths: 2
Q-3:	|+0001000 10001101 01011011 11011111|
Q-2:	|-0010100 01111001 01110000 10010100|
Q-1:	|+111001- +1000101 00101001 11101000|
Q0:	|-1001100 -0111011 10010000 00110100| ok p=0.802734
Q1:	|-......1 -....0.. ....00.. +-......| ok p=0.365234
Q2:	|-......- +....-.. ....+0.. 0+......| ok p=1
Q3:	|+......+ +....-.. !^.^0+.^ +-......| ok p=1
Q4:	|-0.....+ +.!..-.. .-.---.- 1+0.....| ok p=1
Q5:	|-1...... -....... .0.0+-00 -01^....| ok p=1
Q6:	|10.^...0 0....0.. .1.11-.1 -11+....| ok p=1
Q7:	|0..+.... +....... !1..1..+ +.10^...| ok p=1
Q8:	|1..1.... +0!..... .+...0.0 +0-1+...| ok p=1
Q9:	|...0.1.1 +1...... .01..0.1 .0++0...| ok p=1
Q10:	|0110.1.0 .+1000.1 010110!+ 10+++...| ok p=1
Q11:	|1101.+.+ 0+0111^1 11+01+11 0-10-.1.| ok p=1
Q12:	|+-++^-^- 0++----- --0---01 1-11000.| ok p=1
Q13:	|0--0+++- +----01+ ---0-+++ +++++0+.| ok p=1
Q14:	|+100110- 010..001 ..10.101 00001+-.| ok p=1
Q15:	|11-01001 101111.1 101.1011 11000++.| ok p=0.96875
Q16:	|0.-....- .....-.. ........ .....10.| ok p=0.725586
Q17:	|+.0..... ......0. ...0.... .....0+.| ok p=0.998047
Q18:	|+.1....^ .....^1. ...1.... .0......| ok p=0.746094
Q19:	|-....... ......+. ...+.... .1....^.| ok p=0.857422
Q20:	|-....... ........ ........ .-......| ok p=1
Q21:	|-....0.. ......^. ...^.... ........| ok p=1
Q22:	|-....1.. ........ ........ .^......| ok p=0.475586
Q23:	|1....+.. ........ ........ ........| ok p=1
Q24:	|0....... ........ .......0 ........| ok p=1
Q25:	|.....^.. ........ .......1 ........| ok p=0.519531
Q26:	|........ ........ .......- ........| ok p=0.985352
Q27:	|........ ........ ........ ........| ok p=1
Q28:	|........ ........ .......^ ........| ok p=1
Q29:	|........ ........ ........ ........| ok p=1
Q30:	|........ ........ ........ ........| ok p=1
Q31:	|........ ........ ........ ........| ok p=1
Q32:	|........ ........ ........ ........| ok p=1
Q33:	|........ ........ ........ ........| ok p=1
Q34:	|........ ........ ........ ........| ok p=1
Q35:	|........ ........ ........ ........| ok p=1
Q36:	|........ ........ ........ ........| ok p=1
Q37:	|........ ........ ........ ........| ok p=1
Q38:	|........ ........ ........ ........| ok p=1
Q39:	|........ ........ ........ ........| ok p=1
Q40:	|........ ........ ........ ........| ok p=1
Q41:	|........ ........ ........ ........| ok p=1
Q42:	|........ ........ ........ ........| ok p=1
Q43:	|........ ........ ........ ........| ok p=1
Q44:	|........ ........ ........ ........| ok p=1
Q45:	|........ ........ ........ ........| ok p=1
Q46:	|0....... ........ ........ ........| ok p=1
Q47:	|1....... ........ ........ ........| ok p=0.532227
Q48:	|+....... ........ ........ ........| ok p=1
Q49:	|-....... ........ ........ ........| ok p=1
Q50:	|-....... ........ ........ ........| ok p=1
Q51:	|-....... ........ ........ ........| ok p=1
Q52:	|-....... ........ ........ ........| ok p=1
Q53:	|-....... ........ ........ ........| ok p=1
Q54:	|-....... ........ ........ ........| ok p=1
Q55:	|-....... ........ ........ ........| ok p=1
Q56:	|-....... ........ ........ ........| ok p=1
Q57:	|-....... ........ ........ ........| ok p=1
Q58:	|-....... ........ ........ ........| ok p=1
Q59:	|-....... ........ ........ ........| ok p=1
Q60:	|-....... ........ ........ ........| ok p=1
Q61:	|-....... 0....... ........ ........| ok p=1
Q62:	|-....... ........ ........ ........| ok p=0.998047
Q63:	|-....... +....... ........ ........| ok p=1
Q64:	|+....... +....... ........ ........|
Best path: totcompl=-8 tottunnel=41, totcond=468, p=0.0173102
Q-3:	|+0001000 10001101 01011011 11011111|
Q-2:	|-0010100 01111001 01110000 10010100|
Q-1:	|+111001- +1000101 00101001 11101000|
Q0:	|-1001100 -0111011 10010000 00110100| ok p=0.820312
Q1:	|-......1 -....0.. ....00.. +-......| ok p=0.374023
Q2:	|-......- +....-.. ....+0.. 0+......| ok p=1
Q3:	|+......+ +....-.! .^.^0+.^ +-......| ok p=1
Q4:	|-0.....+ +..!.-.. .-.---.- 1+0.....| ok p=1
Q5:	|-1...... -....... .0.0+-.0 -01^....| ok p=1
Q6:	|10.^...0 0....0.. .1.11-^1 -11+....| ok p=1
Q7:	|0..+.... +....... !1..1..+ +.10^...| ok p=1
Q8:	|.!.1.... +0.!.... .+...0.0 +1-1+...| ok p=1
Q9:	|...0.1.1 +1...... .01..0.1 .1++0...| ok p=1
Q10:	|.000.1.0 1+0000.0 110110!+ 11+++...| ok p=1
Q11:	|0111.+.+ 1+1111^1 01+01+01 0-10-.1.| ok p=1
Q12:	|0+++^-.- +0------ ------11 1-110.0.| ok p=1
Q13:	|-0+0++.+ 0011+010 1+--++++ +++++1+.| ok p=1
Q14:	|101011.0 1-000011 11..0100 101010-.| ok p=1
Q15:	|-1-.10.0 .1..11.. .1011011 10111++.| ok p=0.916016
Q16:	|-.-....- .1...-.. ........ ......0.| ok p=0.494141
Q17:	|0.0..... ......0. ...0.... .....^+.| ok p=0.253906
Q18:	|+.1....^ .....^1. ...1.... .0......| ok p=0.742188
Q19:	|+....... ......+. ...+.... .1....^.| ok p=0.858398
Q20:	|-....... ........ ........ .-......| ok p=1
Q21:	|-....0.. ......^. ...^.... ........| ok p=1
Q22:	|-....1.. ........ ........ .^......| ok p=0.478516
Q23:	|1....+.. ........ ........ ........| ok p=1
Q24:	|0....... ........ .......0 ........| ok p=1
Q25:	|.....^.. ........ .......1 ........| ok p=0.486328
Q26:	|........ ........ .......- ........| ok p=0.983398
Q27:	|........ ........ ........ ........| ok p=1
Q28:	|........ ........ .......^ ........| ok p=1
Q29:	|........ ........ ........ ........| ok p=1
Q30:	|........ ........ ........ ........| ok p=1
Q31:	|........ ........ ........ ........| ok p=1
Q32:	|........ ........ ........ ........| ok p=1
Q33:	|........ ........ ........ ........| ok p=1
Q34:	|........ ........ ........ ........| ok p=1
Q35:	|........ ........ ........ ........| ok p=1
Q36:	|........ ........ ........ ........| ok p=1
Q37:	|........ ........ ........ ........| ok p=1
Q38:	|........ ........ ........ ........| ok p=1
Q39:	|........ ........ ........ ........| ok p=1
Q40:	|........ ........ ........ ........| ok p=1
Q41:	|........ ........ ........ ........| ok p=1
Q42:	|........ ........ ........ ........| ok p=1
Q43:	|........ ........ ........ ........| ok p=1
Q44:	|........ ........ ........ ........| ok p=1
Q45:	|........ ........ ........ ........| ok p=1
Q46:	|0....... ........ ........ ........| ok p=1
Q47:	|1....... ........ ........ ........| ok p=0.504883
Q48:	|+....... ........ ........ ........| ok p=1
Q49:	|+....... ........ ........ ........| ok p=1
Q50:	|-....... ........ ........ ........| ok p=1
Q51:	|+....... ........ ........ ........| ok p=1
Q52:	|-....... ........ ........ ........| ok p=1
Q53:	|+....... ........ ........ ........| ok p=1
Q54:	|-....... ........ ........ ........| ok p=1
Q55:	|+....... ........ ........ ........| ok p=1
Q56:	|-....... ........ ........ ........| ok p=1
Q57:	|+....... ........ ........ ........| ok p=1
Q58:	|-....... ........ ........ ........| ok p=1
Q59:	|+....... ........ ........ ........| ok p=1
Q60:	|-....... ........ ........ ........| ok p=1
Q61:	|+....... 0....... ........ ........| ok p=1
Q62:	|-....... ........ ........ ........| ok p=1
Q63:	|+....... +....... ........ ........| ok p=1
Q64:	|+....... +....... ........ ........|
Best path: totcompl=-8 tottunnel=41, totcond=461, p=0.00229938
Q-3:	|+0001000 10001101 01011011 11011111|
Q-2:	|-0010100 01111001 01110000 10010100|
Q-1:	|+111001- +1000101 00101001 11101000|
Q0:	|-1001100 -0111011 10010000 00110100| ok p=0.839844
Q1:	|-......1 -....0.. ....00.. +-......| ok p=0.369141
Q2:	|-......- +....-.. ....+0.. 0+......| ok p=1
Q3:	|+......+ +....-.. !^.^0+.^ +-......| ok p=1
Q4:	|-0.....+ +.!..-.. .-.---.- 1+0.....| ok p=1
Q5:	|-1...... -....... .0.0+-.0 -01^....| ok p=1
Q6:	|10.^...0 0....0.. .1.11-^1 -11+....| ok p=1
Q7:	|0..+.... +....... !1..1..+ +.10^...| ok p=1
Q8:	|.!.1.... +0!..... .+...0.0 +1-1+...| ok p=1
Q9:	|...0.1.1 +1...... .01.10.1 .1++0...| ok p=1
Q10:	|.000.1.0 1+0000.0 110100.+ 11+++...| ok p=1
Q11:	|0111.+.+ 1+1111^1 01+00+01 0-10-.1.| ok p=1
Q12:	|0+++^-.- +0------ ------11 1-110.0.| ok p=1
Q13:	|-0+0++.+ 0011+010 1+-1-+++ +++++1+.| ok p=1
Q14:	|101011.0 1-000011 11.0.100 011010-.| ok p=1
Q15:	|-1-.10.0 .1..11.. .10.1011 10111++.| ok p=0.939453
Q16:	|-.-....- .1...-.. ........ ......0.| ok p=0.482422
Q17:	|0.0..... ......0. ...0.... .....^+.| ok p=0.272461
Q18:	|+.1....^ .....^1. ...1.... .0......| ok p=0.729492
Q19:	|+....... ......+. ...+.... .1....^.| ok p=0.881836
Q20:	|-....... ........ ........ .-......| ok p=1
Q21:	|-....0.. ......^. ...^.... ........| ok p=1
Q22:	|-....1.. ........ ........ .^......| ok p=0.488281
Q23:	|1....+.. ........ ........ ........| ok p=1
Q24:	|0....... ........ .......0 ........| ok p=1
Q25:	|.....^.. ........ .......1 ........| ok p=0.485352
Q26:	|........ ........ .......- ........| ok p=0.992188
Q27:	|........ ........ ........ ........| ok p=1
Q28:	|........ ........ .......^ ........| ok p=1
Q29:	|........ ........ ........ ........| ok p=1
Q30:	|........ ........ ........ ........| ok p=1
Q31:	|........ ........ ........ ........| ok p=1
Q32:	|........ ........ ........ ........| ok p=1
Q33:	|........ ........ ........ ........| ok p=1
Q34:	|........ ........ ........ ........| ok p=1
Q35:	|........ ........ ........ ........| ok p=1
Q36:	|........ ........ ........ ........| ok p=1
Q37:	|........ ........ ........ ........| ok p=1
Q38:	|........ ........ ........ ........| ok p=1
Q39:	|........ ........ ........ ........| ok p=1
Q40:	|........ ........ ........ ........| ok p=1
Q41:	|........ ........ ........ ........| ok p=1
Q42:	|........ ........ ........ ........| ok p=1
Q43:	|........ ........ ........ ........| ok p=1
Q44:	|........ ........ ........ ........| ok p=1
Q45:	|........ ........ ........ ........| ok p=1
Q46:	|0....... ........ ........ ........| ok p=1
Q47:	|1....... ........ ........ ........| ok p=0.481445
Q48:	|+....... ........ ........ ........| ok p=1
Q49:	|+....... ........ ........ ........| ok p=1
Q50:	|-....... ........ ........ ........| ok p=1
Q51:	|+....... ........ ........ ........| ok p=1
Q52:	|-....... ........ ........ ........| ok p=1
Q53:	|+....... ........ ........ ........| ok p=1
Q54:	|-....... ........ ........ ........| ok p=1
Q55:	|+....... ........ ........ ........| ok p=1
Q56:	|-....... ........ ........ ........| ok p=1
Q57:	|+....... ........ ........ ........| ok p=1
Q58:	|-....... ........ ........ ........| ok p=1
Q59:	|+....... ........ ........ ........| ok p=1
Q60:	|-....... ........ ........ ........| ok p=1
Q61:	|+....... 0....... ........ ........| ok p=1
Q62:	|-....... ........ ........ ........| ok p=1
Q63:	|+....... +....... ........ ........| ok p=1
Q64:	|+....... +....... ........ ........|
Best path: totcompl=-8 tottunnel=41, totcond=460, p=0.00218974
Q-3:	|+0001000 10001101 01011011 11011111|
Q-2:	|-0010100 01111001 01110000 10010100|
Q-1:	|+111001- +1000101 00101001 11101000|
Q0:	|-1001100 -0111011 10010000 00110100| ok p=0.807617
Q1:	|-......1 -....0.. ....00.. +-......| ok p=0.365234
Q2:	|-......- +....-.. ....+0.. 0+......| ok p=1
Q3:	|+......+ +....-.! .^.^0+.^ +-......| ok p=1
Q4:	|-0.....+ +..!.-.. .-.---.- 1+0.....| ok p=1
Q5:	|-1...... -....... .0.0+-.0 -01^....| ok p=1
Q6:	|10.^...0 0....0.. .1.11-^1 -11+....| ok p=1
Q7:	|0..+.... +....... !1..1..+ +.10^...| ok p=1
Q8:	|..!1.... +0.!.... .+...0.0 +1-1+...| ok p=1
Q9:	|...0.1.1 +1...... .01.00.1 .1++0...| ok p=1
Q10:	|.000.1.0 1+0000.. 010110.+ 11+++...| ok p=1
Q11:	|0111.+.+ 1+1111^^ 11+01+01 0-10-.1.| ok p=1
Q12:	|0+++^-.- +0------ ------11 1-110.0.| ok p=1
Q13:	|-0+0++.+ 0011+010 1+--++++ +++++1+.| ok p=1
Q14:	|101011.0 1-000011 11..0100 011010-.| ok p=1
Q15:	|-.-110.0 .1..11.. .1011011 10111++.| ok p=0.908203
Q16:	|-.-....- .1...-.. ........ ......0.| ok p=0.479492
Q17:	|0.0..... ......0. ...0.... .....^+.| ok p=0.264648
Q18:	|+.1....^ .....^1. ...1.... .0......| ok p=0.736328
Q19:	|+....... ......+. ...+.... .1....^.| ok p=0.859375
Q20:	|-....... ........ ........ .-......| ok p=1
Q21:	|-....0.. ......^. ...^.... ........| ok p=1
Q22:	|-....1.. ........ ........ .^......| ok p=0.446289
Q23:	|1....+.. ........ ........ ........| ok p=1
Q24:	|0....... ........ .......0 ........| ok p=1
Q25:	|.....^.. ........ .......1 ........| ok p=0.477539
Q26:	|........ ........ .......- ........| ok p=0.979492
Q27:	|........ ........ ........ ........| ok p=1
Q28:	|........ ........ .......^ ........| ok p=1
Q29:	|........ ........ ........ ........| ok p=1
Q30:	|........ ........ ........ ........| ok p=1
Q31:	|........ ........ ........ ........| ok p=1
Q32:	|........ ........ ........ ........| ok p=1
Q33:	|........ ........ ........ ........| ok p=1
Q34:	|........ ........ ........ ........| ok p=1
Q35:	|........ ........ ........ ........| ok p=1
Q36:	|........ ........ ........ ........| ok p=1
Q37:	|........ ........ ........ ........| ok p=1
Q38:	|........ ........ ........ ........| ok p=1
Q39:	|........ ........ ........ ........| ok p=1
Q40:	|........ ........ ........ ........| ok p=1
Q41:	|........ ........ ........ ........| ok p=1
Q42:	|........ ........ ........ ........| ok p=1
Q43:	|........ ........ ........ ........| ok p=1
Q44:	|........ ........ ........ ........| ok p=1
Q45:	|........ ........ ........ ........| ok p=1
Q46:	|0....... ........ ........ ........| ok p=1
Q47:	|1....... ........ ........ ........| ok p=0.488281
Q48:	|+....... ........ ........ ........| ok p=1
Q49:	|+....... ........ ........ ........| ok p=1
Q50:	|-....... ........ ........ ........| ok p=1
Q51:	|+....... ........ ........ ........| ok p=1
Q52:	|-....... ........ ........ ........| ok p=1
Q53:	|+....... ........ ........ ........| ok p=1
Q54:	|-....... ........ ........ ........| ok p=1
Q55:	|+....... ........ ........ ........| ok p=1
Q56:	|-....... ........ ........ ........| ok p=1
Q57:	|+....... ........ ........ ........| ok p=1
Q58:	|-....... ........ ........ ........| ok p=1
Q59:	|+....... ........ ........ ........| ok p=1
Q60:	|-....... ........ ........ ........| ok p=1
Q61:	|+....... 0....... ........ ........| ok p=1
Q62:	|-....... ........ ........ ........| ok p=1
Q63:	|+....... +....... ........ ........| ok p=1
Q64:	|+....... +....... ........ ........|
Best path: totcompl=-7 tottunnel=42, totcond=460, p=0.00204106
Best paths: 2
Best paths: 4
Q-3:	|+0001000 10001101 01011011 11011111|
Q-2:	|-0010100 01111001 01110000 10010100|
Q-1:	|+111001- +1000101 00101001 11101000|
Q0:	|-1001100 -0111011 10010000 00110100| ok p=0.810547
Q1:	|-......1 -....0.. ....00.. +-......| ok p=0.359375
Q2:	|-......- +....-.. ....+0.. 0+......| ok p=1
Q3:	|+......+ +....-.! .^.^0+.^ +-......| ok p=1
Q4:	|-0.....+ +.!..-.. .-.---.- 1+0.....| ok p=1
Q5:	|-1...... -....... .0.0+-00 -01^....| ok p=1
Q6:	|10.^...0 0....0.. .1.11-.1 -11+....| ok p=1
Q7:	|0..+.... +......! .1..1..+ +.10^...| ok p=1
Q8:	|1..1.... +0!..... .+...0.+ -0-1+...| ok p=1
Q9:	|...0.1.. +1...... .01..1.1 10++0...| ok p=1
Q10:	|1..1.1.. 0+1101.1 010010.+ 00+++...| ok p=1
Q11:	|0..0.+.^ 1+1011^1 11+10+01 -+10-.1.| ok p=1
Q12:	|-^^+^-^- -1------ --+---11 1-110.0.| ok p=1
Q13:	|0--0+++0 00+-1-1+ ---0-+++ +++++1+.| ok p=1
Q14:	|10101101 0-1.0111 ..10.100 011010-.| ok p=1
Q15:	|-1-.1000 .111.1.1 100.1011 10111++.| ok p=0.941406
Q16:	|-.-....- .1...-.. ........ ......0.| ok p=0.463867
Q17:	|0.0..... ......0. ...0.... .....^+.| ok p=0.233398
Q18:	|+.1....^ .....^1. ...1.... .0......| ok p=0.74707
Q19:	|+....... ......+. ...+.... .1....^.| ok p=0.869141
Q20:	|-....... ........ ........ .-......| ok p=1
Q21:	|-....0.. ......^. ...^.... ........| ok p=1
Q22:	|-....1.. ........ ........ .^......| ok p=0.463867
Q23:	|1....+.. ........ ........ ........| ok p=1
Q24:	|0....... ........ .......0 ........| ok p=1
Q25:	|.....^.. ........ .......1 ........| ok p=0.501953
Q26:	|........ ........ .......- ........| ok p=0.991211
Q27:	|........ ........ ........ ........| ok p=1
Q28:	|........ ........ .......^ ........| ok p=1
Q29:	|........ ........ ........ ........| ok p=1
Q30:	|........ ........ ........ ........| ok p=1
Q31:	|........ ........ ........ ........| ok p=1
Q32:	|........ ........ ........ ........| ok p=1
Q33:	|........ ........ ........ ........| ok p=1
Q34:	|........ ........ ........ ........| ok p=1
Q35:	|........ ........ ........ ........| ok p=1
Q36:	|........ ........ ........ ........| ok p=1
Q37:	|........ ........ ........ ........| ok p=1
Q38:	|........ ........ ........ ........| ok p=1
Q39:	|........ ........ ........ ........| ok p=1
Q40:	|........ ........ ........ ........| ok p=1
Q41:	|........ ........ ........ ........| ok p=1
Q42:	|........ ........ ........ ........| ok p=1
Q43:	|........ ........ ........ ........| ok p=1
Q44:	|........ ........ ........ ........| ok p=1
Q45:	|........ ........ ........ ........| ok p=1
Q46:	|0....... ........ ........ ........| ok p=1
Q47:	|1....... ........ ........ ........| ok p=0.483398
Q48:	|+....... ........ ........ ........| ok p=1
Q49:	|+....... ........ ........ ........| ok p=1
Q50:	|-....... ........ ........ ........| ok p=1
Q51:	|+....... ........ ........ ........| ok p=1
Q52:	|-....... ........ ........ ........| ok p=1
Q53:	|+....... ........ ........ ........| ok p=1
Q54:	|-....... ........ ........ ........| ok p=1
Q55:	|+....... ........ ........ ........| ok p=1
Q56:	|-....... ........ ........ ........| ok p=1
Q57:	|+....... ........ ........ ........| ok p=1
Q58:	|-....... ........ ........ ........| ok p=1
Q59:	|+....... ........ ........ ........| ok p=1
Q60:	|-....... ........ ........ ........| ok p=1
Q61:	|+....... 0....... ........ ........| ok p=1
Q62:	|-....... ........ ........ ........| ok p=1
Q63:	|+....... +....... ........ ........| ok p=1
Q64:	|+....... +....... ........ ........|
Best path: totcompl=-6 tottunnel=43, totcond=460, p=0.00262341
Q-3:	|+0001000 10001101 01011011 11011111|
Q-2:	|-0010100 01111001 01110000 10010100|
Q-1:	|+111001- +1000101 00101001 11101000|
Q0:	|-1001100 -0111011 10010000 00110100| ok p=0.791992
Q1:	|-......1 -....0.. ....00.. +-......| ok p=0.401367
Q2:	|-......- +....-.. ....+0.. 0+......| ok p=1
Q3:	|+......+ +....-.. !^.^0+.^ +-......| ok p=1
Q4:	|-0.....+ +.!..-.. .-.---.- 1+0.....| ok p=1
Q5:	|-1...... -....... .0.0+-00 -01^....| ok p=1
Q6:	|10.^...0 0....0.. .1.11-.1 -11+....| ok p=1
Q7:	|0..+.... +......! .1..1..+ +.10^...| ok p=1
Q8:	|..!1.... +0!..... .+...0.+ -0-1+...| ok p=1
Q9:	|...0.1.. +1...... .01..1.1 10++0...| ok p=1
Q10:	|1..1.1.. 0+.00.00 010100.+ 00+++...| ok p=1
Q11:	|0..0.+.^ 1+.11^00 11+11+01 -+10-.1.| ok p=1
Q12:	|-^^+^-^- --^+---- --+---11 1-110.0.| ok p=1
Q13:	|0--0+++0 0+--10-- ----++++ +++++1+.| ok p=1
Q14:	|10101101 1-1101.. ..1.0100 101010-.| ok p=1
Q15:	|-1-.1000 .111.111 10011011 10111++.| ok p=0.972656
Q16:	|-.-....- .1...-.. ........ ......0.| ok p=0.450195
Q17:	|0.0..... ......0. ...0.... .....^+.| ok p=0.254883
Q18:	|+.1....^ .....^1. ...1.... .0......| ok p=0.724609
Q19:	|+....... ......+. ...+.... .1....^.| ok p=0.87793
Q20:	|-....... ........ ........ .-......| ok p=1
Q21:	|-....0.. ......^. ...^.... ........| ok p=1
Q22:	|-....1.. ........ ........ .^......| ok p=0.455078
Q23:	|1....+.. ........ ........ ........| ok p=1
Q24:	|0....... ........ .......0 ........| ok p=1
Q25:	|.....^.. ........ .......1 ........| ok p=0.487305
Q26:	|........ ........ .......- ........| ok p=0.980469
Q27:	|........ ........ ........ ........| ok p=1
Q28:	|........ ........ .......^ ........| ok p=1
Q29:	|........ ........ ........ ........| ok p=1
Q30:	|........ ........ ........ ........| ok p=1
Q31:	|........ ........ ........ ........| ok p=1
Q32:	|........ ........ ........ ........| ok p=1
Q33:	|........ ........ ........ ........| ok p=1
Q34:	|........ ........ ........ ........| ok p=1
Q35:	|........ ........ ........ ........| ok p=1
Q36:	|........ ........ ........ ........| ok p=1
Q37:	|........ ........ ........ ........| ok p=1
Q38:	|........ ........ ........ ........| ok p=1
Q39:	|........ ........ ........ ........| ok p=1
Q40:	|........ ........ ........ ........| ok p=1
Q41:	|........ ........ ........ ........| ok p=1
Q42:	|........ ........ ........ ........| ok p=1
Q43:	|........ ........ ........ ........| ok p=1
Q44:	|........ ........ ........ ........| ok p=1
Q45:	|........ ........ ........ ........| ok p=1
Q46:	|0....... ........ ........ ........| ok p=1
Q47:	|1....... ........ ........ ........| ok p=0.522461
Q48:	|+....... ........ ........ ........| ok p=1
Q49:	|+....... ........ ........ ........| ok p=1
Q50:	|-....... ........ ........ ........| ok p=1
Q51:	|+....... ........ ........ ........| ok p=1
Q52:	|-....... ........ ........ ........| ok p=1
Q53:	|+....... ........ ........ ........| ok p=1
Q54:	|-....... ........ ........ ........| ok p=1
Q55:	|+....... ........ ........ ........| ok p=1
Q56:	|-....... ........ ........ ........| ok p=1
Q57:	|+....... ........ ........ ........| ok p=1
Q58:	|-....... ........ ........ ........| ok p=1
Q59:	|+....... ........ ........ ........| ok p=1
Q60:	|-....... ........ ........ ........| ok p=1
Q61:	|+....... 0....... ........ ........| ok p=1
Q62:	|-....... ........ ........ ........| ok p=1
Q63:	|+....... +....... ........ ........| ok p=1
Q64:	|+....... +....... ........ ........|
Best path: totcompl=-6 tottunnel=43, totcond=459, p=0.00246862
Q-3:	|+0001000 10001101 01011011 11011111|
Q-2:	|-0010100 01111001 01110000 10010100|
Q-1:	|+111001- +1000101 00101001 11101000|
Q0:	|-1001100 -0111011 10010000 00110100| ok p=0.787109
Q1:	|-......1 -....0.. ....00.. +-......| ok p=0.382812
Q2:	|-......- +....-.. ....+0.. 0+......| ok p=1
Q3:	|+......+ +....-.! .^.^0+.^ +-......| ok p=1
Q4:	|-0.....+ +.!..-.. .-.---.- 1+0.....| ok p=1
Q5:	|-1...... -....... .0.0+-.0 -01^....| ok p=1
Q6:	|10.^...0 0....0.. .1.11-^1 -11+....| ok p=1
Q7:	|0..+.... +......! .1..1..+ +.10^...| ok p=0.99707
Q8:	|.!.1...^ +1...... .+...0.0 +0-1+...| ok p=1
Q9:	|...1..1+ -1...... .0.....1 .0++0...| ok p=1
Q10:	|1111..00 1+.0001. 11^11010 11+++...| ok p=1
Q11:	|0110^0++ +-11011^ 01+10110 1+11-.0.| ok p=1
Q12:	|---++11+ 0+0-++++ ++1++--- --0+-^1.| ok p=1
Q13:	|0-++0+00 -----0+0 +--+---- 0------.| ok p=1
Q14:	|1.1.01.- 100.0111 .0010... 0.00100.| ok p=1
Q15:	|00-1.1.1 01111.1. 01011000 .011-0-.| ok p=0.729492
Q16:	|..+....- ......-. ...-.... ......0.| ok p=0.577148
Q17:	|-.1..... ......1. ...1.... ....^.+.| ok p=0.995117
Q18:	|-.0....^ ......1. ...1.... .0......| ok p=0.741211
Q19:	|+....... ......-. ...+.... .1....^.| ok p=0.876953
Q20:	|+....... ........ ........ .-......| ok p=1
Q21:	|+....0.. ......^. ...^.... ........| ok p=1
Q22:	|+....1.. ........ ........ .^......| ok p=0.520508
Q23:	|1....+.. ........ ........ ........| ok p=1
Q24:	|0....... ........ .......0 ........| ok p=1
Q25:	|.....^.. ........ .......1 ........| ok p=0.514648
Q26:	|........ ........ .......- ........| ok p=0.988281
Q27:	|........ ........ ........ ........| ok p=1
Q28:	|........ ........ .......^ ........| ok p=1
Q29:	|........ ........ ........ ........| ok p=1
Q30:	|........ ........ ........ ........| ok p=1
Q31:	|........ ........ ........ ........| ok p=1
Q32:	|........ ........ ........ ........| ok p=1
Q33:	|........ ........ ........ ........| ok p=1
Q34:	|........ ........ ........ ........| ok p=1
Q35:	|........ ........ ........ ........| ok p=1
Q36:	|........ ........ ........ ........| ok p=1
Q37:	|........ ........ ........ ........| ok p=1
Q38:	|........ ........ ........ ........| ok p=1
Q39:	|........ ........ ........ ........| ok p=1
Q40:	|........ ........ ........ ........| ok p=1
Q41:	|........ ........ ........ ........| ok p=1
Q42:	|........ ........ ........ ........| ok p=1
Q43:	|........ ........ ........ ........| ok p=1
Q44:	|........ ........ ........ ........| ok p=1
Q45:	|........ ........ ........ ........| ok p=1
Q46:	|0....... ........ ........ ........| ok p=1
Q47:	|1....... ........ ........ ........| ok p=0.516602
Q48:	|+....... ........ ........ ........| ok p=1
Q49:	|-....... ........ ........ ........| ok p=1
Q50:	|-....... ........ ........ ........| ok p=1
Q51:	|-....... ........ ........ ........| ok p=1
Q52:	|-....... ........ ........ ........| ok p=1
Q53:	|-....... ........ ........ ........| ok p=1
Q54:	|-....... ........ ........ ........| ok p=1
Q55:	|-....... ........ ........ ........| ok p=1
Q56:	|-....... ........ ........ ........| ok p=1
Q57:	|-....... ........ ........ ........| ok p=1
Q58:	|-....... ........ ........ ........| ok p=1
Q59:	|-....... ........ ........ ........| ok p=1
Q60:	|-....... ........ ........ ........| ok p=1
Q61:	|-....... 0....... ........ ........| ok p=1
Q62:	|-....... ........ ........ ........| ok p=0.993164
Q63:	|-....... +....... ........ ........| ok p=1
Q64:	|+....... +....... ........ ........|
Best path: totcompl=-5 tottunnel=43, totcond=459, p=0.00966064
Best paths: 2
Q-3:	|+0001000 10001101 01011011 11011111|
Q-2:	|-0010100 01111001 01110000 10010100|
Q-1:	|+111001- +1000101 00101001 11101000|
Q0:	|-1001100 -0111011 10010000 00110100| ok p=0.804688
Q1:	|-......1 -....0.. ....00.. +-......| ok p=0.383789
Q2:	|-......- +....-.. ....+0.. 0+......| ok p=1
Q3:	|+......+ +....-.. !^.^0+.^ +-......| ok p=1
Q4:	|-0.....+ +.!..-.. .-.---.- 1+0.....| ok p=1
Q5:	|-1...... -....... .0.0+-.0 -01^....| ok p=1
Q6:	|10.^...0 0....0.. .1.11-^1 -11+....| ok p=1
Q7:	|0..+.... +......! .1..1..+ +.10^...| ok p=0.998047
Q8:	|1..1...^ +1...... .+...0.0 +0-1+...| ok p=1
Q9:	|...1..1+ -1...... .0.....1 .0++0...| ok p=1
Q10:	|1111..00 1+..011. 11^11010 11+++...| ok p=1
Q11:	|0110^0++ +-1.101^ 01+10110 1+11-.0.| ok p=1
Q12:	|---++11+ 0+0^-+++ ++1++--- --0+-^1.| ok p=1
Q13:	|0-++0+00 -----0+0 +--+---- 0------.| ok p=1
Q14:	|1.1.01.- 1000.111 .0010... 0.00100.| ok p=1
Q15:	|00-1.1.1 01111.1. 01011000 .011-0-.| ok p=0.741211
Q16:	|..+....- ......-. ...-.... ......0.| ok p=0.600586
Q17:	|-.1..... ......1. ...1.... ....^.+.| ok p=0.995117
Q18:	|-.0....^ ......1. ...1.... .0......| ok p=0.729492
Q19:	|+....... ......-. ...+.... .1....^.| ok p=0.875977
Q20:	|+....... ........ ........ .-......| ok p=1
Q21:	|+....0.. ......^. ...^.... ........| ok p=1
Q22:	|+....1.. ........ ........ .^......| ok p=0.487305
Q23:	|1....+.. ........ ........ ........| ok p=1
Q24:	|0....... ........ .......0 ........| ok p=1
Q25:	|.....^.. ........ .......1 ........| ok p=0.510742
Q26:	|........ ........ .......- ........| ok p=0.988281
Q27:	|........ ........ ........ ........| ok p=1
Q28:	|........ ........ .......^ ........| ok p=1
Q29:	|........ ........ ........ ........| ok p=1
Q30:	|........ ........ ........ ........| ok p=1
Q31:	|........ ........ ........ ........| ok p=1
Q32:	|........ ........ ........ ........| ok p=1
Q33:	|........ ........ ........ ........| ok p=1
Q34:	|........ ........ ........ ........| ok p=1
Q35:	|........ ........ ........ ........| ok p=1
Q36:	|........ ........ ........ ........| ok p=1
Q37:	|........ ........ ........ ........| ok p=1
Q38:	|........ ........ ........ ........| ok p=1
Q39:	|........ ........ ........ ........| ok p=1
Q40:	|........ ........ ........ ........| ok p=1
Q41:	|........ ........ ........ ........| ok p=1
Q42:	|........ ........ ........ ........| ok p=1
Q43:	|........ ........ ........ ........| ok p=1
Q44:	|........ ........ ........ ........| ok p=1
Q45:	|........ ........ ........ ........| ok p=1
Q46:	|0....... ........ ........ ........| ok p=1
Q47:	|1....... ........ ........ ........| ok p=0.505859
Q48:	|+....... ........ ........ ........| ok p=1
Q49:	|-....... ........ ........ ........| ok p=1
Q50:	|-....... ........ ........ ........| ok p=1
Q51:	|-....... ........ ........ ........| ok p=1
Q52:	|-....... ........ ........ ........| ok p=1
Q53:	|-....... ........ ........ ........| ok p=1
Q54:	|-....... ........ ........ ........| ok p=1
Q55:	|-....... ........ ........ ........| ok p=1
Q56:	|-....... ........ ........ ........| ok p=1
Q57:	|-....... ........ ........ ........| ok p=1
Q58:	|-....... ........ ........ ........| ok p=1
Q59:	|-....... ........ ........ ........| ok p=1
Q60:	|-....... ........ ........ ........| ok p=1
Q61:	|-....... 0....... ........ ........| ok p=1
Q62:	|-....... ........ ........ ........| ok p=0.998047
Q63:	|-....... +....... ........ ........| ok p=1
Q64:	|+....... +....... ........ ........|
Best path: totcompl=-5 tottunnel=43, totcond=457, p=0.0102076
