MD5 differential path toolbox
Copyright (C) 2009 Marc Stevens
http://homepages.cwi.nl/~stevens/

delta_m[2] = [!8!]
In-block prefix words: 6
WARNING!: truncating by 3 bytes!

Parsed path:
Q-3:	|01100111 01000101 00100011 00000001|
Q-2:	|00010000 00110010 01010100 01110110|
Q-1:	|10011000 10111010 11011100 11111110|
Q0:	|11101111 11001101 10101011 10001001| ok p=1
Q1:	|01011100 01010000 10011001 00101000| ok p=1
Q2:	|00000000 01100010 00011101 00011101| ok p=1
Q3:	|111+---1 11101111 11011000 10101111| ok p=1
Q4:	|100111+1 1010110- 10100101 00100000| ok p=1
Q5:	|0001+--1 -110100- 11001010 001011+0| ok p=1
Q6:	|1100001+ +010101- -++00001 -+0110+0| ok p=0.536133
Q7:	|.+....+. -....+.- ..-....- .-......|
Saving data/path_prefix.bin...done.
Extend MD5 differential paths forward
Copyright (C) 2009 Marc Stevens
http://homepages.cwi.nl/~stevens/

delta_m[2] = [!8!]
Loading data/path_prefix.bin...done: 1.
Estimating maxcond for upper bound 1280000 (=320000 * 4)...
t=7:  0%   10   20   30   40   50   60   70   80   90   100%
      |----|----|----|----|----|----|----|----|----|----|
e     ***************************************************
Found maxcond = 2176
t=7:  0%   10   20   30   40   50   60   70   80   90   100%
      |----|----|----|----|----|----|----|----|----|----|
      ***************************************************
Q-3:	|01100111 01000101 00100011 00000001|
Q-2:	|00010000 00110010 01010100 01110110|
Q-1:	|10011000 10111010 11011100 11111110|
Q0:	|11101111 11001101 10101011 10001001| ok p=1
Q1:	|01011100 01010000 10011001 00101000| ok p=1
Q2:	|00000000 01100010 00011101 00011101| ok p=1
Q3:	|111+---1 11101111 11011000 10101111| ok p=1
Q4:	|100111+1 1010110- 10100101 00100000| ok p=1
Q5:	|0001+--1 -110100- 11001010 001011+0| ok p=1
Q6:	|1100001+ +010101- -++00001 -+0110+0| ok p=0.483398
Q7:	|.+..111+ +.....+. +++....- 0-......| ok p=0.553711
Q8:	|......+. ...+.+.. -.-...-. +.+.+...|
Saving 1824 paths...done.
Autobalance parameters: maxcond=2176
Verified: 0 bad out of 1824
Estimating maxcond for upper bound 1280000 (=320000 * 4)...
t=8:  0%   10   20   30   40   50   60   70   80   90   100%
      |----|----|----|----|----|----|----|----|----|----|
e     ***************************************************
Found maxcond = 351
t=8:  0%   10   20   30   40   50   60   70   80   90   100%
      |----|----|----|----|----|----|----|----|----|----|
      ***************************************************
Q-3:	|01100111 01000101 00100011 00000001|
Q-2:	|00010000 00110010 01010100 01110110|
Q-1:	|10011000 10111010 11011100 11111110|
Q0:	|11101111 11001101 10101011 10001001| ok p=1
Q1:	|01011100 01010000 10011001 00101000| ok p=1
Q2:	|00000000 01100010 00011101 00011101| ok p=1
Q3:	|111+---1 11101111 11011000 10101111| ok p=1
Q4:	|100111+1 1010110- 10100101 00100000| ok p=1
Q5:	|0001+--1 -110100- 11001010 001011+0| ok p=1
Q6:	|1100001+ +010101- -++00001 -+0110+0| ok p=0.556641
Q7:	|.+..001+ +..0.+.- 00-....- 0-......| ok p=0.543945
Q8:	|.0....+. ...+.+.. 1++....- --....1.| ok p=0.509766
Q9:	|+....+.- ...+.+.. +.-....- .+....+.|
Saving 320000 paths...done.
Autobalance parameters: maxcond=350
Verified: 1440 bad out of 407659
Estimating maxcond for upper bound 1280000 (=320000 * 4)...
t=9:  0%   10   20   30   40   50   60   70   80   90   100%
      |----|----|----|----|----|----|----|----|----|----|
e     ***************************************************
Found maxcond = 362
t=9:  0%   10   20   30   40   50   60   70   80   90   100%
      |----|----|----|----|----|----|----|----|----|----|
      ***************************************************
Q-3:	|01100111 01000101 00100011 00000001|
Q-2:	|00010000 00110010 01010100 01110110|
Q-1:	|10011000 10111010 11011100 11111110|
Q0:	|11101111 11001101 10101011 10001001| ok p=1
Q1:	|01011100 01010000 10011001 00101000| ok p=1
Q2:	|00000000 01100010 00011101 00011101| ok p=1
Q3:	|111+---1 11101111 11011000 10101111| ok p=1
Q4:	|100111+1 1010110- 10100101 00100000| ok p=1
Q5:	|0001+--1 -110100- 11001010 001011+0| ok p=1
Q6:	|1100001+ +010101- -++00001 -+0110+0| ok p=0.486328
Q7:	|V+..100+ +..0..++ 00-....- 0-......| ok p=0.426758
Q8:	|.0....+. ...+..+1 11-....- 1-....1.| ok p=0.507812
Q9:	|+1....+1 1..+..+1 ..-..... .-......| ok p=0.889648
Q10:	|+..+..-. ....-.+. ........ ....-..+|
Saving 320000 paths...done.
Autobalance parameters: maxcond=361
Verified: 67948 bad out of 423490
Estimating maxcond for upper bound 1280000 (=320000 * 4)...
t=10: 0%   10   20   30   40   50   60   70   80   90   100%
      |----|----|----|----|----|----|----|----|----|----|
e     ***************************************************
Found maxcond = 373
t=10: 0%   10   20   30   40   50   60   70   80   90   100%
      |----|----|----|----|----|----|----|----|----|----|
      ***************************************************
Q-3:	|01100111 01000101 00100011 00000001|
Q-2:	|00010000 00110010 01010100 01110110|
Q-1:	|10011000 10111010 11011100 11111110|
Q0:	|11101111 11001101 10101011 10001001| ok p=1
Q1:	|01011100 01010000 10011001 00101000| ok p=1
Q2:	|00000000 01100010 00011101 00011101| ok p=1
Q3:	|111+---1 11101111 11011000 10101111| ok p=1
Q4:	|100111+1 1010110- 10100101 00100000| ok p=1
Q5:	|0001+--1 -110100- 11001010 001011+0| ok p=1
Q6:	|1100001+ +010101- -++00001 -+0110+0| ok p=0.639648
Q7:	|V+..000+ +..0.0++ 00-....- 0-......| ok p=0.333984
Q8:	|.0....+. ...+.+01 11-....- 1-....1V| ok p=0.521484
Q9:	|-1....+1 0..+.+10 ..-..... .-......| ok p=0.982422
Q10:	|0-....-. .....-.. .......1 .......+| ok p=0.484375
Q11:	|.+...-.- .....-.. ....+..- .+.-..-.|
Saving 320000 paths...done.
Autobalance parameters: maxcond=372
Verified: 85291 bad out of 417290
Estimating maxcond for upper bound 1280000 (=320000 * 4)...
t=11: 0%   10   20   30   40   50   60   70   80   90   100%
      |----|----|----|----|----|----|----|----|----|----|
e     ***************************************************
Found maxcond = 390
t=11: 0%   10   20   30   40   50   60   70   80   90   100%
      |----|----|----|----|----|----|----|----|----|----|
      ***************************************************
Q-3:	|01100111 01000101 00100011 00000001|
Q-2:	|00010000 00110010 01010100 01110110|
Q-1:	|10011000 10111010 11011100 11111110|
Q0:	|11101111 11001101 10101011 10001001| ok p=1
Q1:	|01011100 01010000 10011001 00101000| ok p=1
Q2:	|00000000 01100010 00011101 00011101| ok p=1
Q3:	|111+---1 11101111 11011000 10101111| ok p=1
Q4:	|100111+1 1010110- 10100101 00100000| ok p=1
Q5:	|0001+--1 -110100- 11001010 001011+0| ok p=1
Q6:	|1100001+ +010101- -++00001 -+0110+0| ok p=0.604492
Q7:	|V+..000+ +..0.0++ 00-....- 0-......| ok p=0.347656
Q8:	|.0...0+. ...+.+10 11-....- -+....1V| ok p=0.517578
Q9:	|+1...1+1 0..+.+10 ..-..... 0-.V..V.| ok p=0.499023
Q10:	|0-...-+. ........ .......1 10.....+| ok p=0.99707
Q11:	|1+...-.. ...1.1.. ..1..... --.-..-0| ok p=0.410156
Q12:	|.-.+.-.. ...-...+ .....+.. ..+.+.-.|
Saving 320000 paths...done.
Autobalance parameters: maxcond=389
Verified: 130689 bad out of 563111
Runtime: 11.2925
