MD5 differential path toolbox
Copyright (C) 2009 Marc Stevens
http://homepages.cwi.nl/~stevens/

delta_m[2] = [!8!]
In-block prefix words: 0

Parsed path:
Q-3:	|+0001000 10001101 01011011 11011111|
Q-2:	|-0010100 01111001 01110000 10010100|
Q-1:	|+111001- +1000101 00101001 11101000|
Q0:	|-1001100 -0111011 10010000 00110100| ok p=0.198242
Q1:	|+....... -....... ........ .+......|
Saving data/path_2nc.bin...done.
Extend MD5 differential paths forward
Copyright (C) 2009 Marc Stevens
http://homepages.cwi.nl/~stevens/

delta_m[2] = [!8!]
Loading data/path_2nc.bin...done: 1.
Estimating maxcond for upper bound 1280000 (=320000 * 4)...
t=1:  0%   10   20   30   40   50   60   70   80   90   100%
      |----|----|----|----|----|----|----|----|----|----|
e     ***************************************************
Found maxcond = 2176
t=1:  0%   10   20   30   40   50   60   70   80   90   100%
      |----|----|----|----|----|----|----|----|----|----|
      ***************************************************
Q-3:	|+0001000 10001101 01011011 11011111|
Q-2:	|-0010100 01111001 01110000 10010100|
Q-1:	|+111001- +1000101 00101001 11101000|
Q0:	|-1001100 -0111011 10010000 00110100| ok p=0.161133
Q1:	|+......1 -....... ........ .+......| ok p=0.506836
Q2:	|+....... -....-.. ....+... .+......|
Saving 10 paths...done.
Autobalance parameters: maxcond=2176
Verified: 0 bad out of 10
Estimating maxcond for upper bound 1280000 (=320000 * 4)...
t=2:  0%   10   20   30   40   50   60   70   80   90   100%
      |----|----|----|----|----|----|----|----|----|----|
e     ***************************************************
Found maxcond = 2176
t=2:  0%   10   20   30   40   50   60   70   80   90   100%
      |----|----|----|----|----|----|----|----|----|----|
      ***************************************************
Q-3:	|+0001000 10001101 01011011 11011111|
Q-2:	|-0010100 01111001 01110000 10010100|
Q-1:	|+111001- +1000101 00101001 11101000|
Q0:	|-1001100 -0111011 10010000 00110100| ok p=0.189453
Q1:	|-......1 -....0.. ....0... .+......| ok p=0.503906
Q2:	|+....... -....-.. ....+... .+......| ok p=0.967773
Q3:	|+.....+. .....-.. ....+.-. .+......|
Saving 2992 paths...done.
Autobalance parameters: maxcond=2176
Verified: 752 bad out of 3744
Estimating maxcond for upper bound 1280000 (=320000 * 4)...
t=3:  0%   10   20   30   40   50   60   70   80   90   100%
      |----|----|----|----|----|----|----|----|----|----|
e     ***************************************************
Found maxcond = 157
t=3:  0%   10   20   30   40   50   60   70   80   90   100%
      |----|----|----|----|----|----|----|----|----|----|
      ***************************************************
Q-3:	|+0001000 10001101 01011011 11011111|
Q-2:	|-0010100 01111001 01110000 10010100|
Q-1:	|+111001- +1000101 00101001 11101000|
Q0:	|-1001100 -0111011 10010000 00110100| ok p=0.178711
Q1:	|-.....V1 -....0.. ....0.V. .+......| ok p=0.514648
Q2:	|+....... -....-.. ....+... .+......| ok p=0.96875
Q3:	|+.....+. .....-.. ....+.-. .+......| ok p=0.432617
Q4:	|+..+..+. ..+..-.. .-...+.+ .+....+.|
Saving 320000 paths...done.
Autobalance parameters: maxcond=156
Verified: 86638 bad out of 525570
Estimating maxcond for upper bound 1280000 (=320000 * 4)...
t=4:  0%   10   20   30   40   50   60   70   80   90   100%
      |----|----|----|----|----|----|----|----|----|----|
e     ***************************************************
Found maxcond = 167
t=4:  0%   10   20   30   40   50   60   70   80   90   100%
      |----|----|----|----|----|----|----|----|----|----|
      ***************************************************
Q-3:	|+0001000 10001101 01011011 11011111|
Q-2:	|-0010100 01111001 01110000 10010100|
Q-1:	|+111001- +1000101 00101001 11101000|
Q0:	|-1001100 -0111011 10010000 00110100| ok p=0.183594
Q1:	|-.....01 -....0.. ....0.0. .+......| ok p=0.754883
Q2:	|-..V..1. -....-.. .V..+.1. V+....V.| ok p=0.941406
Q3:	|-.....+. .....-.. ....+.-. .+......| ok p=0.583008
Q4:	|...+..+. 1....-.. .+..+.-. --....+.| ok p=0.736328
Q5:	|.-.+.... ........ +....+.+ .+....+.|
Saving 320000 paths...done.
Autobalance parameters: maxcond=166
Verified: 648 bad out of 364236
Estimating maxcond for upper bound 1280000 (=320000 * 4)...
t=5:  0%   10   20   30   40   50   60   70   80   90   100%
      |----|----|----|----|----|----|----|----|----|----|
e     ***************************************************
Found maxcond = 176
t=5:  0%   10   20   30   40   50   60   70   80   90   100%
      |----|----|----|----|----|----|----|----|----|----|
      ***************************************************
Q-3:	|+0001000 10001101 01011011 11011111|
Q-2:	|-0010100 01111001 01110000 10010100|
Q-1:	|+111001- +1000101 00101001 11101000|
Q0:	|-1001100 -0111011 10010000 00110100| ok p=0.179688
Q1:	|-.....V1 -....0.. ....0V.. .+......| ok p=0.713867
Q2:	|-..V..0- +....-.. ....+1.. 0+......| ok p=1
Q3:	|+..1..+0 1....-.. ....0+.. 1+......| ok p=0.901367
Q4:	|+..+..+0 0....-.. ....0+.. --......| ok p=0.258789
Q5:	|...+.... ........ .....+.. -0......| ok p=0.507812
Q6:	|+..+...+ .-..+... .....+.. -.+.-...|
Saving 320000 paths...done.
Autobalance parameters: maxcond=175
Verified: 100 bad out of 372403
Estimating maxcond for upper bound 1280000 (=320000 * 4)...
t=6:  0%   10   20   30   40   50   60   70   80   90   100%
      |----|----|----|----|----|----|----|----|----|----|
e     ***************************************************
Found maxcond = 187
t=6:  0%   10   20   30   40   50   60   70   80   90   100%
      |----|----|----|----|----|----|----|----|----|----|
      ***************************************************
Q-3:	|+0001000 10001101 01011011 11011111|
Q-2:	|-0010100 01111001 01110000 10010100|
Q-1:	|+111001- +1000101 00101001 11101000|
Q0:	|-1001100 -0111011 10010000 00110100| ok p=0.821289
Q1:	|-......1 -....0.. ....0V.. +-......| ok p=0.384766
Q2:	|-......- +....-.. .V.V+0.. 0+......| ok p=0.958984
Q3:	|+......+ +....-.. .1..0+.. +-......| ok p=0.988281
Q4:	|+......+ +....-.. .-.---.. --.V....| ok p=0.517578
Q5:	|+....... -....... .-.00+.. -.......| ok p=0.500977
Q6:	|.......1 0....1.. .-.11+.. -1.+....| ok p=0.541016
Q7:	|+...+... -....... .-..+... -...+...|
Saving 320000 paths...done.
Autobalance parameters: maxcond=186
Verified: 49183 bad out of 477231
Estimating maxcond for upper bound 1280000 (=320000 * 4)...
t=7:  0%   10   20   30   40   50   60   70   80   90   100%
      |----|----|----|----|----|----|----|----|----|----|
e     ***************************************************
Found maxcond = 197
t=7:  0%   10   20   30   40   50   60   70   80   90   100%
      |----|----|----|----|----|----|----|----|----|----|
      ***************************************************
Q-3:	|+0001000 10001101 01011011 11011111|
Q-2:	|-0010100 01111001 01110000 10010100|
Q-1:	|+111001- +1000101 00101001 11101000|
Q0:	|-1001100 -0111011 10010000 00110100| ok p=0.824219
Q1:	|-......1 -....0.. ....0V.. +-......| ok p=0.376953
Q2:	|-......- +....-.. .V.V+0.. 0+......| ok p=0.952148
Q3:	|+......+ +....-.. .1..0+.. +-......| ok p=0.984375
Q4:	|+......+ +....-.. .-.---.. --.V....| ok p=0.53418
Q5:	|-...V... -....... .-.00+.. -.......| ok p=0.485352
Q6:	|1......0 1....0.. .-.11+.. -1.+....| ok p=0.545898
Q7:	|+...+... -....... .-..+... -..0....| ok p=0.355469
Q8:	|.+..-... -.-..... ....+.-. +.-..-..|
Saving 320000 paths...done.
Autobalance parameters: maxcond=196
Verified: 12497 bad out of 459351
Estimating maxcond for upper bound 1280000 (=320000 * 4)...
t=8:  0%   10   20   30   40   50   60   70   80   90   100%
      |----|----|----|----|----|----|----|----|----|----|
e     ***************************************************
Found maxcond = 209
t=8:  0%   10   20   30   40   50   60   70   80   90   100%
      |----|----|----|----|----|----|----|----|----|----|
      ***************************************************
Q-3:	|+0001000 10001101 01011011 11011111|
Q-2:	|-0010100 01111001 01110000 10010100|
Q-1:	|+111001- +1000101 00101001 11101000|
Q0:	|-1001100 -0111011 10010000 00110100| ok p=0.830078
Q1:	|-......1 -....0.. ....0V.. +-......| ok p=0.367188
Q2:	|-......- +....-.. .V.V+0.. 0+......| ok p=0.963867
Q3:	|+......+ +....-.. .1..0+.. +-......| ok p=0.984375
Q4:	|-......+ +....-.. .-.---.. --.V....| ok p=0.496094
Q5:	|-..V.... -....... .-.0+-.. -.......| ok p=0.288086
Q6:	|0V.....0 1....0.. .-.11-V. -1.+V...| ok p=0.584961
Q7:	|+..+.... -....... .-..1... -1.0....| ok p=0.731445
Q8:	|0+.0.... -....... .....1-. .+.++...| ok p=0.371094
Q9:	|.......- .+....+. -.....-. +.+.-...|
Saving 320000 paths...done.
Autobalance parameters: maxcond=208
Verified: 38087 bad out of 402448
Estimating maxcond for upper bound 1280000 (=320000 * 4)...
t=9:  0%   10   20   30   40   50   60   70   80   90   100%
      |----|----|----|----|----|----|----|----|----|----|
e     ***************************************************
Found maxcond = 220
t=9:  0%   10   20   30   40   50   60   70   80   90   100%
      |----|----|----|----|----|----|----|----|----|----|
      ***************************************************
Q-3:	|+0001000 10001101 01011011 11011111|
Q-2:	|-0010100 01111001 01110000 10010100|
Q-1:	|+111001- +1000101 00101001 11101000|
Q0:	|-1001100 -0111011 10010000 00110100| ok p=0.798828
Q1:	|-......1 -....0.. ....0V.. +-......| ok p=0.367188
Q2:	|-......- +....-.. .V.V+0.V 0+......| ok p=0.897461
Q3:	|+......+ +....-.. ....0+.. +-......| ok p=0.988281
Q4:	|-......+ +....-.. .-.---.- 1+.V....| ok p=0.504883
Q5:	|-..V.... -....... .0.0+-.0 -0......| ok p=0.386719
Q6:	|.......0 0....0.. .1.11-.1 -1V+V...| ok p=0.898438
Q7:	|0..+.... +....... .1..1..+ +.00....| ok p=0.932617
Q8:	|...1.... +....... .+...0.0 +.-+-...| ok p=0.493164
Q9:	|...1.... +....... .0.....1 ..++0...| ok p=0.99707
Q10:	|........ .+....+. ........ .+..-...|
Saving 320000 paths...done.
Autobalance parameters: maxcond=219
Verified: 13802 bad out of 473481
Estimating maxcond for upper bound 1280000 (=320000 * 4)...
t=10: 0%   10   20   30   40   50   60   70   80   90   100%
      |----|----|----|----|----|----|----|----|----|----|
e     ***************************************************
Found maxcond = 229
t=10: 0%   10   20   30   40   50   60   70   80   90   100%
      |----|----|----|----|----|----|----|----|----|----|
      ***************************************************
Q-3:	|+0001000 10001101 01011011 11011111|
Q-2:	|-0010100 01111001 01110000 10010100|
Q-1:	|+111001- +1000101 00101001 11101000|
Q0:	|-1001100 -0111011 10010000 00110100| ok p=0.810547
Q1:	|-......1 -....0.. ....0V.. +-......| ok p=0.391602
Q2:	|-......- +....-.. .V.V+0.V 0+......| ok p=0.912109
Q3:	|+......+ +....-.. ....0+.. +-......| ok p=0.987305
Q4:	|-......+ +....-.. .-.---.- 1+.V....| ok p=0.512695
Q5:	|-..V.... -....... .0.0+-.0 -0......| ok p=0.416992
Q6:	|.......0 0....0.. .1.11-.1 -1.+0...| ok p=0.896484
Q7:	|0..+.... +....... .1..11.+ +V.01...| ok p=0.94043
Q8:	|...1.... +....... .+...0.0 +0.--...| ok p=0.544922
Q9:	|...1.... +....... .0...+.1 +-.-0...| ok p=0.998047
Q10:	|........ ........ .1...+.. .+..-...| ok p=0.893555
Q11:	|...+.-.. ..-..... ..+.+.-. .+..-...|
Saving 320000 paths...done.
Autobalance parameters: maxcond=228
Verified: 50130 bad out of 463197
Estimating maxcond for upper bound 1280000 (=320000 * 4)...
t=11: 0%   10   20   30   40   50   60   70   80   90   100%
      |----|----|----|----|----|----|----|----|----|----|
e     ***************************************************
Found maxcond = 240
t=11: 0%   10   20   30   40   50   60   70   80   90   100%
      |----|----|----|----|----|----|----|----|----|----|
      ***************************************************
Q-3:	|+0001000 10001101 01011011 11011111|
Q-2:	|-0010100 01111001 01110000 10010100|
Q-1:	|+111001- +1000101 00101001 11101000|
Q0:	|-1001100 -0111011 10010000 00110100| ok p=0.799805
Q1:	|-......1 -....0.. ....0V.. +-......| ok p=0.388672
Q2:	|-......- +....-.. .V.V+0.V 0+......| ok p=0.924805
Q3:	|+......+ +....-.. ....0+.. +-......| ok p=0.986328
Q4:	|-......+ +....-.. .-.---.- 1+.V....| ok p=0.499023
Q5:	|-..V.... -....... .0.0+-.0 -0......| ok p=0.402344
Q6:	|.......0 0....0.. .1.11-.1 -1V+V...| ok p=0.931641
Q7:	|0..+.... +.V..... .0..1..+ +.10....| ok p=0.923828
Q8:	|...1.... +.1..... .+...0.0 +.-1+...| ok p=0.484375
Q9:	|...1.V.. +.-..... .0V...V1 ..++0...| ok p=0.986328
Q10:	|........ ..+..... .1...... 0.+++...| ok p=0.921875
Q11:	|.....+.. 1.+..... ..+...+. ....-...| ok p=0.855469
Q12:	|..+.+.+. ..+..... .+....+. ....+...|
Saving 320000 paths...done.
Autobalance parameters: maxcond=239
Verified: 616 bad out of 380732
Runtime: 15.9637
