Extend MD5 differential paths backward
Copyright (C) 2009 Marc Stevens
http://homepages.cwi.nl/~stevens/

delta_m[11] = [!31!]
Loading workdir3/upperpath.bin.gz...done: 1.
Estimating maxcond for upper bound 262144 (=65536 * 4)...
t=34: 0%   10   20   30   40   50   60   70   80   90   100%
      |----|----|----|----|----|----|----|----|----|----|
e     ***************************************************
Found maxcond = 2176
t=34: 0%   10   20   30   40   50   60   70   80   90   100%
      |----|----|----|----|----|----|----|----|----|----|
      ***************************************************
Q31:	|+....... ........ ........ ........|
Q32:	|........ ........ ........ ........|
Q33:	|........ ........ ........ ........|
Q34:	|........ ........ ........ ........| ok p=1
Q35:	|........ ........ ........ ........| ok p=1
Q36:	|........ ........ ........ ........| ok p=1
Q37:	|........ ........ ........ ........| ok p=1
Q38:	|........ ........ ........ ........| ok p=1
Q39:	|........ ........ ........ ........| ok p=1
Q40:	|........ ........ ........ ........| ok p=1
Q41:	|........ ........ ........ ........| ok p=1
Q42:	|........ ........ ........ ........| ok p=1
Q43:	|........ ........ ........ ........| ok p=1
Q44:	|........ ........ ........ ........| ok p=1
Q45:	|........ ........ ........ ........| ok p=1
Q46:	|........ ........ ........ ........| ok p=1
Q47:	|........ ........ ........ ........| ok p=1
Q48:	|........ ........ ........ ........| ok p=1
Q49:	|........ ........ ........ ........| ok p=1
Q50:	|........ ........ ........ ........| ok p=1
Q51:	|........ ........ ........ ........| ok p=1
Q52:	|........ ........ ........ ........| ok p=1
Q53:	|........ ........ ........ ........| ok p=1
Q54:	|........ ........ ........ ........| ok p=1
Q55:	|........ ........ ........ ........| ok p=1
Q56:	|........ ........ ........ ........| ok p=1
Q57:	|........ ........ ........ ........| ok p=1
Q58:	|........ ........ ........ ........| ok p=1
Q59:	|........ ........ ........ ........| ok p=1
Q60:	|........ ........ ......0. ........| ok p=1
Q61:	|........ ........ ......0. ........| ok p=0.493164
Q62:	|........ ........ ......+. ........| ok p=1
Q63:	|........ ........ ......+. ........| ok p=0.259766
Q64:	|.-...... ........ ......+. .......-|
Saving 1 paths...done.
Autobalance parameters: maxcond=2176
Verified: 0 bad out of 1
Estimating maxcond for upper bound 262144 (=65536 * 4)...
t=33: 0%   10   20   30   40   50   60   70   80   90   100%
      |----|----|----|----|----|----|----|----|----|----|
e     ***************************************************
Found maxcond = 2176
t=33: 0%   10   20   30   40   50   60   70   80   90   100%
      |----|----|----|----|----|----|----|----|----|----|
      ***************************************************
Q30:	|+....... ........ ........ ........|
Q31:	|+....... ........ ........ ........|
Q32:	|........ ........ ........ ........|
Q33:	|^....... ........ ........ ........| ok p=1
Q34:	|........ ........ ........ ........| ok p=1
Q35:	|........ ........ ........ ........| ok p=1
Q36:	|........ ........ ........ ........| ok p=1
Q37:	|........ ........ ........ ........| ok p=1
Q38:	|........ ........ ........ ........| ok p=1
Q39:	|........ ........ ........ ........| ok p=1
Q40:	|........ ........ ........ ........| ok p=1
Q41:	|........ ........ ........ ........| ok p=1
Q42:	|........ ........ ........ ........| ok p=1
Q43:	|........ ........ ........ ........| ok p=1
Q44:	|........ ........ ........ ........| ok p=1
Q45:	|........ ........ ........ ........| ok p=1
Q46:	|........ ........ ........ ........| ok p=1
Q47:	|........ ........ ........ ........| ok p=1
Q48:	|........ ........ ........ ........| ok p=1
Q49:	|........ ........ ........ ........| ok p=1
Q50:	|........ ........ ........ ........| ok p=1
Q51:	|........ ........ ........ ........| ok p=1
Q52:	|........ ........ ........ ........| ok p=1
Q53:	|........ ........ ........ ........| ok p=1
Q54:	|........ ........ ........ ........| ok p=1
Q55:	|........ ........ ........ ........| ok p=1
Q56:	|........ ........ ........ ........| ok p=1
Q57:	|........ ........ ........ ........| ok p=1
Q58:	|........ ........ ........ ........| ok p=1
Q59:	|........ ........ ........ ........| ok p=1
Q60:	|........ ........ ......0. ........| ok p=1
Q61:	|........ ........ ......0. ........| ok p=0.535156
Q62:	|........ ........ ......+. ........| ok p=1
Q63:	|........ ........ ......+. ........| ok p=0.245117
Q64:	|.-...... ........ ......+. .......-|
Saving 4 paths...done.
Autobalance parameters: maxcond=2176
Verified: 0 bad out of 4
Estimating maxcond for upper bound 262144 (=65536 * 4)...
t=32: 0%   10   20   30   40   50   60   70   80   90   100%
      |----|----|----|----|----|----|----|----|----|----|
e     ***************************************************
Found maxcond = 2176
t=32: 0%   10   20   30   40   50   60   70   80   90   100%
      |----|----|----|----|----|----|----|----|----|----|
      ***************************************************
Q29:	|........ ........ ........ ........|
Q30:	|+....... ........ ........ ........|
Q31:	|-....... ........ ........ ........|
Q32:	|........ ........ ........ ........| ok p=1
Q33:	|!....... ........ ........ ........| ok p=1
Q34:	|........ ........ ........ ........| ok p=1
Q35:	|........ ........ ........ ........| ok p=1
Q36:	|........ ........ ........ ........| ok p=1
Q37:	|........ ........ ........ ........| ok p=1
Q38:	|........ ........ ........ ........| ok p=1
Q39:	|........ ........ ........ ........| ok p=1
Q40:	|........ ........ ........ ........| ok p=1
Q41:	|........ ........ ........ ........| ok p=1
Q42:	|........ ........ ........ ........| ok p=1
Q43:	|........ ........ ........ ........| ok p=1
Q44:	|........ ........ ........ ........| ok p=1
Q45:	|........ ........ ........ ........| ok p=1
Q46:	|........ ........ ........ ........| ok p=1
Q47:	|........ ........ ........ ........| ok p=1
Q48:	|........ ........ ........ ........| ok p=1
Q49:	|........ ........ ........ ........| ok p=1
Q50:	|........ ........ ........ ........| ok p=1
Q51:	|........ ........ ........ ........| ok p=1
Q52:	|........ ........ ........ ........| ok p=1
Q53:	|........ ........ ........ ........| ok p=1
Q54:	|........ ........ ........ ........| ok p=1
Q55:	|........ ........ ........ ........| ok p=1
Q56:	|........ ........ ........ ........| ok p=1
Q57:	|........ ........ ........ ........| ok p=1
Q58:	|........ ........ ........ ........| ok p=1
Q59:	|........ ........ ........ ........| ok p=1
Q60:	|........ ........ ......0. ........| ok p=1
Q61:	|........ ........ ......0. ........| ok p=0.514648
Q62:	|........ ........ ......+. ........| ok p=1
Q63:	|........ ........ ......+. ........| ok p=0.243164
Q64:	|.-...... ........ ......+. .......-|
Saving 8 paths...done.
Autobalance parameters: maxcond=2176
Verified: 0 bad out of 8
Estimating maxcond for upper bound 262144 (=65536 * 4)...
t=31: 0%   10   20   30   40   50   60   70   80   90   100%
      |----|----|----|----|----|----|----|----|----|----|
e     ***************************************************
Found maxcond = 2176
t=31: 0%   10   20   30   40   50   60   70   80   90   100%
      |----|----|----|----|----|----|----|----|----|----|
      ***************************************************
Q28:	|+....... ........ ....-... ........|
Q29:	|........ ........ ........ ........|
Q30:	|-....... ........ ........ ........|
Q31:	|-....... ........ ........ ........| ok p=0.49707
Q32:	|........ ........ ........ ........| ok p=1
Q33:	|!....... ........ ........ ........| ok p=1
Q34:	|........ ........ ........ ........| ok p=1
Q35:	|........ ........ ........ ........| ok p=1
Q36:	|........ ........ ........ ........| ok p=1
Q37:	|........ ........ ........ ........| ok p=1
Q38:	|........ ........ ........ ........| ok p=1
Q39:	|........ ........ ........ ........| ok p=1
Q40:	|........ ........ ........ ........| ok p=1
Q41:	|........ ........ ........ ........| ok p=1
Q42:	|........ ........ ........ ........| ok p=1
Q43:	|........ ........ ........ ........| ok p=1
Q44:	|........ ........ ........ ........| ok p=1
Q45:	|........ ........ ........ ........| ok p=1
Q46:	|........ ........ ........ ........| ok p=1
Q47:	|........ ........ ........ ........| ok p=1
Q48:	|........ ........ ........ ........| ok p=1
Q49:	|........ ........ ........ ........| ok p=1
Q50:	|........ ........ ........ ........| ok p=1
Q51:	|........ ........ ........ ........| ok p=1
Q52:	|........ ........ ........ ........| ok p=1
Q53:	|........ ........ ........ ........| ok p=1
Q54:	|........ ........ ........ ........| ok p=1
Q55:	|........ ........ ........ ........| ok p=1
Q56:	|........ ........ ........ ........| ok p=1
Q57:	|........ ........ ........ ........| ok p=1
Q58:	|........ ........ ........ ........| ok p=1
Q59:	|........ ........ ........ ........| ok p=1
Q60:	|........ ........ ......0. ........| ok p=1
Q61:	|........ ........ ......0. ........| ok p=0.49707
Q62:	|........ ........ ......+. ........| ok p=1
Q63:	|........ ........ ......+. ........| ok p=0.235352
Q64:	|.-...... ........ ......+. .......-|
Saving 24 paths...done.
Autobalance parameters: maxcond=2176
Verified: 0 bad out of 24
Estimating maxcond for upper bound 262144 (=65536 * 4)...
t=30: 0%   10   20   30   40   50   60   70   80   90   100%
      |----|----|----|----|----|----|----|----|----|----|
e     ***************************************************
Found maxcond = 24
t=30: 0%   10   20   30   40   50   60   70   80   90   100%
      |----|----|----|----|----|----|----|----|----|----|
      ***************************************************
Q27:	|........ ........ ........ ........|
Q28:	|+....... ........ ....-... ........|
Q29:	|0....... ........ ........ ........|
Q30:	|-....... ........ ....^... ........| ok p=1
Q31:	|-....... ........ ........ ........| ok p=0.514648
Q32:	|........ ........ ........ ........| ok p=1
Q33:	|^....... ........ ........ ........| ok p=1
Q34:	|........ ........ ........ ........| ok p=1
Q35:	|........ ........ ........ ........| ok p=1
Q36:	|........ ........ ........ ........| ok p=1
Q37:	|........ ........ ........ ........| ok p=1
Q38:	|........ ........ ........ ........| ok p=1
Q39:	|........ ........ ........ ........| ok p=1
Q40:	|........ ........ ........ ........| ok p=1
Q41:	|........ ........ ........ ........| ok p=1
Q42:	|........ ........ ........ ........| ok p=1
Q43:	|........ ........ ........ ........| ok p=1
Q44:	|........ ........ ........ ........| ok p=1
Q45:	|........ ........ ........ ........| ok p=1
Q46:	|........ ........ ........ ........| ok p=1
Q47:	|........ ........ ........ ........| ok p=1
Q48:	|........ ........ ........ ........| ok p=1
Q49:	|........ ........ ........ ........| ok p=1
Q50:	|........ ........ ........ ........| ok p=1
Q51:	|........ ........ ........ ........| ok p=1
Q52:	|........ ........ ........ ........| ok p=1
Q53:	|........ ........ ........ ........| ok p=1
Q54:	|........ ........ ........ ........| ok p=1
Q55:	|........ ........ ........ ........| ok p=1
Q56:	|........ ........ ........ ........| ok p=1
Q57:	|........ ........ ........ ........| ok p=1
Q58:	|........ ........ ........ ........| ok p=1
Q59:	|........ ........ ........ ........| ok p=1
Q60:	|........ ........ ......0. ........| ok p=1
Q61:	|........ ........ ......0. ........| ok p=0.49707
Q62:	|........ ........ ......+. ........| ok p=1
Q63:	|........ ........ ......+. ........| ok p=0.242188
Q64:	|.-...... ........ ......+. .......-|
Saving 65536 paths...done.
Autobalance parameters: maxcond=21
Verified: 0 bad out of 120437
Runtime: 2.23239
Extend MD5 differential paths backward
Copyright (C) 2009 Marc Stevens
http://homepages.cwi.nl/~stevens/

delta_m[11] = [!31!]
Loading workdir3/paths30_0of1...done: 65536 (work:65536).
Estimating maxcond for upper bound 400000 (=100000 * 4)...
t=29: 0%   10   20   30   40   50   60   70   80   90   100%
      |----|----|----|----|----|----|----|----|----|----|
e     ***************************************************
Found maxcond = 21
t=29: 0%   10   20   30   40   50   60   70   80   90   100%
      |----|----|----|----|----|----|----|----|----|----|
      ***************************************************
Q26:	|........ .-...... ........ ........|
Q27:	|1....... ........ ....1... ........|
Q28:	|+....... ........ ....-... ........|
Q29:	|0....... ........ ........ ........| ok p=0.512695
Q30:	|-....... ........ ....^... ........| ok p=1
Q31:	|+....... ........ ........ ........| ok p=0.483398
Q32:	|........ ........ ........ ........| ok p=1
Q33:	|^....... ........ ........ ........| ok p=1
Q34:	|........ ........ ........ ........| ok p=1
Q35:	|........ ........ ........ ........| ok p=1
Q36:	|........ ........ ........ ........| ok p=1
Q37:	|........ ........ ........ ........| ok p=1
Q38:	|........ ........ ........ ........| ok p=1
Q39:	|........ ........ ........ ........| ok p=1
Q40:	|........ ........ ........ ........| ok p=1
Q41:	|........ ........ ........ ........| ok p=1
Q42:	|........ ........ ........ ........| ok p=1
Q43:	|........ ........ ........ ........| ok p=1
Q44:	|........ ........ ........ ........| ok p=1
Q45:	|........ ........ ........ ........| ok p=1
Q46:	|........ ........ ........ ........| ok p=1
Q47:	|........ ........ ........ ........| ok p=1
Q48:	|........ ........ ........ ........| ok p=1
Q49:	|........ ........ ........ ........| ok p=1
Q50:	|........ ........ ........ ........| ok p=1
Q51:	|........ ........ ........ ........| ok p=1
Q52:	|........ ........ ........ ........| ok p=1
Q53:	|........ ........ ........ ........| ok p=1
Q54:	|........ ........ ........ ........| ok p=1
Q55:	|........ ........ ........ ........| ok p=1
Q56:	|........ ........ ........ ........| ok p=1
Q57:	|........ ........ ........ ........| ok p=1
Q58:	|........ ........ ........ ........| ok p=1
Q59:	|........ ........ ........ ........| ok p=1
Q60:	|........ ........ ......0. ........| ok p=1
Q61:	|........ ........ ......0. ........| ok p=0.505859
Q62:	|........ ........ ......+. ........| ok p=1
Q63:	|........ ........ ......+. ........| ok p=0.249023
Q64:	|.-...... ........ ......+. .......-|
Saving 100000 paths...done.
Autobalance parameters: maxcond=19
Verified: 0 bad out of 177666
Estimating maxcond for upper bound 400000 (=100000 * 4)...
t=28: 0%   10   20   30   40   50   60   70   80   90   100%
      |----|----|----|----|----|----|----|----|----|----|
e     ***************************************************
Found maxcond = 19
t=28: 0%   10   20   30   40   50   60   70   80   90   100%
      |----|----|----|----|----|----|----|----|----|----|
      ***************************************************
Q25:	|+....-.. ........ ........ .-......|
Q26:	|........ .-...... ....-... ........|
Q27:	|-....... ........ ....0... ........|
Q28:	|-....... .^...... ....+... ........| ok p=0.481445
Q29:	|0....... ........ ........ ........| ok p=0.490234
Q30:	|-....... ........ ....^... ........| ok p=1
Q31:	|-....... ........ ........ ........| ok p=0.507812
Q32:	|........ ........ ........ ........| ok p=1
Q33:	|!....... ........ ........ ........| ok p=1
Q34:	|........ ........ ........ ........| ok p=1
Q35:	|........ ........ ........ ........| ok p=1
Q36:	|........ ........ ........ ........| ok p=1
Q37:	|........ ........ ........ ........| ok p=1
Q38:	|........ ........ ........ ........| ok p=1
Q39:	|........ ........ ........ ........| ok p=1
Q40:	|........ ........ ........ ........| ok p=1
Q41:	|........ ........ ........ ........| ok p=1
Q42:	|........ ........ ........ ........| ok p=1
Q43:	|........ ........ ........ ........| ok p=1
Q44:	|........ ........ ........ ........| ok p=1
Q45:	|........ ........ ........ ........| ok p=1
Q46:	|........ ........ ........ ........| ok p=1
Q47:	|........ ........ ........ ........| ok p=1
Q48:	|........ ........ ........ ........| ok p=1
Q49:	|........ ........ ........ ........| ok p=1
Q50:	|........ ........ ........ ........| ok p=1
Q51:	|........ ........ ........ ........| ok p=1
Q52:	|........ ........ ........ ........| ok p=1
Q53:	|........ ........ ........ ........| ok p=1
Q54:	|........ ........ ........ ........| ok p=1
Q55:	|........ ........ ........ ........| ok p=1
Q56:	|........ ........ ........ ........| ok p=1
Q57:	|........ ........ ........ ........| ok p=1
Q58:	|........ ........ ........ ........| ok p=1
Q59:	|........ ........ ........ ........| ok p=1
Q60:	|........ ........ ......0. ........| ok p=1
Q61:	|........ ........ ......0. ........| ok p=0.507812
Q62:	|........ ........ ......+. ........| ok p=1
Q63:	|........ ........ ......+. ........| ok p=0.242188
Q64:	|.-...... ........ ......+. .......-|
Saving 100000 paths...done.
Autobalance parameters: maxcond=17
Verified: 0 bad out of 183387
Estimating maxcond for upper bound 400000 (=100000 * 4)...
t=27: 0%   10   20   30   40   50   60   70   80   90   100%
      |----|----|----|----|----|----|----|----|----|----|
e     ***************************************************
Found maxcond = 21
t=27: 0%   10   20   30   40   50   60   70   80   90   100%
      |----|----|----|----|----|----|----|----|----|----|
      ***************************************************
Q24:	|........ +....... ....-... ........|
Q25:	|.....+.. .1...... ........ .-......|
Q26:	|0....... .+...... ....0... ........|
Q27:	|1....^.. ........ ....1... .^......| ok p=0.478516
Q28:	|+....... .^...... ....+... ........| ok p=0.50293
Q29:	|1....... ........ ........ ........| ok p=0.50293
Q30:	|+....... ........ ....^... ........| ok p=1
Q31:	|-....... ........ ........ ........| ok p=0.512695
Q32:	|........ ........ ........ ........| ok p=1
Q33:	|^....... ........ ........ ........| ok p=1
Q34:	|........ ........ ........ ........| ok p=1
Q35:	|........ ........ ........ ........| ok p=1
Q36:	|........ ........ ........ ........| ok p=1
Q37:	|........ ........ ........ ........| ok p=1
Q38:	|........ ........ ........ ........| ok p=1
Q39:	|........ ........ ........ ........| ok p=1
Q40:	|........ ........ ........ ........| ok p=1
Q41:	|........ ........ ........ ........| ok p=1
Q42:	|........ ........ ........ ........| ok p=1
Q43:	|........ ........ ........ ........| ok p=1
Q44:	|........ ........ ........ ........| ok p=1
Q45:	|........ ........ ........ ........| ok p=1
Q46:	|........ ........ ........ ........| ok p=1
Q47:	|........ ........ ........ ........| ok p=1
Q48:	|........ ........ ........ ........| ok p=1
Q49:	|........ ........ ........ ........| ok p=1
Q50:	|........ ........ ........ ........| ok p=1
Q51:	|........ ........ ........ ........| ok p=1
Q52:	|........ ........ ........ ........| ok p=1
Q53:	|........ ........ ........ ........| ok p=1
Q54:	|........ ........ ........ ........| ok p=1
Q55:	|........ ........ ........ ........| ok p=1
Q56:	|........ ........ ........ ........| ok p=1
Q57:	|........ ........ ........ ........| ok p=1
Q58:	|........ ........ ........ ........| ok p=1
Q59:	|........ ........ ........ ........| ok p=1
Q60:	|........ ........ ......0. ........| ok p=1
Q61:	|........ ........ ......0. ........| ok p=0.494141
Q62:	|........ ........ ......+. ........| ok p=1
Q63:	|........ ........ ......+. ........| ok p=0.233398
Q64:	|.-...... ........ ......+. .......-|
Saving 100000 paths...done.
Autobalance parameters: maxcond=20
Verified: 0 bad out of 147121
Estimating maxcond for upper bound 400000 (=100000 * 4)...
t=26: 0%   10   20   30   40   50   60   70   80   90   100%
      |----|----|----|----|----|----|----|----|----|----|
e     ***************************************************
Found maxcond = 25
t=26: 0%   10   20   30   40   50   60   70   80   90   100%
      |----|----|----|----|----|----|----|----|----|----|
      ***************************************************
Q23:	|+....... .-...... .......- ........|
Q24:	|.....1.. .+...... ........ .1......|
Q25:	|-....+.. .0...... ........ .-......|
Q26:	|-....... .+...... ....0... ........| ok p=1
Q27:	|+....^.. ........ ....1... .^......| ok p=0.99707
Q28:	|+....... .^...... ....+... ........| ok p=0.522461
Q29:	|1....... ........ ........ ........| ok p=0.52832
Q30:	|-....... ........ ....^... ........| ok p=1
Q31:	|-....... ........ ........ ........| ok p=0.488281
Q32:	|........ ........ ........ ........| ok p=1
Q33:	|^....... ........ ........ ........| ok p=1
Q34:	|........ ........ ........ ........| ok p=1
Q35:	|........ ........ ........ ........| ok p=1
Q36:	|........ ........ ........ ........| ok p=1
Q37:	|........ ........ ........ ........| ok p=1
Q38:	|........ ........ ........ ........| ok p=1
Q39:	|........ ........ ........ ........| ok p=1
Q40:	|........ ........ ........ ........| ok p=1
Q41:	|........ ........ ........ ........| ok p=1
Q42:	|........ ........ ........ ........| ok p=1
Q43:	|........ ........ ........ ........| ok p=1
Q44:	|........ ........ ........ ........| ok p=1
Q45:	|........ ........ ........ ........| ok p=1
Q46:	|........ ........ ........ ........| ok p=1
Q47:	|........ ........ ........ ........| ok p=1
Q48:	|........ ........ ........ ........| ok p=1
Q49:	|........ ........ ........ ........| ok p=1
Q50:	|........ ........ ........ ........| ok p=1
Q51:	|........ ........ ........ ........| ok p=1
Q52:	|........ ........ ........ ........| ok p=1
Q53:	|........ ........ ........ ........| ok p=1
Q54:	|........ ........ ........ ........| ok p=1
Q55:	|........ ........ ........ ........| ok p=1
Q56:	|........ ........ ........ ........| ok p=1
Q57:	|........ ........ ........ ........| ok p=1
Q58:	|........ ........ ........ ........| ok p=1
Q59:	|........ ........ ........ ........| ok p=1
Q60:	|........ ........ ......0. ........| ok p=1
Q61:	|........ ........ ......0. ........| ok p=0.49707
Q62:	|........ ........ ......+. ........| ok p=1
Q63:	|........ ........ ......+. ........| ok p=0.255859
Q64:	|.-...... ........ ......+. .......-|
Saving 100000 paths...done.
Autobalance parameters: maxcond=24
Verified: 0 bad out of 128815
Estimating maxcond for upper bound 400000 (=100000 * 4)...
t=25: 0%   10   20   30   40   50   60   70   80   90   100%
      |----|----|----|----|----|----|----|----|----|----|
e     ***************************************************
Found maxcond = 30
t=25: 0%   10   20   30   40   50   60   70   80   90   100%
      |----|----|----|----|----|----|----|----|----|----|
      ***************************************************
Q22:	|+.-..... .+....+. ..-..... .-......|
Q23:	|.....+.. .+...... ........ ++......|
Q24:	|+....0.. .-...... ........ .0......|
Q25:	|+....-.. .0...... ........ ^+......| ok p=0.874023
Q26:	|-....... .-...... ....0... ........| ok p=0.999023
Q27:	|-....^.. ........ ....1... .^......| ok p=0.99707
Q28:	|-....... .^...... ....-... ........| ok p=0.492188
Q29:	|1....... ........ ........ ........| ok p=0.530273
Q30:	|+....... ........ ....^... ........| ok p=1
Q31:	|-....... ........ ........ ........| ok p=0.478516
Q32:	|........ ........ ........ ........| ok p=1
Q33:	|^....... ........ ........ ........| ok p=1
Q34:	|........ ........ ........ ........| ok p=1
Q35:	|........ ........ ........ ........| ok p=1
Q36:	|........ ........ ........ ........| ok p=1
Q37:	|........ ........ ........ ........| ok p=1
Q38:	|........ ........ ........ ........| ok p=1
Q39:	|........ ........ ........ ........| ok p=1
Q40:	|........ ........ ........ ........| ok p=1
Q41:	|........ ........ ........ ........| ok p=1
Q42:	|........ ........ ........ ........| ok p=1
Q43:	|........ ........ ........ ........| ok p=1
Q44:	|........ ........ ........ ........| ok p=1
Q45:	|........ ........ ........ ........| ok p=1
Q46:	|........ ........ ........ ........| ok p=1
Q47:	|........ ........ ........ ........| ok p=1
Q48:	|........ ........ ........ ........| ok p=1
Q49:	|........ ........ ........ ........| ok p=1
Q50:	|........ ........ ........ ........| ok p=1
Q51:	|........ ........ ........ ........| ok p=1
Q52:	|........ ........ ........ ........| ok p=1
Q53:	|........ ........ ........ ........| ok p=1
Q54:	|........ ........ ........ ........| ok p=1
Q55:	|........ ........ ........ ........| ok p=1
Q56:	|........ ........ ........ ........| ok p=1
Q57:	|........ ........ ........ ........| ok p=1
Q58:	|........ ........ ........ ........| ok p=1
Q59:	|........ ........ ........ ........| ok p=1
Q60:	|........ ........ ......0. ........| ok p=1
Q61:	|........ ........ ......0. ........| ok p=0.486328
Q62:	|........ ........ ......+. ........| ok p=1
Q63:	|........ ........ ......+. ........| ok p=0.251953
Q64:	|.-...... ........ ......+. .......-|
Saving 100000 paths...done.
Autobalance parameters: maxcond=29
Verified: 0 bad out of 113951
Estimating maxcond for upper bound 400000 (=100000 * 4)...
t=24: 0%   10   20   30   40   50   60   70   80   90   100%
      |----|----|----|----|----|----|----|----|----|----|
e     ***************************************************
Found maxcond = 38
t=24: 0%   10   20   30   40   50   60   70   80   90   100%
      |----|----|----|----|----|----|----|----|----|----|
      ***************************************************
Q21:	|+....-.. ..-..... ........ ......-.|
Q22:	|..+..... .1....-. .......1 ........|
Q23:	|-....0.. .-...... .......- .0......|
Q24:	|-.^..1.. .+....^. ........ .1......| ok p=0.5
Q25:	|0....+.. .+...... .......^ .-......| ok p=0.453125
Q26:	|-....... .+...... ....0... ........| ok p=1
Q27:	|-....^.. .1...... ....1... .^......| ok p=1
Q28:	|+....... .0...... ....+... ........| ok p=0.472656
Q29:	|0....... ........ ........ ........| ok p=0.494141
Q30:	|+....... ........ ....^... ........| ok p=1
Q31:	|-....... ........ ........ ........| ok p=0.527344
Q32:	|........ ........ ........ ........| ok p=1
Q33:	|^....... ........ ........ ........| ok p=1
Q34:	|........ ........ ........ ........| ok p=1
Q35:	|........ ........ ........ ........| ok p=1
Q36:	|........ ........ ........ ........| ok p=1
Q37:	|........ ........ ........ ........| ok p=1
Q38:	|........ ........ ........ ........| ok p=1
Q39:	|........ ........ ........ ........| ok p=1
Q40:	|........ ........ ........ ........| ok p=1
Q41:	|........ ........ ........ ........| ok p=1
Q42:	|........ ........ ........ ........| ok p=1
Q43:	|........ ........ ........ ........| ok p=1
Q44:	|........ ........ ........ ........| ok p=1
Q45:	|........ ........ ........ ........| ok p=1
Q46:	|........ ........ ........ ........| ok p=1
Q47:	|........ ........ ........ ........| ok p=1
Q48:	|........ ........ ........ ........| ok p=1
Q49:	|........ ........ ........ ........| ok p=1
Q50:	|........ ........ ........ ........| ok p=1
Q51:	|........ ........ ........ ........| ok p=1
Q52:	|........ ........ ........ ........| ok p=1
Q53:	|........ ........ ........ ........| ok p=1
Q54:	|........ ........ ........ ........| ok p=1
Q55:	|........ ........ ........ ........| ok p=1
Q56:	|........ ........ ........ ........| ok p=1
Q57:	|........ ........ ........ ........| ok p=1
Q58:	|........ ........ ........ ........| ok p=1
Q59:	|........ ........ ........ ........| ok p=1
Q60:	|........ ........ ......0. ........| ok p=1
Q61:	|........ ........ ......0. ........| ok p=0.483398
Q62:	|........ ........ ......+. ........| ok p=1
Q63:	|........ ........ ......+. ........| ok p=0.267578
Q64:	|.-...... ........ ......+. .......-|
Saving 93268 paths...done.
Autobalance parameters: maxcond=38
Verified: 0 bad out of 93268
Estimating maxcond for upper bound 400000 (=100000 * 4)...
t=23: 0%   10   20   30   40   50   60   70   80   90   100%
      |----|----|----|----|----|----|----|----|----|----|
e     **************************************************Found maxcond = 46
t=23: 0%   10   20   30   40   50   60   70   80   90   100%
      |----|----|----|----|----|----|----|----|----|----|
      **************************************************Q20:	|+....... .-.-.... ........ ....-...|
Q21:	|..1..... ..-...1. .......- ......+.|
Q22:	|+.-..... .+....+. .......0 ........|
Q23:	|+....0.. .+^..... .......+ .0....^.| ok p=1
Q24:	|-.^..1.. .-....^. ........ .1......| ok p=0.969727
Q25:	|-....-.. .-...... .......^ .+......| ok p=0.832031
Q26:	|-....... .-...... ....0... ........| ok p=0.994141
Q27:	|-....^.. .1...... ....1... .^......| ok p=1
Q28:	|-....... .0...... ....-... ........| ok p=0.514648
Q29:	|1....... ........ ........ ........| ok p=0.510742
Q30:	|+....... ........ ....^... ........| ok p=1
Q31:	|-....... ........ ........ ........| ok p=0.492188
Q32:	|........ ........ ........ ........| ok p=1
Q33:	|^....... ........ ........ ........| ok p=1
Q34:	|........ ........ ........ ........| ok p=1
Q35:	|........ ........ ........ ........| ok p=1
Q36:	|........ ........ ........ ........| ok p=1
Q37:	|........ ........ ........ ........| ok p=1
Q38:	|........ ........ ........ ........| ok p=1
Q39:	|........ ........ ........ ........| ok p=1
Q40:	|........ ........ ........ ........| ok p=1
Q41:	|........ ........ ........ ........| ok p=1
Q42:	|........ ........ ........ ........| ok p=1
Q43:	|........ ........ ........ ........| ok p=1
Q44:	|........ ........ ........ ........| ok p=1
Q45:	|........ ........ ........ ........| ok p=1
Q46:	|........ ........ ........ ........| ok p=1
Q47:	|........ ........ ........ ........| ok p=1
Q48:	|........ ........ ........ ........| ok p=1
Q49:	|........ ........ ........ ........| ok p=1
Q50:	|........ ........ ........ ........| ok p=1
Q51:	|........ ........ ........ ........| ok p=1
Q52:	|........ ........ ........ ........| ok p=1
Q53:	|........ ........ ........ ........| ok p=1
Q54:	|........ ........ ........ ........| ok p=1
Q55:	|........ ........ ........ ........| ok p=1
Q56:	|........ ........ ........ ........| ok p=1
Q57:	|........ ........ ........ ........| ok p=1
Q58:	|........ ........ ........ ........| ok p=1
Q59:	|........ ........ ........ ........| ok p=1
Q60:	|........ ........ ......0. ........| ok p=1
Q61:	|........ ........ ......0. ........| ok p=0.501953
Q62:	|........ ........ ......+. ........| ok p=1
Q63:	|........ ........ ......+. ........| ok p=0.257812
Q64:	|.-...... ........ ......+. .......-|
Saving 100000 paths...done.
Autobalance parameters: maxcond=45
Verified: 0 bad out of 100550
Estimating maxcond for upper bound 400000 (=100000 * 4)...
t=22: 0%   10   20   30   40   50   60   70   80   90   100%
      |----|----|----|----|----|----|----|----|----|----|
e     ***************************************************
Found maxcond = 56
t=22: 0%   10   20   30   40   50   60   70   80   90   100%
      |----|----|----|----|----|----|----|----|----|----|
      ***************************************************
Q19:	|+....-.. ........ -....... ....-...|
Q20:	|..0..... .0++..0. ........ ....+.1.|
Q21:	|-.1..... ..-...1. .......0 ......-.|
Q22:	|-.+..... .-1^..+. .......1 ....^...| ok p=0.984375
Q23:	|+....0.. .-0..... .......- .0....^.| ok p=1
Q24:	|+.^..1.. .+....^. ........ .1......| ok p=0.973633
Q25:	|+....-.. .+...... .......^ .-......| ok p=0.84668
Q26:	|+....... .+...... ....0... ........| ok p=0.99707
Q27:	|+....^.. .1...... ....1... .^......| ok p=0.998047
Q28:	|+....... .0...... ....+... ........| ok p=0.489258
Q29:	|1....... ........ ........ ........| ok p=0.488281
Q30:	|-....... ........ ....^... ........| ok p=1
Q31:	|-....... ........ ........ ........| ok p=0.499023
Q32:	|........ ........ ........ ........| ok p=1
Q33:	|^....... ........ ........ ........| ok p=1
Q34:	|........ ........ ........ ........| ok p=1
Q35:	|........ ........ ........ ........| ok p=1
Q36:	|........ ........ ........ ........| ok p=1
Q37:	|........ ........ ........ ........| ok p=1
Q38:	|........ ........ ........ ........| ok p=1
Q39:	|........ ........ ........ ........| ok p=1
Q40:	|........ ........ ........ ........| ok p=1
Q41:	|........ ........ ........ ........| ok p=1
Q42:	|........ ........ ........ ........| ok p=1
Q43:	|........ ........ ........ ........| ok p=1
Q44:	|........ ........ ........ ........| ok p=1
Q45:	|........ ........ ........ ........| ok p=1
Q46:	|........ ........ ........ ........| ok p=1
Q47:	|........ ........ ........ ........| ok p=1
Q48:	|........ ........ ........ ........| ok p=1
Q49:	|........ ........ ........ ........| ok p=1
Q50:	|........ ........ ........ ........| ok p=1
Q51:	|........ ........ ........ ........| ok p=1
Q52:	|........ ........ ........ ........| ok p=1
Q53:	|........ ........ ........ ........| ok p=1
Q54:	|........ ........ ........ ........| ok p=1
Q55:	|........ ........ ........ ........| ok p=1
Q56:	|........ ........ ........ ........| ok p=1
Q57:	|........ ........ ........ ........| ok p=1
Q58:	|........ ........ ........ ........| ok p=1
Q59:	|........ ........ ........ ........| ok p=1
Q60:	|........ ........ ......0. ........| ok p=1
Q61:	|........ ........ ......0. ........| ok p=0.485352
Q62:	|........ ........ ......+. ........| ok p=1
Q63:	|........ ........ ......+. ........| ok p=0.25293
Q64:	|.-...... ........ ......+. .......-|
Saving 70056 paths...done.
Autobalance parameters: maxcond=56
Verified: 0 bad out of 70056
Estimating maxcond for upper bound 400000 (=100000 * 4)...
t=21: 0%   10   20   30   40   50   60   70   80   90   100%
      |----|----|----|----|----|----|----|----|----|----|
e     ***************************************************
Found maxcond = 67
t=21: 0%   10   20   30   40   50   60   70   80   90   100%
      |----|----|----|----|----|----|----|----|----|----|
      ***************************************************
Q18:	|+......+ ...-.... .-.+...- ........|
Q19:	|.....-.. ...1.... -....... ....+.+.|
Q20:	|-.0..... .0++..0. ........ ....+.0.|
Q21:	|-.1..^.. ..+...1. ^......0 ....0.-.| ok p=1
Q22:	|+.+..... .-0^..-. .......1 ....^...| ok p=0.736328
Q23:	|+....0.. .-1..... .......- .0....^.| ok p=1
Q24:	|+.^..1.. .+....^. ........ .1......| ok p=0.96582
Q25:	|+....+.. .+...... .......^ .-......| ok p=0.848633
Q26:	|+....... .+...... ....0... ........| ok p=0.995117
Q27:	|+....^.. .1...... ....1... .^......| ok p=0.99707
Q28:	|+....... .0...... ....+... ........| ok p=0.504883
Q29:	|1....... ........ ........ ........| ok p=0.5
Q30:	|-....... ........ ....^... ........| ok p=1
Q31:	|+....... ........ ........ ........| ok p=0.518555
Q32:	|........ ........ ........ ........| ok p=1
Q33:	|!....... ........ ........ ........| ok p=1
Q34:	|........ ........ ........ ........| ok p=1
Q35:	|........ ........ ........ ........| ok p=1
Q36:	|........ ........ ........ ........| ok p=1
Q37:	|........ ........ ........ ........| ok p=1
Q38:	|........ ........ ........ ........| ok p=1
Q39:	|........ ........ ........ ........| ok p=1
Q40:	|........ ........ ........ ........| ok p=1
Q41:	|........ ........ ........ ........| ok p=1
Q42:	|........ ........ ........ ........| ok p=1
Q43:	|........ ........ ........ ........| ok p=1
Q44:	|........ ........ ........ ........| ok p=1
Q45:	|........ ........ ........ ........| ok p=1
Q46:	|........ ........ ........ ........| ok p=1
Q47:	|........ ........ ........ ........| ok p=1
Q48:	|........ ........ ........ ........| ok p=1
Q49:	|........ ........ ........ ........| ok p=1
Q50:	|........ ........ ........ ........| ok p=1
Q51:	|........ ........ ........ ........| ok p=1
Q52:	|........ ........ ........ ........| ok p=1
Q53:	|........ ........ ........ ........| ok p=1
Q54:	|........ ........ ........ ........| ok p=1
Q55:	|........ ........ ........ ........| ok p=1
Q56:	|........ ........ ........ ........| ok p=1
Q57:	|........ ........ ........ ........| ok p=1
Q58:	|........ ........ ........ ........| ok p=1
Q59:	|........ ........ ........ ........| ok p=1
Q60:	|........ ........ ......0. ........| ok p=1
Q61:	|........ ........ ......0. ........| ok p=0.511719
Q62:	|........ ........ ......+. ........| ok p=1
Q63:	|........ ........ ......+. ........| ok p=0.262695
Q64:	|.-...... ........ ......+. .......-|
Saving 100000 paths...done.
Autobalance parameters: maxcond=66
Verified: 0 bad out of 145792
Runtime: 9.35499
Extend MD5 differential paths backward
Copyright (C) 2009 Marc Stevens
http://homepages.cwi.nl/~stevens/

delta_m[11] = [!31!]
Loading workdir3/paths21_0of1...done: 100000 (work:100000).
Estimating maxcond for upper bound 65536 (=16384 * 4)...
t=20: 0%   10   20   30   40   50   60   70   80   90   100%
      |----|----|----|----|----|----|----|----|----|----|
e     ***************************************************
Found maxcond = 78
t=20: 0%   10   20   30   40   50   60   70   80   90   100%
      |----|----|----|----|----|----|----|----|----|----|
      ***************************************************
Q17:	|.+.+.-.. ...+..+. +....... ....-...|
Q18:	|.....1.- ..0+.... 1..+...- ....0...|
Q19:	|0....+.. ..11.... +....... ....+.0.|
Q20:	|1.0....^ .0--..1. ...^...^ ....-.1.| ok p=0.160156
Q21:	|-.1..^.. ..+...1. ^......0 ....1.+.| ok p=0.5
Q22:	|1.-..... .+1^..-. .......1 ....^...| ok p=0.636719
Q23:	|-....0.. .+0..... .......+ .0....^.| ok p=0.996094
Q24:	|+.^..1.. .-....^. ........ .1......| ok p=1
Q25:	|-....+.. .-...... .......^ .+......| ok p=0.858398
Q26:	|-....... .-...... ....0... ........| ok p=0.99707
Q27:	|-....^.. .1...... ....1... .^......| ok p=0.998047
Q28:	|-....... .0...... ....-... ........| ok p=0.508789
Q29:	|1....... ........ ........ ........| ok p=0.492188
Q30:	|+....... ........ ....^... ........| ok p=1
Q31:	|+....... ........ ........ ........| ok p=0.503906
Q32:	|........ ........ ........ ........| ok p=1
Q33:	|^....... ........ ........ ........| ok p=1
Q34:	|........ ........ ........ ........| ok p=1
Q35:	|........ ........ ........ ........| ok p=1
Q36:	|........ ........ ........ ........| ok p=1
Q37:	|........ ........ ........ ........| ok p=1
Q38:	|........ ........ ........ ........| ok p=1
Q39:	|........ ........ ........ ........| ok p=1
Q40:	|........ ........ ........ ........| ok p=1
Q41:	|........ ........ ........ ........| ok p=1
Q42:	|........ ........ ........ ........| ok p=1
Q43:	|........ ........ ........ ........| ok p=1
Q44:	|........ ........ ........ ........| ok p=1
Q45:	|........ ........ ........ ........| ok p=1
Q46:	|........ ........ ........ ........| ok p=1
Q47:	|........ ........ ........ ........| ok p=1
Q48:	|........ ........ ........ ........| ok p=1
Q49:	|........ ........ ........ ........| ok p=1
Q50:	|........ ........ ........ ........| ok p=1
Q51:	|........ ........ ........ ........| ok p=1
Q52:	|........ ........ ........ ........| ok p=1
Q53:	|........ ........ ........ ........| ok p=1
Q54:	|........ ........ ........ ........| ok p=1
Q55:	|........ ........ ........ ........| ok p=1
Q56:	|........ ........ ........ ........| ok p=1
Q57:	|........ ........ ........ ........| ok p=1
Q58:	|........ ........ ........ ........| ok p=1
Q59:	|........ ........ ........ ........| ok p=1
Q60:	|........ ........ ......0. ........| ok p=1
Q61:	|........ ........ ......0. ........| ok p=0.503906
Q62:	|........ ........ ......+. ........| ok p=1
Q63:	|........ ........ ......+. ........| ok p=0.262695
Q64:	|.-...... ........ ......+. .......-|
Saving 16384 paths...done.
Autobalance parameters: maxcond=77
Verified: 0 bad out of 24563
Runtime: 2.54727
Extend MD5 differential paths backward
Copyright (C) 2009 Marc Stevens
http://homepages.cwi.nl/~stevens/

delta_m[11] = [!31!]
Loading workdir3/paths20_0of1...done: 16384 (work:16384).
Estimating maxcond for upper bound 2000000 (=500000 * 4)...
t=19: 0%   10   20   30   40   50   60   70   80   90   100%
      |----|----|----|----|----|----|----|----|----|----|
e     ***************************************************
Found maxcond = 91
t=19: 0%   10   20   30   40   50   60   70   80   90   100%
      |----|----|----|----|----|----|----|----|----|----|
      ***************************************************
Q16:	|....-... +.-...-. +....... .-.-.+.+|
Q17:	|.+.+.0.. .+...+.. -..1...1 ........|
Q18:	|.....0.. .--0.... 1..+...- ....+...|
Q19:	|0^.^.+.. .0-0.^.. +....... ....+.0.| ok p=0.960938
Q20:	|1.0..... .-0-..1. ...^...^ ....-.1.| ok p=0.183594
Q21:	|+.1..^.. .+-...1. ^......0 ....0.+.| ok p=0.749023
Q22:	|1.-..... .+.^..-. .......1 ....^...| ok p=0.610352
Q23:	|+....0.. .+^..... .......+ .0....^.| ok p=1
Q24:	|-.^..1.. .-....^. ........ .1......| ok p=1
Q25:	|+....+.. .-...... .......^ .+......| ok p=0.856445
Q26:	|+....... .-...... ....0... ........| ok p=0.993164
Q27:	|+....^.. .1...... ....1... .^......| ok p=0.996094
Q28:	|+....... .0...... ....-... ........| ok p=0.491211
Q29:	|1....... ........ ........ ........| ok p=0.505859
Q30:	|-....... ........ ....^... ........| ok p=1
Q31:	|-....... ........ ........ ........| ok p=0.522461
Q32:	|........ ........ ........ ........| ok p=1
Q33:	|^....... ........ ........ ........| ok p=1
Q34:	|........ ........ ........ ........| ok p=1
Q35:	|........ ........ ........ ........| ok p=1
Q36:	|........ ........ ........ ........| ok p=1
Q37:	|........ ........ ........ ........| ok p=1
Q38:	|........ ........ ........ ........| ok p=1
Q39:	|........ ........ ........ ........| ok p=1
Q40:	|........ ........ ........ ........| ok p=1
Q41:	|........ ........ ........ ........| ok p=1
Q42:	|........ ........ ........ ........| ok p=1
Q43:	|........ ........ ........ ........| ok p=1
Q44:	|........ ........ ........ ........| ok p=1
Q45:	|........ ........ ........ ........| ok p=1
Q46:	|........ ........ ........ ........| ok p=1
Q47:	|........ ........ ........ ........| ok p=1
Q48:	|........ ........ ........ ........| ok p=1
Q49:	|........ ........ ........ ........| ok p=1
Q50:	|........ ........ ........ ........| ok p=1
Q51:	|........ ........ ........ ........| ok p=1
Q52:	|........ ........ ........ ........| ok p=1
Q53:	|........ ........ ........ ........| ok p=1
Q54:	|........ ........ ........ ........| ok p=1
Q55:	|........ ........ ........ ........| ok p=1
Q56:	|........ ........ ........ ........| ok p=1
Q57:	|........ ........ ........ ........| ok p=1
Q58:	|........ ........ ........ ........| ok p=1
Q59:	|........ ........ ........ ........| ok p=1
Q60:	|........ ........ ......0. ........| ok p=1
Q61:	|........ ........ ......0. ........| ok p=0.511719
Q62:	|........ ........ ......+. ........| ok p=1
Q63:	|........ ........ ......+. ........| ok p=0.255859
Q64:	|.-...... ........ ......+. .......-|
Saving 500000 paths...done.
Autobalance parameters: maxcond=90
Verified: 0 bad out of 635248
Estimating maxcond for upper bound 2000000 (=500000 * 4)...
t=18: 0%   10   20   30   40   50   60   70   80   90   100%
      |----|----|----|----|----|----|----|----|----|----|
e     ***************************************************
Found maxcond = 108
t=18: 0%   10   20   30   40   50   60   70   80   90   100%
      |----|----|----|----|----|----|----|----|----|----|
      ***************************************************
Q15:	|.+...+.. .+.+..-. ...-.-.. .+..+..-|
Q16:	|.1.+.-.0 ...+.... ..0+...+ .+....++|
Q17:	|0+.-.1.1 ...-.... 0.10...0 ....-...|
Q18:	|...1.1.+ ..0-.... 0.--...- .^..-.^^| ok p=0.323242
Q19:	|-^.^.-.. ...1.... -....... ....+.0.| ok p=0.958984
Q20:	|-.0....^ .0++..0. ..^^...^ ....+.1.| ok p=0.613281
Q21:	|+.1..^.. ..+...1. ^......0 ....1.-.| ok p=0.741211
Q22:	|+.+..... .-0^..-. .......1 ....^...| ok p=0.74707
Q23:	|+....0.. .-1..... .......- .0....^.| ok p=1
Q24:	|+.^..1.. .+....^. ........ .1......| ok p=0.972656
Q25:	|+....+.. .+...... .......^ .-......| ok p=0.864258
Q26:	|+....... .+...... ....0... ........| ok p=0.995117
Q27:	|+....^.. .1...... ....1... .^......| ok p=0.999023
Q28:	|+....... .0...... ....+... ........| ok p=0.50293
Q29:	|1....... ........ ........ ........| ok p=0.49707
Q30:	|-....... ........ ....^... ........| ok p=1
Q31:	|-....... ........ ........ ........| ok p=0.47168
Q32:	|........ ........ ........ ........| ok p=1
Q33:	|!....... ........ ........ ........| ok p=1
Q34:	|........ ........ ........ ........| ok p=1
Q35:	|........ ........ ........ ........| ok p=1
Q36:	|........ ........ ........ ........| ok p=1
Q37:	|........ ........ ........ ........| ok p=1
Q38:	|........ ........ ........ ........| ok p=1
Q39:	|........ ........ ........ ........| ok p=1
Q40:	|........ ........ ........ ........| ok p=1
Q41:	|........ ........ ........ ........| ok p=1
Q42:	|........ ........ ........ ........| ok p=1
Q43:	|........ ........ ........ ........| ok p=1
Q44:	|........ ........ ........ ........| ok p=1
Q45:	|........ ........ ........ ........| ok p=1
Q46:	|........ ........ ........ ........| ok p=1
Q47:	|........ ........ ........ ........| ok p=1
Q48:	|........ ........ ........ ........| ok p=1
Q49:	|........ ........ ........ ........| ok p=1
Q50:	|........ ........ ........ ........| ok p=1
Q51:	|........ ........ ........ ........| ok p=1
Q52:	|........ ........ ........ ........| ok p=1
Q53:	|........ ........ ........ ........| ok p=1
Q54:	|........ ........ ........ ........| ok p=1
Q55:	|........ ........ ........ ........| ok p=1
Q56:	|........ ........ ........ ........| ok p=1
Q57:	|........ ........ ........ ........| ok p=1
Q58:	|........ ........ ........ ........| ok p=1
Q59:	|........ ........ ........ ........| ok p=1
Q60:	|........ ........ ......0. ........| ok p=1
Q61:	|........ ........ ......0. ........| ok p=0.492188
Q62:	|........ ........ ......+. ........| ok p=1
Q63:	|........ ........ ......+. ........| ok p=0.250977
Q64:	|.-...... ........ ......+. .......-|
Saving 500000 paths...done.
Autobalance parameters: maxcond=106
Verified: 0 bad out of 969686
Estimating maxcond for upper bound 2000000 (=500000 * 4)...
t=17: 0%   10   20   30   40   50   60   70   80   90   100%
      |----|----|----|----|----|----|----|----|----|----|
e     ***************************************************
Found maxcond = 122
t=17: 0%   10   20   30   40   50   60   70   80   90   100%
      |----|----|----|----|----|----|----|----|----|----|
      ***************************************************
Q14:	|+..-.+.. ..+..+.. ..-...+. .-..-...|
Q15:	|.-..0+.. .0...01. 1......- .1..1.-1|
Q16:	|.1..+0.. 01...1+. -..1...- .+..+..+|
Q17:	|.-..-0.. 1-...-.. +..1...0 ....0.^.| ok p=0.411133
Q18:	|....00.. +0.0..^. 1..-...+ .^..-..^| ok p=0.719727
Q19:	|0^..^-.. .+00.^.. -....... ....-.0.| ok p=0.97168
Q20:	|1.0..... ^+1+..1. ...^...^ ....+.1.| ok p=0.177734
Q21:	|+.1..^.. .1-...1. ^......0 ....0.-.| ok p=0.766602
Q22:	|0.+..... .-.^..+. .......1 ....^...| ok p=0.646484
Q23:	|-....0.. .-^..... .......- .0....^.| ok p=1
Q24:	|-.^..1.. .+....^. ........ .1......| ok p=1
Q25:	|+....-.. .+...... .......^ .-......| ok p=0.857422
Q26:	|+....... .+...... ....0... ........| ok p=0.99707
Q27:	|+....^.. .1...... ....1... .^......| ok p=0.99707
Q28:	|+....... .0...... ....+... ........| ok p=0.513672
Q29:	|1....... ........ ........ ........| ok p=0.479492
Q30:	|-....... ........ ....^... ........| ok p=1
Q31:	|+....... ........ ........ ........| ok p=0.460938
Q32:	|........ ........ ........ ........| ok p=1
Q33:	|!....... ........ ........ ........| ok p=1
Q34:	|........ ........ ........ ........| ok p=1
Q35:	|........ ........ ........ ........| ok p=1
Q36:	|........ ........ ........ ........| ok p=1
Q37:	|........ ........ ........ ........| ok p=1
Q38:	|........ ........ ........ ........| ok p=1
Q39:	|........ ........ ........ ........| ok p=1
Q40:	|........ ........ ........ ........| ok p=1
Q41:	|........ ........ ........ ........| ok p=1
Q42:	|........ ........ ........ ........| ok p=1
Q43:	|........ ........ ........ ........| ok p=1
Q44:	|........ ........ ........ ........| ok p=1
Q45:	|........ ........ ........ ........| ok p=1
Q46:	|........ ........ ........ ........| ok p=1
Q47:	|........ ........ ........ ........| ok p=1
Q48:	|........ ........ ........ ........| ok p=1
Q49:	|........ ........ ........ ........| ok p=1
Q50:	|........ ........ ........ ........| ok p=1
Q51:	|........ ........ ........ ........| ok p=1
Q52:	|........ ........ ........ ........| ok p=1
Q53:	|........ ........ ........ ........| ok p=1
Q54:	|........ ........ ........ ........| ok p=1
Q55:	|........ ........ ........ ........| ok p=1
Q56:	|........ ........ ........ ........| ok p=1
Q57:	|........ ........ ........ ........| ok p=1
Q58:	|........ ........ ........ ........| ok p=1
Q59:	|........ ........ ........ ........| ok p=1
Q60:	|........ ........ ......0. ........| ok p=1
Q61:	|........ ........ ......0. ........| ok p=0.456055
Q62:	|........ ........ ......+. ........| ok p=1
Q63:	|........ ........ ......+. ........| ok p=0.265625
Q64:	|.-...... ........ ......+. .......-|
Saving 500000 paths...done.
Autobalance parameters: maxcond=121
Verified: 0 bad out of 1178218
Estimating maxcond for upper bound 2000000 (=500000 * 4)...
t=16: 0%   10   20   30   40   50   60   70   80   90   100%
      |----|----|----|----|----|----|----|----|----|----|
e     ***************************************************
Found maxcond = 138
t=16: 0%   10   20   30   40   50   60   70   80   90   100%
      |----|----|----|----|----|----|----|----|----|----|
      ***************************************************
Q13:	|+...+.+. .+...+.. ..+.+..- .+....+.|
Q14:	|.+...1.. ..-...-. 0.+...-. .+..+.10|
Q15:	|.1..0-.. .0...00. 1......+ .1..1.+1|
Q16:	|.0..01.. 01^..1-. +.^1..^+ .-..-..-| ok p=0.421875
Q17:	|.+..+0.. 1+...+.. -..1...0 ....0.^.| ok p=0.407227
Q18:	|....10.. -0.0..^. 1..+...- .^..+..^| ok p=0.75
Q19:	|0^..0+.. .-00.^.. +....... ....+.0.| ok p=0.974609
Q20:	|1.0..... ^-1-..1. ...^...^ ....-.1.| ok p=0.170898
Q21:	|-.1..^.. .1+...1. ^......0 ....0.+.| ok p=0.753906
Q22:	|0.-..... .+.^..-. .......1 ....^...| ok p=0.614258
Q23:	|+....0.. .+^..... .......+ .0....^.| ok p=0.999023
Q24:	|-.^..1.. .-....^. ........ .1......| ok p=1
Q25:	|+....+.. .-...... .......^ .+......| ok p=0.858398
Q26:	|+....... .-...... ....0... ........| ok p=0.992188
Q27:	|+....^.. .1...... ....1... .^......| ok p=0.999023
Q28:	|+....... .0...... ....-... ........| ok p=0.504883
Q29:	|1....... ........ ........ ........| ok p=0.498047
Q30:	|-....... ........ ....^... ........| ok p=1
Q31:	|-....... ........ ........ ........| ok p=0.490234
Q32:	|........ ........ ........ ........| ok p=1
Q33:	|^....... ........ ........ ........| ok p=1
Q34:	|........ ........ ........ ........| ok p=1
Q35:	|........ ........ ........ ........| ok p=1
Q36:	|........ ........ ........ ........| ok p=1
Q37:	|........ ........ ........ ........| ok p=1
Q38:	|........ ........ ........ ........| ok p=1
Q39:	|........ ........ ........ ........| ok p=1
Q40:	|........ ........ ........ ........| ok p=1
Q41:	|........ ........ ........ ........| ok p=1
Q42:	|........ ........ ........ ........| ok p=1
Q43:	|........ ........ ........ ........| ok p=1
Q44:	|........ ........ ........ ........| ok p=1
Q45:	|........ ........ ........ ........| ok p=1
Q46:	|........ ........ ........ ........| ok p=1
Q47:	|........ ........ ........ ........| ok p=1
Q48:	|........ ........ ........ ........| ok p=1
Q49:	|........ ........ ........ ........| ok p=1
Q50:	|........ ........ ........ ........| ok p=1
Q51:	|........ ........ ........ ........| ok p=1
Q52:	|........ ........ ........ ........| ok p=1
Q53:	|........ ........ ........ ........| ok p=1
Q54:	|........ ........ ........ ........| ok p=1
Q55:	|........ ........ ........ ........| ok p=1
Q56:	|........ ........ ........ ........| ok p=1
Q57:	|........ ........ ........ ........| ok p=1
Q58:	|........ ........ ........ ........| ok p=1
Q59:	|........ ........ ........ ........| ok p=1
Q60:	|........ ........ ......0. ........| ok p=1
Q61:	|........ ........ ......0. ........| ok p=0.496094
Q62:	|........ ........ ......+. ........| ok p=1
Q63:	|........ ........ ......+. ........| ok p=0.257812
Q64:	|.-...... ........ ......+. .......-|
Saving 500000 paths...done.
Autobalance parameters: maxcond=137
Verified: 0 bad out of 661888
Runtime: 41.3181
