Connect MD5 differential paths
Copyright (C) 2009 Marc Stevens
http://homepages.cwi.nl/~stevens/

delta_m[11] = [!31!]
Loading workdir3/paths16_0of1.bin.gz...done: 500000.
Loading workdir3/paths11_0of1.bin.gz...done: 500000.
t=12: 0%   10   20   30   40   50   60   70   80   90   100%
      |----|----|----|----|----|----|----|----|----|----|
      *Q-3:	|10110000 11101101 01001011 01011100|
Q-2:	|-1000011 0+--1+-- 11001-+0 1001010+|
Q-1:	|+1110001 10+-010+ 000-+++1 1101101+|
Q0:	|1-000101 +10+01+- 0110+11+ -1-1+--1| ok p=0.474609
Q1:	|00-.+..- +.1+.+00 +..+.1-0 0.+.00+1| ok p=0.673828
Q2:	|.00.+..- ...-.+01 +..01.10 0.+.00++| ok p=1
Q3:	|!.0..0.1 1..1^..- 1..+1.+. -.-.+0+0| ok p=1
Q4:	|.!+.00.+ ..!--1.+ 0..-1.+0 +.1.++.1| ok p=1
Q5:	|.!-..+.- ...-0..0 ...-+.10 +.0..+00| ok p=1
Q6:	|.!+..-.- ...+1..+ ....+.0+ ..1.0+.-| ok p=1
Q7:	|.!+..+.- ...11..- ...1+..+ 1.-..1.+| ok p=1
Q8:	|.!...1.- ...0+..- .^..+..- 0.+..1.0| ok p=1
Q9:	|.10..0.- ....+... .-..-.^1 +!+..+.-| ok p=1
Q10:	|.0...011 1.1.11^0 000111-- -10^.+10| ok p=1
Q11:	|.001^101 0^1.00+1 1+001010 +1+-.111| ok p=1
Q12:	|^+10++-- +--^+-0- ------00 0+10^+--| ok p=1
Q13:	|-1+-0--+ -1----+0 ++-+-11. --+----+| ok p=1
Q14:	|1+0101.0 01-10-0+ 10+100-^ 1+0+00-+| ok p=1
Q15:	|01101+00 10.11010 +0101.0+ 0110-1+1| ok p=1
Q16:	|.0..11.. 01^..1.- -.11..0+ .-.0-.1-| ok p=0.503906
Q17:	|.+..+0.. 1+...+.. -..1...0 ....1.1.| ok p=0.368164
Q18:	|....10.. -0.0...^ 1..+...- .^..+..^| ok p=0.764648
Q19:	|0^..0+.. .-00.^.. +....... ....+.0.| ok p=0.973633
Q20:	|1.0..... ^-1-..1. ...^...^ ....-.1.| ok p=0.177734
Q21:	|-.1..^.. .1+...1. ^......0 ....0.+.| ok p=0.743164
Q22:	|0.-..... .+.^..-. .......1 ....0...| ok p=0.631836
Q23:	|+....0.. .+^..... .......+ .0....^.| ok p=1
Q24:	|-.^..1.. .-....^. ........ .1......| ok p=1
Q25:	|+....+.. .-...... .......^ .+......| ok p=0.860352
Q26:	|+....... .-...... ....0... ........| ok p=0.998047
Q27:	|+....^.. .1...... ....1... .^......| ok p=0.999023
Q28:	|+....... .0...... ....-... ........| ok p=0.493164
Q29:	|1....... ........ ........ ........| ok p=0.494141
Q30:	|-....... ........ ....^... ........| ok p=1
Q31:	|-....... ........ ........ ........| ok p=0.490234
Q32:	|........ ........ ........ ........| ok p=1
Q33:	|^....... ........ ........ ........| ok p=1
Q34:	|........ ........ ........ ........| ok p=1
Q35:	|........ ........ ........ ........| ok p=1
Q36:	|........ ........ ........ ........| ok p=1
Q37:	|........ ........ ........ ........| ok p=1
Q38:	|........ ........ ........ ........| ok p=1
Q39:	|........ ........ ........ ........| ok p=1
Q40:	|........ ........ ........ ........| ok p=1
Q41:	|........ ........ ........ ........| ok p=1
Q42:	|........ ........ ........ ........| ok p=1
Q43:	|........ ........ ........ ........| ok p=1
Q44:	|........ ........ ........ ........| ok p=1
Q45:	|........ ........ ........ ........| ok p=1
Q46:	|........ ........ ........ ........| ok p=1
Q47:	|........ ........ ........ ........| ok p=1
Q48:	|........ ........ ........ ........| ok p=1
Q49:	|........ ........ ........ ........| ok p=1
Q50:	|........ ........ ........ ........| ok p=1
Q51:	|........ ........ ........ ........| ok p=1
Q52:	|........ ........ ........ ........| ok p=1
Q53:	|........ ........ ........ ........| ok p=1
Q54:	|........ ........ ........ ........| ok p=1
Q55:	|........ ........ ........ ........| ok p=1
Q56:	|........ ........ ........ ........| ok p=1
Q57:	|........ ........ ........ ........| ok p=1
Q58:	|........ ........ ........ ........| ok p=1
Q59:	|........ ........ ........ ........| ok p=1
Q60:	|........ ........ ......0. ........| ok p=1
Q61:	|........ ........ ......0. ........| ok p=0.50293
Q62:	|........ ........ ......+. ........| ok p=1
Q63:	|........ ........ ......+. ........| ok p=0.227539
Q64:	|.-...... ........ ......+. .......-|
Best path: totcompl=-25 tottunnel=30, totcond=577, p=3.78984e-05
Best paths: 2
Q-3:	|10110000 11101101 01001011 01011100|
Q-2:	|-1000011 0+--1+-- 11001-+0 1001010+|
Q-1:	|+1110001 10+-010+ 000-+++1 1101101+|
Q0:	|1-000101 +10+01+- 0110+11+ -1-1+--1| ok p=0.485352
Q1:	|00-.+..- +.1+.+00 +..+.1-0 0.+.00+1| ok p=0.680664
Q2:	|.00.+..- ...-.+01 +..01.10 0.+.00++| ok p=1
Q3:	|!.0..0.1 1..1^..- 1..+1.+. -.-.+0+0| ok p=1
Q4:	|.!+.00.+ ..!--1.+ 0..-1.+0 +.1.++.1| ok p=1
Q5:	|.!-..+.- ...-0..0 ...-+..0 +.0..+00| ok p=1
Q6:	|.!+..-.- ...+1..+ ....+.0+ 1.1.0+.-| ok p=1
Q7:	|.!+..+.- ...11..- ...1+..+ 1.-..1.+| ok p=1
Q8:	|!....1.- ...0+..- .^..+..- 0.+..1.0| ok p=1
Q9:	|.10..0.- ....+... .-..-.^1 +.+!.+.-| ok p=1
Q10:	|.0...01. 0.1.11^0 000111-- -10^.+10| ok p=1
Q11:	|.001^101 1^1.00+1 1+001010 +1+-.111| ok p=1
Q12:	|^+10++-0 ---^+-0- ------00 0+10^+--| ok p=1
Q13:	|-1+-0--+ -1----+0 ++-+-11. --+----+| ok p=1
Q14:	|1+0101.0 .1-10-0+ 10+100-^ 1+0+00-+| ok p=1
Q15:	|01101+00 10.11010 +0101.0+ 0110-1+1| ok p=1
Q16:	|.0..11.. 01^..1.- -.11..0+ .-.0-.1-| ok p=0.498047
Q17:	|.+..+0.. 1+...+.. -..1...0 ....1.1.| ok p=0.335938
Q18:	|....10.. -0.0...^ 1..+...- .^..+..^| ok p=0.754883
Q19:	|0^..0+.. .-00.^.. +....... ....+.0.| ok p=0.970703
Q20:	|1.0..... ^-1-..1. ...^...^ ....-.1.| ok p=0.158203
Q21:	|-.1..^.. .1+...1. ^......0 ....0.+.| ok p=0.743164
Q22:	|0.-..... .+.^..-. .......1 ....0...| ok p=0.643555
Q23:	|+....0.. .+^..... .......+ .0....^.| ok p=0.998047
Q24:	|-.^..1.. .-....^. ........ .1......| ok p=1
Q25:	|+....+.. .-...... .......^ .+......| ok p=0.84668
Q26:	|+....... .-...... ....0... ........| ok p=0.99707
Q27:	|+....^.. .1...... ....1... .^......| ok p=0.999023
Q28:	|+....... .0...... ....-... ........| ok p=0.485352
Q29:	|1....... ........ ........ ........| ok p=0.481445
Q30:	|-....... ........ ....^... ........| ok p=1
Q31:	|-....... ........ ........ ........| ok p=0.494141
Q32:	|........ ........ ........ ........| ok p=1
Q33:	|^....... ........ ........ ........| ok p=1
Q34:	|........ ........ ........ ........| ok p=1
Q35:	|........ ........ ........ ........| ok p=1
Q36:	|........ ........ ........ ........| ok p=1
Q37:	|........ ........ ........ ........| ok p=1
Q38:	|........ ........ ........ ........| ok p=1
Q39:	|........ ........ ........ ........| ok p=1
Q40:	|........ ........ ........ ........| ok p=1
Q41:	|........ ........ ........ ........| ok p=1
Q42:	|........ ........ ........ ........| ok p=1
Q43:	|........ ........ ........ ........| ok p=1
Q44:	|........ ........ ........ ........| ok p=1
Q45:	|........ ........ ........ ........| ok p=1
Q46:	|........ ........ ........ ........| ok p=1
Q47:	|........ ........ ........ ........| ok p=1
Q48:	|........ ........ ........ ........| ok p=1
Q49:	|........ ........ ........ ........| ok p=1
Q50:	|........ ........ ........ ........| ok p=1
Q51:	|........ ........ ........ ........| ok p=1
Q52:	|........ ........ ........ ........| ok p=1
Q53:	|........ ........ ........ ........| ok p=1
Q54:	|........ ........ ........ ........| ok p=1
Q55:	|........ ........ ........ ........| ok p=1
Q56:	|........ ........ ........ ........| ok p=1
Q57:	|........ ........ ........ ........| ok p=1
Q58:	|........ ........ ........ ........| ok p=1
Q59:	|........ ........ ........ ........| ok p=1
Q60:	|........ ........ ......0. ........| ok p=1
Q61:	|........ ........ ......0. ........| ok p=0.494141
Q62:	|........ ........ ......+. ........| ok p=1
Q63:	|........ ........ ......+. ........| ok p=0.245117
Q64:	|.-...... ........ ......+. .......-|
Best path: totcompl=-22 tottunnel=33, totcond=575, p=4.93042e-05
Q-3:	|10110000 11101101 01001011 01011100|
Q-2:	|-1000011 0+--1+-- 11001-+0 1001010+|
Q-1:	|+1110001 10+-010+ 000-+++1 1101101+|
Q0:	|1-000101 +10+01+- 0110+11+ -1-1+--1| ok p=0.540039
Q1:	|00-.+..- +.1+.+00 +..+.1-0 0.+.00+1| ok p=0.649414
Q2:	|.00.+..- ...-.+01 +..01.10 0.+.00++| ok p=1
Q3:	|!.0..0.1 1..1^..- 1..+1.+. -.-.+0+0| ok p=1
Q4:	|!.+.00.+ ..!--1.+ 0..-1.+0 +.1.++.1| ok p=1
Q5:	|!.-..+.- ...-0..0 ...-+..0 +.0..+00| ok p=1
Q6:	|!.+..-.- ...+1..+ ....+!0+ ..1.0+.-| ok p=1
Q7:	|!.+..+.- ...11..- ...1+..+ 1.-..1.+| ok p=1
Q8:	|!....1.- ...0+..- .^..+..- 0.+..1.0| ok p=1
Q9:	|..0..0.- ....+... .-..-.^1 +.+!.+.-| ok p=1
Q10:	|.1..011. 0.1.11^0 000111-- -10^.+10| ok p=1
Q11:	|11.01001 1^1.00+1 1+001010 +1+-.111| ok p=1
Q12:	|0+^1++-0 ---^+-0- ------00 0+10^+--| ok p=1
Q13:	|-+--0-0- -1----+0 ++-+-11. --+----+| ok p=1
Q14:	|1+010100 .1-10-0+ 10+100-^ 1+0+00-+| ok p=1
Q15:	|01101+.0 10.11010 +0101.0+ 0110-1+1| ok p=1
Q16:	|.0..11.. 01^..1.- -.11..0+ .-.0-.1-| ok p=0.517578
Q17:	|.+..+0.. 1+...+.. -..1...0 ....1.1.| ok p=0.362305
Q18:	|....10.. -0.0...^ 1..+...- .^..+..^| ok p=0.764648
Q19:	|0^..0+.. .-00.^.. +....... ....+.0.| ok p=0.972656
Q20:	|1.0..... ^-1-..1. ...^...^ ....-.1.| ok p=0.167969
Q21:	|-.1..^.. .1+...1. ^......0 ....0.+.| ok p=0.767578
Q22:	|0.-..... .+.^..-. .......1 ....0...| ok p=0.634766
Q23:	|+....0.. .+^..... .......+ .0....^.| ok p=0.999023
Q24:	|-.^..1.. .-....^. ........ .1......| ok p=1
Q25:	|+....+.. .-...... .......^ .+......| ok p=0.849609
Q26:	|+....... .-...... ....0... ........| ok p=0.998047
Q27:	|+....^.. .1...... ....1... .^......| ok p=0.999023
Q28:	|+....... .0...... ....-... ........| ok p=0.507812
Q29:	|1....... ........ ........ ........| ok p=0.496094
Q30:	|-....... ........ ....^... ........| ok p=1
Q31:	|-....... ........ ........ ........| ok p=0.489258
Q32:	|........ ........ ........ ........| ok p=1
Q33:	|^....... ........ ........ ........| ok p=1
Q34:	|........ ........ ........ ........| ok p=1
Q35:	|........ ........ ........ ........| ok p=1
Q36:	|........ ........ ........ ........| ok p=1
Q37:	|........ ........ ........ ........| ok p=1
Q38:	|........ ........ ........ ........| ok p=1
Q39:	|........ ........ ........ ........| ok p=1
Q40:	|........ ........ ........ ........| ok p=1
Q41:	|........ ........ ........ ........| ok p=1
Q42:	|........ ........ ........ ........| ok p=1
Q43:	|........ ........ ........ ........| ok p=1
Q44:	|........ ........ ........ ........| ok p=1
Q45:	|........ ........ ........ ........| ok p=1
Q46:	|........ ........ ........ ........| ok p=1
Q47:	|........ ........ ........ ........| ok p=1
Q48:	|........ ........ ........ ........| ok p=1
Q49:	|........ ........ ........ ........| ok p=1
Q50:	|........ ........ ........ ........| ok p=1
Q51:	|........ ........ ........ ........| ok p=1
Q52:	|........ ........ ........ ........| ok p=1
Q53:	|........ ........ ........ ........| ok p=1
Q54:	|........ ........ ........ ........| ok p=1
Q55:	|........ ........ ........ ........| ok p=1
Q56:	|........ ........ ........ ........| ok p=1
Q57:	|........ ........ ........ ........| ok p=1
Q58:	|........ ........ ........ ........| ok p=1
Q59:	|........ ........ ........ ........| ok p=1
Q60:	|........ ........ ......0. ........| ok p=1
Q61:	|........ ........ ......0. ........| ok p=0.495117
Q62:	|........ ........ ......+. ........| ok p=1
Q63:	|........ ........ ......+. ........| ok p=0.255859
Q64:	|.-...... ........ ......+. .......-|
Best path: totcompl=-21 tottunnel=34, totcond=575, p=4.44392e-05
Q-3:	|10110000 11101101 01001011 01011100|
Q-2:	|-1000011 0+--1+-- 11001-+0 1001010+|
Q-1:	|+1110001 10+-010+ 000-+++1 1101101+|
Q0:	|1-000101 +10+01+- 0110+11+ -1-1+--1| ok p=0.494141
Q1:	|00-.+..- +.1+.+00 +..+.1-0 0.+.00+1| ok p=0.636719
Q2:	|.00.+..- ...-.+01 +..01.10 0.+.00++| ok p=1
Q3:	|!.0..0.1 1..1^..- 1..+1.+. -.-.+0+0| ok p=1
Q4:	|!.+.00.+ ..!--1.+ 0..-1.+0 +.1.++.1| ok p=1
Q5:	|.!-..+.- ...-0..0 ...-+..0 +.0..+00| ok p=1
Q6:	|!.+..-.- ...+1..+ ....+!0+ ..1.0+.-| ok p=1
Q7:	|.!+..+.- ...11..- ...1+..+ 1.-..1.+| ok p=1
Q8:	|.!...1.- ...0+..- .^..+..- 0.+..1.0| ok p=1
Q9:	|..1..0.- ....+... .-..-^01 +.+!.+0-| ok p=1
Q10:	|..11010. 101....1 .0..1-.- -1.^1+11| ok p=1
Q11:	|10111000 111.01.0 1+0011^- -11+01+1| ok p=1
Q12:	|11---+-0 -+-^10^1 0-01+--1 0+11+--+| ok p=1
Q13:	|--++0-+- +1-+++-0 -0--+00+ -+-++++-| ok p=1
Q14:	|1-00-110 10+00+1- 11-011+1 0-01-1+-| ok p=1
Q15:	|0111+-01 00011000 -..10.1- 111010-1| ok p=1
Q16:	|.0..+1.. 010..1.+ +.^1..1- .+..+.1+| ok p=0.428711
Q17:	|.-..-0.. 1-...-.. +..1...0 ....0.1.| ok p=0.319336
Q18:	|....00.. +0.0...^ 1..-...+ .^..-..^| ok p=0.696289
Q19:	|0^..0-.. .+00.^.. -....... ....-.0.| ok p=0.961914
Q20:	|1.0..... ^+1+..1. ...^...^ ....+.1.| ok p=0.18457
Q21:	|+.1..^.. .1-...1. ^......0 ....0.-.| ok p=0.754883
Q22:	|0.+..... .-.^..+. .......1 ....0...| ok p=0.655273
Q23:	|-....0.. .-^..... .......- .0....^.| ok p=1
Q24:	|-.^..1.. .+....^. ........ .1......| ok p=1
Q25:	|+....-.. .+...... .......^ .-......| ok p=0.855469
Q26:	|+....... .+...... ....0... ........| ok p=0.994141
Q27:	|+....^.. .1...... ....1... .^......| ok p=1
Q28:	|+....... .0...... ....+... ........| ok p=0.526367
Q29:	|1....... ........ ........ ........| ok p=0.525391
Q30:	|-....... ........ ....^... ........| ok p=1
Q31:	|+....... ........ ........ ........| ok p=0.487305
Q32:	|........ ........ ........ ........| ok p=1
Q33:	|!....... ........ ........ ........| ok p=1
Q34:	|........ ........ ........ ........| ok p=1
Q35:	|........ ........ ........ ........| ok p=1
Q36:	|........ ........ ........ ........| ok p=1
Q37:	|........ ........ ........ ........| ok p=1
Q38:	|........ ........ ........ ........| ok p=1
Q39:	|........ ........ ........ ........| ok p=1
Q40:	|........ ........ ........ ........| ok p=1
Q41:	|........ ........ ........ ........| ok p=1
Q42:	|........ ........ ........ ........| ok p=1
Q43:	|........ ........ ........ ........| ok p=1
Q44:	|........ ........ ........ ........| ok p=1
Q45:	|........ ........ ........ ........| ok p=1
Q46:	|........ ........ ........ ........| ok p=1
Q47:	|........ ........ ........ ........| ok p=1
Q48:	|........ ........ ........ ........| ok p=1
Q49:	|........ ........ ........ ........| ok p=1
Q50:	|........ ........ ........ ........| ok p=1
Q51:	|........ ........ ........ ........| ok p=1
Q52:	|........ ........ ........ ........| ok p=1
Q53:	|........ ........ ........ ........| ok p=1
Q54:	|........ ........ ........ ........| ok p=1
Q55:	|........ ........ ........ ........| ok p=1
Q56:	|........ ........ ........ ........| ok p=1
Q57:	|........ ........ ........ ........| ok p=1
Q58:	|........ ........ ........ ........| ok p=1
Q59:	|........ ........ ........ ........| ok p=1
Q60:	|........ ........ ......0. ........| ok p=1
Q61:	|........ ........ ......0. ........| ok p=0.458984
Q62:	|........ ........ ......+. ........| ok p=1
Q63:	|........ ........ ......+. ........| ok p=0.226562
Q64:	|.-...... ........ ......+. .......-|
Best path: totcompl=-20 tottunnel=35, totcond=574, p=3.49704e-05
Q-3:	|10110000 11101101 01001011 01011100|
Q-2:	|-1000011 0+--1+-- 11001-+0 1001010+|
Q-1:	|+1110001 10+-010+ 000-+++1 1101101+|
Q0:	|1-000101 +10+01+- 0110+11+ -1-1+--1| ok p=0.492188
Q1:	|00-.+..- +.1+.+00 +..+.1-0 0.+.00+1| ok p=0.650391
Q2:	|.00.+..- ...-.+01 +..01.10 0.+.00++| ok p=1
Q3:	|!.0..0.1 1..1^..- 1..+1.+. -.-.+0+0| ok p=1
Q4:	|!.+.00.+ ..!--1.+ 0..-1.+0 +.1.++.1| ok p=1
Q5:	|!.-..+.- ...-0..0 ...-+..0 +.0..+00| ok p=1
Q6:	|.!+..-.- ...+1..+ ....+.0+ 1.1.0+.-| ok p=1
Q7:	|!.+..+.- ...11..- ...1+..+ 1.-..1.+| ok p=1
Q8:	|!....1.- ...0+..- .^..+..- 0.+..1.0| ok p=1
Q9:	|..1..0.- ....+... .-..-^.1 +.+!.+0-| ok p=1
Q10:	|..10110. 101....1 00..1-^- -..^1+11| ok p=1
Q11:	|10110000 111.01.. 1+0111^- -^1+01+1| ok p=1
Q12:	|11---+-0 -+-^10^1 0-10+--1 0+11+--+| ok p=1
Q13:	|--++0-+- +1-+++-0 --+-+00+ -0+++++-| ok p=1
Q14:	|1-00-110 10+00+1- 1.-011+1 0-01-1+-| ok p=1
Q15:	|0111+-01 00011000 -0010.1- 111010-1| ok p=1
Q16:	|.0..+1.. 010..1.+ +.01..1- .+..+.1+| ok p=0.44043
Q17:	|.-..-0.. 1-...-.. +..1...0 ....0.1.| ok p=0.298828
Q18:	|....00.. +0.0...^ 1..-...+ .^..-..^| ok p=0.705078
Q19:	|0^..0-.. .+00.^.. -....... ....-.0.| ok p=0.966797
Q20:	|1.0..... ^+1+..1. ...^...^ ....+.1.| ok p=0.171875
Q21:	|+.1..^.. .1-...1. ^......0 ....0.-.| ok p=0.753906
Q22:	|0.+..... .-.^..+. .......1 ....0...| ok p=0.649414
Q23:	|-....0.. .-^..... .......- .0....^.| ok p=1
Q24:	|-.^..1.. .+....^. ........ .1......| ok p=1
Q25:	|+....-.. .+...... .......^ .-......| ok p=0.848633
Q26:	|+....... .+...... ....0... ........| ok p=0.998047
Q27:	|+....^.. .1...... ....1... .^......| ok p=0.996094
Q28:	|+....... .0...... ....+... ........| ok p=0.49707
Q29:	|1....... ........ ........ ........| ok p=0.472656
Q30:	|-....... ........ ....^... ........| ok p=1
Q31:	|+....... ........ ........ ........| ok p=0.504883
Q32:	|........ ........ ........ ........| ok p=1
Q33:	|!....... ........ ........ ........| ok p=1
Q34:	|........ ........ ........ ........| ok p=1
Q35:	|........ ........ ........ ........| ok p=1
Q36:	|........ ........ ........ ........| ok p=1
Q37:	|........ ........ ........ ........| ok p=1
Q38:	|........ ........ ........ ........| ok p=1
Q39:	|........ ........ ........ ........| ok p=1
Q40:	|........ ........ ........ ........| ok p=1
Q41:	|........ ........ ........ ........| ok p=1
Q42:	|........ ........ ........ ........| ok p=1
Q43:	|........ ........ ........ ........| ok p=1
Q44:	|........ ........ ........ ........| ok p=1
Q45:	|........ ........ ........ ........| ok p=1
Q46:	|........ ........ ........ ........| ok p=1
Q47:	|........ ........ ........ ........| ok p=1
Q48:	|........ ........ ........ ........| ok p=1
Q49:	|........ ........ ........ ........| ok p=1
Q50:	|........ ........ ........ ........| ok p=1
Q51:	|........ ........ ........ ........| ok p=1
Q52:	|........ ........ ........ ........| ok p=1
Q53:	|........ ........ ........ ........| ok p=1
Q54:	|........ ........ ........ ........| ok p=1
Q55:	|........ ........ ........ ........| ok p=1
Q56:	|........ ........ ........ ........| ok p=1
Q57:	|........ ........ ........ ........| ok p=1
Q58:	|........ ........ ........ ........| ok p=1
Q59:	|........ ........ ........ ........| ok p=1
Q60:	|........ ........ ......0. ........| ok p=1
Q61:	|........ ........ ......0. ........| ok p=0.480469
Q62:	|........ ........ ......+. ........| ok p=1
Q63:	|........ ........ ......+. ........| ok p=0.22168
Q64:	|.-...... ........ ......+. .......-|
Best path: totcompl=-19 tottunnel=36, totcond=574, p=3.53033e-05
Q-3:	|10110000 11101101 01001011 01011100|
Q-2:	|-1000011 0+--1+-- 11001-+0 1001010+|
Q-1:	|+1110001 10+-010+ 000-+++1 1101101+|
Q0:	|1-000101 +10+01+- 0110+11+ -1-1+--1| ok p=0.494141
Q1:	|00-.+..- +.1+.+00 +..+.1-0 0.+.00+1| ok p=0.644531
Q2:	|.00.+..- ...-.+01 +..01.10 0.+.00++| ok p=1
Q3:	|.10..0.1 1..1^..- 1..+1.+. -.-.+0+0| ok p=1
Q4:	|!.+.00.+ ..!--1.+ 0..-1.+0 +.1.++.1| ok p=1
Q5:	|.!-..+.- ...-0..0 ...-+..0 +.0..+00| ok p=1
Q6:	|!.+..-.- ...+1..+ ....+.0+ 1.1.0+.-| ok p=1
Q7:	|.!+..+.- ...11..- ...1+..+ 1.-..1.+| ok p=1
Q8:	|!....1.- ...0+..- .^..+0.- 0.+..1.0| ok p=1
Q9:	|..1..0.- ....+... .-..-0.1 +.+!.+0-| ok p=1
Q10:	|..11010. 101....1 .0..1-.- -..^1+11| ok p=1
Q11:	|00111000 111.01.0 1+0011^- -^1+01+1| ok p=1
Q12:	|01---+-0 -+-^10^1 0-01+--1 0+11+--+| ok p=1
Q13:	|+-++0-+- +1-+++-0 -0--+00+ -0+++++-| ok p=1
Q14:	|1-00-110 10+00+1- 11-011+1 0-01-1+-| ok p=1
Q15:	|0111+-01 00011000 -..10.1- 111010-1| ok p=1
Q16:	|.0..+1.. 010..1.+ +.^1..1- .+..+.1+| ok p=0.454102
Q17:	|.-..-0.. 1-...-.. +..1...0 ....0.1.| ok p=0.329102
Q18:	|....00.. +0.0...^ 1..-...+ .^..-..^| ok p=0.744141
Q19:	|0^..0-.. .+00.^.. -....... ....-.0.| ok p=0.974609
Q20:	|1.0..... ^+1+..1. ...^...^ ....+.1.| ok p=0.171875
Q21:	|+.1..^.. .1-...1. ^......0 ....0.-.| ok p=0.722656
Q22:	|0.+..... .-.^..+. .......1 ....0...| ok p=0.602539
Q23:	|-....0.. .-^..... .......- .0....^.| ok p=1
Q24:	|-.^..1.. .+....^. ........ .1......| ok p=1
Q25:	|+....-.. .+...... .......^ .-......| ok p=0.850586
Q26:	|+....... .+...... ....0... ........| ok p=0.993164
Q27:	|+....^.. .1...... ....1... .^......| ok p=0.999023
Q28:	|+....... .0...... ....+... ........| ok p=0.486328
Q29:	|1....... ........ ........ ........| ok p=0.484375
Q30:	|-....... ........ ....^... ........| ok p=1
Q31:	|+....... ........ ........ ........| ok p=0.538086
Q32:	|........ ........ ........ ........| ok p=1
Q33:	|!....... ........ ........ ........| ok p=1
Q34:	|........ ........ ........ ........| ok p=1
Q35:	|........ ........ ........ ........| ok p=1
Q36:	|........ ........ ........ ........| ok p=1
Q37:	|........ ........ ........ ........| ok p=1
Q38:	|........ ........ ........ ........| ok p=1
Q39:	|........ ........ ........ ........| ok p=1
Q40:	|........ ........ ........ ........| ok p=1
Q41:	|........ ........ ........ ........| ok p=1
Q42:	|........ ........ ........ ........| ok p=1
Q43:	|........ ........ ........ ........| ok p=1
Q44:	|........ ........ ........ ........| ok p=1
Q45:	|........ ........ ........ ........| ok p=1
Q46:	|........ ........ ........ ........| ok p=1
Q47:	|........ ........ ........ ........| ok p=1
Q48:	|........ ........ ........ ........| ok p=1
Q49:	|........ ........ ........ ........| ok p=1
Q50:	|........ ........ ........ ........| ok p=1
Q51:	|........ ........ ........ ........| ok p=1
Q52:	|........ ........ ........ ........| ok p=1
Q53:	|........ ........ ........ ........| ok p=1
Q54:	|........ ........ ........ ........| ok p=1
Q55:	|........ ........ ........ ........| ok p=1
Q56:	|........ ........ ........ ........| ok p=1
Q57:	|........ ........ ........ ........| ok p=1
Q58:	|........ ........ ........ ........| ok p=1
Q59:	|........ ........ ........ ........| ok p=1
Q60:	|........ ........ ......0. ........| ok p=1
Q61:	|........ ........ ......0. ........| ok p=0.462891
Q62:	|........ ........ ......+. ........| ok p=1
Q63:	|........ ........ ......+. ........| ok p=0.236328
Q64:	|.-...... ........ ......+. .......-|
Best path: totcompl=-19 tottunnel=36, totcond=573, p=2.79601e-05
Q-3:	|10110000 11101101 01001011 01011100|
Q-2:	|-1000011 0+--1+-- 11001-+0 1001010+|
Q-1:	|+1110001 10+-010+ 000-+++1 1101101+|
Q0:	|1-000101 +10+01+- 0110+11+ -1-1+--1| ok p=0.501953
Q1:	|00-.+..- +.1+.+00 +..+.1-0 0.+.00+1| ok p=0.626953
Q2:	|.00.+..- ...-.+01 +..01.10 0.+.00++| ok p=1
Q3:	|!.0..0.1 1..1^..- 1..+1.+. -.-.+0+0| ok p=1
Q4:	|.!+.00.+ ..!--1.+ 0..-1.+0 +.1.++.1| ok p=1
Q5:	|.!-..+.- ...-0..0 ...-+..0 +.0..+00| ok p=1
Q6:	|!.+..-.- ...+1..+ ....+!0+ ..1.0+.-| ok p=1
Q7:	|.!+..+.- ...11..- ...1+..+ 1.-....+| ok p=1
Q8:	|.!...0.- ...0+..- .^..+1.- 0.+..1.0| ok p=1
Q9:	|..0..0.- ....+.0. .-..-1.1 +.+...0-| ok p=1
Q10:	|.11.0000 .0.01.01 .0110-.0 +..^..00| ok p=1
Q11:	|00+.111+ 011111+1 !+0001.1 +^0+10-0| ok p=1
Q12:	|10+^---- 1-1--0+0 ^0----.- --1101--| ok p=1
Q13:	|--++0-0+ ++-10--+ +++-+1^0 +1+++-+-| ok p=1
Q14:	|0-011-11 01+110+1 00-.00++ 1-10-011| ok p=1
Q15:	|1100+-.0 101..000 10010.1- 110110-0| ok p=1
Q16:	|.0..+0.. 010..1+. -.01..10 .+..+..+| ok p=0.425781
Q17:	|.-..-0.. 1-...-.. +..1...1 ....0.^.| ok p=0.373047
Q18:	|....00.. +0.0..^. 1..-...+ .^..-..^| ok p=0.727539
Q19:	|0^..0-.. .+00.^.. -....... ....-.0.| ok p=0.973633
Q20:	|1.0..... ^+1+..1. ...^...^ ....+.1.| ok p=0.170898
Q21:	|+.1..^.. .1-...1. ^......0 ....0.-.| ok p=0.773438
Q22:	|0.+..... .-.^..+. .......1 ....0...| ok p=0.637695
Q23:	|-....0.. .-^..... .......- .0....^.| ok p=0.999023
Q24:	|-.^..1.. .+....^. ........ .1......| ok p=1
Q25:	|+....-.. .+...... .......^ .-......| ok p=0.833008
Q26:	|+....... .+...... ....0... ........| ok p=0.998047
Q27:	|+....^.. .1...... ....1... .^......| ok p=0.999023
Q28:	|+....... .0...... ....+... ........| ok p=0.494141
Q29:	|1....... ........ ........ ........| ok p=0.493164
Q30:	|-....... ........ ....^... ........| ok p=1
Q31:	|+....... ........ ........ ........| ok p=0.495117
Q32:	|........ ........ ........ ........| ok p=1
Q33:	|!....... ........ ........ ........| ok p=1
Q34:	|........ ........ ........ ........| ok p=1
Q35:	|........ ........ ........ ........| ok p=1
Q36:	|........ ........ ........ ........| ok p=1
Q37:	|........ ........ ........ ........| ok p=1
Q38:	|........ ........ ........ ........| ok p=1
Q39:	|........ ........ ........ ........| ok p=1
Q40:	|........ ........ ........ ........| ok p=1
Q41:	|........ ........ ........ ........| ok p=1
Q42:	|........ ........ ........ ........| ok p=1
Q43:	|........ ........ ........ ........| ok p=1
Q44:	|........ ........ ........ ........| ok p=1
Q45:	|........ ........ ........ ........| ok p=1
Q46:	|........ ........ ........ ........| ok p=1
Q47:	|........ ........ ........ ........| ok p=1
Q48:	|........ ........ ........ ........| ok p=1
Q49:	|........ ........ ........ ........| ok p=1
Q50:	|........ ........ ........ ........| ok p=1
Q51:	|........ ........ ........ ........| ok p=1
Q52:	|........ ........ ........ ........| ok p=1
Q53:	|........ ........ ........ ........| ok p=1
Q54:	|........ ........ ........ ........| ok p=1
Q55:	|........ ........ ........ ........| ok p=1
Q56:	|........ ........ ........ ........| ok p=1
Q57:	|........ ........ ........ ........| ok p=1
Q58:	|........ ........ ........ ........| ok p=1
Q59:	|........ ........ ........ ........| ok p=1
Q60:	|........ ........ ......0. ........| ok p=1
Q61:	|........ ........ ......0. ........| ok p=0.514648
Q62:	|........ ........ ......+. ........| ok p=1
Q63:	|........ ........ ......+. ........| ok p=0.250977
Q64:	|.-...... ........ ......+. .......-|
Best path: totcompl=-19 tottunnel=36, totcond=569, p=3.55649e-05
Best paths: 2
Q-3:	|10110000 11101101 01001011 01011100|
Q-2:	|-1000011 0+--1+-- 11001-+0 1001010+|
Q-1:	|+1110001 10+-010+ 000-+++1 1101101+|
Q0:	|1-000101 +10+01+- 0110+11+ -1-1+--1| ok p=0.503906
Q1:	|00-.+..- +.1+.+00 +..+.1-0 0.+.00+1| ok p=0.663086
Q2:	|.00.+..- ...-.+01 +..01.10 0.+.00++| ok p=1
Q3:	|..0!.0.1 1..1^..- 1..+1.+. -.-.+0+0| ok p=1
Q4:	|.!+.00.+ ..!--1.+ 0..-1.+0 +.1.++.1| ok p=1
Q5:	|!.-..+.- ...-0..0 ...-+..0 +.0..+00| ok p=1
Q6:	|!.+..-.- ...+1..+ ....+.0+ 1.1.0+.-| ok p=1
Q7:	|!.+..+.- ...11..- ...1+..+ 1.-....+| ok p=1
Q8:	|.!...0.- ...0+..- .^..+..- 0.+..1.0| ok p=1
Q9:	|..0..0.- ....+.0. .-..-^11 +.+...0-| ok p=1
Q10:	|.11.0000 .0.01.01 .0110-.0 +..^..00| ok p=1
Q11:	|10+.111+ 011111+1 !+0001.1 +^0+10-0| ok p=1
Q12:	|00+^---- 1-1--0+0 ^0----.- --1101--| ok p=1
Q13:	|+-++0-0+ ++-10--+ +++-+1^0 +1+++-+-| ok p=1
Q14:	|0-.11-11 01+110+1 00-.00++ 1-10-011| ok p=1
Q15:	|1100+-.0 101..000 10010.1- 110110-0| ok p=1
Q16:	|.0..+0.. 010..1+. -.01..10 .+..+..+| ok p=0.442383
Q17:	|.-..-0.. 1-...-.. +..1...1 ....0.^.| ok p=0.363281
Q18:	|....00.. +0.0..^. 1..-...+ .^..-..^| ok p=0.72168
Q19:	|0^..0-.. .+00.^.. -....... ....-.0.| ok p=0.969727
Q20:	|1.0..... ^+1+..1. ...^...^ ....+.1.| ok p=0.189453
Q21:	|+.1..^.. .1-...1. ^......0 ....0.-.| ok p=0.758789
Q22:	|0.+..... .-.^..+. .......1 ....0...| ok p=0.623047
Q23:	|-....0.. .-^..... .......- .0....^.| ok p=0.999023
Q24:	|-.^..1.. .+....^. ........ .1......| ok p=1
Q25:	|+....-.. .+...... .......^ .-......| ok p=0.844727
Q26:	|+....... .+...... ....0... ........| ok p=0.995117
Q27:	|+....^.. .1...... ....1... .^......| ok p=0.998047
Q28:	|+....... .0...... ....+... ........| ok p=0.486328
Q29:	|1....... ........ ........ ........| ok p=0.491211
Q30:	|-....... ........ ....^... ........| ok p=1
Q31:	|+....... ........ ........ ........| ok p=0.506836
Q32:	|........ ........ ........ ........| ok p=1
Q33:	|!....... ........ ........ ........| ok p=1
Q34:	|........ ........ ........ ........| ok p=1
Q35:	|........ ........ ........ ........| ok p=1
Q36:	|........ ........ ........ ........| ok p=1
Q37:	|........ ........ ........ ........| ok p=1
Q38:	|........ ........ ........ ........| ok p=1
Q39:	|........ ........ ........ ........| ok p=1
Q40:	|........ ........ ........ ........| ok p=1
Q41:	|........ ........ ........ ........| ok p=1
Q42:	|........ ........ ........ ........| ok p=1
Q43:	|........ ........ ........ ........| ok p=1
Q44:	|........ ........ ........ ........| ok p=1
Q45:	|........ ........ ........ ........| ok p=1
Q46:	|........ ........ ........ ........| ok p=1
Q47:	|........ ........ ........ ........| ok p=1
Q48:	|........ ........ ........ ........| ok p=1
Q49:	|........ ........ ........ ........| ok p=1
Q50:	|........ ........ ........ ........| ok p=1
Q51:	|........ ........ ........ ........| ok p=1
Q52:	|........ ........ ........ ........| ok p=1
Q53:	|........ ........ ........ ........| ok p=1
Q54:	|........ ........ ........ ........| ok p=1
Q55:	|........ ........ ........ ........| ok p=1
Q56:	|........ ........ ........ ........| ok p=1
Q57:	|........ ........ ........ ........| ok p=1
Q58:	|........ ........ ........ ........| ok p=1
Q59:	|........ ........ ........ ........| ok p=1
Q60:	|........ ........ ......0. ........| ok p=1
Q61:	|........ ........ ......0. ........| ok p=0.488281
Q62:	|........ ........ ......+. ........| ok p=1
Q63:	|........ ........ ......+. ........| ok p=0.250977
Q64:	|.-...... ........ ......+. .......-|
Best path: totcompl=-19 tottunnel=36, totcond=568, p=3.71565e-05
Q-3:	|10110000 11101101 01001011 01011100|
Q-2:	|-1000011 0+--1+-- 11001-+0 1001010+|
Q-1:	|+1110001 10+-010+ 000-+++1 1101101+|
Q0:	|1-000101 +10+01+- 0110+11+ -1-1+--1| ok p=0.487305
Q1:	|00-.+..- +.1+.+00 +..+.1-0 0.+.00+1| ok p=0.666992
Q2:	|.00.+..- ...-.+01 +..01.10 0.+.00++| ok p=1
Q3:	|.10..0.1 1..1^..- 1..+1.+. -.-.+0+0| ok p=1
Q4:	|.0+.00.+ ..!--1.+ 0..-1.+0 +.1.++.1| ok p=1
Q5:	|!.-..+.- ...-0..0 ...-+..0 +.0..+00| ok p=1
Q6:	|!.+..-.- ...+1..+ ....+.0+ 1.1.0+.-| ok p=1
Q7:	|.!+..+.- ...11..- ...1+..+ 1.-....+| ok p=1
Q8:	|!....0.- ...0+..- .^..+..- 0.+..1.0| ok p=1
Q9:	|..0..0.- ....+.1. .-..-^11 +.+...0-| ok p=1
Q10:	|0.1.0000 .0.0..11 .0110-.0 +..^..00| ok p=1
Q11:	|10+.111+ 01111^+0 .+0001.1 +^0+10-0| ok p=1
Q12:	|00+^---- 1-1-0--1 ^0----.- --1101--| ok p=1
Q13:	|+-++0-0+ ++-1-1++ +++-+1^0 +1+++-+-| ok p=1
Q14:	|0-.11-11 01+101+1 00-.00++ 1-10-011| ok p=1
Q15:	|1100+-.0 101.0000 10010.1- 110110-0| ok p=1
Q16:	|.0..+0.. 010..1+. -.01..10 .+..+..+| ok p=0.427734
Q17:	|.-..-0.. 1-...-.. +..1...1 ....0.^.| ok p=0.371094
Q18:	|....00.. +0.0..^. 1..-...+ .^..-..^| ok p=0.71582
Q19:	|0^..0-.. .+00.^.. -....... ....-.0.| ok p=0.973633
Q20:	|1.0..... ^+1+..1. ...^...^ ....+.1.| ok p=0.169922
Q21:	|+.1..^.. .1-...1. ^......0 ....0.-.| ok p=0.746094
Q22:	|0.+..... .-.^..+. .......1 ....0...| ok p=0.638672
Q23:	|-....0.. .-^..... .......- .0....^.| ok p=1
Q24:	|-.^..1.. .+....^. ........ .1......| ok p=1
Q25:	|+....-.. .+...... .......^ .-......| ok p=0.856445
Q26:	|+....... .+...... ....0... ........| ok p=0.996094
Q27:	|+....^.. .1...... ....1... .^......| ok p=0.998047
Q28:	|+....... .0...... ....+... ........| ok p=0.489258
Q29:	|1....... ........ ........ ........| ok p=0.501953
Q30:	|-....... ........ ....^... ........| ok p=1
Q31:	|+....... ........ ........ ........| ok p=0.513672
Q32:	|........ ........ ........ ........| ok p=1
Q33:	|!....... ........ ........ ........| ok p=1
Q34:	|........ ........ ........ ........| ok p=1
Q35:	|........ ........ ........ ........| ok p=1
Q36:	|........ ........ ........ ........| ok p=1
Q37:	|........ ........ ........ ........| ok p=1
Q38:	|........ ........ ........ ........| ok p=1
Q39:	|........ ........ ........ ........| ok p=1
Q40:	|........ ........ ........ ........| ok p=1
Q41:	|........ ........ ........ ........| ok p=1
Q42:	|........ ........ ........ ........| ok p=1
Q43:	|........ ........ ........ ........| ok p=1
Q44:	|........ ........ ........ ........| ok p=1
Q45:	|........ ........ ........ ........| ok p=1
Q46:	|........ ........ ........ ........| ok p=1
Q47:	|........ ........ ........ ........| ok p=1
Q48:	|........ ........ ........ ........| ok p=1
Q49:	|........ ........ ........ ........| ok p=1
Q50:	|........ ........ ........ ........| ok p=1
Q51:	|........ ........ ........ ........| ok p=1
Q52:	|........ ........ ........ ........| ok p=1
Q53:	|........ ........ ........ ........| ok p=1
Q54:	|........ ........ ........ ........| ok p=1
Q55:	|........ ........ ........ ........| ok p=1
Q56:	|........ ........ ........ ........| ok p=1
Q57:	|........ ........ ........ ........| ok p=1
Q58:	|........ ........ ........ ........| ok p=1
Q59:	|........ ........ ........ ........| ok p=1
Q60:	|........ ........ ......0. ........| ok p=1
Q61:	|........ ........ ......0. ........| ok p=0.529297
Q62:	|........ ........ ......+. ........| ok p=1
Q63:	|........ ........ ......+. ........| ok p=0.251953
Q64:	|.-...... ........ ......+. .......-|
Best path: totcompl=-19 tottunnel=36, totcond=567, p=2.95517e-05
Q-3:	|10110000 11101101 01001011 01011100|
Q-2:	|-1000011 0+--1+-- 11001-+0 1001010+|
Q-1:	|+1110001 10+-010+ 000-+++1 1101101+|
Q0:	|1-000101 +10+01+- 0110+11+ -1-1+--1| ok p=0.49707
Q1:	|00-.+..- +.1+.+00 +..+.1-0 0.+.00+1| ok p=0.649414
Q2:	|.00.+..- ...-.+01 +..01.10 0.+.00++| ok p=1
Q3:	|.10..0.1 1..1^..- 1..+1.+. -.-.+0+0| ok p=1
Q4:	|.0+.00.+ ..!--1.+ 0..-1.+0 +.1.++.1| ok p=1
Q5:	|.1-..+.- ...-0..0 ...-+..0 +.0..+00| ok p=1
Q6:	|!.+..-.- ...+1..+ ....+.0+ 1.1.0+.-| ok p=1
Q7:	|!.+..+.- ...11..- ...1+..+ 1.-..1.+| ok p=1
Q8:	|!....1.- ...0+..- .^..+0.- 0.+..1.0| ok p=1
Q9:	|..1..0.- ....+... .-..-0.1 +.+!.+0-| ok p=1
Q10:	|..10.111 011....1 .0..1-.- -0.^0+11| ok p=1
Q11:	|1011.101 10100.10 1+1010^- -11+11+1| ok p=1
Q12:	|11--.--- ++-.1001 01011+-1 0+10+-10| ok p=1
Q13:	|--++.-+1 -+-.-1+- ++-++01+ -0+++++-| ok p=1
Q14:	|0-10^-11 0.+.0+-1 00-000+1 0-01-111| ok p=1
Q15:	|0111+-1. 101.1000 10110.1- 111010-1| ok p=1
Q16:	|.0..+0.. 010..1+. -.01..1- .+..+..+| ok p=0.40625
Q17:	|.-..-0.. 1-...-.. +..1...0 ....0.^.| ok p=0.393555
Q18:	|....00.. +0.0..^. 1..-...+ .^..-..^| ok p=0.727539
Q19:	|0^..0-.. .+00.^.. -....... ....-.0.| ok p=0.967773
Q20:	|1.0..... ^+1+..1. ...^...^ ....+.1.| ok p=0.169922
Q21:	|+.1..^.. .1-...1. ^......0 ....0.-.| ok p=0.746094
Q22:	|0.+..... .-.^..+. .......1 ....0...| ok p=0.617188
Q23:	|-....0.. .-^..... .......- .0....^.| ok p=1
Q24:	|-.^..1.. .+....^. ........ .1......| ok p=1
Q25:	|+....-.. .+...... .......^ .-......| ok p=0.835938
Q26:	|+....... .+...... ....0... ........| ok p=0.996094
Q27:	|+....^.. .1...... ....1... .^......| ok p=0.998047
Q28:	|+....... .0...... ....+... ........| ok p=0.515625
Q29:	|1....... ........ ........ ........| ok p=0.495117
Q30:	|-....... ........ ....^... ........| ok p=1
Q31:	|+....... ........ ........ ........| ok p=0.506836
Q32:	|........ ........ ........ ........| ok p=1
Q33:	|!....... ........ ........ ........| ok p=1
Q34:	|........ ........ ........ ........| ok p=1
Q35:	|........ ........ ........ ........| ok p=1
Q36:	|........ ........ ........ ........| ok p=1
Q37:	|........ ........ ........ ........| ok p=1
Q38:	|........ ........ ........ ........| ok p=1
Q39:	|........ ........ ........ ........| ok p=1
Q40:	|........ ........ ........ ........| ok p=1
Q41:	|........ ........ ........ ........| ok p=1
Q42:	|........ ........ ........ ........| ok p=1
Q43:	|........ ........ ........ ........| ok p=1
Q44:	|........ ........ ........ ........| ok p=1
Q45:	|........ ........ ........ ........| ok p=1
Q46:	|........ ........ ........ ........| ok p=1
Q47:	|........ ........ ........ ........| ok p=1
Q48:	|........ ........ ........ ........| ok p=1
Q49:	|........ ........ ........ ........| ok p=1
Q50:	|........ ........ ........ ........| ok p=1
Q51:	|........ ........ ........ ........| ok p=1
Q52:	|........ ........ ........ ........| ok p=1
Q53:	|........ ........ ........ ........| ok p=1
Q54:	|........ ........ ........ ........| ok p=1
Q55:	|........ ........ ........ ........| ok p=1
Q56:	|........ ........ ........ ........| ok p=1
Q57:	|........ ........ ........ ........| ok p=1
Q58:	|........ ........ ........ ........| ok p=1
Q59:	|........ ........ ........ ........| ok p=1
Q60:	|........ ........ ......0. ........| ok p=1
Q61:	|........ ........ ......0. ........| ok p=0.512695
Q62:	|........ ........ ......+. ........| ok p=1
Q63:	|........ ........ ......+. ........| ok p=0.279297
Q64:	|.-...... ........ ......+. .......-|
Best path: totcompl=-18 tottunnel=37, totcond=567, p=3.94733e-05
Q-3:	|10110000 11101101 01001011 01011100|
Q-2:	|-1000011 0+--1+-- 11001-+0 1001010+|
Q-1:	|+1110001 10+-010+ 000-+++1 1101101+|
Q0:	|1-000101 +10+01+- 0110+11+ -1-1+--1| ok p=0.504883
Q1:	|00-.+..- +.1+.+00 +..+.1-0 0.+.00+1| ok p=0.655273
Q2:	|.00.+..- ...-.+01 +..01.10 0.+.00++| ok p=1
Q3:	|!.0..0.1 1..1^..- 1..+1.+. -.-.+0+0| ok p=1
Q4:	|.!+.00.+ ..!--1.+ 0..-1.+0 +.1.++.1| ok p=1
Q5:	|!.-..+.- ...-0..0 ...-+..0 +.0..+00| ok p=1
Q6:	|.!+..-.- ...+1..+ ....+!0+ ..1.0+.-| ok p=1
Q7:	|!.+..+.- ...11..- ...1+..+ 1.-..1.+| ok p=1
Q8:	|.!...1.- ...0+..- .^..+..- 0.+..1.0| ok p=1
Q9:	|..1..0.- ....+... .-..-^01 +.+!.+0-| ok p=1
Q10:	|..10.101 011....1 .0..1-.- -0.^0+11| ok p=1
Q11:	|1011.011 10100.10 1+1010^- -11+11+1| ok p=1
Q12:	|11--.--- ++-.1001 01011+-1 0+10+-10| ok p=1
Q13:	|--++.0-1 -+-.-1+- ++-++01+ -0+++++-| ok p=1
Q14:	|0-10^-.1 0.+.0+-1 00-000+1 0-01-111| ok p=1
Q15:	|0111+-1. 101.1000 10110.1- 111010-1| ok p=1
Q16:	|.0..+0.. 010..1+. -.01..1- .+..+..+| ok p=0.442383
Q17:	|.-..-0.. 1-...-.. +..1...0 ....0.^.| ok p=0.402344
Q18:	|....00.. +0.0..^. 1..-...+ .^..-..^| ok p=0.719727
Q19:	|0^..0-.. .+00.^.. -....... ....-.0.| ok p=0.97168
Q20:	|1.0..... ^+1+..1. ...^...^ ....+.1.| ok p=0.172852
Q21:	|+.1..^.. .1-...1. ^......0 ....0.-.| ok p=0.745117
Q22:	|0.+..... .-.^..+. .......1 ....0...| ok p=0.625977
Q23:	|-....0.. .-^..... .......- .0....^.| ok p=1
Q24:	|-.^..1.. .+....^. ........ .1......| ok p=1
Q25:	|+....-.. .+...... .......^ .-......| ok p=0.858398
Q26:	|+....... .+...... ....0... ........| ok p=0.995117
Q27:	|+....^.. .1...... ....1... .^......| ok p=0.998047
Q28:	|+....... .0...... ....+... ........| ok p=0.508789
Q29:	|1....... ........ ........ ........| ok p=0.477539
Q30:	|-....... ........ ....^... ........| ok p=1
Q31:	|+....... ........ ........ ........| ok p=0.503906
Q32:	|........ ........ ........ ........| ok p=1
Q33:	|!....... ........ ........ ........| ok p=1
Q34:	|........ ........ ........ ........| ok p=1
Q35:	|........ ........ ........ ........| ok p=1
Q36:	|........ ........ ........ ........| ok p=1
Q37:	|........ ........ ........ ........| ok p=1
Q38:	|........ ........ ........ ........| ok p=1
Q39:	|........ ........ ........ ........| ok p=1
Q40:	|........ ........ ........ ........| ok p=1
Q41:	|........ ........ ........ ........| ok p=1
Q42:	|........ ........ ........ ........| ok p=1
Q43:	|........ ........ ........ ........| ok p=1
Q44:	|........ ........ ........ ........| ok p=1
Q45:	|........ ........ ........ ........| ok p=1
Q46:	|........ ........ ........ ........| ok p=1
Q47:	|........ ........ ........ ........| ok p=1
Q48:	|........ ........ ........ ........| ok p=1
Q49:	|........ ........ ........ ........| ok p=1
Q50:	|........ ........ ........ ........| ok p=1
Q51:	|........ ........ ........ ........| ok p=1
Q52:	|........ ........ ........ ........| ok p=1
Q53:	|........ ........ ........ ........| ok p=1
Q54:	|........ ........ ........ ........| ok p=1
Q55:	|........ ........ ........ ........| ok p=1
Q56:	|........ ........ ........ ........| ok p=1
Q57:	|........ ........ ........ ........| ok p=1
Q58:	|........ ........ ........ ........| ok p=1
Q59:	|........ ........ ........ ........| ok p=1
Q60:	|........ ........ ......0. ........| ok p=1
Q61:	|........ ........ ......0. ........| ok p=0.472656
Q62:	|........ ........ ......+. ........| ok p=1
Q63:	|........ ........ ......+. ........| ok p=0.226562
Q64:	|.-...... ........ ......+. .......-|
Best path: totcompl=-18 tottunnel=37, totcond=566, p=3.93918e-05
Best paths: 2
Q-3:	|10110000 11101101 01001011 01011100|
Q-2:	|-1000011 0+--1+-- 11001-+0 1001010+|
Q-1:	|+1110001 10+-010+ 000-+++1 1101101+|
Q0:	|1-000101 +10+01+- 0110+11+ -1-1+--1| ok p=0.498047
Q1:	|00-.+..- +.1+.+00 +..+.1-0 0.+.00+1| ok p=0.650391
Q2:	|.00.+..- ...-.+01 +..01.10 0.+.00++| ok p=1
Q3:	|!.0..0.1 1..1^..- 1..+1.+. -.-.+0+0| ok p=1
Q4:	|.!+.00.+ ..!--1.+ 0..-1.+0 +.1.++.1| ok p=1
Q5:	|.!-..+.- ...-0..0 ...-+..0 +.0..+00| ok p=1
Q6:	|.!+..-.- ...+1..+ ....+!0+ ..1.0+.-| ok p=1
Q7:	|!.+..+.- ...11..- ...1+..+ 1.-..1.+| ok p=1
Q8:	|!....1.- ...0+..- .^..+0.- 0.+..1.0| ok p=1
Q9:	|..1..0.- ....+... .-..-0.1 +.+!.+0-| ok p=1
Q10:	|..10.101 011....1 .0..1-.- -0.^0+11| ok p=1
Q11:	|0011.011 10100.10 1+1010^- -11+11+1| ok p=1
Q12:	|01--.--- ++-.1001 01011+-1 0+10+-10| ok p=1
Q13:	|+-++.0-1 -+-.-1+- ++-++01+ -+-++++-| ok p=1
Q14:	|0-10^-.1 0.+.0+-1 00-000+1 0-01-111| ok p=1
Q15:	|0111+-1. 101.1000 10110.1- 111010-1| ok p=1
Q16:	|.0..+0.. 010..1+. -.01..1- .+..+..+| ok p=0.427734
Q17:	|.-..-0.. 1-...-.. +..1...0 ....0.^.| ok p=0.399414
Q18:	|....00.. +0.0..^. 1..-...+ .^..-..^| ok p=0.719727
Q19:	|0^..0-.. .+00.^.. -....... ....-.0.| ok p=0.958008
Q20:	|1.0..... ^+1+..1. ...^...^ ....+.1.| ok p=0.175781
Q21:	|+.1..^.. .1-...1. ^......0 ....0.-.| ok p=0.757812
Q22:	|0.+..... .-.^..+. .......1 ....0...| ok p=0.632812
Q23:	|-....0.. .-^..... .......- .0....^.| ok p=0.999023
Q24:	|-.^..1.. .+....^. ........ .1......| ok p=1
Q25:	|+....-.. .+...... .......^ .-......| ok p=0.865234
Q26:	|+....... .+...... ....0... ........| ok p=0.99707
Q27:	|+....^.. .1...... ....1... .^......| ok p=1
Q28:	|+....... .0...... ....+... ........| ok p=0.503906
Q29:	|1....... ........ ........ ........| ok p=0.475586
Q30:	|-....... ........ ....^... ........| ok p=1
Q31:	|+....... ........ ........ ........| ok p=0.480469
Q32:	|........ ........ ........ ........| ok p=1
Q33:	|!....... ........ ........ ........| ok p=1
Q34:	|........ ........ ........ ........| ok p=1
Q35:	|........ ........ ........ ........| ok p=1
Q36:	|........ ........ ........ ........| ok p=1
Q37:	|........ ........ ........ ........| ok p=1
Q38:	|........ ........ ........ ........| ok p=1
Q39:	|........ ........ ........ ........| ok p=1
Q40:	|........ ........ ........ ........| ok p=1
Q41:	|........ ........ ........ ........| ok p=1
Q42:	|........ ........ ........ ........| ok p=1
Q43:	|........ ........ ........ ........| ok p=1
Q44:	|........ ........ ........ ........| ok p=1
Q45:	|........ ........ ........ ........| ok p=1
Q46:	|........ ........ ........ ........| ok p=1
Q47:	|........ ........ ........ ........| ok p=1
Q48:	|........ ........ ........ ........| ok p=1
Q49:	|........ ........ ........ ........| ok p=1
Q50:	|........ ........ ........ ........| ok p=1
Q51:	|........ ........ ........ ........| ok p=1
Q52:	|........ ........ ........ ........| ok p=1
Q53:	|........ ........ ........ ........| ok p=1
Q54:	|........ ........ ........ ........| ok p=1
Q55:	|........ ........ ........ ........| ok p=1
Q56:	|........ ........ ........ ........| ok p=1
Q57:	|........ ........ ........ ........| ok p=1
Q58:	|........ ........ ........ ........| ok p=1
Q59:	|........ ........ ........ ........| ok p=1
Q60:	|........ ........ ......0. ........| ok p=1
Q61:	|........ ........ ......0. ........| ok p=0.507812
Q62:	|........ ........ ......+. ........| ok p=1
Q63:	|........ ........ ......+. ........| ok p=0.251953
Q64:	|.-...... ........ ......+. .......-|
Best path: totcompl=-16 tottunnel=39, totcond=566, p=5.57815e-05
**Best paths: 2
**Q-3:	|10110000 11101101 01001011 01011100|
Q-2:	|-1000011 0+--1+-- 11001-+0 1001010+|
Q-1:	|+1110001 10+-010+ 000-+++1 1101101+|
Q0:	|1-000101 +10+01+- 0110+11+ -1-1+--1| ok p=0.523438
Q1:	|00-.+..- +.1+.+00 +..+.1-0 0.+.00+1| ok p=0.661133
Q2:	|.00.+..- ...-.+01 +..01.10 0.+.00++| ok p=1
Q3:	|.10..0.1 1..1^..- 1..+1.+. -.-.+0+0| ok p=1
Q4:	|!.+.00.+ ..!--1.+ 0..-1.+0 +.1.++.1| ok p=1
Q5:	|!.-..+.- ...-0..0 ...-+..0 +.0..+00| ok p=1
Q6:	|!.+..-.- ...+1..+ ....+.0+ 1.1.0+.-| ok p=1
Q7:	|.!+..+.- ...10..- .1.1+..+ 1.-....+| ok p=1
Q8:	|!....0.- ...0+..- .0..+0.- 1.+..1.0| ok p=1
Q9:	|!.0..-.- ...+-... .-..-0.1 +.+..0.-| ok p=1
Q10:	|!..1.1.. .10+-.01 .0..1-.0 +01100.-| ok p=1
Q11:	|.111.0.1 .111+010 0+0.-1.1 +1+11-.+| ok p=1
Q12:	|.00-^.^. .-+0+1-+ 101^-+00 0+0+-+^0| ok p=1
Q13:	|!----1+. .++---00 -+-+-11- +0--1--1| ok p=1
Q14:	|^+0.011. .0-011-0 11+1.1-- 1+10+010| ok p=1
Q15:	|!1010-0. .0110-0. 11010.0+ 011110+0| ok p=0.902344
Q16:	|.0..01.. 011..0-. +.01..00 .-..-..-| ok p=0.4375
Q17:	|.+..+0.. 1+...+.. -..1...1 ....0.^.| ok p=0.373047
Q18:	|....10.. -0.0..^. 1..+...- .^..+..^| ok p=0.785156
Q19:	|0^..0+.. .-00.^.. +....... ....+.0.| ok p=0.955078
Q20:	|1.0..... ^-1-..1. ...^...^ ....-.1.| ok p=0.530273
Q21:	|+.1..^.. .1+...1. ^......0 ....0.+.| ok p=0.746094
Q22:	|1.-..... .+.^..-. .......1 ....0...| ok p=0.606445
Q23:	|+....0.. .+^..... .......+ .0....^.| ok p=1
Q24:	|+.^..1.. .-....^. ........ .1......| ok p=1
Q25:	|-....+.. .-...... .......^ .+......| ok p=0.867188
Q26:	|-....... .-...... ....0... ........| ok p=0.995117
Q27:	|-....^.. .1...... ....1... .^......| ok p=0.99707
Q28:	|-....... .0...... ....-... ........| ok p=0.513672
Q29:	|1....... ........ ........ ........| ok p=0.511719
Q30:	|+....... ........ ....^... ........| ok p=1
Q31:	|+....... ........ ........ ........| ok p=0.501953
Q32:	|........ ........ ........ ........| ok p=1
Q33:	|^....... ........ ........ ........| ok p=1
Q34:	|........ ........ ........ ........| ok p=1
Q35:	|........ ........ ........ ........| ok p=1
Q36:	|........ ........ ........ ........| ok p=1
Q37:	|........ ........ ........ ........| ok p=1
Q38:	|........ ........ ........ ........| ok p=1
Q39:	|........ ........ ........ ........| ok p=1
Q40:	|........ ........ ........ ........| ok p=1
Q41:	|........ ........ ........ ........| ok p=1
Q42:	|........ ........ ........ ........| ok p=1
Q43:	|........ ........ ........ ........| ok p=1
Q44:	|........ ........ ........ ........| ok p=1
Q45:	|........ ........ ........ ........| ok p=1
Q46:	|........ ........ ........ ........| ok p=1
Q47:	|........ ........ ........ ........| ok p=1
Q48:	|........ ........ ........ ........| ok p=1
Q49:	|........ ........ ........ ........| ok p=1
Q50:	|........ ........ ........ ........| ok p=1
Q51:	|........ ........ ........ ........| ok p=1
Q52:	|........ ........ ........ ........| ok p=1
Q53:	|........ ........ ........ ........| ok p=1
Q54:	|........ ........ ........ ........| ok p=1
Q55:	|........ ........ ........ ........| ok p=1
Q56:	|........ ........ ........ ........| ok p=1
Q57:	|........ ........ ........ ........| ok p=1
Q58:	|........ ........ ........ ........| ok p=1
Q59:	|........ ........ ........ ........| ok p=1
Q60:	|........ ........ ......0. ........| ok p=1
Q61:	|........ ........ ......0. ........| ok p=0.493164
Q62:	|........ ........ ......+. ........| ok p=1
Q63:	|........ ........ ......+. ........| ok p=0.240234
Q64:	|.-...... ........ ......+. .......-|
Best path: totcompl=-16 tottunnel=39, totcond=557, p=9.21245e-05
Best paths: 2
**********************************************
Best path: totcompl=-16 tottunnel=39, totcond=557
Verified: 2097658 bad out of 2097678
Runtime: 845.965
