Extend MD5 differential paths forward
Copyright (C) 2009 Marc Stevens
http://homepages.cwi.nl/~stevens/

delta_m[11] = [!31!]
Loading workdir3/lowerpath.bin.gz...done: 1.
Estimating maxcond for upper bound 8000000 (=2000000 * 4)...
t=1:  0%   10   20   30   40   50   60   70   80   90   100%
      |----|----|----|----|----|----|----|----|----|----|
e     ***************************************************
Found maxcond = 2176
t=1:  0%   10   20   30   40   50   60   70   80   90   100%
      |----|----|----|----|----|----|----|----|----|----|
      ***************************************************
Q-3:	|10110000 11101101 01001011 01011100|
Q-2:	|-1000011 0+--1+-- 11001-+0 1001010+|
Q-1:	|+1110001 10+-010+ 000-+++1 1101101+|
Q0:	|1-000101 +10+01+- 0110+11+ -1-1+--1| ok p=0.191406
Q1:	|10.--... -.1+.+00 +..+.1-0 0.+.00+1| ok p=0.530273
Q2:	|....+..- ...-.+.. +...-..- .+.-.-.-|
Saving 45568 paths...done.
Autobalance parameters: maxcond=2176
Verified: 6656 bad out of 52224
Estimating maxcond for upper bound 8000000 (=2000000 * 4)...
t=2:  0%   10   20   30   40   50   60   70   80   90   100%
      |----|----|----|----|----|----|----|----|----|----|
e     ***************************************************
Found maxcond = 169
t=2:  0%   10   20   30   40   50   60   70   80   90   100%
      |----|----|----|----|----|----|----|----|----|----|
      ***************************************************
Q-3:	|10110000 11101101 01001011 01011100|
Q-2:	|-1000011 0+--1+-- 11001-+0 1001010+|
Q-1:	|+1110001 10+-010+ 000-+++1 1101101+|
Q0:	|1-000101 +10+01+- 0110+11+ -1-1+--1| ok p=0.514648
Q1:	|11.--... -.1+.+01 +..0+++1 0.+.00+1| ok p=0.506836
Q2:	|.1.--... -.-..+11 +....0++ 1.+.+1++| ok p=0.577148
Q3:	|....-.-. -.-.+..- .+.+.+.- .+.-..-.|
Saving 2000000 paths...done.
Autobalance parameters: maxcond=168
Verified: 42400 bad out of 2660583
Estimating maxcond for upper bound 8000000 (=2000000 * 4)...
t=3:  0%   10   20   30   40   50   60   70   80   90   100%
      |----|----|----|----|----|----|----|----|----|----|
e     ***************************************************
Found maxcond = 182
t=3:  0%   10   20   30   40   50   60   70   80   90   100%
      |----|----|----|----|----|----|----|----|----|----|
      ***************************************************
Q-3:	|10110000 11101101 01001011 01011100|
Q-2:	|-1000011 0+--1+-- 11001-+0 1001010+|
Q-1:	|+1110001 10+-010+ 000-+++1 1101101+|
Q0:	|1-000101 +10+01+- 0110+11+ -1-1+--1| ok p=0.49707
Q1:	|00-.+..- +.1+.+00 +..+.1-1 0.+.00+1| ok p=0.580078
Q2:	|.00.+..- .....+00 +..11.10 0.+.10++| ok p=0.717773
Q3:	|..+..... 1..1...- ...+..+. -.-.+..0| ok p=0.567383
Q4:	|.+...+.- ..-.+..+ ....-..- .-.+..-.|
Saving 2000000 paths...done.
Autobalance parameters: maxcond=181
Verified: 73774 bad out of 2186371
Estimating maxcond for upper bound 8000000 (=2000000 * 4)...
t=4:  0%   10   20   30   40   50   60   70   80   90   100%
      |----|----|----|----|----|----|----|----|----|----|
e     ***************************************************
Found maxcond = 198
t=4:  0%   10   20   30   40   50   60   70   80   90   100%
      |----|----|----|----|----|----|----|----|----|----|
      ***************************************************
Q-3:	|10110000 11101101 01001011 01011100|
Q-2:	|-1000011 0+--1+-- 11001-+0 1001010+|
Q-1:	|+1110001 10+-010+ 000-+++1 1101101+|
Q0:	|1-000101 +10+01+- 0110+11+ -1-1+--1| ok p=0.496094
Q1:	|00-.+..- +.1+.+00 +..+.1-0 0.+.10+1| ok p=0.758789
Q2:	|.00.+..- ...-.+1+ 0..01.11 1.+.00++| ok p=1
Q3:	|..1....- 1..1...- +..+..+. -.-..0++| ok p=0.694336
Q4:	|....1... ...-.1.+ +..-..+. +.+..+.+| ok p=0.589844
Q5:	|.+....+. +...-... .+...+.+ ..+.-...|
Saving 2000000 paths...done.
Autobalance parameters: maxcond=197
Verified: 680 bad out of 2374254
Estimating maxcond for upper bound 8000000 (=2000000 * 4)...
t=5:  0%   10   20   30   40   50   60   70   80   90   100%
      |----|----|----|----|----|----|----|----|----|----|
e     ***************************************************
Found maxcond = 212
t=5:  0%   10   20   30   40   50   60   70   80   90   100%
      |----|----|----|----|----|----|----|----|----|----|
      ***************************************************
Q-3:	|10110000 11101101 01001011 01011100|
Q-2:	|-1000011 0+--1+-- 11001-+0 1001010+|
Q-1:	|+1110001 10+-010+ 000-+++1 1101101+|
Q0:	|1-000101 +10+01+- 0110+11+ -1-1+--1| ok p=0.492188
Q1:	|00-.+..- +.1+.+00 +..+.1-0 0.+.00+1| ok p=0.755859
Q2:	|.00.+..- ...-.+11 +..01.11 1.+.00++| ok p=0.706055
Q3:	|.V1...V- 0..1...- ...+V.+. -.-.+.-0| ok p=0.691406
Q4:	|....0... ...-.1.+ 0..+..+. +.0.+.01| ok p=0.742188
Q5:	|.+....+1 ...0...1 ....-... +.1...1-| ok p=0.615234
Q6:	|+.+..-.- ..+...+. +.+.-..+ ...-..-.|
Saving 2000000 paths...done.
Autobalance parameters: maxcond=211
Verified: 184 bad out of 2484761
Estimating maxcond for upper bound 8000000 (=2000000 * 4)...
t=6:  0%   10   20   30   40   50   60   70   80   90   100%
      |----|----|----|----|----|----|----|----|----|----|
e     ***************************************************
Found maxcond = 228
t=6:  0%   10   20   30   40   50   60   70   80   90   100%
      |----|----|----|----|----|----|----|----|----|----|
      ***************************************************
Q-3:	|10110000 11101101 01001011 01011100|
Q-2:	|-1000011 0+--1+-- 11001-+0 1001010+|
Q-1:	|+1110001 10+-010+ 000-+++1 1101101+|
Q0:	|1-000101 +10+01+- 0110+11+ -1-1+--1| ok p=0.526367
Q1:	|00-.+..1 -.1+.+10 +..+.1-1 1.+.00+1| ok p=0.472656
Q2:	|.0+.+..- 1..0.-11 +..01.11 1.+.+1++| ok p=0.641602
Q3:	|.0+....- 0..1.1.- ...+..0. -.1.-.-0| ok p=0.558594
Q4:	|.-..0..0 ..V-.0.+ 0..+..+V +.+.-.11| ok p=0.783203
Q5:	|.11.0..0 ...0...- ...-..+. +.+...0-| ok p=0.788086
Q6:	|.-..+..+ ..+1...+ ...-...+ ....1..-| ok p=0.638672
Q7:	|...-.-.+ .+.+.-.+ .-.-...- .....-.+|
Saving 2000000 paths...done.
Autobalance parameters: maxcond=227
Verified: 2996 bad out of 2034778
Estimating maxcond for upper bound 8000000 (=2000000 * 4)...
t=7:  0%   10   20   30   40   50   60   70   80   90   100%
      |----|----|----|----|----|----|----|----|----|----|
e     ***************************************************
Found maxcond = 242
t=7:  0%   10   20   30   40   50   60   70   80   90   100%
      |----|----|----|----|----|----|----|----|----|----|
      ***************************************************
Q-3:	|10110000 11101101 01001011 01011100|
Q-2:	|-1000011 0+--1+-- 11001-+0 1001010+|
Q-1:	|+1110001 10+-010+ 000-+++1 1101101+|
Q0:	|1-000101 +10+01+- 0110+11+ -1-1+--1| ok p=0.49707
Q1:	|00-.+..1 -.1+.+10 +..+.1-1 1.+.00+1| ok p=0.486328
Q2:	|.0+.+..- 1..0.-11 +..01.11 1.+.+1++| ok p=0.6875
Q3:	|.1+.1..- 0..0.0.- ...+0.0. -.1.-.-0| ok p=0.561523
Q4:	|.-..0..1 ...-.0.+ 0..++... +.+.-.11| ok p=0.479492
Q5:	|.10.+..0 ...0.-.0 .V..-V.. +.1...0-| ok p=0.506836
Q6:	|.-..1..+ ...1.0.0 ...0-... +.-.1..-| ok p=0.678711
Q7:	|.0..1..+ ...-.-.. .-...+.. +.-....-| ok p=0.520508
Q8:	|.+..+.-. +.+..-.. .....-.. +.+..+.-|
Saving 2000000 paths...done.
Autobalance parameters: maxcond=241
Verified: 27451 bad out of 2291557
Estimating maxcond for upper bound 8000000 (=2000000 * 4)...
t=8:  0%   10   20   30   40   50   60   70   80   90   100%
      |----|----|----|----|----|----|----|----|----|----|
e     ***************************************************
Found maxcond = 255
t=8:  0%   10   20   30   40   50   60   70   80   90   100%
      |----|----|----|----|----|----|----|----|----|----|
      ***************************************************
Q-3:	|10110000 11101101 01001011 01011100|
Q-2:	|-1000011 0+--1+-- 11001-+0 1001010+|
Q-1:	|+1110001 10+-010+ 000-+++1 1101101+|
Q0:	|1-000101 +10+01+- 0110+11+ -1-1+--1| ok p=0.482422
Q1:	|00-.+..- +.0+.+00 +..+.1-1 0.+.00+1| ok p=0.766602
Q2:	|.00.+..- ...0.+11 +..01V11 1.+.+0--| ok p=0.691406
Q3:	|.V1..V.- 0..1...- ...+.0+. -.-.+.10| ok p=0.688477
Q4:	|V...00.+ ..V-.1.+ 0..+.++. +.0V+.+1| ok p=0.375977
Q5:	|0+...+.- ...1...0 .....-.. -.00..1+| ok p=0.529297
Q6:	|+0...-.0 ..+1...+ ...0.-1. 0..-0.10| ok p=0.489258
Q7:	|++...1.0 ..1....+ .....-.. 0..-..-0| ok p=0.280273
Q8:	|.+...1.- ..-..... ........ +..-..+.| ok p=0.507812
Q9:	|.-...... -.-..-.. .-..-... ...-.+.-|
Saving 2000000 paths...done.
Autobalance parameters: maxcond=254
Verified: 79736 bad out of 3189581
Estimating maxcond for upper bound 8000000 (=2000000 * 4)...
t=9:  0%   10   20   30   40   50   60   70   80   90   100%
      |----|----|----|----|----|----|----|----|----|----|
e     ***************************************************
Found maxcond = 268
t=9:  0%   10   20   30   40   50   60   70   80   90   100%
      |----|----|----|----|----|----|----|----|----|----|
      ***************************************************
Q-3:	|10110000 11101101 01001011 01011100|
Q-2:	|-1000011 0+--1+-- 11001-+0 1001010+|
Q-1:	|+1110001 10+-010+ 000-+++1 1101101+|
Q0:	|1-000101 +10+01+- 0110+11+ -1-1+--1| ok p=0.514648
Q1:	|00-.+..- +.0+.+00 +..+.1-1 0.+V00+1| ok p=0.582031
Q2:	|.00.+..- ...0.+11 +..01V10 1.+.+0--| ok p=0.681641
Q3:	|.V1..V.+ 0..1...- ...+..+. -..--.10| ok p=0.698242
Q4:	|....00.+ ..V-.1.+ 0V.+.++. +.01+.+1| ok p=0.748047
Q5:	|.-...+.- ...0.0.0 .0.-.0.. -..00.+.| ok p=0.789062
Q6:	|.1...-11 ..+1.1.+ .-.0.10. 0...0.+.| ok p=0.533203
Q7:	|.+...+00 ..0..+.1 .+.0..0. 0.....0.| ok p=0.515625
Q8:	|.-...+++ ..1..+.1 .+....-. -.....+.| ok p=0.998047
Q9:	|.-...+++ .....-.. ......-. +.....+.| ok p=0.65918
Q10:	|..+.-..- ..-..-.. .+.....- .-.-.+..|
Saving 2000000 paths...done.
Autobalance parameters: maxcond=267
Verified: 81230 bad out of 2564340
Estimating maxcond for upper bound 8000000 (=2000000 * 4)...
t=10: 0%   10   20   30   40   50   60   70   80   90   100%
      |----|----|----|----|----|----|----|----|----|----|
e     ***************************************************
Found maxcond = 280
t=10: 0%   10   20   30   40   50   60   70   80   90   100%
      |----|----|----|----|----|----|----|----|----|----|
      ***************************************************
Q-3:	|10110000 11101101 01001011 01011100|
Q-2:	|-1000011 0+--1+-- 11001-+0 1001010+|
Q-1:	|+1110001 10+-010+ 000-+++1 1101101+|
Q0:	|1-000101 +10+01+- 0110+11+ -1-1+--1| ok p=0.492188
Q1:	|00-.+..- +.1+.+00 +..+.1-0 0.+.00+1| ok p=0.660156
Q2:	|.00.+..- ...-V+01 +..01.10 0.+.00++| ok p=0.671875
Q3:	|..0..V.1 1..1...- ...+V.+. -.-.+0+0| ok p=0.489258
Q4:	|..+.00.+ ...--1.+ 0..-1.+V +.1.++.1| ok p=0.742188
Q5:	|..-..+.- ...-0..0 ...-+..0 +.0..+00| ok p=0.723633
Q6:	|..+..-.- ...+1..+ ....+.0+ ..1.0+.-| ok p=0.917969
Q7:	|..+..+.- ...11..- .V.1+..+ 1.-....+| ok p=0.850586
Q8:	|.....0.- ...0+..- ....+V.- 0.+..1.0| ok p=1
Q9:	|..0..0.- ....+... .-..-..1 +.+....-| ok p=0.780273
Q10:	|........ .......1 .0..0-.1 +......0| ok p=0.756836
Q11:	|..+..+.- ......+. .+...... +..+..-.|
Saving 2000000 paths...done.
Autobalance parameters: maxcond=278
Verified: 9928 bad out of 3480149
Runtime: 149.843
Extend MD5 differential paths forward
Copyright (C) 2009 Marc Stevens
http://homepages.cwi.nl/~stevens/

delta_m[11] = [!31!]
Loading workdir3/paths10_0of1...done: 2000000 (work:2000000).
Estimating maxcond for upper bound 2000000 (=500000 * 4)...
t=11: 0%   10   20   30   40   50   60   70   80   90   100%
      |----|----|----|----|----|----|----|----|----|----|
e     ***************************************************
Found maxcond = 290
t=11: 0%   10   20   30   40   50   60   70   80   90   100%
      |----|----|----|----|----|----|----|----|----|----|
      ***************************************************
Q-3:	|10110000 11101101 01001011 01011100|
Q-2:	|-1000011 0+--1+-- 11001-+0 1001010+|
Q-1:	|+1110001 10+-010+ 000-+++1 1101101+|
Q0:	|1-000101 +10+01+- 0110+11+ -1-1+--1| ok p=0.485352
Q1:	|00-.+..- +.1+.+00 +..+.1-0 0.+.00+1| ok p=0.662109
Q2:	|.00.+..- ...-V+01 +..01.10 0.+.00++| ok p=0.682617
Q3:	|..0..V.1 1..1...- ...+V.+. -.-.+0+0| ok p=0.504883
Q4:	|..+.00.+ ...--1.+ 0..-1.+V +.1.++.1| ok p=0.75
Q5:	|..-..+.- ...-0..0 ...-+..0 +.0..+00| ok p=0.739258
Q6:	|..+..-.- ...+1..+ ....+.0+ ..1.0+.-| ok p=0.943359
Q7:	|..+..+.- ...11..- .V.1+..+ 1.-....+| ok p=0.854492
Q8:	|.....0.- ...0+..- ....+V.- 0.+..1.0| ok p=1
Q9:	|..1..0.- ....+... .-..-..1 +.+.VV.-| ok p=0.859375
Q10:	|........ .......0 .0..1-.- -......1| ok p=0.853516
Q11:	|.......1 ....1... .+..10.- -.1.++.1| ok p=0.371094
Q12:	|.-..+... ..+..... ........ .+....-.|
Saving 500000 paths...done.
Autobalance parameters: maxcond=288
Verified: 2768 bad out of 897108
Runtime: 15.5841
