MD5 differential path toolbox
Copyright (C) 2009 Marc Stevens
http://homepages.cwi.nl/~stevens/

IHV1   = {2968341340,3309659895,1905529306,3275476116}
IHV1   = 5c4bedb0f76645c5da11947194cc3bc3

IHV2   = {2968341340,2245422937,4054126555,1129106069}
IHV2   = 5c4bedb0596fd685db0fa5f195ca4c43

dIHV   = {0,3230730338,2148597249,2148597249}
NC0: delta c = delta d = [!-0,31!]
NC0: delta b           = [!-0,-23,31!]
NC1: delta c = delta d = [!9!]
NC1: delta b           = [!-0,9,-30!]
NC2: delta c = delta d = [!-16!]
NC2: delta b           = [!5,-7,-16!]
NC3: delta c = delta d = [!-20!]
NC3: delta b           = [!-9,-11,-20!]
NC0: prob=-10.957
NC1: prob=-6.07579
NC2: prob=-6.92736
NC3: prob=-8.43032
delta m_11 = [!31!]
Q-3:	|10110000 11101101 01001011 01011100|
Q-2:	|-1000011 0+--1+-- 11001-+0 1001010+|
Q-1:	|+1110001 10+-010+ 000-+++1 1101101+|
Q0:	|1-000101 +10+01+- 0110+11+ -1-1+--1| ok p=0.366211
Q1:	|..-.+... -..+.+.. +..+..-. ..+...+.|
Saved lower diff. path to 'workdir3/lowerpath.bin.gz'.

Q32:	|........ ........ ........ ........|
Q33:	|........ ........ ........ ........|
Q34:	|........ ........ ........ ........|
Q35:	|........ ........ ........ ........| ok p=1
Q36:	|........ ........ ........ ........| ok p=1
Q37:	|........ ........ ........ ........| ok p=1
Q38:	|........ ........ ........ ........| ok p=1
Q39:	|........ ........ ........ ........| ok p=1
Q40:	|........ ........ ........ ........| ok p=1
Q41:	|........ ........ ........ ........| ok p=1
Q42:	|........ ........ ........ ........| ok p=1
Q43:	|........ ........ ........ ........| ok p=1
Q44:	|........ ........ ........ ........| ok p=1
Q45:	|........ ........ ........ ........| ok p=1
Q46:	|........ ........ ........ ........| ok p=1
Q47:	|........ ........ ........ ........| ok p=1
Q48:	|........ ........ ........ ........| ok p=1
Q49:	|........ ........ ........ ........| ok p=1
Q50:	|........ ........ ........ ........| ok p=1
Q51:	|........ ........ ........ ........| ok p=1
Q52:	|........ ........ ........ ........| ok p=1
Q53:	|........ ........ ........ ........| ok p=1
Q54:	|........ ........ ........ ........| ok p=1
Q55:	|........ ........ ........ ........| ok p=1
Q56:	|........ ........ ........ ........| ok p=1
Q57:	|........ ........ ........ ........| ok p=1
Q58:	|........ ........ ........ ........| ok p=1
Q59:	|........ ........ ........ ........| ok p=1
Q60:	|........ ........ ......0. ........| ok p=1
Q61:	|........ ........ ......0. ........| ok p=0.53418
Q62:	|........ ........ ......+. ........| ok p=1
Q63:	|........ ........ ......+. ........| ok p=0.25
Q64:	|.-...... ........ ......+. .......-|
Saved upper diff. path to 'workdir3/upperpath.bin.gz'.
Saved 'md5diffpathforward.cfg'.
Saved 'md5diffpathbackward.cfg'.
Saved 'md5diffpathconnect.cfg'.
Saved 'md5diffpathhelper.cfg'.
