Extend MD5 differential paths backward
Copyright (C) 2009 Marc Stevens
http://homepages.cwi.nl/~stevens/

delta_m[11] = [!15!]
Loading workdir2/upperpath.bin.gz...done: 1.
Estimating maxcond for upper bound 262144 (=65536 * 4)...
t=34: 0%   10   20   30   40   50   60   70   80   90   100%
      |----|----|----|----|----|----|----|----|----|----|
e     ***************************************************
Found maxcond = 2176
t=34: 0%   10   20   30   40   50   60   70   80   90   100%
      |----|----|----|----|----|----|----|----|----|----|
      ***************************************************
Q31:	|........ ........ -....... ........|
Q32:	|........ ........ ........ ........|
Q33:	|........ ........ ........ ........|
Q34:	|........ ........ ........ ........| ok p=1
Q35:	|........ ........ ........ ........| ok p=1
Q36:	|........ ........ ........ ........| ok p=1
Q37:	|........ ........ ........ ........| ok p=1
Q38:	|........ ........ ........ ........| ok p=1
Q39:	|........ ........ ........ ........| ok p=1
Q40:	|........ ........ ........ ........| ok p=1
Q41:	|........ ........ ........ ........| ok p=1
Q42:	|........ ........ ........ ........| ok p=1
Q43:	|........ ........ ........ ........| ok p=1
Q44:	|........ ........ ........ ........| ok p=1
Q45:	|........ ........ ........ ........| ok p=1
Q46:	|........ ........ ........ ........| ok p=1
Q47:	|........ ........ ........ ........| ok p=1
Q48:	|........ ........ ........ ........| ok p=1
Q49:	|........ ........ ........ ........| ok p=1
Q50:	|........ ........ ........ ........| ok p=1
Q51:	|........ ........ ........ ........| ok p=1
Q52:	|........ ........ ........ ........| ok p=1
Q53:	|........ ........ ........ ........| ok p=1
Q54:	|........ ........ ........ ........| ok p=1
Q55:	|........ ........ ........ ........| ok p=1
Q56:	|........ ........ ........ ........| ok p=1
Q57:	|........ ........ ........ ........| ok p=1
Q58:	|........ ........ ........ ........| ok p=1
Q59:	|........ ........ ........ ........| ok p=1
Q60:	|......0. ........ ........ ........| ok p=1
Q61:	|.....11. ........ ........ ........| ok p=1
Q62:	|.....0+. ........ ........ ........| ok p=1
Q63:	|.....+-. ........ ........ ........| ok p=0.979492
Q64:	|......+. ........ +....... ........|
Saving 1 paths...done.
Autobalance parameters: maxcond=2176
Verified: 0 bad out of 1
Estimating maxcond for upper bound 262144 (=65536 * 4)...
t=33: 0%   10   20   30   40   50   60   70   80   90   100%
      |----|----|----|----|----|----|----|----|----|----|
e     ***************************************************
Found maxcond = 33
t=33: 0%   10   20   30   40   50   60   70   80   90   100%
      |----|----|----|----|----|----|----|----|----|----|
      ***************************************************
Q30:	|........ ........ -....... ........|
Q31:	|........ ........ -....... ........|
Q32:	|........ ........ ........ ........|
Q33:	|........ ........ !....... ........| ok p=1
Q34:	|........ ........ ........ ........| ok p=1
Q35:	|........ ........ ........ ........| ok p=1
Q36:	|........ ........ ........ ........| ok p=1
Q37:	|........ ........ ........ ........| ok p=1
Q38:	|........ ........ ........ ........| ok p=1
Q39:	|........ ........ ........ ........| ok p=1
Q40:	|........ ........ ........ ........| ok p=1
Q41:	|........ ........ ........ ........| ok p=1
Q42:	|........ ........ ........ ........| ok p=1
Q43:	|........ ........ ........ ........| ok p=1
Q44:	|........ ........ ........ ........| ok p=1
Q45:	|........ ........ ........ ........| ok p=1
Q46:	|........ ........ ........ ........| ok p=1
Q47:	|........ ........ ........ ........| ok p=1
Q48:	|........ ........ ........ ........| ok p=1
Q49:	|........ ........ ........ ........| ok p=1
Q50:	|........ ........ ........ ........| ok p=1
Q51:	|........ ........ ........ ........| ok p=1
Q52:	|........ ........ ........ ........| ok p=1
Q53:	|........ ........ ........ ........| ok p=1
Q54:	|........ ........ ........ ........| ok p=1
Q55:	|........ ........ ........ ........| ok p=1
Q56:	|........ ........ ........ ........| ok p=1
Q57:	|........ ........ ........ ........| ok p=1
Q58:	|........ ........ ........ ........| ok p=1
Q59:	|........ ........ ........ ........| ok p=1
Q60:	|......0. ........ ........ ........| ok p=1
Q61:	|.....11. ........ ........ ........| ok p=1
Q62:	|.....0+. ........ ........ ........| ok p=1
Q63:	|.....+-. ........ ........ ........| ok p=0.978516
Q64:	|......+. ........ +....... ........|
Saving 65536 paths...done.
Autobalance parameters: maxcond=31
Verified: 0 bad out of 65537
Estimating maxcond for upper bound 262144 (=65536 * 4)...
t=32: 0%   10   20   30   40   50   60   70   80   90   100%
      |----|----|----|----|----|----|----|----|----|----|
e     ***************************************************
Found maxcond = 25
t=32: 0%   10   20   30   40   50   60   70   80   90   100%
      |----|----|----|----|----|----|----|----|----|----|
      ***************************************************
Q29:	|........ ........ ........ ........|
Q30:	|........ ........ +....... ........|
Q31:	|........ ........ -....... ........|
Q32:	|........ ........ ........ ........| ok p=1
Q33:	|........ ........ ^....... ........| ok p=1
Q34:	|........ ........ ........ ........| ok p=1
Q35:	|........ ........ ........ ........| ok p=1
Q36:	|........ ........ ........ ........| ok p=1
Q37:	|........ ........ ........ ........| ok p=1
Q38:	|........ ........ ........ ........| ok p=1
Q39:	|........ ........ ........ ........| ok p=1
Q40:	|........ ........ ........ ........| ok p=1
Q41:	|........ ........ ........ ........| ok p=1
Q42:	|........ ........ ........ ........| ok p=1
Q43:	|........ ........ ........ ........| ok p=1
Q44:	|........ ........ ........ ........| ok p=1
Q45:	|........ ........ ........ ........| ok p=1
Q46:	|........ ........ ........ ........| ok p=1
Q47:	|........ ........ ........ ........| ok p=1
Q48:	|........ ........ ........ ........| ok p=1
Q49:	|........ ........ ........ ........| ok p=1
Q50:	|........ ........ ........ ........| ok p=1
Q51:	|........ ........ ........ ........| ok p=1
Q52:	|........ ........ ........ ........| ok p=1
Q53:	|........ ........ ........ ........| ok p=1
Q54:	|........ ........ ........ ........| ok p=1
Q55:	|........ ........ ........ ........| ok p=1
Q56:	|........ ........ ........ ........| ok p=1
Q57:	|........ ........ ........ ........| ok p=1
Q58:	|........ ........ ........ ........| ok p=1
Q59:	|........ ........ ........ ........| ok p=1
Q60:	|......0. ........ ........ ........| ok p=1
Q61:	|.....11. ........ ........ ........| ok p=1
Q62:	|.....0+. ........ ........ ........| ok p=1
Q63:	|.....+-. ........ ........ ........| ok p=0.984375
Q64:	|......+. ........ +....... ........|
Saving 65536 paths...done.
Autobalance parameters: maxcond=22
Verified: 0 bad out of 121894
Estimating maxcond for upper bound 262144 (=65536 * 4)...
t=31: 0%   10   20   30   40   50   60   70   80   90   100%
      |----|----|----|----|----|----|----|----|----|----|
e     ***************************************************
Found maxcond = 22
t=31: 0%   10   20   30   40   50   60   70   80   90   100%
      |----|----|----|----|----|----|----|----|----|----|
      ***************************************************
Q28:	|....+... ........ +....... ........|
Q29:	|........ ........ ........ ........|
Q30:	|........ ........ -....... ........|
Q31:	|........ ........ -....... ........| ok p=0.963867
Q32:	|........ ........ ........ ........| ok p=1
Q33:	|........ ........ !....... ........| ok p=1
Q34:	|........ ........ ........ ........| ok p=1
Q35:	|........ ........ ........ ........| ok p=1
Q36:	|........ ........ ........ ........| ok p=1
Q37:	|........ ........ ........ ........| ok p=1
Q38:	|........ ........ ........ ........| ok p=1
Q39:	|........ ........ ........ ........| ok p=1
Q40:	|........ ........ ........ ........| ok p=1
Q41:	|........ ........ ........ ........| ok p=1
Q42:	|........ ........ ........ ........| ok p=1
Q43:	|........ ........ ........ ........| ok p=1
Q44:	|........ ........ ........ ........| ok p=1
Q45:	|........ ........ ........ ........| ok p=1
Q46:	|........ ........ ........ ........| ok p=1
Q47:	|........ ........ ........ ........| ok p=1
Q48:	|........ ........ ........ ........| ok p=1
Q49:	|........ ........ ........ ........| ok p=1
Q50:	|........ ........ ........ ........| ok p=1
Q51:	|........ ........ ........ ........| ok p=1
Q52:	|........ ........ ........ ........| ok p=1
Q53:	|........ ........ ........ ........| ok p=1
Q54:	|........ ........ ........ ........| ok p=1
Q55:	|........ ........ ........ ........| ok p=1
Q56:	|........ ........ ........ ........| ok p=1
Q57:	|........ ........ ........ ........| ok p=1
Q58:	|........ ........ ........ ........| ok p=1
Q59:	|........ ........ ........ ........| ok p=1
Q60:	|......0. ........ ........ ........| ok p=1
Q61:	|.....11. ........ ........ ........| ok p=1
Q62:	|.....0+. ........ ........ ........| ok p=1
Q63:	|.....+-. ........ ........ ........| ok p=0.984375
Q64:	|......+. ........ +....... ........|
Saving 65536 paths...done.
Autobalance parameters: maxcond=20
Verified: 0 bad out of 114941
Estimating maxcond for upper bound 262144 (=65536 * 4)...
t=30: 0%   10   20   30   40   50   60   70   80   90   100%
      |----|----|----|----|----|----|----|----|----|----|
e     ***************************************************
Found maxcond = 22
t=30: 0%   10   20   30   40   50   60   70   80   90   100%
      |----|----|----|----|----|----|----|----|----|----|
      ***************************************************
Q27:	|........ ........ ........ .....-..|
Q28:	|....+... ........ -....... ........|
Q29:	|........ ........ 0....... ........|
Q30:	|....^... ........ +....... ........| ok p=1
Q31:	|........ ........ -....... ........| ok p=0.963867
Q32:	|........ ........ ........ ........| ok p=1
Q33:	|........ ........ ^....... ........| ok p=1
Q34:	|........ ........ ........ ........| ok p=1
Q35:	|........ ........ ........ ........| ok p=1
Q36:	|........ ........ ........ ........| ok p=1
Q37:	|........ ........ ........ ........| ok p=1
Q38:	|........ ........ ........ ........| ok p=1
Q39:	|........ ........ ........ ........| ok p=1
Q40:	|........ ........ ........ ........| ok p=1
Q41:	|........ ........ ........ ........| ok p=1
Q42:	|........ ........ ........ ........| ok p=1
Q43:	|........ ........ ........ ........| ok p=1
Q44:	|........ ........ ........ ........| ok p=1
Q45:	|........ ........ ........ ........| ok p=1
Q46:	|........ ........ ........ ........| ok p=1
Q47:	|........ ........ ........ ........| ok p=1
Q48:	|........ ........ ........ ........| ok p=1
Q49:	|........ ........ ........ ........| ok p=1
Q50:	|........ ........ ........ ........| ok p=1
Q51:	|........ ........ ........ ........| ok p=1
Q52:	|........ ........ ........ ........| ok p=1
Q53:	|........ ........ ........ ........| ok p=1
Q54:	|........ ........ ........ ........| ok p=1
Q55:	|........ ........ ........ ........| ok p=1
Q56:	|........ ........ ........ ........| ok p=1
Q57:	|........ ........ ........ ........| ok p=1
Q58:	|........ ........ ........ ........| ok p=1
Q59:	|........ ........ ........ ........| ok p=1
Q60:	|......0. ........ ........ ........| ok p=1
Q61:	|.....11. ........ ........ ........| ok p=1
Q62:	|.....0+. ........ ........ ........| ok p=1
Q63:	|.....+-. ........ ........ ........| ok p=0.989258
Q64:	|......+. ........ +....... ........|
Saving 65536 paths...done.
Autobalance parameters: maxcond=19
Verified: 0 bad out of 134491
Runtime: 4.19892
Extend MD5 differential paths backward
Copyright (C) 2009 Marc Stevens
http://homepages.cwi.nl/~stevens/

delta_m[11] = [!15!]
Loading workdir2/paths30_0of1...done: 65536 (work:65536).
Estimating maxcond for upper bound 400000 (=100000 * 4)...
t=29: 0%   10   20   30   40   50   60   70   80   90   100%
      |----|----|----|----|----|----|----|----|----|----|
e     ***************************************************
Found maxcond = 23
t=29: 0%   10   20   30   40   50   60   70   80   90   100%
      |----|----|----|----|----|----|----|----|----|----|
      ***************************************************
Q26:	|........ ........ -....... .-......|
Q27:	|....1... ........ +....... ........|
Q28:	|....+... ........ +....... ........|
Q29:	|........ ........ 1....... ........| ok p=1
Q30:	|....^... ........ -....... ........| ok p=1
Q31:	|........ ........ -....... ........| ok p=0.959961
Q32:	|........ ........ ........ ........| ok p=1
Q33:	|........ ........ !....... ........| ok p=1
Q34:	|........ ........ ........ ........| ok p=1
Q35:	|........ ........ ........ ........| ok p=1
Q36:	|........ ........ ........ ........| ok p=1
Q37:	|........ ........ ........ ........| ok p=1
Q38:	|........ ........ ........ ........| ok p=1
Q39:	|........ ........ ........ ........| ok p=1
Q40:	|........ ........ ........ ........| ok p=1
Q41:	|........ ........ ........ ........| ok p=1
Q42:	|........ ........ ........ ........| ok p=1
Q43:	|........ ........ ........ ........| ok p=1
Q44:	|........ ........ ........ ........| ok p=1
Q45:	|........ ........ ........ ........| ok p=1
Q46:	|........ ........ ........ ........| ok p=1
Q47:	|........ ........ ........ ........| ok p=1
Q48:	|........ ........ ........ ........| ok p=1
Q49:	|........ ........ ........ ........| ok p=1
Q50:	|........ ........ ........ ........| ok p=1
Q51:	|........ ........ ........ ........| ok p=1
Q52:	|........ ........ ........ ........| ok p=1
Q53:	|........ ........ ........ ........| ok p=1
Q54:	|........ ........ ........ ........| ok p=1
Q55:	|........ ........ ........ ........| ok p=1
Q56:	|........ ........ ........ ........| ok p=1
Q57:	|........ ........ ........ ........| ok p=1
Q58:	|........ ........ ........ ........| ok p=1
Q59:	|........ ........ ........ ........| ok p=1
Q60:	|......0. ........ ........ ........| ok p=1
Q61:	|.....11. ........ ........ ........| ok p=1
Q62:	|.....0+. ........ ........ ........| ok p=1
Q63:	|.....+-. ........ ........ ........| ok p=0.979492
Q64:	|......+. ........ +....... ........|
Saving 100000 paths...done.
Autobalance parameters: maxcond=21
Verified: 0 bad out of 158988
Estimating maxcond for upper bound 400000 (=100000 * 4)...
t=28: 0%   10   20   30   40   50   60   70   80   90   100%
      |----|----|----|----|----|----|----|----|----|----|
e     ***************************************************
Found maxcond = 25
t=28: 0%   10   20   30   40   50   60   70   80   90   100%
      |----|----|----|----|----|----|----|----|----|----|
      ***************************************************
Q25:	|........ .-...... -....-.. ........|
Q26:	|....-... ........ -....... .-......|
Q27:	|....0... ........ +....... ........|
Q28:	|....+... ........ +....... .^......| ok p=0.970703
Q29:	|........ ........ 1....... ........| ok p=1
Q30:	|....^... ........ -....... ........| ok p=1
Q31:	|........ ........ -....... ........| ok p=0.96582
Q32:	|........ ........ ........ ........| ok p=1
Q33:	|........ ........ !....... ........| ok p=1
Q34:	|........ ........ ........ ........| ok p=1
Q35:	|........ ........ ........ ........| ok p=1
Q36:	|........ ........ ........ ........| ok p=1
Q37:	|........ ........ ........ ........| ok p=1
Q38:	|........ ........ ........ ........| ok p=1
Q39:	|........ ........ ........ ........| ok p=1
Q40:	|........ ........ ........ ........| ok p=1
Q41:	|........ ........ ........ ........| ok p=1
Q42:	|........ ........ ........ ........| ok p=1
Q43:	|........ ........ ........ ........| ok p=1
Q44:	|........ ........ ........ ........| ok p=1
Q45:	|........ ........ ........ ........| ok p=1
Q46:	|........ ........ ........ ........| ok p=1
Q47:	|........ ........ ........ ........| ok p=1
Q48:	|........ ........ ........ ........| ok p=1
Q49:	|........ ........ ........ ........| ok p=1
Q50:	|........ ........ ........ ........| ok p=1
Q51:	|........ ........ ........ ........| ok p=1
Q52:	|........ ........ ........ ........| ok p=1
Q53:	|........ ........ ........ ........| ok p=1
Q54:	|........ ........ ........ ........| ok p=1
Q55:	|........ ........ ........ ........| ok p=1
Q56:	|........ ........ ........ ........| ok p=1
Q57:	|........ ........ ........ ........| ok p=1
Q58:	|........ ........ ........ ........| ok p=1
Q59:	|........ ........ ........ ........| ok p=1
Q60:	|......0. ........ ........ ........| ok p=1
Q61:	|.....11. ........ ........ ........| ok p=1
Q62:	|.....0+. ........ ........ ........| ok p=1
Q63:	|.....+-. ........ ........ ........| ok p=0.979492
Q64:	|......+. ........ +....... ........|
Saving 100000 paths...done.
Autobalance parameters: maxcond=23
Verified: 0 bad out of 167497
Estimating maxcond for upper bound 400000 (=100000 * 4)...
t=27: 0%   10   20   30   40   50   60   70   80   90   100%
      |----|----|----|----|----|----|----|----|----|----|
e     ***************************************************
Found maxcond = 28
t=27: 0%   10   20   30   40   50   60   70   80   90   100%
      |----|----|----|----|----|----|----|----|----|----|
      ***************************************************
Q24:	|....+... ........ ........ +.......|
Q25:	|........ .-...... .....-.. .1......|
Q26:	|....0... ........ 0....... .-......|
Q27:	|....1... .^...... 1....^.. ........| ok p=0.938477
Q28:	|....+... ........ +....... .^......| ok p=0.962891
Q29:	|........ ........ 0....... ........| ok p=1
Q30:	|....^... ........ -....... ........| ok p=1
Q31:	|........ ........ -....... ........| ok p=0.964844
Q32:	|........ ........ ........ ........| ok p=1
Q33:	|........ ........ !....... ........| ok p=1
Q34:	|........ ........ ........ ........| ok p=1
Q35:	|........ ........ ........ ........| ok p=1
Q36:	|........ ........ ........ ........| ok p=1
Q37:	|........ ........ ........ ........| ok p=1
Q38:	|........ ........ ........ ........| ok p=1
Q39:	|........ ........ ........ ........| ok p=1
Q40:	|........ ........ ........ ........| ok p=1
Q41:	|........ ........ ........ ........| ok p=1
Q42:	|........ ........ ........ ........| ok p=1
Q43:	|........ ........ ........ ........| ok p=1
Q44:	|........ ........ ........ ........| ok p=1
Q45:	|........ ........ ........ ........| ok p=1
Q46:	|........ ........ ........ ........| ok p=1
Q47:	|........ ........ ........ ........| ok p=1
Q48:	|........ ........ ........ ........| ok p=1
Q49:	|........ ........ ........ ........| ok p=1
Q50:	|........ ........ ........ ........| ok p=1
Q51:	|........ ........ ........ ........| ok p=1
Q52:	|........ ........ ........ ........| ok p=1
Q53:	|........ ........ ........ ........| ok p=1
Q54:	|........ ........ ........ ........| ok p=1
Q55:	|........ ........ ........ ........| ok p=1
Q56:	|........ ........ ........ ........| ok p=1
Q57:	|........ ........ ........ ........| ok p=1
Q58:	|........ ........ ........ ........| ok p=1
Q59:	|........ ........ ........ ........| ok p=1
Q60:	|......0. ........ ........ ........| ok p=1
Q61:	|.....11. ........ ........ ........| ok p=1
Q62:	|.....0+. ........ ........ ........| ok p=1
Q63:	|.....+-. ........ ........ ........| ok p=0.975586
Q64:	|......+. ........ +....... ........|
Saving 100000 paths...done.
Autobalance parameters: maxcond=26
Verified: 0 bad out of 172695
Estimating maxcond for upper bound 400000 (=100000 * 4)...
t=26: 0%   10   20   30   40   50   60   70   80   90   100%
      |----|----|----|----|----|----|----|----|----|----|
e     ***************************************************
Found maxcond = 31
t=26: 0%   10   20   30   40   50   60   70   80   90   100%
      |----|----|----|----|----|----|----|----|----|----|
      ***************************************************
Q23:	|....+..+ .......+ .-...... .....+..|
Q24:	|........ .1...... .....1.. .+......|
Q25:	|....-... .-...... -....-.. .0......|
Q26:	|....-... ........ -....... .-......| ok p=0.931641
Q27:	|....+... .^...... +....^.. ........| ok p=1
Q28:	|....+... ........ +....... .^......| ok p=0.983398
Q29:	|....1... ........ 1....... ........| ok p=1
Q30:	|....0... ........ -....... ........| ok p=1
Q31:	|........ ........ -....... ........| ok p=0.958984
Q32:	|........ ........ ........ ........| ok p=1
Q33:	|........ ........ !....... ........| ok p=1
Q34:	|........ ........ ........ ........| ok p=1
Q35:	|........ ........ ........ ........| ok p=1
Q36:	|........ ........ ........ ........| ok p=1
Q37:	|........ ........ ........ ........| ok p=1
Q38:	|........ ........ ........ ........| ok p=1
Q39:	|........ ........ ........ ........| ok p=1
Q40:	|........ ........ ........ ........| ok p=1
Q41:	|........ ........ ........ ........| ok p=1
Q42:	|........ ........ ........ ........| ok p=1
Q43:	|........ ........ ........ ........| ok p=1
Q44:	|........ ........ ........ ........| ok p=1
Q45:	|........ ........ ........ ........| ok p=1
Q46:	|........ ........ ........ ........| ok p=1
Q47:	|........ ........ ........ ........| ok p=1
Q48:	|........ ........ ........ ........| ok p=1
Q49:	|........ ........ ........ ........| ok p=1
Q50:	|........ ........ ........ ........| ok p=1
Q51:	|........ ........ ........ ........| ok p=1
Q52:	|........ ........ ........ ........| ok p=1
Q53:	|........ ........ ........ ........| ok p=1
Q54:	|........ ........ ........ ........| ok p=1
Q55:	|........ ........ ........ ........| ok p=1
Q56:	|........ ........ ........ ........| ok p=1
Q57:	|........ ........ ........ ........| ok p=1
Q58:	|........ ........ ........ ........| ok p=1
Q59:	|........ ........ ........ ........| ok p=1
Q60:	|......0. ........ ........ ........| ok p=1
Q61:	|.....11. ........ ........ ........| ok p=1
Q62:	|.....0+. ........ ........ ........| ok p=1
Q63:	|.....+-. ........ ........ ........| ok p=0.984375
Q64:	|......+. ........ +....... ........|
Saving 100000 paths...done.
Autobalance parameters: maxcond=29
Verified: 0 bad out of 163526
Estimating maxcond for upper bound 400000 (=100000 * 4)...
t=25: 0%   10   20   30   40   50   60   70   80   90   100%
      |----|----|----|----|----|----|----|----|----|----|
e     ***************************************************
Found maxcond = 36
t=25: 0%   10   20   30   40   50   60   70   80   90   100%
      |----|----|----|----|----|----|----|----|----|----|
      ***************************************************
Q22:	|..-..... ........ ..+..... ......+.|
Q23:	|....+..+ .0...... .+...0.. ........|
Q24:	|....+... .1...... .....1.. .0......|
Q25:	|....-..^ .-...... .^...-.. .1......| ok p=0.854492
Q26:	|....-... ........ 0....... .-......| ok p=0.936523
Q27:	|....+... .^...... 1....^.. ........| ok p=0.970703
Q28:	|....+... ........ +....... .^......| ok p=0.96875
Q29:	|....1... ........ 0....... ........| ok p=1
Q30:	|....0... ........ -....... ........| ok p=1
Q31:	|........ ........ -....... ........| ok p=0.974609
Q32:	|........ ........ ........ ........| ok p=1
Q33:	|........ ........ !....... ........| ok p=1
Q34:	|........ ........ ........ ........| ok p=1
Q35:	|........ ........ ........ ........| ok p=1
Q36:	|........ ........ ........ ........| ok p=1
Q37:	|........ ........ ........ ........| ok p=1
Q38:	|........ ........ ........ ........| ok p=1
Q39:	|........ ........ ........ ........| ok p=1
Q40:	|........ ........ ........ ........| ok p=1
Q41:	|........ ........ ........ ........| ok p=1
Q42:	|........ ........ ........ ........| ok p=1
Q43:	|........ ........ ........ ........| ok p=1
Q44:	|........ ........ ........ ........| ok p=1
Q45:	|........ ........ ........ ........| ok p=1
Q46:	|........ ........ ........ ........| ok p=1
Q47:	|........ ........ ........ ........| ok p=1
Q48:	|........ ........ ........ ........| ok p=1
Q49:	|........ ........ ........ ........| ok p=1
Q50:	|........ ........ ........ ........| ok p=1
Q51:	|........ ........ ........ ........| ok p=1
Q52:	|........ ........ ........ ........| ok p=1
Q53:	|........ ........ ........ ........| ok p=1
Q54:	|........ ........ ........ ........| ok p=1
Q55:	|........ ........ ........ ........| ok p=1
Q56:	|........ ........ ........ ........| ok p=1
Q57:	|........ ........ ........ ........| ok p=1
Q58:	|........ ........ ........ ........| ok p=1
Q59:	|........ ........ ........ ........| ok p=1
Q60:	|......0. ........ ........ ........| ok p=1
Q61:	|.....11. ........ ........ ........| ok p=1
Q62:	|.....0+. ........ ........ ........| ok p=1
Q63:	|.....+-. ........ ........ ........| ok p=0.982422
Q64:	|......+. ........ +....... ........|
Saving 100000 paths...done.
Autobalance parameters: maxcond=35
Verified: 488 bad out of 134751
Estimating maxcond for upper bound 400000 (=100000 * 4)...
t=24: 0%   10   20   30   40   50   60   70   80   90   100%
      |----|----|----|----|----|----|----|----|----|----|
e     ***************************************************
Found maxcond = 44
t=24: 0%   10   20   30   40   50   60   70   80   90   100%
      |----|----|----|----|----|----|----|----|----|----|
      ***************************************************
Q21:	|....-... -.....-. ........ -.+..-..|
Q22:	|.......1 ........ .1+..... ......+.|
Q23:	|....+..+ .0...... .+...0.. .+......|
Q24:	|....+... .1...... ..^..1.. .+....^.| ok p=0.948242
Q25:	|....-..^ .-...... .^...-.. .-......| ok p=0.998047
Q26:	|....-... ........ 0....... .-......| ok p=0.931641
Q27:	|....+... .^...... 1....^.. .1......| ok p=0.959961
Q28:	|....+... ........ +....... .0......| ok p=0.969727
Q29:	|....1... ........ 0....... ........| ok p=1
Q30:	|....0... ........ -....... ........| ok p=1
Q31:	|........ ........ -....... ........| ok p=0.966797
Q32:	|........ ........ ........ ........| ok p=1
Q33:	|........ ........ !....... ........| ok p=1
Q34:	|........ ........ ........ ........| ok p=1
Q35:	|........ ........ ........ ........| ok p=1
Q36:	|........ ........ ........ ........| ok p=1
Q37:	|........ ........ ........ ........| ok p=1
Q38:	|........ ........ ........ ........| ok p=1
Q39:	|........ ........ ........ ........| ok p=1
Q40:	|........ ........ ........ ........| ok p=1
Q41:	|........ ........ ........ ........| ok p=1
Q42:	|........ ........ ........ ........| ok p=1
Q43:	|........ ........ ........ ........| ok p=1
Q44:	|........ ........ ........ ........| ok p=1
Q45:	|........ ........ ........ ........| ok p=1
Q46:	|........ ........ ........ ........| ok p=1
Q47:	|........ ........ ........ ........| ok p=1
Q48:	|........ ........ ........ ........| ok p=1
Q49:	|........ ........ ........ ........| ok p=1
Q50:	|........ ........ ........ ........| ok p=1
Q51:	|........ ........ ........ ........| ok p=1
Q52:	|........ ........ ........ ........| ok p=1
Q53:	|........ ........ ........ ........| ok p=1
Q54:	|........ ........ ........ ........| ok p=1
Q55:	|........ ........ ........ ........| ok p=1
Q56:	|........ ........ ........ ........| ok p=1
Q57:	|........ ........ ........ ........| ok p=1
Q58:	|........ ........ ........ ........| ok p=1
Q59:	|........ ........ ........ ........| ok p=1
Q60:	|......0. ........ ........ ........| ok p=1
Q61:	|.....11. ........ ........ ........| ok p=1
Q62:	|.....0+. ........ ........ ........| ok p=1
Q63:	|.....+-. ........ ........ ........| ok p=0.981445
Q64:	|......+. ........ +....... ........|
Saving 100000 paths...done.
Autobalance parameters: maxcond=43
Verified: 0 bad out of 131714
Estimating maxcond for upper bound 400000 (=100000 * 4)...
t=23: 0%   10   20   30   40   50   60   70   80   90   100%
      |----|----|----|----|----|----|----|----|----|----|
e     ***************************************************
Found maxcond = 53
t=23: 0%   10   20   30   40   50   60   70   80   90   100%
      |----|----|----|----|----|----|----|----|----|----|
      ***************************************************
Q20:	|........ .-...... ........ ..-.+...|
Q21:	|..1....0 .....1.. ..1..... ..-...1.|
Q22:	|..-....1 .+...+.. ..+..... ......+.|
Q23:	|.......+ .+...... .....0.. ..^.....| ok p=0.991211
Q24:	|..^.0... .-...^.. ..^..1.. .0....^.| ok p=1
Q25:	|.......^ .-...... .....-.. .1......| ok p=0.851562
Q26:	|...0+... .1...... 0....... .-......| ok p=0.99707
Q27:	|...1+... .0...... 1....^.. ........| ok p=0.966797
Q28:	|...+-... ........ +....... .^......| ok p=0.969727
Q29:	|....0... ........ 0....... ........| ok p=1
Q30:	|...^1... ........ -....... ........| ok p=1
Q31:	|........ ........ -....... ........| ok p=0.96582
Q32:	|........ ........ ........ ........| ok p=1
Q33:	|........ ........ !....... ........| ok p=1
Q34:	|........ ........ ........ ........| ok p=1
Q35:	|........ ........ ........ ........| ok p=1
Q36:	|........ ........ ........ ........| ok p=1
Q37:	|........ ........ ........ ........| ok p=1
Q38:	|........ ........ ........ ........| ok p=1
Q39:	|........ ........ ........ ........| ok p=1
Q40:	|........ ........ ........ ........| ok p=1
Q41:	|........ ........ ........ ........| ok p=1
Q42:	|........ ........ ........ ........| ok p=1
Q43:	|........ ........ ........ ........| ok p=1
Q44:	|........ ........ ........ ........| ok p=1
Q45:	|........ ........ ........ ........| ok p=1
Q46:	|........ ........ ........ ........| ok p=1
Q47:	|........ ........ ........ ........| ok p=1
Q48:	|........ ........ ........ ........| ok p=1
Q49:	|........ ........ ........ ........| ok p=1
Q50:	|........ ........ ........ ........| ok p=1
Q51:	|........ ........ ........ ........| ok p=1
Q52:	|........ ........ ........ ........| ok p=1
Q53:	|........ ........ ........ ........| ok p=1
Q54:	|........ ........ ........ ........| ok p=1
Q55:	|........ ........ ........ ........| ok p=1
Q56:	|........ ........ ........ ........| ok p=1
Q57:	|........ ........ ........ ........| ok p=1
Q58:	|........ ........ ........ ........| ok p=1
Q59:	|........ ........ ........ ........| ok p=1
Q60:	|......0. ........ ........ ........| ok p=1
Q61:	|.....11. ........ ........ ........| ok p=1
Q62:	|.....0+. ........ ........ ........| ok p=1
Q63:	|.....+-. ........ ........ ........| ok p=0.987305
Q64:	|......+. ........ +....... ........|
Saving 100000 paths...done.
Autobalance parameters: maxcond=52
Verified: 0 bad out of 105804
Estimating maxcond for upper bound 400000 (=100000 * 4)...
t=22: 0%   10   20   30   40   50   60   70   80   90   100%
      |----|----|----|----|----|----|----|----|----|----|
e     ***************************************************
Found maxcond = 60
t=22: 0%   10   20   30   40   50   60   70   80   90   100%
      |----|----|----|----|----|----|----|----|----|----|
      ***************************************************
Q19:	|+....... ....-... +....+.. ...-...-|
Q20:	|..+..... .....-1. ..-..... ..1-..0.|
Q21:	|..0....0 .....0-. ..0..... ..-...1.|
Q22:	|..-....1 .....+.. ..+..... ...^..+.| ok p=0.46582
Q23:	|.......+ .0....^. .....0.. ..^.....| ok p=0.989258
Q24:	|..^.0... .1...^.. ..^..1.. .0....^.| ok p=1
Q25:	|.......^ .-...... .....-.. .1......| ok p=0.861328
Q26:	|...0+... ........ 0....... .-......| ok p=0.99707
Q27:	|...1+... .^...... 1....^.. ........| ok p=0.97168
Q28:	|...+-... ........ +....... .^......| ok p=0.970703
Q29:	|....0... ........ 0....... ........| ok p=1
Q30:	|...^1... ........ -....... ........| ok p=1
Q31:	|........ ........ -....... ........| ok p=0.970703
Q32:	|........ ........ ........ ........| ok p=1
Q33:	|........ ........ !....... ........| ok p=1
Q34:	|........ ........ ........ ........| ok p=1
Q35:	|........ ........ ........ ........| ok p=1
Q36:	|........ ........ ........ ........| ok p=1
Q37:	|........ ........ ........ ........| ok p=1
Q38:	|........ ........ ........ ........| ok p=1
Q39:	|........ ........ ........ ........| ok p=1
Q40:	|........ ........ ........ ........| ok p=1
Q41:	|........ ........ ........ ........| ok p=1
Q42:	|........ ........ ........ ........| ok p=1
Q43:	|........ ........ ........ ........| ok p=1
Q44:	|........ ........ ........ ........| ok p=1
Q45:	|........ ........ ........ ........| ok p=1
Q46:	|........ ........ ........ ........| ok p=1
Q47:	|........ ........ ........ ........| ok p=1
Q48:	|........ ........ ........ ........| ok p=1
Q49:	|........ ........ ........ ........| ok p=1
Q50:	|........ ........ ........ ........| ok p=1
Q51:	|........ ........ ........ ........| ok p=1
Q52:	|........ ........ ........ ........| ok p=1
Q53:	|........ ........ ........ ........| ok p=1
Q54:	|........ ........ ........ ........| ok p=1
Q55:	|........ ........ ........ ........| ok p=1
Q56:	|........ ........ ........ ........| ok p=1
Q57:	|........ ........ ........ ........| ok p=1
Q58:	|........ ........ ........ ........| ok p=1
Q59:	|........ ........ ........ ........| ok p=1
Q60:	|......0. ........ ........ ........| ok p=1
Q61:	|.....11. ........ ........ ........| ok p=1
Q62:	|.....0+. ........ ........ ........| ok p=1
Q63:	|.....+-. ........ ........ ........| ok p=0.984375
Q64:	|......+. ........ +....... ........|
Saving 100000 paths...done.
Autobalance parameters: maxcond=59
Verified: 0 bad out of 157983
Estimating maxcond for upper bound 400000 (=100000 * 4)...
t=21: 0%   10   20   30   40   50   60   70   80   90   100%
      |----|----|----|----|----|----|----|----|----|----|
e     ***************************************************
Found maxcond = 71
t=21: 0%   10   20   30   40   50   60   70   80   90   100%
      |----|----|----|----|----|----|----|----|----|----|
      ***************************************************
Q18:	|...+..+. ...-.+.- .....+.- ...+....|
Q19:	|+....... .....--. +....... ..0-....|
Q20:	|..0....- .....-0. ..0..... ..1-..0.|
Q21:	|^.1....- .....0-. ^.1..... ..-0..1.| ok p=0.830078
Q22:	|..-....+ .....+.. ..+..... ...^..+.| ok p=0.416992
Q23:	|.......+ .0....^. .....0.. ..^.....| ok p=0.998047
Q24:	|..^.0..1 .1...^.. ..^..1.. .0....^.| ok p=1
Q25:	|.......0 .-...... .....-.. .1......| ok p=0.855469
Q26:	|...0+... ........ 0....... .-......| ok p=0.995117
Q27:	|...1+... .^...... 1....^.. ........| ok p=0.967773
Q28:	|...+-... ........ +....... .^......| ok p=0.979492
Q29:	|....0... ........ 0....... ........| ok p=1
Q30:	|...^1... ........ -....... ........| ok p=1
Q31:	|........ ........ -....... ........| ok p=0.962891
Q32:	|........ ........ ........ ........| ok p=1
Q33:	|........ ........ !....... ........| ok p=1
Q34:	|........ ........ ........ ........| ok p=1
Q35:	|........ ........ ........ ........| ok p=1
Q36:	|........ ........ ........ ........| ok p=1
Q37:	|........ ........ ........ ........| ok p=1
Q38:	|........ ........ ........ ........| ok p=1
Q39:	|........ ........ ........ ........| ok p=1
Q40:	|........ ........ ........ ........| ok p=1
Q41:	|........ ........ ........ ........| ok p=1
Q42:	|........ ........ ........ ........| ok p=1
Q43:	|........ ........ ........ ........| ok p=1
Q44:	|........ ........ ........ ........| ok p=1
Q45:	|........ ........ ........ ........| ok p=1
Q46:	|........ ........ ........ ........| ok p=1
Q47:	|........ ........ ........ ........| ok p=1
Q48:	|........ ........ ........ ........| ok p=1
Q49:	|........ ........ ........ ........| ok p=1
Q50:	|........ ........ ........ ........| ok p=1
Q51:	|........ ........ ........ ........| ok p=1
Q52:	|........ ........ ........ ........| ok p=1
Q53:	|........ ........ ........ ........| ok p=1
Q54:	|........ ........ ........ ........| ok p=1
Q55:	|........ ........ ........ ........| ok p=1
Q56:	|........ ........ ........ ........| ok p=1
Q57:	|........ ........ ........ ........| ok p=1
Q58:	|........ ........ ........ ........| ok p=1
Q59:	|........ ........ ........ ........| ok p=1
Q60:	|......0. ........ ........ ........| ok p=1
Q61:	|.....11. ........ ........ ........| ok p=1
Q62:	|.....0+. ........ ........ ........| ok p=1
Q63:	|.....+-. ........ ........ ........| ok p=0.985352
Q64:	|......+. ........ +....... ........|
Saving 100000 paths...done.
Autobalance parameters: maxcond=70
Verified: 0 bad out of 144176
Runtime: 10.0575
Extend MD5 differential paths backward
Copyright (C) 2009 Marc Stevens
http://homepages.cwi.nl/~stevens/

delta_m[11] = [!15!]
Loading workdir2/paths21_0of1...done: 100000 (work:100000).
Estimating maxcond for upper bound 65536 (=16384 * 4)...
t=20: 0%   10   20   30   40   50   60   70   80   90   100%
      |----|----|----|----|----|----|----|----|----|----|
e     ***************************************************
Found maxcond = 84
t=20: 0%   10   20   30   40   50   60   70   80   90   100%
      |----|----|----|----|----|----|----|----|----|----|
      ***************************************************
Q17:	|+....... ........ ...-.... ...+...-|
Q18:	|1..+...+ ....-... 1....+.- ...+....|
Q19:	|+....... ....-.0. +....+.. ..01....|
Q20:	|..0^...^ ....001. ..0..0.^ ..1-..0.| ok p=0.378906
Q21:	|^.1....0 ....11-. ^.1..^.. ..-0..1.| ok p=0.825195
Q22:	|..-....1 .....+.. ..+..... ...1..+.| ok p=0.43457
Q23:	|.......+ .0....^. .....0.. ..^.....| ok p=0.990234
Q24:	|..^.0... .1...^.. ..^..1.. .0....^.| ok p=1
Q25:	|.......^ .-...... .....-.. .1......| ok p=0.848633
Q26:	|...0+... ........ 0....... .-......| ok p=0.990234
Q27:	|...1+... .^...... 1....^.. ........| ok p=0.96875
Q28:	|...+-... ........ +....... .^......| ok p=0.963867
Q29:	|....0... ........ 0....... ........| ok p=1
Q30:	|...^1... ........ -....... ........| ok p=1
Q31:	|........ ........ -....... ........| ok p=0.97168
Q32:	|........ ........ ........ ........| ok p=1
Q33:	|........ ........ !....... ........| ok p=1
Q34:	|........ ........ ........ ........| ok p=1
Q35:	|........ ........ ........ ........| ok p=1
Q36:	|........ ........ ........ ........| ok p=1
Q37:	|........ ........ ........ ........| ok p=1
Q38:	|........ ........ ........ ........| ok p=1
Q39:	|........ ........ ........ ........| ok p=1
Q40:	|........ ........ ........ ........| ok p=1
Q41:	|........ ........ ........ ........| ok p=1
Q42:	|........ ........ ........ ........| ok p=1
Q43:	|........ ........ ........ ........| ok p=1
Q44:	|........ ........ ........ ........| ok p=1
Q45:	|........ ........ ........ ........| ok p=1
Q46:	|........ ........ ........ ........| ok p=1
Q47:	|........ ........ ........ ........| ok p=1
Q48:	|........ ........ ........ ........| ok p=1
Q49:	|........ ........ ........ ........| ok p=1
Q50:	|........ ........ ........ ........| ok p=1
Q51:	|........ ........ ........ ........| ok p=1
Q52:	|........ ........ ........ ........| ok p=1
Q53:	|........ ........ ........ ........| ok p=1
Q54:	|........ ........ ........ ........| ok p=1
Q55:	|........ ........ ........ ........| ok p=1
Q56:	|........ ........ ........ ........| ok p=1
Q57:	|........ ........ ........ ........| ok p=1
Q58:	|........ ........ ........ ........| ok p=1
Q59:	|........ ........ ........ ........| ok p=1
Q60:	|......0. ........ ........ ........| ok p=1
Q61:	|.....11. ........ ........ ........| ok p=1
Q62:	|.....0+. ........ ........ ........| ok p=1
Q63:	|.....+-. ........ ........ ........| ok p=0.981445
Q64:	|......+. ........ +....... ........|
Saving 16384 paths...done.
Autobalance parameters: maxcond=82
Verified: 0 bad out of 31720
Runtime: 2.64643
Extend MD5 differential paths backward
Copyright (C) 2009 Marc Stevens
http://homepages.cwi.nl/~stevens/

delta_m[11] = [!15!]
Loading workdir2/paths20_0of1...done: 16384 (work:16384).
Estimating maxcond for upper bound 2000000 (=500000 * 4)...
t=19: 0%   10   20   30   40   50   60   70   80   90   100%
      |----|----|----|----|----|----|----|----|----|----|
e     ***************************************************
Found maxcond = 93
t=19: 0%   10   20   30   40   50   60   70   80   90   100%
      |----|----|----|----|----|----|----|----|----|----|
      ***************************************************
Q16:	|+...-... .-..+.-. ...-.+.. ...-....|
Q17:	|0..1...1 ........ -..-...1 ........|
Q18:	|0..+...+ ....-... 0....+.- ...+....|
Q19:	|+....... ....-.0. +..^.+.. ..0+....| ok p=0.237305
Q20:	|..0^...^ ....001. ..0..0.^ ..0-..0.| ok p=0.381836
Q21:	|^.1....0 ....11-. ^.1..^.. ..-1..1.| ok p=0.775391
Q22:	|..-....1 .....+.. ..+..... ...^..+.| ok p=0.445312
Q23:	|.......+ .0....^. .....0.. ..^.....| ok p=0.993164
Q24:	|..^.0... .1...^.. ..^..1.. .0....^.| ok p=0.998047
Q25:	|.......^ .-...... .....-.. .1......| ok p=0.853516
Q26:	|...0+... ........ 0....... .-......| ok p=0.995117
Q27:	|...1+... .^...... 1....^.. ........| ok p=0.960938
Q28:	|...+-... ........ +....... .^......| ok p=0.972656
Q29:	|....0... ........ 0....... ........| ok p=1
Q30:	|...^1... ........ -....... ........| ok p=1
Q31:	|........ ........ -....... ........| ok p=0.978516
Q32:	|........ ........ ........ ........| ok p=1
Q33:	|........ ........ !....... ........| ok p=1
Q34:	|........ ........ ........ ........| ok p=1
Q35:	|........ ........ ........ ........| ok p=1
Q36:	|........ ........ ........ ........| ok p=1
Q37:	|........ ........ ........ ........| ok p=1
Q38:	|........ ........ ........ ........| ok p=1
Q39:	|........ ........ ........ ........| ok p=1
Q40:	|........ ........ ........ ........| ok p=1
Q41:	|........ ........ ........ ........| ok p=1
Q42:	|........ ........ ........ ........| ok p=1
Q43:	|........ ........ ........ ........| ok p=1
Q44:	|........ ........ ........ ........| ok p=1
Q45:	|........ ........ ........ ........| ok p=1
Q46:	|........ ........ ........ ........| ok p=1
Q47:	|........ ........ ........ ........| ok p=1
Q48:	|........ ........ ........ ........| ok p=1
Q49:	|........ ........ ........ ........| ok p=1
Q50:	|........ ........ ........ ........| ok p=1
Q51:	|........ ........ ........ ........| ok p=1
Q52:	|........ ........ ........ ........| ok p=1
Q53:	|........ ........ ........ ........| ok p=1
Q54:	|........ ........ ........ ........| ok p=1
Q55:	|........ ........ ........ ........| ok p=1
Q56:	|........ ........ ........ ........| ok p=1
Q57:	|........ ........ ........ ........| ok p=1
Q58:	|........ ........ ........ ........| ok p=1
Q59:	|........ ........ ........ ........| ok p=1
Q60:	|......0. ........ ........ ........| ok p=1
Q61:	|.....11. ........ ........ ........| ok p=1
Q62:	|.....0+. ........ ........ ........| ok p=1
Q63:	|.....+-. ........ ........ ........| ok p=0.979492
Q64:	|......+. ........ +....... ........|
Saving 500000 paths...done.
Autobalance parameters: maxcond=92
Verified: 11840 bad out of 635773
Estimating maxcond for upper bound 2000000 (=500000 * 4)...
t=18: 0%   10   20   30   40   50   60   70   80   90   100%
      |----|----|----|----|----|----|----|----|----|----|
e     ***************************************************
Found maxcond = 105
t=18: 0%   10   20   30   40   50   60   70   80   90   100%
      |----|----|----|----|----|----|----|----|----|----|
      ***************************************************
Q15:	|.....+.. -....-.+ .+...-.. ...-..+.|
Q16:	|...0-..0 .-..+... ...1.+.+ ........|
Q17:	|1..1...1 ....0... 0..-.1.0 ...+....|
Q18:	|0..+^..+ .^..-... 1....+.- ...+....| ok p=0.417969
Q19:	|-....... ....-.0. +..^.+.. ..0-....| ok p=0.254883
Q20:	|..0^...^ ....001. ..0..0.^ ..1-..0.| ok p=0.62793
Q21:	|^.1....0 ....11-. ^.1..^.. ..-0..1.| ok p=0.798828
Q22:	|..-....1 .....+.. ..+..... ...^..+.| ok p=0.442383
Q23:	|.......+ .0....^. .....0.. ..^.....| ok p=0.993164
Q24:	|..^.0... .1...^.. ..^..1.. .0....^.| ok p=0.996094
Q25:	|.......^ .-...... .....-.. .1......| ok p=0.829102
Q26:	|...0+... ........ 0....... .-......| ok p=0.992188
Q27:	|...1+... .^...... 1....^.. ........| ok p=0.970703
Q28:	|...+-... ........ +....... .^......| ok p=0.973633
Q29:	|....0... ........ 0....... ........| ok p=1
Q30:	|...^1... ........ -....... ........| ok p=1
Q31:	|........ ........ -....... ........| ok p=0.96875
Q32:	|........ ........ ........ ........| ok p=1
Q33:	|........ ........ !....... ........| ok p=1
Q34:	|........ ........ ........ ........| ok p=1
Q35:	|........ ........ ........ ........| ok p=1
Q36:	|........ ........ ........ ........| ok p=1
Q37:	|........ ........ ........ ........| ok p=1
Q38:	|........ ........ ........ ........| ok p=1
Q39:	|........ ........ ........ ........| ok p=1
Q40:	|........ ........ ........ ........| ok p=1
Q41:	|........ ........ ........ ........| ok p=1
Q42:	|........ ........ ........ ........| ok p=1
Q43:	|........ ........ ........ ........| ok p=1
Q44:	|........ ........ ........ ........| ok p=1
Q45:	|........ ........ ........ ........| ok p=1
Q46:	|........ ........ ........ ........| ok p=1
Q47:	|........ ........ ........ ........| ok p=1
Q48:	|........ ........ ........ ........| ok p=1
Q49:	|........ ........ ........ ........| ok p=1
Q50:	|........ ........ ........ ........| ok p=1
Q51:	|........ ........ ........ ........| ok p=1
Q52:	|........ ........ ........ ........| ok p=1
Q53:	|........ ........ ........ ........| ok p=1
Q54:	|........ ........ ........ ........| ok p=1
Q55:	|........ ........ ........ ........| ok p=1
Q56:	|........ ........ ........ ........| ok p=1
Q57:	|........ ........ ........ ........| ok p=1
Q58:	|........ ........ ........ ........| ok p=1
Q59:	|........ ........ ........ ........| ok p=1
Q60:	|......0. ........ ........ ........| ok p=1
Q61:	|.....11. ........ ........ ........| ok p=1
Q62:	|.....0+. ........ ........ ........| ok p=1
Q63:	|.....+-. ........ ........ ........| ok p=0.985352
Q64:	|......+. ........ +....... ........|
Saving 500000 paths...done.
Autobalance parameters: maxcond=104
Verified: 0 bad out of 667055
Estimating maxcond for upper bound 2000000 (=500000 * 4)...
t=17: 0%   10   20   30   40   50   60   70   80   90   100%
      |----|----|----|----|----|----|----|----|----|----|
e     ***************************************************
Found maxcond = 121
t=17: 0%   10   20   30   40   50   60   70   80   90   100%
      |----|----|----|----|----|----|----|----|----|----|
      ***************************************************
Q14:	|+....... ........ +..+.-.. ...+.-.-|
Q15:	|....1.+. .+..+..+ .+...-.. ...-..+.|
Q16:	|...0-..1 .-..+... ...-.+.0 ...0....|
Q17:	|1..1..^1 .1..1..^ 0^.-.-.1 ...+..^.| ok p=0.506836
Q18:	|0..+^..+ .0..-... 1..0.+.- ...+....| ok p=0.546875
Q19:	|+....... ....-.0. +..^.+.. ..0-....| ok p=0.258789
Q20:	|..0^...^ ....001. ..0..1.^ ..1-..0.| ok p=0.640625
Q21:	|^.1....0 ....11-. ^.1..^.. ..-0..1.| ok p=0.80957
Q22:	|..-....1 .....+.. ..+..... ...^..+.| ok p=0.452148
Q23:	|.......+ .0....^. .....0.. ..^.....| ok p=0.991211
Q24:	|..^.0... .1...^.. ..^..1.. .0....^.| ok p=0.998047
Q25:	|.......^ .-...... .....-.. .1......| ok p=0.84375
Q26:	|...0+... ........ 0....... .-......| ok p=0.988281
Q27:	|...1+... .^...... 1....^.. ........| ok p=0.96582
Q28:	|...+-... ........ +....... .^......| ok p=0.983398
Q29:	|....0... ........ 0....... ........| ok p=1
Q30:	|...^1... ........ -....... ........| ok p=1
Q31:	|........ ........ -....... ........| ok p=0.967773
Q32:	|........ ........ ........ ........| ok p=1
Q33:	|........ ........ !....... ........| ok p=1
Q34:	|........ ........ ........ ........| ok p=1
Q35:	|........ ........ ........ ........| ok p=1
Q36:	|........ ........ ........ ........| ok p=1
Q37:	|........ ........ ........ ........| ok p=1
Q38:	|........ ........ ........ ........| ok p=1
Q39:	|........ ........ ........ ........| ok p=1
Q40:	|........ ........ ........ ........| ok p=1
Q41:	|........ ........ ........ ........| ok p=1
Q42:	|........ ........ ........ ........| ok p=1
Q43:	|........ ........ ........ ........| ok p=1
Q44:	|........ ........ ........ ........| ok p=1
Q45:	|........ ........ ........ ........| ok p=1
Q46:	|........ ........ ........ ........| ok p=1
Q47:	|........ ........ ........ ........| ok p=1
Q48:	|........ ........ ........ ........| ok p=1
Q49:	|........ ........ ........ ........| ok p=1
Q50:	|........ ........ ........ ........| ok p=1
Q51:	|........ ........ ........ ........| ok p=1
Q52:	|........ ........ ........ ........| ok p=1
Q53:	|........ ........ ........ ........| ok p=1
Q54:	|........ ........ ........ ........| ok p=1
Q55:	|........ ........ ........ ........| ok p=1
Q56:	|........ ........ ........ ........| ok p=1
Q57:	|........ ........ ........ ........| ok p=1
Q58:	|........ ........ ........ ........| ok p=1
Q59:	|........ ........ ........ ........| ok p=1
Q60:	|......0. ........ ........ ........| ok p=1
Q61:	|.....11. ........ ........ ........| ok p=1
Q62:	|.....0+. ........ ........ ........| ok p=1
Q63:	|.....+-. ........ ........ ........| ok p=0.980469
Q64:	|......+. ........ +....... ........|
Saving 500000 paths...done.
Autobalance parameters: maxcond=120
Verified: 0 bad out of 775826
Estimating maxcond for upper bound 2000000 (=500000 * 4)...
t=16: 0%   10   20   30   40   50   60   70   80   90   100%
      |----|----|----|----|----|----|----|----|----|----|
e     ***************************************************
Found maxcond = 132
t=16: 0%   10   20   30   40   50   60   70   80   90   100%
      |----|----|----|----|----|----|----|----|----|----|
      ***************************************************
Q13:	|+....... +...-.+. .-.....- .+......|
Q14:	|+...01.. .......1 .+...-.. ...1..-.|
Q15:	|....1+.. .-..+..+ .+.0.-.. ...-..+.|
Q16:	|^..0-..0 .-..+... .0.1.+.0 ...1..1.| ok p=0.610352
Q17:	|1..1.^.1 .0..1..^ 01.-.-.1 ...+..0.| ok p=0.480469
Q18:	|0..+^..+ .1..-... 1....+.- ...+....| ok p=0.521484
Q19:	|+....... ....-.0. +..^.+.. ..0-....| ok p=0.259766
Q20:	|..0^...^ ....001. ..0..1.^ ..1-..0.| ok p=0.628906
Q21:	|^.1....0 ....11-. ^.1..^.. ..-0..1.| ok p=0.813477
Q22:	|..-....1 .....+.. ..+..... ...^..+.| ok p=0.455078
Q23:	|.......+ .0....^. .....0.. ..^.....| ok p=0.994141
Q24:	|..^.0... .1...^.. ..^..1.. .0....^.| ok p=0.998047
Q25:	|.......^ .-...... .....-.. .1......| ok p=0.854492
Q26:	|...0+... ........ 0....... .-......| ok p=0.991211
Q27:	|...1+... .^...... 1....^.. ........| ok p=0.963867
Q28:	|...+-... ........ +....... .^......| ok p=0.966797
Q29:	|....0... ........ 0....... ........| ok p=1
Q30:	|...^1... ........ -....... ........| ok p=1
Q31:	|........ ........ -....... ........| ok p=0.967773
Q32:	|........ ........ ........ ........| ok p=1
Q33:	|........ ........ !....... ........| ok p=1
Q34:	|........ ........ ........ ........| ok p=1
Q35:	|........ ........ ........ ........| ok p=1
Q36:	|........ ........ ........ ........| ok p=1
Q37:	|........ ........ ........ ........| ok p=1
Q38:	|........ ........ ........ ........| ok p=1
Q39:	|........ ........ ........ ........| ok p=1
Q40:	|........ ........ ........ ........| ok p=1
Q41:	|........ ........ ........ ........| ok p=1
Q42:	|........ ........ ........ ........| ok p=1
Q43:	|........ ........ ........ ........| ok p=1
Q44:	|........ ........ ........ ........| ok p=1
Q45:	|........ ........ ........ ........| ok p=1
Q46:	|........ ........ ........ ........| ok p=1
Q47:	|........ ........ ........ ........| ok p=1
Q48:	|........ ........ ........ ........| ok p=1
Q49:	|........ ........ ........ ........| ok p=1
Q50:	|........ ........ ........ ........| ok p=1
Q51:	|........ ........ ........ ........| ok p=1
Q52:	|........ ........ ........ ........| ok p=1
Q53:	|........ ........ ........ ........| ok p=1
Q54:	|........ ........ ........ ........| ok p=1
Q55:	|........ ........ ........ ........| ok p=1
Q56:	|........ ........ ........ ........| ok p=1
Q57:	|........ ........ ........ ........| ok p=1
Q58:	|........ ........ ........ ........| ok p=1
Q59:	|........ ........ ........ ........| ok p=1
Q60:	|......0. ........ ........ ........| ok p=1
Q61:	|.....11. ........ ........ ........| ok p=1
Q62:	|.....0+. ........ ........ ........| ok p=1
Q63:	|.....+-. ........ ........ ........| ok p=0.986328
Q64:	|......+. ........ +....... ........|
Saving 500000 paths...done.
Autobalance parameters: maxcond=131
Verified: 0 bad out of 517081
Runtime: 34.8489
