Connect MD5 differential paths
Copyright (C) 2009 Marc Stevens
http://homepages.cwi.nl/~stevens/

delta_m[11] = [!15!]
Loading workdir2/paths16_0of1.bin.gz...done: 500000.
Loading workdir2/paths11_0of1.bin.gz...done: 500000.
t=12: 0%   10   20   30   40   50   60   70   80   90   100%
      |----|----|----|----|----|----|----|----|----|----|
      *Q-3:	|01001010 00000011 10000011 00001011|
Q-2:	|-11000-0 +--0---- 011011-0 000100+-|
Q-1:	|+01011-1 010+011+ 0000-++1 01001+--|
Q0:	|++1101-+ -0+-1110 +110+111 1+++---0| ok p=1
Q1:	|0+.+..-0 0.1+.0.0 -.+.1-0. 1-000+-0| ok p=0.0986328
Q2:	|+..-..11 +.0+.+.0 -.0.10.. +0110+.+| ok p=1
Q3:	|-0.-..-- 0.0..00+ 0.+.-1.0 00-...1-| ok p=1
Q4:	|-1.-0.-1 +.00.010 0.1.0..0 1.-..1.+| ok p=1
Q5:	|1.^00..0 1.+..0-1 ..-.1..+ .!0....0| ok p=1
Q6:	|0..++.1. 1.+..+1. ..+.1.!- ..-....+| ok p=1
Q7:	|1..1+... ..-1.0+! ^.-.-..+ ..+..1.-| ok p=1
Q8:	|0..1.... ..10.+1. -.0.00.+ ..+..1.-| ok p=0.999023
Q9:	|01..00.. ..1..+1. 0.0011.+ .!+1.+.-| ok p=1
Q10:	|+1^101.0 ^1101+00 01110+.- 01+1.+.+| ok p=1
Q11:	|0+.11-00 +1100010 .00+.+0- 111-10.1| ok p=1
Q12:	|-1^+-+1+ 0+++++++ .+--^+10 ++++0+^0| ok p=1
Q13:	|+0+--++- --+++01+ ^++1++++ 0-01+++.| ok p=1
Q14:	|+.101001 00..0101 +0010-10 00000-0.| ok p=1
Q15:	|.^10--01 0-01+..+ 0+0+1-00 .1.-00+.| ok p=0.952148
Q16:	|^..1-..0 .-..+... 0..+.+.0 ...1.0..| ok p=0.287109
Q17:	|1..10^.1 .0..1..^ 0^.-.-.1 ...+..^.| ok p=0.507812
Q18:	|0..+0..+ .1..-... 1..0.+.- ...+....| ok p=0.510742
Q19:	|-....... ....-.0. +..1.+.. ..0-....| ok p=0.234375
Q20:	|..0^...^ ....001. ..0..1.^ ..1-..0.| ok p=0.625977
Q21:	|^.1....0 ....11-. ^.1..1.. ..-0..1.| ok p=0.785156
Q22:	|..-....1 .....+.. ..+..... ...0..+.| ok p=0.413086
Q23:	|.......+ .0....^. .....0.. ..^.....| ok p=0.993164
Q24:	|..^.0... .1...^.. ..^..1.. .0....^.| ok p=1
Q25:	|.......^ .-...... .....-.. .1......| ok p=0.842773
Q26:	|...0+... ........ 0....... .-......| ok p=0.988281
Q27:	|...1+... .^...... 1....^.. ........| ok p=0.974609
Q28:	|...+-... ........ +....... .^......| ok p=0.970703
Q29:	|....0... ........ 0....... ........| ok p=1
Q30:	|...^1... ........ -....... ........| ok p=1
Q31:	|........ ........ -....... ........| ok p=0.964844
Q32:	|........ ........ ........ ........| ok p=1
Q33:	|........ ........ !....... ........| ok p=1
Q34:	|........ ........ ........ ........| ok p=1
Q35:	|........ ........ ........ ........| ok p=1
Q36:	|........ ........ ........ ........| ok p=1
Q37:	|........ ........ ........ ........| ok p=1
Q38:	|........ ........ ........ ........| ok p=1
Q39:	|........ ........ ........ ........| ok p=1
Q40:	|........ ........ ........ ........| ok p=1
Q41:	|........ ........ ........ ........| ok p=1
Q42:	|........ ........ ........ ........| ok p=1
Q43:	|........ ........ ........ ........| ok p=1
Q44:	|........ ........ ........ ........| ok p=1
Q45:	|........ ........ ........ ........| ok p=1
Q46:	|........ ........ ........ ........| ok p=1
Q47:	|........ ........ ........ ........| ok p=1
Q48:	|........ ........ ........ ........| ok p=1
Q49:	|........ ........ ........ ........| ok p=1
Q50:	|........ ........ ........ ........| ok p=1
Q51:	|........ ........ ........ ........| ok p=1
Q52:	|........ ........ ........ ........| ok p=1
Q53:	|........ ........ ........ ........| ok p=1
Q54:	|........ ........ ........ ........| ok p=1
Q55:	|........ ........ ........ ........| ok p=1
Q56:	|........ ........ ........ ........| ok p=1
Q57:	|........ ........ ........ ........| ok p=1
Q58:	|........ ........ ........ ........| ok p=1
Q59:	|........ ........ ........ ........| ok p=1
Q60:	|......0. ........ ........ ........| ok p=1
Q61:	|.....11. ........ ........ ........| ok p=1
Q62:	|.....0+. ........ ........ ........| ok p=1
Q63:	|.....+-. ........ ........ ........| ok p=0.982422
Q64:	|......+. ........ +....... ........|
Best path: totcompl=-37 tottunnel=25, totcond=582, p=0.00034307
Q-3:	|01001010 00000011 10000011 00001011|
Q-2:	|-11000-0 +--0---- 011011-0 000100+-|
Q-1:	|+01011-1 010+011+ 0000-++1 01001+--|
Q0:	|++1101-+ -0+-1110 +110+111 1+++---0| ok p=0.253906
Q1:	|1+.+..-0 1.1+.1.0 -.+.0-0. 0-000+-0| ok p=0.756836
Q2:	|-..-..01 -.1+.+.0 -.0.01.. +1110-.+| ok p=1
Q3:	|-0.-!.+1 1.0..01+ 0.+.-0.. -0+..10-| ok p=1
Q4:	|-1.0.1+- 1.10.100 10+.0.1. -.+.11.1| ok p=1
Q5:	|-0.+.1.+ ..-...-0 .0..1.0. .!..1..0| ok p=1
Q6:	|1101.-1- ..-...0. .-0..!-. 0.1.+..-| ok p=1
Q7:	|-11-.-.+ ..+...1! .-..^.+. ....+..+| ok p=1
Q8:	|1+.+.+.+ ..+.!..0 ....-.+. .......+| ok p=1
Q9:	|1-10.+.. ...0...1 .1..00-0 ^^.!0..-| ok p=1
Q10:	|0-10...1 10100.^+ 01..0110 ++..000-| ok p=1
Q11:	|11++.0.. 010+10+1 10.010++ 111^1010| ok p=1
Q12:	|01-0^1^^ +---+100 +-.1++0- 0+0+++++| ok p=1
Q13:	|1---+-+- 00110--1 0-.-0-++ +-+0----| ok p=1
Q14:	|+0011000 11011001 1+001-00 011+01-0| ok p=1
Q15:	|10011+10 .-..+11+ 1+.+.-11 001-00+0| ok p=0.814453
Q16:	|1..--..0 .-..+... .0.0.+.0 ...0..1.| ok p=0.517578
Q17:	|1..0.^.1 .0..1..^ 01.-.-.1 ...+..0.| ok p=0.474609
Q18:	|0..+^..+ .1..-... 1....+.- ...+....| ok p=0.547852
Q19:	|+....... ....-.0. +..^.+.. ..0-....| ok p=0.254883
Q20:	|..0^...^ ....001. ..0..1.^ ..1-..0.| ok p=0.617188
Q21:	|^.1....0 ....11-. ^.1..1.. ..-0..1.| ok p=0.789062
Q22:	|..-....1 .....+.. ..+..... ...0..+.| ok p=0.432617
Q23:	|.......+ .0....^. .....0.. ..^.....| ok p=0.991211
Q24:	|..^.0... .1...^.. ..^..1.. .0....^.| ok p=0.999023
Q25:	|.......^ .-...... .....-.. .1......| ok p=0.858398
Q26:	|...0+... ........ 0....... .-......| ok p=0.989258
Q27:	|...1+... .^...... 1....^.. ........| ok p=0.979492
Q28:	|...+-... ........ +....... .^......| ok p=0.961914
Q29:	|....0... ........ 0....... ........| ok p=1
Q30:	|...^1... ........ -....... ........| ok p=1
Q31:	|........ ........ -....... ........| ok p=0.972656
Q32:	|........ ........ ........ ........| ok p=1
Q33:	|........ ........ !....... ........| ok p=1
Q34:	|........ ........ ........ ........| ok p=1
Q35:	|........ ........ ........ ........| ok p=1
Q36:	|........ ........ ........ ........| ok p=1
Q37:	|........ ........ ........ ........| ok p=1
Q38:	|........ ........ ........ ........| ok p=1
Q39:	|........ ........ ........ ........| ok p=1
Q40:	|........ ........ ........ ........| ok p=1
Q41:	|........ ........ ........ ........| ok p=1
Q42:	|........ ........ ........ ........| ok p=1
Q43:	|........ ........ ........ ........| ok p=1
Q44:	|........ ........ ........ ........| ok p=1
Q45:	|........ ........ ........ ........| ok p=1
Q46:	|........ ........ ........ ........| ok p=1
Q47:	|........ ........ ........ ........| ok p=1
Q48:	|........ ........ ........ ........| ok p=1
Q49:	|........ ........ ........ ........| ok p=1
Q50:	|........ ........ ........ ........| ok p=1
Q51:	|........ ........ ........ ........| ok p=1
Q52:	|........ ........ ........ ........| ok p=1
Q53:	|........ ........ ........ ........| ok p=1
Q54:	|........ ........ ........ ........| ok p=1
Q55:	|........ ........ ........ ........| ok p=1
Q56:	|........ ........ ........ ........| ok p=1
Q57:	|........ ........ ........ ........| ok p=1
Q58:	|........ ........ ........ ........| ok p=1
Q59:	|........ ........ ........ ........| ok p=1
Q60:	|......0. ........ ........ ........| ok p=1
Q61:	|.....11. ........ ........ ........| ok p=1
Q62:	|.....0+. ........ ........ ........| ok p=1
Q63:	|.....+-. ........ ........ ........| ok p=0.982422
Q64:	|......+. ........ +....... ........|
Best path: totcompl=-31 tottunnel=31, totcond=580, p=0.000900932
Best paths: 2
Q-3:	|01001010 00000011 10000011 00001011|
Q-2:	|-11000-0 +--0---- 011011-0 000100+-|
Q-1:	|+01011-1 010+011+ 0000-++1 01001+--|
Q0:	|++1101-+ -0+-1110 +110+111 1+++---0| ok p=0.256836
Q1:	|1+.+..-0 1.1+.1.0 -.+.0-0. 0-000+-0| ok p=0.870117
Q2:	|-1.-..01 -.1+.+.0 -.0.01.. +1110-.+| ok p=1
Q3:	|-01-..+1 1.0..01+ 0.+.-0.. -0+..10-| ok p=1
Q4:	|-.00.1+- 1.10.100 10+.0.1. -.+.11.1| ok p=1
Q5:	|-11+.1.+ ..-...-0 .0..1.0. .!..1..0| ok p=1
Q6:	|0101.-1- ..-...0. .-0.0.-. 0.1.+..-| ok p=1
Q7:	|+11-.-.+ ..+...1! .-..0.+. ....+..+| ok p=1
Q8:	|1+1+.+.+ ..+!.... ....-.+. .......+| ok p=1
Q9:	|1-.0.+.. ...0...^ .1..0.-0 ^^!.0..-| ok p=1
Q10:	|0-00...0 .0101.^+ 11.01110 ++..100-| ok p=1
Q11:	|0+1010.. .11+00+0 00^0+0-- 111^111-| ok p=1
Q12:	|-0-+01^^ ^+--+100 +-+--+0+ 000+++++| ok p=1
Q13:	|++---++- -0110--1 1-0-001- +0-0----| ok p=1
Q14:	|+1.01000 01011001 +1101-.0 0.1+01-0| ok p=1
Q15:	|1000--10 1-..+11+ 0+.+.-.0 1.1-00+0| ok p=0.963867
Q16:	|1..1-..0 .-..+... 0..0.+.0 ...0..1.| ok p=0.508789
Q17:	|1..10^.1 .0..1..^ 0^.-.-.1 ...+..0.| ok p=0.499023
Q18:	|0..+0..+ .1..-... 1....+.- ...+....| ok p=0.518555
Q19:	|-....... ....-.0. +..^.+.. ..0-....| ok p=0.251953
Q20:	|..0^...^ ....001. ..0..1.^ ..1-..0.| ok p=0.625
Q21:	|^.1....0 ....11-. ^.1..1.. ..-0..1.| ok p=0.791016
Q22:	|..-....1 .....+.. ..+..... ...0..+.| ok p=0.443359
Q23:	|.......+ .0....^. .....0.. ..^.....| ok p=0.990234
Q24:	|..^.0... .1...^.. ..^..1.. .0....^.| ok p=0.99707
Q25:	|.......^ .-...... .....-.. .1......| ok p=0.838867
Q26:	|...0+... ........ 0....... .-......| ok p=0.987305
Q27:	|...1+... .^...... 1....^.. ........| ok p=0.969727
Q28:	|...+-... ........ +....... .^......| ok p=0.960938
Q29:	|....0... ........ 0....... ........| ok p=1
Q30:	|...^1... ........ -....... ........| ok p=1
Q31:	|........ ........ -....... ........| ok p=0.966797
Q32:	|........ ........ ........ ........| ok p=1
Q33:	|........ ........ !....... ........| ok p=1
Q34:	|........ ........ ........ ........| ok p=1
Q35:	|........ ........ ........ ........| ok p=1
Q36:	|........ ........ ........ ........| ok p=1
Q37:	|........ ........ ........ ........| ok p=1
Q38:	|........ ........ ........ ........| ok p=1
Q39:	|........ ........ ........ ........| ok p=1
Q40:	|........ ........ ........ ........| ok p=1
Q41:	|........ ........ ........ ........| ok p=1
Q42:	|........ ........ ........ ........| ok p=1
Q43:	|........ ........ ........ ........| ok p=1
Q44:	|........ ........ ........ ........| ok p=1
Q45:	|........ ........ ........ ........| ok p=1
Q46:	|........ ........ ........ ........| ok p=1
Q47:	|........ ........ ........ ........| ok p=1
Q48:	|........ ........ ........ ........| ok p=1
Q49:	|........ ........ ........ ........| ok p=1
Q50:	|........ ........ ........ ........| ok p=1
Q51:	|........ ........ ........ ........| ok p=1
Q52:	|........ ........ ........ ........| ok p=1
Q53:	|........ ........ ........ ........| ok p=1
Q54:	|........ ........ ........ ........| ok p=1
Q55:	|........ ........ ........ ........| ok p=1
Q56:	|........ ........ ........ ........| ok p=1
Q57:	|........ ........ ........ ........| ok p=1
Q58:	|........ ........ ........ ........| ok p=1
Q59:	|........ ........ ........ ........| ok p=1
Q60:	|......0. ........ ........ ........| ok p=1
Q61:	|.....11. ........ ........ ........| ok p=1
Q62:	|.....0+. ........ ........ ........| ok p=1
Q63:	|.....+-. ........ ........ ........| ok p=0.987305
Q64:	|......+. ........ +....... ........|
Best path: totcompl=-30 tottunnel=32, totcond=580, p=0.00110409
Q-3:	|01001010 00000011 10000011 00001011|
Q-2:	|-11000-0 +--0---- 011011-0 000100+-|
Q-1:	|+01011-1 010+011+ 0000-++1 01001+--|
Q0:	|++1101-+ -0+-1110 +110+111 1+++---0| ok p=0.232422
Q1:	|1+.+..-0 1.1+.1.0 -.+.0-0. 0-000+-0| ok p=0.87207
Q2:	|-1.-..01 -.1+.+.0 -.0.01.. +1110-.+| ok p=1
Q3:	|-01-..+1 1.0..01+ 0.+.-0.. -0+..10-| ok p=1
Q4:	|-.00.1+- 1.10.100 10+.0.1. -.+.11.1| ok p=1
Q5:	|-11+.1.+ ..-...-0 .0..1.0. .!..1..0| ok p=1
Q6:	|0101.-1- ..-...0. .-0..!-. 0.1.+..-| ok p=1
Q7:	|+11-.-.+ ..+...1. !-..^.+. ....+..+| ok p=1
Q8:	|1+1+.+.+ ..+.!... ....-.+. .......+| ok p=1
Q9:	|1-.0.+.. ...1...^ .1..0.-0 ^^!.0..-| ok p=1
Q10:	|0-00...0 ..110.^+ 11.01110 ++..100-| ok p=1
Q11:	|0+1010.. .^0+10+0 00^0+0-- 111^111-| ok p=1
Q12:	|-0-+01^^ ^+--+100 +-+--+0+ 000+++++| ok p=1
Q13:	|++---++- -0110--1 1-0-001- +0-0----| ok p=1
Q14:	|+1.01000 01011001 +1101-.0 0.1+01-0| ok p=1
Q15:	|1000--10 1-..+11+ 0+.+.-.0 1.1-00+0| ok p=0.951172
Q16:	|1..1-..0 .-..+... 0..0.+.0 ...0..1.| ok p=0.485352
Q17:	|1..10^.1 .0..1..^ 0^.-.-.1 ...+..0.| ok p=0.47168
Q18:	|0..+0..+ .1..-... 1....+.- ...+....| ok p=0.583984
Q19:	|+....... ....-.0. +..^.+.. ..0-....| ok p=0.250977
Q20:	|..0^...^ ....001. ..0..1.^ ..1-..0.| ok p=0.65332
Q21:	|^.1....0 ....11-. ^.1..1.. ..-0..1.| ok p=0.801758
Q22:	|..-....1 .....+.. ..+..... ...0..+.| ok p=0.439453
Q23:	|.......+ .0....^. .....0.. ..^.....| ok p=0.990234
Q24:	|..^.0... .1...^.. ..^..1.. .0....^.| ok p=0.998047
Q25:	|.......^ .-...... .....-.. .1......| ok p=0.845703
Q26:	|...0+... ........ 0....... .-......| ok p=0.992188
Q27:	|...1+... .^...... 1....^.. ........| ok p=0.962891
Q28:	|...+-... ........ +....... .^......| ok p=0.977539
Q29:	|....0... ........ 0....... ........| ok p=1
Q30:	|...^1... ........ -....... ........| ok p=1
Q31:	|........ ........ -....... ........| ok p=0.954102
Q32:	|........ ........ ........ ........| ok p=1
Q33:	|........ ........ !....... ........| ok p=1
Q34:	|........ ........ ........ ........| ok p=1
Q35:	|........ ........ ........ ........| ok p=1
Q36:	|........ ........ ........ ........| ok p=1
Q37:	|........ ........ ........ ........| ok p=1
Q38:	|........ ........ ........ ........| ok p=1
Q39:	|........ ........ ........ ........| ok p=1
Q40:	|........ ........ ........ ........| ok p=1
Q41:	|........ ........ ........ ........| ok p=1
Q42:	|........ ........ ........ ........| ok p=1
Q43:	|........ ........ ........ ........| ok p=1
Q44:	|........ ........ ........ ........| ok p=1
Q45:	|........ ........ ........ ........| ok p=1
Q46:	|........ ........ ........ ........| ok p=1
Q47:	|........ ........ ........ ........| ok p=1
Q48:	|........ ........ ........ ........| ok p=1
Q49:	|........ ........ ........ ........| ok p=1
Q50:	|........ ........ ........ ........| ok p=1
Q51:	|........ ........ ........ ........| ok p=1
Q52:	|........ ........ ........ ........| ok p=1
Q53:	|........ ........ ........ ........| ok p=1
Q54:	|........ ........ ........ ........| ok p=1
Q55:	|........ ........ ........ ........| ok p=1
Q56:	|........ ........ ........ ........| ok p=1
Q57:	|........ ........ ........ ........| ok p=1
Q58:	|........ ........ ........ ........| ok p=1
Q59:	|........ ........ ........ ........| ok p=1
Q60:	|......0. ........ ........ ........| ok p=1
Q61:	|.....11. ........ ........ ........| ok p=1
Q62:	|.....0+. ........ ........ ........| ok p=1
Q63:	|.....+-. ........ ........ ........| ok p=0.973633
Q64:	|......+. ........ +....... ........|
Best path: totcompl=-30 tottunnel=32, totcond=579, p=0.00114381
Q-3:	|01001010 00000011 10000011 00001011|
Q-2:	|-11000-0 +--0---- 011011-0 000100+-|
Q-1:	|+01011-1 010+011+ 0000-++1 01001+--|
Q0:	|++1101-+ -0+-1110 +110+111 1+++---0| ok p=0.259766
Q1:	|1+.+..-0 1.1+.1.0 -.+.0-0. 0-000+-0| ok p=0.78125
Q2:	|-..-..01 -.1+.+.0 -.0.01.. +1110-.+| ok p=1
Q3:	|-0!-..+1 1.0..01+ 0.+.-0.. -0+..10-| ok p=1
Q4:	|-1.0.1+- 1.10.100 10+.0.1. -.+.11.1| ok p=1
Q5:	|-0.+.1.+ ..-...-0 .0..1.0. .!..1..0| ok p=1
Q6:	|1101.-1- ..-...0. .-0.0.-. 0.1.+..-| ok p=1
Q7:	|-11-.-.+ ..+...1. !-..0.+. ....+..+| ok p=1
Q8:	|1+.+.+.+ ..+!.... ....-.+. .......+| ok p=1
Q9:	|1-.0.+.. ...1...^ .1..0.-0 ^^.!0..-| ok p=1
Q10:	|0-00...0 ..110.^+ 11.01110 ++..100-| ok p=1
Q11:	|0+1010.. .^0+10+0 00^0+0-- 111^111-| ok p=1
Q12:	|-0-+01^^ ^+--+100 +-+--+0+ 000+++++| ok p=1
Q13:	|++---++- -0110--1 1-0-001- +0-0----| ok p=1
Q14:	|+1.01000 01011001 +1101-.0 0.1+01-0| ok p=1
Q15:	|1000--10 1-..+11+ 0+.+.-.0 1.1-00+0| ok p=0.958008
Q16:	|1..1-..0 .-..+... 0..0.+.0 ...0..1.| ok p=0.494141
Q17:	|1..10^.1 .0..1..^ 0^.-.-.1 ...+..0.| ok p=0.475586
Q18:	|0..+0..+ .1..-... 1....+.- ...+....| ok p=0.476562
Q19:	|-....... ....-.0. +..^.+.. ..0-....| ok p=0.255859
Q20:	|..0^...^ ....001. ..0..1.^ ..1-..0.| ok p=0.617188
Q21:	|^.1....0 ....11-. ^.1..1.. ..-0..1.| ok p=0.782227
Q22:	|..-....1 .....+.. ..+..... ...0..+.| ok p=0.429688
Q23:	|.......+ .0....^. .....0.. ..^.....| ok p=0.987305
Q24:	|..^.0... .1...^.. ..^..1.. .0....^.| ok p=0.99707
Q25:	|.......^ .-...... .....-.. .1......| ok p=0.835938
Q26:	|...0+... ........ 0....... .-......| ok p=0.992188
Q27:	|...1+... .^...... 1....^.. ........| ok p=0.975586
Q28:	|...+-... ........ +....... .^......| ok p=0.970703
Q29:	|....0... ........ 0....... ........| ok p=1
Q30:	|...^1... ........ -....... ........| ok p=1
Q31:	|........ ........ -....... ........| ok p=0.969727
Q32:	|........ ........ ........ ........| ok p=1
Q33:	|........ ........ !....... ........| ok p=1
Q34:	|........ ........ ........ ........| ok p=1
Q35:	|........ ........ ........ ........| ok p=1
Q36:	|........ ........ ........ ........| ok p=1
Q37:	|........ ........ ........ ........| ok p=1
Q38:	|........ ........ ........ ........| ok p=1
Q39:	|........ ........ ........ ........| ok p=1
Q40:	|........ ........ ........ ........| ok p=1
Q41:	|........ ........ ........ ........| ok p=1
Q42:	|........ ........ ........ ........| ok p=1
Q43:	|........ ........ ........ ........| ok p=1
Q44:	|........ ........ ........ ........| ok p=1
Q45:	|........ ........ ........ ........| ok p=1
Q46:	|........ ........ ........ ........| ok p=1
Q47:	|........ ........ ........ ........| ok p=1
Q48:	|........ ........ ........ ........| ok p=1
Q49:	|........ ........ ........ ........| ok p=1
Q50:	|........ ........ ........ ........| ok p=1
Q51:	|........ ........ ........ ........| ok p=1
Q52:	|........ ........ ........ ........| ok p=1
Q53:	|........ ........ ........ ........| ok p=1
Q54:	|........ ........ ........ ........| ok p=1
Q55:	|........ ........ ........ ........| ok p=1
Q56:	|........ ........ ........ ........| ok p=1
Q57:	|........ ........ ........ ........| ok p=1
Q58:	|........ ........ ........ ........| ok p=1
Q59:	|........ ........ ........ ........| ok p=1
Q60:	|......0. ........ ........ ........| ok p=1
Q61:	|.....11. ........ ........ ........| ok p=1
Q62:	|.....0+. ........ ........ ........| ok p=1
Q63:	|.....+-. ........ ........ ........| ok p=0.990234
Q64:	|......+. ........ +....... ........|
Best path: totcompl=-30 tottunnel=32, totcond=576, p=0.000999561
Best paths: 2
Best paths: 4
Q-3:	|01001010 00000011 10000011 00001011|
Q-2:	|-11000-0 +--0---- 011011-0 000100+-|
Q-1:	|+01011-1 010+011+ 0000-++1 01001+--|
Q0:	|++1101-+ -0+-1110 +110+111 1+++---0| ok p=0.268555
Q1:	|1+.+..-0 1.1+.1.0 -.+.0-0. 0-000+-0| ok p=0.883789
Q2:	|-1.-..01 -.1+.+.0 -.0.01.. +1110-.+| ok p=1
Q3:	|-00-..+1 1.0..01+ 0.+.-0.. -0+..10-| ok p=1
Q4:	|-.10.1+- 1.10.100 10+.0.1. -.+.11.1| ok p=1
Q5:	|-00+.1.+ ..-...-0 .0..1.0. .!..1..0| ok p=1
Q6:	|1001.-1- ..-...0. .-0.0.-. 0.1.+..-| ok p=1
Q7:	|-01-.-.+ ..+...1! .-..0.+. ....+..+| ok p=1
Q8:	|1+.+.+.+ ..+.!..0 ....-.+1 .......+| ok p=1
Q9:	|1-.1.+1. ......11 .1..00-0 .^.!0..-| ok p=1
Q10:	|1-001011 .01^.00+ .0..01-+ .-..100-| ok p=1
Q11:	|0+0-01+. 111+.1+1 ^1.0000+ .1^.0111| ok p=1
Q12:	|-0-1+--^ 0+-1^-00 --.1++-- .0-^-++1| ok p=1
Q13:	|0----11+ -0-+++-- 1-.-111- .+0+1+1-| ok p=1
Q14:	|+0001100 01.01110 0+101-0. .0001-01| ok p=1
Q15:	|0001-+.0 1-11+10+ 0+.+0-.0 .1.-.0+1| ok p=0.84668
Q16:	|0..1-..0 .-..+... .0.0.+.0 ...1.1..| ok p=0.44043
Q17:	|1..10^.1 .0..1..^ 01.-.-.1 ...+..^.| ok p=0.503906
Q18:	|0..+1..+ .1..-... 1....+.- ...+....| ok p=0.613281
Q19:	|-....... ....-.0. +..^.+.. ..0-....| ok p=0.248047
Q20:	|..0^...^ ....001. ..0..1.^ ..1-..0.| ok p=0.617188
Q21:	|^.1....0 ....11-. ^.1..1.. ..-0..1.| ok p=0.790039
Q22:	|..-....1 .....+.. ..+..... ...0..+.| ok p=0.429688
Q23:	|.......+ .0....^. .....0.. ..^.....| ok p=0.989258
Q24:	|..^.0... .1...^.. ..^..1.. .0....^.| ok p=1
Q25:	|.......^ .-...... .....-.. .1......| ok p=0.850586
Q26:	|...0+... ........ 0....... .-......| ok p=0.995117
Q27:	|...1+... .^...... 1....^.. ........| ok p=0.961914
Q28:	|...+-... ........ +....... .^......| ok p=0.97168
Q29:	|....0... ........ 0....... ........| ok p=1
Q30:	|...^1... ........ -....... ........| ok p=1
Q31:	|........ ........ -....... ........| ok p=0.966797
Q32:	|........ ........ ........ ........| ok p=1
Q33:	|........ ........ !....... ........| ok p=1
Q34:	|........ ........ ........ ........| ok p=1
Q35:	|........ ........ ........ ........| ok p=1
Q36:	|........ ........ ........ ........| ok p=1
Q37:	|........ ........ ........ ........| ok p=1
Q38:	|........ ........ ........ ........| ok p=1
Q39:	|........ ........ ........ ........| ok p=1
Q40:	|........ ........ ........ ........| ok p=1
Q41:	|........ ........ ........ ........| ok p=1
Q42:	|........ ........ ........ ........| ok p=1
Q43:	|........ ........ ........ ........| ok p=1
Q44:	|........ ........ ........ ........| ok p=1
Q45:	|........ ........ ........ ........| ok p=1
Q46:	|........ ........ ........ ........| ok p=1
Q47:	|........ ........ ........ ........| ok p=1
Q48:	|........ ........ ........ ........| ok p=1
Q49:	|........ ........ ........ ........| ok p=1
Q50:	|........ ........ ........ ........| ok p=1
Q51:	|........ ........ ........ ........| ok p=1
Q52:	|........ ........ ........ ........| ok p=1
Q53:	|........ ........ ........ ........| ok p=1
Q54:	|........ ........ ........ ........| ok p=1
Q55:	|........ ........ ........ ........| ok p=1
Q56:	|........ ........ ........ ........| ok p=1
Q57:	|........ ........ ........ ........| ok p=1
Q58:	|........ ........ ........ ........| ok p=1
Q59:	|........ ........ ........ ........| ok p=1
Q60:	|......0. ........ ........ ........| ok p=1
Q61:	|.....11. ........ ........ ........| ok p=1
Q62:	|.....0+. ........ ........ ........| ok p=1
Q63:	|.....+-. ........ ........ ........| ok p=0.987305
Q64:	|......+. ........ +....... ........|
Best path: totcompl=-29 tottunnel=33, totcond=576, p=0.000879003
Best paths: 2
Q-3:	|01001010 00000011 10000011 00001011|
Q-2:	|-11000-0 +--0---- 011011-0 000100+-|
Q-1:	|+01011-1 010+011+ 0000-++1 01001+--|
Q0:	|++1101-+ -0+-1110 +110+111 1+++---0| ok p=0.235352
Q1:	|1+.+..-0 1.1+.1.0 -.+.0-0. 0-000+-0| ok p=0.873047
Q2:	|-1.-..01 -.1+.+.0 -.0.01.. +1110-.+| ok p=1
Q3:	|-0.-..+1 1.0..01+ 0.+.-0.. -0+..10-| ok p=1
Q4:	|-1!0.1+- 1.10.100 10+.0.1. -.+.11.1| ok p=1
Q5:	|-00+.1.+ ..-...-0 .0..1.0. .!..1..0| ok p=1
Q6:	|1001.-1- ..-...0. .-0.0.-. 0.1.+..-| ok p=1
Q7:	|-01-.-.+ ..+...1. .-1.0.+. ....+..+| ok p=1
Q8:	|1+.+.+.+ ..+.!..0 ....-.+1 .......+| ok p=1
Q9:	|1-.1.+1. ......11 .1..00-0 .^.!0..-| ok p=1
Q10:	|0-00.011 .01^110+ .0..01-+ .-..100-| ok p=1
Q11:	|1+1-11+. 111+10+1 ^1.0000+ .1^.0111| ok p=1
Q12:	|+0-00+-^ 0+-1-+00 --.1++-- .-+^-++1| ok p=1
Q13:	|++---11+ -0-+++-- 1-.-111- .+0+1+1-| ok p=1
Q14:	|+0001100 01.01.10 0+.01-0. .0001-01| ok p=1
Q15:	|0001-+.0 1-11+10+ 0+^+0-.0 .1.-.0+1| ok p=0.838867
Q16:	|0..1-..0 .-..+... .0.0.+.0 ...1.1..| ok p=0.467773
Q17:	|1..10^.1 .0..1..^ 01.-.-.1 ...+..^.| ok p=0.512695
Q18:	|0..+1..+ .1..-... 1....+.- ...+....| ok p=0.578125
Q19:	|-....... ....-.0. +..^.+.. ..0-....| ok p=0.241211
Q20:	|..0^...^ ....001. ..0..1.^ ..1-..0.| ok p=0.621094
Q21:	|^.1....0 ....11-. ^.1..1.. ..-0..1.| ok p=0.789062
Q22:	|..-....1 .....+.. ..+..... ...0..+.| ok p=0.445312
Q23:	|.......+ .0....^. .....0.. ..^.....| ok p=0.989258
Q24:	|..^.0... .1...^.. ..^..1.. .0....^.| ok p=0.999023
Q25:	|.......^ .-...... .....-.. .1......| ok p=0.868164
Q26:	|...0+... ........ 0....... .-......| ok p=0.994141
Q27:	|...1+... .^...... 1....^.. ........| ok p=0.973633
Q28:	|...+-... ........ +....... .^......| ok p=0.958008
Q29:	|....0... ........ 0....... ........| ok p=1
Q30:	|...^1... ........ -....... ........| ok p=1
Q31:	|........ ........ -....... ........| ok p=0.957031
Q32:	|........ ........ ........ ........| ok p=1
Q33:	|........ ........ !....... ........| ok p=1
Q34:	|........ ........ ........ ........| ok p=1
Q35:	|........ ........ ........ ........| ok p=1
Q36:	|........ ........ ........ ........| ok p=1
Q37:	|........ ........ ........ ........| ok p=1
Q38:	|........ ........ ........ ........| ok p=1
Q39:	|........ ........ ........ ........| ok p=1
Q40:	|........ ........ ........ ........| ok p=1
Q41:	|........ ........ ........ ........| ok p=1
Q42:	|........ ........ ........ ........| ok p=1
Q43:	|........ ........ ........ ........| ok p=1
Q44:	|........ ........ ........ ........| ok p=1
Q45:	|........ ........ ........ ........| ok p=1
Q46:	|........ ........ ........ ........| ok p=1
Q47:	|........ ........ ........ ........| ok p=1
Q48:	|........ ........ ........ ........| ok p=1
Q49:	|........ ........ ........ ........| ok p=1
Q50:	|........ ........ ........ ........| ok p=1
Q51:	|........ ........ ........ ........| ok p=1
Q52:	|........ ........ ........ ........| ok p=1
Q53:	|........ ........ ........ ........| ok p=1
Q54:	|........ ........ ........ ........| ok p=1
Q55:	|........ ........ ........ ........| ok p=1
Q56:	|........ ........ ........ ........| ok p=1
Q57:	|........ ........ ........ ........| ok p=1
Q58:	|........ ........ ........ ........| ok p=1
Q59:	|........ ........ ........ ........| ok p=1
Q60:	|......0. ........ ........ ........| ok p=1
Q61:	|.....11. ........ ........ ........| ok p=1
Q62:	|.....0+. ........ ........ ........| ok p=1
Q63:	|.....+-. ........ ........ ........| ok p=0.987305
Q64:	|......+. ........ +....... ........|
Best path: totcompl=-28 tottunnel=34, totcond=576, p=0.000996539
Q-3:	|01001010 00000011 10000011 00001011|
Q-2:	|-11000-0 +--0---- 011011-0 000100+-|
Q-1:	|+01011-1 010+011+ 0000-++1 01001+--|
Q0:	|++1101-+ -0+-1110 +110+111 1+++---0| ok p=0.230469
Q1:	|1+.+..-0 1.1+.1.0 -.+.0-0. 0-000+-0| ok p=0.873047
Q2:	|-1.-..01 -.1+.+.0 -.0.01.. +1110-.+| ok p=1
Q3:	|-0.-..+1 1.0..01+ 0.+.-0.. -0+..10-| ok p=1
Q4:	|-1.0.1+- 1.10.100 10+.0.1. -.+.11.1| ok p=1
Q5:	|-00+.1.+ ..-...-0 .0..1.0. .!..1..0| ok p=1
Q6:	|1001.-1- ..-...0. .-0.0.-. 0.1.+..-| ok p=1
Q7:	|-01-.-.+ ..+...1. .-1.0.+. ....+..+| ok p=1
Q8:	|1+.+.+.+ ..+!...0 ....-.+1 .......+| ok p=1
Q9:	|1-.1.+1. ......11 .1..00-0 .^.!0..-| ok p=1
Q10:	|0-00.011 .01^.00+ .0..01-+ .-..100-| ok p=1
Q11:	|1+1-11+. 111+.1+1 ^1.0000+ .1^.0111| ok p=1
Q12:	|+0-00+-^ 0+-1^-00 --.1++-- .-+^-++1| ok p=1
Q13:	|++---11+ -0-+++-- 1-.-11-+ .+0+1+1-| ok p=1
Q14:	|+0001100 01.01110 0+101-00 .0001-01| ok p=1
Q15:	|0001-+.0 1-11+10+ 0+0+.-00 .1.-.0+1| ok p=0.848633
Q16:	|0..1-..0 .-..+... .0.0.+.0 ...1.1..| ok p=0.431641
Q17:	|1..10^.1 .0..1..^ 01.-.-.1 ...+..^.| ok p=0.509766
Q18:	|0..+1..+ .1..-... 1....+.- ...+....| ok p=0.5625
Q19:	|-....... ....-.0. +..^.+.. ..0-....| ok p=0.257812
Q20:	|..0^...^ ....001. ..0..1.^ ..1-..0.| ok p=0.623047
Q21:	|^.1....0 ....11-. ^.1..1.. ..-0..1.| ok p=0.806641
Q22:	|..-....1 .....+.. ..+..... ...0..+.| ok p=0.436523
Q23:	|.......+ .0....^. .....0.. ..^.....| ok p=0.995117
Q24:	|..^.0... .1...^.. ..^..1.. .0....^.| ok p=1
Q25:	|.......^ .-...... .....-.. .1......| ok p=0.860352
Q26:	|...0+... ........ 0....... .-......| ok p=0.993164
Q27:	|...1+... .^...... 1....^.. ........| ok p=0.974609
Q28:	|...+-... ........ +....... .^......| ok p=0.959961
Q29:	|....0... ........ 0....... ........| ok p=1
Q30:	|...^1... ........ -....... ........| ok p=1
Q31:	|........ ........ -....... ........| ok p=0.97168
Q32:	|........ ........ ........ ........| ok p=1
Q33:	|........ ........ !....... ........| ok p=1
Q34:	|........ ........ ........ ........| ok p=1
Q35:	|........ ........ ........ ........| ok p=1
Q36:	|........ ........ ........ ........| ok p=1
Q37:	|........ ........ ........ ........| ok p=1
Q38:	|........ ........ ........ ........| ok p=1
Q39:	|........ ........ ........ ........| ok p=1
Q40:	|........ ........ ........ ........| ok p=1
Q41:	|........ ........ ........ ........| ok p=1
Q42:	|........ ........ ........ ........| ok p=1
Q43:	|........ ........ ........ ........| ok p=1
Q44:	|........ ........ ........ ........| ok p=1
Q45:	|........ ........ ........ ........| ok p=1
Q46:	|........ ........ ........ ........| ok p=1
Q47:	|........ ........ ........ ........| ok p=1
Q48:	|........ ........ ........ ........| ok p=1
Q49:	|........ ........ ........ ........| ok p=1
Q50:	|........ ........ ........ ........| ok p=1
Q51:	|........ ........ ........ ........| ok p=1
Q52:	|........ ........ ........ ........| ok p=1
Q53:	|........ ........ ........ ........| ok p=1
Q54:	|........ ........ ........ ........| ok p=1
Q55:	|........ ........ ........ ........| ok p=1
Q56:	|........ ........ ........ ........| ok p=1
Q57:	|........ ........ ........ ........| ok p=1
Q58:	|........ ........ ........ ........| ok p=1
Q59:	|........ ........ ........ ........| ok p=1
Q60:	|......0. ........ ........ ........| ok p=1
Q61:	|.....11. ........ ........ ........| ok p=1
Q62:	|.....0+. ........ ........ ........| ok p=1
Q63:	|.....+-. ........ ........ ........| ok p=0.982422
Q64:	|......+. ........ +....... ........|
Best path: totcompl=-27 tottunnel=35, totcond=576, p=0.000849553
Best paths: 2
Q-3:	|01001010 00000011 10000011 00001011|
Q-2:	|-11000-0 +--0---- 011011-0 000100+-|
Q-1:	|+01011-1 010+011+ 0000-++1 01001+--|
Q0:	|++1101-+ -0+-1110 +110+111 1+++---0| ok p=0.229492
Q1:	|1+.+..-0 1.1+.1.0 -.+.0-0. 0-000+-0| ok p=0.785156
Q2:	|-..-..01 -.1+.+.0 -.0.01.. +1110-.+| ok p=1
Q3:	|-00-!.+1 1.0..01+ 0.+.-0.. -0+..10-| ok p=1
Q4:	|-.10.1+- 1.10.100 10+.0.1. -.+.11.1| ok p=1
Q5:	|-00+.1.+ ..-...-0 .0..1.0. .!..1..0| ok p=1
Q6:	|1001.-1- ..-...0. .-0..!-. 0.1.+..-| ok p=1
Q7:	|-01-.-.+ ..+...1! .-..^.+. ....+..+| ok p=1
Q8:	|1+.+.+.+ ..+.!..0 ....-.+1 .......+| ok p=1
Q9:	|1-.1.+1. ......11 .1..00-0 .^.!0..-| ok p=1
Q10:	|0-00.011 .01^.00+ .0..01-+ .-..100-| ok p=1
Q11:	|1+1-11+. 111+.1+1 ^1.0000+ .1^.0111| ok p=1
Q12:	|+0-00+-^ 0+-1^-00 --.1++-- .-+^-++1| ok p=1
Q13:	|++---11+ -0-+++-- 1-.-111- .+0+1+1-| ok p=1
Q14:	|-0101100 01.01110 0+.01-0. .0001-01| ok p=1
Q15:	|0001-+.0 1-11+10+ 0+^+0-.0 .1.-.0+1| ok p=0.860352
Q16:	|0..1-..0 .-..+... .0.0.+.0 ...1.1..| ok p=0.431641
Q17:	|1..10^.1 .0..1..^ 01.-.-.1 ...+..^.| ok p=0.485352
Q18:	|0..+1..+ .1..-... 1....+.- ...+....| ok p=0.569336
Q19:	|-....... ....-.0. +..^.+.. ..0-....| ok p=0.259766
Q20:	|..0^...^ ....001. ..0..1.^ ..1-..0.| ok p=0.631836
Q21:	|^.1....0 ....11-. ^.1..1.. ..-0..1.| ok p=0.790039
Q22:	|..-....1 .....+.. ..+..... ...0..+.| ok p=0.449219
Q23:	|.......+ .0....^. .....0.. ..^.....| ok p=0.994141
Q24:	|..^.0... .1...^.. ..^..1.. .0....^.| ok p=0.995117
Q25:	|.......^ .-...... .....-.. .1......| ok p=0.844727
Q26:	|...0+... ........ 0....... .-......| ok p=0.996094
Q27:	|...1+... .^...... 1....^.. ........| ok p=0.976562
Q28:	|...+-... ........ +....... .^......| ok p=0.977539
Q29:	|....0... ........ 0....... ........| ok p=1
Q30:	|...^1... ........ -....... ........| ok p=1
Q31:	|........ ........ -....... ........| ok p=0.969727
Q32:	|........ ........ ........ ........| ok p=1
Q33:	|........ ........ !....... ........| ok p=1
Q34:	|........ ........ ........ ........| ok p=1
Q35:	|........ ........ ........ ........| ok p=1
Q36:	|........ ........ ........ ........| ok p=1
Q37:	|........ ........ ........ ........| ok p=1
Q38:	|........ ........ ........ ........| ok p=1
Q39:	|........ ........ ........ ........| ok p=1
Q40:	|........ ........ ........ ........| ok p=1
Q41:	|........ ........ ........ ........| ok p=1
Q42:	|........ ........ ........ ........| ok p=1
Q43:	|........ ........ ........ ........| ok p=1
Q44:	|........ ........ ........ ........| ok p=1
Q45:	|........ ........ ........ ........| ok p=1
Q46:	|........ ........ ........ ........| ok p=1
Q47:	|........ ........ ........ ........| ok p=1
Q48:	|........ ........ ........ ........| ok p=1
Q49:	|........ ........ ........ ........| ok p=1
Q50:	|........ ........ ........ ........| ok p=1
Q51:	|........ ........ ........ ........| ok p=1
Q52:	|........ ........ ........ ........| ok p=1
Q53:	|........ ........ ........ ........| ok p=1
Q54:	|........ ........ ........ ........| ok p=1
Q55:	|........ ........ ........ ........| ok p=1
Q56:	|........ ........ ........ ........| ok p=1
Q57:	|........ ........ ........ ........| ok p=1
Q58:	|........ ........ ........ ........| ok p=1
Q59:	|........ ........ ........ ........| ok p=1
Q60:	|......0. ........ ........ ........| ok p=1
Q61:	|.....11. ........ ........ ........| ok p=1
Q62:	|.....0+. ........ ........ ........| ok p=1
Q63:	|.....+-. ........ ........ ........| ok p=0.987305
Q64:	|......+. ........ +....... ........|
Best path: totcompl=-27 tottunnel=35, totcond=575, p=0.000903231
Q-3:	|01001010 00000011 10000011 00001011|
Q-2:	|-11000-0 +--0---- 011011-0 000100+-|
Q-1:	|+01011-1 010+011+ 0000-++1 01001+--|
Q0:	|++1101-+ -0+-1110 +110+111 1+++---0| ok p=0.25293
Q1:	|1+.+..-0 1.1+.1.0 -.+.0-0. 0-000+-0| ok p=0.775391
Q2:	|-..-..01 -.1+.+.0 -.0.01.. +1110-.+| ok p=1
Q3:	|-0.-!.+1 1.0..01+ 0.+.-0.. -0+..10-| ok p=1
Q4:	|-1.0.1+- 1.10.100 10+.0.1. -.+.11.1| ok p=1
Q5:	|-0.+.1.+ ..-...-0 .0..1.0. .!..1..0| ok p=1
Q6:	|1101.-1- ..-...0. .-0..!-. 0.1.+..-| ok p=1
Q7:	|-11-.-.+ ..+...1! .-..^.+. ....+..+| ok p=1
Q8:	|1+.+.+.+ ..+!.... 0...-.+1 .......+| ok p=1
Q9:	|1-.0.+.. ...1..1. 01..0.-1 .^!.1..-| ok p=1
Q10:	|0-00...0 ..110.11 +110111+ .-0.000-| ok p=1
Q11:	|0+1010.. .^0+1.+0 -101+0-- ^10.011-| ok p=1
Q12:	|-0-+01^^ ^+--+.-+ +++--+0+ +--0-+++| ok p=1
Q13:	|++---++- -0110.1+ 0-0-101- 0++0----| ok p=1
Q14:	|+1.01000 0101+.10 +1101-10 101+.0-0| ok p=1
Q15:	|1010--10 1-..1..+ 1+.+.-.0 .11-00+0| ok p=0.895508
Q16:	|1..1-..0 .-..+... 1..0.+.0 ...0..1.| ok p=0.504883
Q17:	|1..10^.1 .0..0..^ 0^.-.-.1 ...+..0.| ok p=0.5
Q18:	|0..+0..+ .1..-... 1....+.- ...+....| ok p=0.576172
Q19:	|+....... ....-.0. +..^.+.. ..0-....| ok p=0.243164
Q20:	|..0^...^ ....001. ..0..1.^ ..1-..0.| ok p=0.643555
Q21:	|^.1....0 ....11-. ^.1..1.. ..-0..1.| ok p=0.80957
Q22:	|..-....1 .....+.. ..+..... ...0..+.| ok p=0.386719
Q23:	|.......+ .0....^. .....0.. ..^.....| ok p=0.991211
Q24:	|..^.0... .1...^.. ..^..1.. .0....^.| ok p=0.99707
Q25:	|.......^ .-...... .....-.. .1......| ok p=0.844727
Q26:	|...0+... ........ 0....... .-......| ok p=0.986328
Q27:	|...1+... .^...... 1....^.. ........| ok p=0.976562
Q28:	|...+-... ........ +....... .^......| ok p=0.967773
Q29:	|....0... ........ 0....... ........| ok p=1
Q30:	|...^1... ........ -....... ........| ok p=1
Q31:	|........ ........ -....... ........| ok p=0.97168
Q32:	|........ ........ ........ ........| ok p=1
Q33:	|........ ........ !....... ........| ok p=1
Q34:	|........ ........ ........ ........| ok p=1
Q35:	|........ ........ ........ ........| ok p=1
Q36:	|........ ........ ........ ........| ok p=1
Q37:	|........ ........ ........ ........| ok p=1
Q38:	|........ ........ ........ ........| ok p=1
Q39:	|........ ........ ........ ........| ok p=1
Q40:	|........ ........ ........ ........| ok p=1
Q41:	|........ ........ ........ ........| ok p=1
Q42:	|........ ........ ........ ........| ok p=1
Q43:	|........ ........ ........ ........| ok p=1
Q44:	|........ ........ ........ ........| ok p=1
Q45:	|........ ........ ........ ........| ok p=1
Q46:	|........ ........ ........ ........| ok p=1
Q47:	|........ ........ ........ ........| ok p=1
Q48:	|........ ........ ........ ........| ok p=1
Q49:	|........ ........ ........ ........| ok p=1
Q50:	|........ ........ ........ ........| ok p=1
Q51:	|........ ........ ........ ........| ok p=1
Q52:	|........ ........ ........ ........| ok p=1
Q53:	|........ ........ ........ ........| ok p=1
Q54:	|........ ........ ........ ........| ok p=1
Q55:	|........ ........ ........ ........| ok p=1
Q56:	|........ ........ ........ ........| ok p=1
Q57:	|........ ........ ........ ........| ok p=1
Q58:	|........ ........ ........ ........| ok p=1
Q59:	|........ ........ ........ ........| ok p=1
Q60:	|......0. ........ ........ ........| ok p=1
Q61:	|.....11. ........ ........ ........| ok p=1
Q62:	|.....0+. ........ ........ ........| ok p=1
Q63:	|.....+-. ........ ........ ........| ok p=0.987305
Q64:	|......+. ........ +....... ........|
Best path: totcompl=-27 tottunnel=35, totcond=573, p=0.00102985
Best paths: 2
Q-3:	|01001010 00000011 10000011 00001011|
Q-2:	|-11000-0 +--0---- 011011-0 000100+-|
Q-1:	|+01011-1 010+011+ 0000-++1 01001+--|
Q0:	|++1101-+ -0+-1110 +110+111 1+++---0| ok p=0.229492
Q1:	|1+.+..-0 1.1+.1.0 -.+.0-0. 0-000+-0| ok p=0.881836
Q2:	|-1.-..01 -.1+.+.0 -.0.01.. +1110-.+| ok p=1
Q3:	|-0.-..+1 1.0..01+ 0.+.-0.. -0+..10-| ok p=1
Q4:	|-0!0.1+- 1.10.100 10+.0.1. -.+.11.1| ok p=1
Q5:	|-1.+.1.+ ..-...-0 .0..1.0. .!..1..0| ok p=1
Q6:	|0001.-1- ..-...0. .-0.0.-. 0.1.+..-| ok p=1
Q7:	|+01-.-.+ ..+...1. .-1.0.+. ....+..+| ok p=1
Q8:	|1+.+.+.+ ..+.!... ....-.+0 .......+| ok p=1
Q9:	|1-.1.+.. ...1..0^ .0..0.-0 .^!.0..-| ok p=1
Q10:	|0-000-.1 .0100.0+ 01..101- .-..110-| ok p=1
Q11:	|0+101-11 011+0.+1 10..11+- 11.^001-| ok p=1
Q12:	|-1-1++00 1+-0-.-+ 0+.^0+1+ 0+^++++-| ok p=1
Q13:	|+10+0-+- -11-+.1+ -+.-++++ +-+0----| ok p=1
Q14:	|-.10+000 01001.1+ 0-.10-0. 01101-1.| ok p=1
Q15:	|0^.0--10 1-.1+..+ 1+.01-00 101-0.+0| ok p=0.956055
Q16:	|0..1-..0 .-..+..1 .1.1.+.0 ...1.^..| ok p=0.55957
Q17:	|1..11^.1 .0..1..1 00.-.-.1 ...+..^.| ok p=0.505859
Q18:	|0..+1..+ .1..-... 1....+.- ...+....| ok p=0.482422
Q19:	|+....... ....-.0. +..^.+.. ..0-....| ok p=0.248047
Q20:	|..0^...^ ....001. ..0..1.^ ..1-..0.| ok p=0.640625
Q21:	|^.1....0 ....11-. ^.1..1.. ..-0..1.| ok p=0.802734
Q22:	|..-....1 .....+.. ..+..... ...0..+.| ok p=0.436523
Q23:	|.......+ .0....^. .....0.. ..^.....| ok p=0.989258
Q24:	|..^.0... .1...^.. ..^..1.. .0....^.| ok p=0.998047
Q25:	|.......^ .-...... .....-.. .1......| ok p=0.842773
Q26:	|...0+... ........ 0....... .-......| ok p=0.988281
Q27:	|...1+... .^...... 1....^.. ........| ok p=0.964844
Q28:	|...+-... ........ +....... .^......| ok p=0.977539
Q29:	|....0... ........ 0....... ........| ok p=1
Q30:	|...^1... ........ -....... ........| ok p=1
Q31:	|........ ........ -....... ........| ok p=0.967773
Q32:	|........ ........ ........ ........| ok p=1
Q33:	|........ ........ !....... ........| ok p=1
Q34:	|........ ........ ........ ........| ok p=1
Q35:	|........ ........ ........ ........| ok p=1
Q36:	|........ ........ ........ ........| ok p=1
Q37:	|........ ........ ........ ........| ok p=1
Q38:	|........ ........ ........ ........| ok p=1
Q39:	|........ ........ ........ ........| ok p=1
Q40:	|........ ........ ........ ........| ok p=1
Q41:	|........ ........ ........ ........| ok p=1
Q42:	|........ ........ ........ ........| ok p=1
Q43:	|........ ........ ........ ........| ok p=1
Q44:	|........ ........ ........ ........| ok p=1
Q45:	|........ ........ ........ ........| ok p=1
Q46:	|........ ........ ........ ........| ok p=1
Q47:	|........ ........ ........ ........| ok p=1
Q48:	|........ ........ ........ ........| ok p=1
Q49:	|........ ........ ........ ........| ok p=1
Q50:	|........ ........ ........ ........| ok p=1
Q51:	|........ ........ ........ ........| ok p=1
Q52:	|........ ........ ........ ........| ok p=1
Q53:	|........ ........ ........ ........| ok p=1
Q54:	|........ ........ ........ ........| ok p=1
Q55:	|........ ........ ........ ........| ok p=1
Q56:	|........ ........ ........ ........| ok p=1
Q57:	|........ ........ ........ ........| ok p=1
Q58:	|........ ........ ........ ........| ok p=1
Q59:	|........ ........ ........ ........| ok p=1
Q60:	|......0. ........ ........ ........| ok p=1
Q61:	|.....11. ........ ........ ........| ok p=1
Q62:	|.....0+. ........ ........ ........| ok p=1
Q63:	|.....+-. ........ ........ ........| ok p=0.985352
Q64:	|......+. ........ +....... ........|
Best path: totcompl=-26 tottunnel=36, totcond=573, p=0.00122302
Best paths: 2
Q-3:	|01001010 00000011 10000011 00001011|
Q-2:	|-11000-0 +--0---- 011011-0 000100+-|
Q-1:	|+01011-1 010+011+ 0000-++1 01001+--|
Q0:	|++1101-+ -0+-1110 +110+111 1+++---0| ok p=0.250977
Q1:	|1+.+..-0 1.1+.1.0 -.+.0-0. 0-000+-0| ok p=0.875977
Q2:	|-1.-..01 -.1+.+.0 -.0.01.. +1110-.+| ok p=1
Q3:	|-0.-..+1 1.0..01+ 0.+.-0.. -0+..10-| ok p=1
Q4:	|-0!0.1+- 1.10.100 10+.0.1. -.+.11.1| ok p=1
Q5:	|-1.+.1.+ ..-...-0 .0..1.0. .!..1..0| ok p=1
Q6:	|0001.-1- ..-...0. .-0..!-. 0.1.+..-| ok p=1
Q7:	|+01-.-.+ ..+...1. .-1.^.+. ....+..+| ok p=1
Q8:	|1+.+.+.+ ..+.!... ....-.+0 .......+| ok p=1
Q9:	|1-.1.+.. ...1..0^ .0..0.-0 .^!.0..-| ok p=1
Q10:	|0-000-.1 .0100.0+ 01..101- .-..110-| ok p=1
Q11:	|0+101-1. 111+0.+1 10..11+- 11.^001-| ok p=1
Q12:	|+1-1++0^ 0+-0-.-+ 0+.^0+1+ 0+^++++-| ok p=1
Q13:	|-10+00-- -11-+.1+ -+.-++++ +-+0----| ok p=1
Q14:	|-.10+000 01001.1+ 0-.10-0. 01101-1.| ok p=1
Q15:	|.^10--10 1-.1+..+ 1+.01-00 101-0.+0| ok p=0.962891
Q16:	|^..1-..0 .-..+..1 .1.1.+.0 ...1.^..| ok p=0.560547
Q17:	|1..11^.1 .0..1..1 00.-.-.1 ...+..^.| ok p=0.495117
Q18:	|0..+1..+ .1..-... 1....+.- ...+....| ok p=0.504883
Q19:	|+....... ....-.0. +..^.+.. ..0-....| ok p=0.239258
Q20:	|..0^...^ ....001. ..0..1.^ ..1-..0.| ok p=0.612305
Q21:	|^.1....0 ....11-. ^.1..1.. ..-0..1.| ok p=0.780273
Q22:	|..-....1 .....+.. ..+..... ...0..+.| ok p=0.458984
Q23:	|.......+ .0....^. .....0.. ..^.....| ok p=0.988281
Q24:	|..^.0... .1...^.. ..^..1.. .0....^.| ok p=0.998047
Q25:	|.......^ .-...... .....-.. .1......| ok p=0.841797
Q26:	|...0+... ........ 0....... .-......| ok p=0.992188
Q27:	|...1+... .^...... 1....^.. ........| ok p=0.970703
Q28:	|...+-... ........ +....... .^......| ok p=0.955078
Q29:	|....0... ........ 0....... ........| ok p=1
Q30:	|...^1... ........ -....... ........| ok p=1
Q31:	|........ ........ -....... ........| ok p=0.969727
Q32:	|........ ........ ........ ........| ok p=1
Q33:	|........ ........ !....... ........| ok p=1
Q34:	|........ ........ ........ ........| ok p=1
Q35:	|........ ........ ........ ........| ok p=1
Q36:	|........ ........ ........ ........| ok p=1
Q37:	|........ ........ ........ ........| ok p=1
Q38:	|........ ........ ........ ........| ok p=1
Q39:	|........ ........ ........ ........| ok p=1
Q40:	|........ ........ ........ ........| ok p=1
Q41:	|........ ........ ........ ........| ok p=1
Q42:	|........ ........ ........ ........| ok p=1
Q43:	|........ ........ ........ ........| ok p=1
Q44:	|........ ........ ........ ........| ok p=1
Q45:	|........ ........ ........ ........| ok p=1
Q46:	|........ ........ ........ ........| ok p=1
Q47:	|........ ........ ........ ........| ok p=1
Q48:	|........ ........ ........ ........| ok p=1
Q49:	|........ ........ ........ ........| ok p=1
Q50:	|........ ........ ........ ........| ok p=1
Q51:	|........ ........ ........ ........| ok p=1
Q52:	|........ ........ ........ ........| ok p=1
Q53:	|........ ........ ........ ........| ok p=1
Q54:	|........ ........ ........ ........| ok p=1
Q55:	|........ ........ ........ ........| ok p=1
Q56:	|........ ........ ........ ........| ok p=1
Q57:	|........ ........ ........ ........| ok p=1
Q58:	|........ ........ ........ ........| ok p=1
Q59:	|........ ........ ........ ........| ok p=1
Q60:	|......0. ........ ........ ........| ok p=1
Q61:	|.....11. ........ ........ ........| ok p=1
Q62:	|.....0+. ........ ........ ........| ok p=1
Q63:	|.....+-. ........ ........ ........| ok p=0.984375
Q64:	|......+. ........ +....... ........|
Best path: totcompl=-26 tottunnel=36, totcond=572, p=0.00119417
******Q-3:	|01001010 00000011 10000011 00001011|
Q-2:	|-11000-0 +--0---- 011011-0 000100+-|
Q-1:	|+01011-1 010+011+ 0000-++1 01001+--|
Q0:	|++1101-+ -0+-1110 +110+111 1+++---0| ok p=0.243164
Q1:	|1+.+..-0 1.1+.1.0 -.+.0-0. 0-000+-0| ok p=0.87207
Q2:	|-1.-..01 -.1+.+.0 -.0.01.. +1110-.+| ok p=1
Q3:	|-0.-..+1 1.0..01+ 0.+.-0.. -0+..10-| ok p=1
Q4:	|-0!0.1+- 1.10.100 10+.0.1. -.+.11.1| ok p=1
Q5:	|-1.+.1.+ ..-...-0 .0..1.0. .!..1..0| ok p=1
Q6:	|0001.-1- ..-...0. .-0.0.-. 0.1.+..-| ok p=1
Q7:	|+01-.-.+ ..+...1. .-1.0.+. ....+..+| ok p=1
Q8:	|1+.+.+.+ ..+.!..0 ....-.+1 .......+| ok p=1
Q9:	|1-.1.+.. ...0...1 .1..0.-1 .^.!0..-| ok p=1
Q10:	|.-10...0 .1110.^+ 01..1.1- 0-.....-| ok p=1
Q11:	|^+100011 110+10+1 10.^11++ 01^...0+| ok p=1
Q12:	|--++1100 0+-1-10+ --^+0111 --+..^1-| ok p=1
Q13:	|0-----+- --++++-- 0--0+++1 ++00.+--| ok p=1
Q14:	|+.101000 1010100+ -1101-1. 1101.1-.| ok p=1
Q15:	|00001+10 1-11+11+ 0+0+0-1. 01.-.0+0| ok p=0.839844
Q16:	|0..0-..0 .-..+..1 0..+.+.0 ...1..1.| ok p=0.376953
Q17:	|1..1.^.1 .0..1..1 0^.-.-.1 ...+..0.| ok p=0.482422
Q18:	|0..+^..+ .1..-... 1..0.+.- ...+....| ok p=0.579102
Q19:	|+....... ....-.0. +..1.+.. ..0-....| ok p=0.233398
Q20:	|..0^...^ ....001. ..0..1.^ ..1-..0.| ok p=0.634766
Q21:	|^.1....0 ....11-. ^.1..1.. ..-0..1.| ok p=0.821289
Q22:	|..-....1 .....+.. ..+..... ...0..+.| ok p=0.461914
Q23:	|.......+ .0....^. .....0.. ..^.....| ok p=0.991211
Q24:	|..^.0... .1...^.. ..^..1.. .0....^.| ok p=0.999023
Q25:	|.......^ .-...... .....-.. .1......| ok p=0.836914
Q26:	|...0+... ........ 0....... .-......| ok p=0.989258
Q27:	|...1+... .^...... 1....^.. ........| ok p=0.970703
Q28:	|...+-... ........ +....... .^......| ok p=0.973633
Q29:	|....0... ........ 0....... ........| ok p=1
Q30:	|...^1... ........ -....... ........| ok p=1
Q31:	|........ ........ -....... ........| ok p=0.96875
Q32:	|........ ........ ........ ........| ok p=1
Q33:	|........ ........ !....... ........| ok p=1
Q34:	|........ ........ ........ ........| ok p=1
Q35:	|........ ........ ........ ........| ok p=1
Q36:	|........ ........ ........ ........| ok p=1
Q37:	|........ ........ ........ ........| ok p=1
Q38:	|........ ........ ........ ........| ok p=1
Q39:	|........ ........ ........ ........| ok p=1
Q40:	|........ ........ ........ ........| ok p=1
Q41:	|........ ........ ........ ........| ok p=1
Q42:	|........ ........ ........ ........| ok p=1
Q43:	|........ ........ ........ ........| ok p=1
Q44:	|........ ........ ........ ........| ok p=1
Q45:	|........ ........ ........ ........| ok p=1
Q46:	|........ ........ ........ ........| ok p=1
Q47:	|........ ........ ........ ........| ok p=1
Q48:	|........ ........ ........ ........| ok p=1
Q49:	|........ ........ ........ ........| ok p=1
Q50:	|........ ........ ........ ........| ok p=1
Q51:	|........ ........ ........ ........| ok p=1
Q52:	|........ ........ ........ ........| ok p=1
Q53:	|........ ........ ........ ........| ok p=1
Q54:	|........ ........ ........ ........| ok p=1
Q55:	|........ ........ ........ ........| ok p=1
Q56:	|........ ........ ........ ........| ok p=1
Q57:	|........ ........ ........ ........| ok p=1
Q58:	|........ ........ ........ ........| ok p=1
Q59:	|........ ........ ........ ........| ok p=1
Q60:	|......0. ........ ........ ........| ok p=1
Q61:	|.....11. ........ ........ ........| ok p=1
Q62:	|.....0+. ........ ........ ........| ok p=1
Q63:	|.....+-. ........ ........ ........| ok p=0.981445
Q64:	|......+. ........ +....... ........|
Best path: totcompl=-25 tottunnel=37, totcond=572, p=0.000717313
Q-3:	|01001010 00000011 10000011 00001011|
Q-2:	|-11000-0 +--0---- 011011-0 000100+-|
Q-1:	|+01011-1 010+011+ 0000-++1 01001+--|
Q0:	|++1101-+ -0+-1110 +110+111 1+++---0| ok p=0.250977
Q1:	|1+.+..-0 1.1+.1.0 -.+.0-0. 0-000+-0| ok p=0.876953
Q2:	|-1.-..01 -.1+.+.0 -.0.01.. +1110-.+| ok p=1
Q3:	|-0.-..+1 1.0..01+ 0.+.-0.. -0+..10-| ok p=1
Q4:	|-0!0.1+- 1.10.100 10+.0.1. -.+.11.1| ok p=1
Q5:	|-1.+.1.+ ..-...-0 .0..1.0. .!..1..0| ok p=1
Q6:	|0001.-1- ..-...0. .-0.0.-. 0.1.+..-| ok p=1
Q7:	|+01-.-.+ ..+...1. .-1.0.+. ....+..+| ok p=1
Q8:	|1+.+.+.+ ..+!...0 ....-.+1 .......+| ok p=1
Q9:	|1-.1.+.. ...0...1 .1..0.-1 .^.!0..-| ok p=1
Q10:	|.-10...0 .1110.^+ 01..1.1- 0-.....-| ok p=1
Q11:	|^+1000.. 010+10+1 10.^11++ 01^...0+| ok p=1
Q12:	|--++11^^ 1+-1-10+ --^+0111 --+..^1-| ok p=1
Q13:	|0-----+- --++++-- 0--0+++1 ++00.+--| ok p=1
Q14:	|+.101000 1010100+ -1101-1. 1101.1-.| ok p=1
Q15:	|00001+10 1-11+11+ 0+0+0-1. 01.-.0+0| ok p=0.856445
Q16:	|0..0-..0 .-..+..1 0..+.+.0 ...1..1.| ok p=0.356445
Q17:	|1..1.^.1 .0..1..1 0^.-.-.1 ...+..0.| ok p=0.49707
Q18:	|0..+^..+ .1..-... 1..0.+.- ...+....| ok p=0.552734
Q19:	|+....... ....-.0. +..1.+.. ..0-....| ok p=0.24707
Q20:	|..0^...^ ....001. ..0..1.^ ..1-..0.| ok p=0.620117
Q21:	|^.1....0 ....11-. ^.1..1.. ..-0..1.| ok p=0.804688
Q22:	|..-....1 .....+.. ..+..... ...0..+.| ok p=0.441406
Q23:	|.......+ .0....^. .....0.. ..^.....| ok p=0.992188
Q24:	|..^.0... .1...^.. ..^..1.. .0....^.| ok p=0.999023
Q25:	|.......^ .-...... .....-.. .1......| ok p=0.849609
Q26:	|...0+... ........ 0....... .-......| ok p=0.988281
Q27:	|...1+... .^...... 1....^.. ........| ok p=0.973633
Q28:	|...+-... ........ +....... .^......| ok p=0.970703
Q29:	|....0... ........ 0....... ........| ok p=1
Q30:	|...^1... ........ -....... ........| ok p=1
Q31:	|........ ........ -....... ........| ok p=0.975586
Q32:	|........ ........ ........ ........| ok p=1
Q33:	|........ ........ !....... ........| ok p=1
Q34:	|........ ........ ........ ........| ok p=1
Q35:	|........ ........ ........ ........| ok p=1
Q36:	|........ ........ ........ ........| ok p=1
Q37:	|........ ........ ........ ........| ok p=1
Q38:	|........ ........ ........ ........| ok p=1
Q39:	|........ ........ ........ ........| ok p=1
Q40:	|........ ........ ........ ........| ok p=1
Q41:	|........ ........ ........ ........| ok p=1
Q42:	|........ ........ ........ ........| ok p=1
Q43:	|........ ........ ........ ........| ok p=1
Q44:	|........ ........ ........ ........| ok p=1
Q45:	|........ ........ ........ ........| ok p=1
Q46:	|........ ........ ........ ........| ok p=1
Q47:	|........ ........ ........ ........| ok p=1
Q48:	|........ ........ ........ ........| ok p=1
Q49:	|........ ........ ........ ........| ok p=1
Q50:	|........ ........ ........ ........| ok p=1
Q51:	|........ ........ ........ ........| ok p=1
Q52:	|........ ........ ........ ........| ok p=1
Q53:	|........ ........ ........ ........| ok p=1
Q54:	|........ ........ ........ ........| ok p=1
Q55:	|........ ........ ........ ........| ok p=1
Q56:	|........ ........ ........ ........| ok p=1
Q57:	|........ ........ ........ ........| ok p=1
Q58:	|........ ........ ........ ........| ok p=1
Q59:	|........ ........ ........ ........| ok p=1
Q60:	|......0. ........ ........ ........| ok p=1
Q61:	|.....11. ........ ........ ........| ok p=1
Q62:	|.....0+. ........ ........ ........| ok p=1
Q63:	|.....+-. ........ ........ ........| ok p=0.986328
Q64:	|......+. ........ +....... ........|
Best path: totcompl=-25 tottunnel=37, totcond=570, p=0.000714679
**Best paths: 2
Best paths: 4
Q-3:	|01001010 00000011 10000011 00001011|
Q-2:	|-11000-0 +--0---- 011011-0 000100+-|
Q-1:	|+01011-1 010+011+ 0000-++1 01001+--|
Q0:	|++1101-+ -0+-1110 +110+111 1+++---0| ok p=0.246094
Q1:	|1+.+..-0 1.1+.1.0 -.+.0-0. 0-000+-0| ok p=0.850586
Q2:	|-1.-..01 -.1+.+.0 -.0.01.. +1110-.+| ok p=1
Q3:	|-0.-..+1 1.0..01+ 0.+.-0.. -0+..10-| ok p=1
Q4:	|-1.0.1+- 1.10.100 10+.0.1. -.+.11.1| ok p=1
Q5:	|-0.+.1.+ ..-...-0 .0..1.0. .!..1..0| ok p=1
Q6:	|1101.-1- ..-...0. .-0..!-. 0.1.+..-| ok p=1
Q7:	|-11-.-.+ ..+...1. .-1.^.+. ....+..+| ok p=1
Q8:	|1+.+.+.+ ..+.!... ....-.+1 .......+| ok p=1
Q9:	|1-.0.+.. ...1..0^ .1..0.-1 .^.!0..-| ok p=1
Q10:	|0-.011.1 .1100.1+ 01..1.+- .-0011.-| ok p=1
Q11:	|0+^01+01 100+01+1 10.01.++ .011110-| ok p=1
Q12:	|++----10 0+-1-.00 0+.1+0.1 .1--++1+| ok p=1
Q13:	|-.11-++- -1-++.11 ++.-111- 1-00+---| ok p=1
Q14:	|+000+000 01.01..+ 0-.01-.1 .001.-11| ok p=1
Q15:	|0...0+10 1-11+..+ 1+.+.-.1 .1.-0.+0| ok p=0.857422
Q16:	|0..0-..0 .-..+..1 .1.+.+.0 ...1.^..| ok p=0.575195
Q17:	|1..1.^.1 .0..1..1 00.-.-.1 ...+..^.| ok p=0.490234
Q18:	|0..+^..+ .1..-... 1..0.+.- ...+....| ok p=0.549805
Q19:	|+....... ....-.0. +..1.+.. ..0-....| ok p=0.25
Q20:	|..0^...^ ....001. ..0..1.^ ..1-..0.| ok p=0.638672
Q21:	|^.1....0 ....11-. ^.1..1.. ..-0..1.| ok p=0.780273
Q22:	|..-....1 .....+.. ..+..... ...0..+.| ok p=0.421875
Q23:	|.......+ .0....^. .....0.. ..^.....| ok p=0.994141
Q24:	|..^.0... .1...^.. ..^..1.. .0....^.| ok p=0.996094
Q25:	|.......^ .-...... .....-.. .1......| ok p=0.829102
Q26:	|...0+... ........ 0....... .-......| ok p=0.988281
Q27:	|...1+... .^...... 1....^.. ........| ok p=0.966797
Q28:	|...+-... ........ +....... .^......| ok p=0.97168
Q29:	|....0... ........ 0....... ........| ok p=1
Q30:	|...^1... ........ -....... ........| ok p=1
Q31:	|........ ........ -....... ........| ok p=0.96582
Q32:	|........ ........ ........ ........| ok p=1
Q33:	|........ ........ !....... ........| ok p=1
Q34:	|........ ........ ........ ........| ok p=1
Q35:	|........ ........ ........ ........| ok p=1
Q36:	|........ ........ ........ ........| ok p=1
Q37:	|........ ........ ........ ........| ok p=1
Q38:	|........ ........ ........ ........| ok p=1
Q39:	|........ ........ ........ ........| ok p=1
Q40:	|........ ........ ........ ........| ok p=1
Q41:	|........ ........ ........ ........| ok p=1
Q42:	|........ ........ ........ ........| ok p=1
Q43:	|........ ........ ........ ........| ok p=1
Q44:	|........ ........ ........ ........| ok p=1
Q45:	|........ ........ ........ ........| ok p=1
Q46:	|........ ........ ........ ........| ok p=1
Q47:	|........ ........ ........ ........| ok p=1
Q48:	|........ ........ ........ ........| ok p=1
Q49:	|........ ........ ........ ........| ok p=1
Q50:	|........ ........ ........ ........| ok p=1
Q51:	|........ ........ ........ ........| ok p=1
Q52:	|........ ........ ........ ........| ok p=1
Q53:	|........ ........ ........ ........| ok p=1
Q54:	|........ ........ ........ ........| ok p=1
Q55:	|........ ........ ........ ........| ok p=1
Q56:	|........ ........ ........ ........| ok p=1
Q57:	|........ ........ ........ ........| ok p=1
Q58:	|........ ........ ........ ........| ok p=1
Q59:	|........ ........ ........ ........| ok p=1
Q60:	|......0. ........ ........ ........| ok p=1
Q61:	|.....11. ........ ........ ........| ok p=1
Q62:	|.....0+. ........ ........ ........| ok p=1
Q63:	|.....+-. ........ ........ ........| ok p=0.985352
Q64:	|......+. ........ +....... ........|
Best path: totcompl=-25 tottunnel=37, totcond=562, p=0.00108896
**