Extend MD5 differential paths forward
Copyright (C) 2009 Marc Stevens
http://homepages.cwi.nl/~stevens/

delta_m[11] = [!15!]
Loading workdir2/lowerpath.bin.gz...done: 1.
Estimating maxcond for upper bound 8000000 (=2000000 * 4)...
t=1:  0%   10   20   30   40   50   60   70   80   90   100%
      |----|----|----|----|----|----|----|----|----|----|
e     ***************************************************
Found maxcond = 2176
t=1:  0%   10   20   30   40   50   60   70   80   90   100%
      |----|----|----|----|----|----|----|----|----|----|
      ***************************************************
Q-3:	|01001010 00000011 10000011 00001011|
Q-2:	|-11000-0 +--0---- 011011-0 000100+-|
Q-1:	|+01011-1 010+011+ 0000-++1 01001+--|
Q0:	|++1101-+ -0+-1110 +110+111 1+++---0| ok p=0.649414
Q1:	|.+.+..-0 0.0+...1 -..+++1. .-0000+1| ok p=0.664062
Q2:	|+.-...-. .+.-.+.. .-.+.... +....+.-|
Saving 65536 paths...done.
Autobalance parameters: maxcond=2176
Verified: 15360 bad out of 80896
Estimating maxcond for upper bound 8000000 (=2000000 * 4)...
t=2:  0%   10   20   30   40   50   60   70   80   90   100%
      |----|----|----|----|----|----|----|----|----|----|
e     ***************************************************
Found maxcond = 169
t=2:  0%   10   20   30   40   50   60   70   80   90   100%
      |----|----|----|----|----|----|----|----|----|----|
      ***************************************************
Q-3:	|01001010 00000011 10000011 00001011|
Q-2:	|-11000-0 +--0---- 011011-0 000100+-|
Q-1:	|+01011-1 010+011+ 0000-++1 01001+--|
Q0:	|++1101-+ -0+-1110 +110+111 1+++---0| ok p=1
Q1:	|0+.+..-1 0.1+.1.0 -.+.1-1. 1-011+-0| ok p=0.536133
Q2:	|+..-...1 +.1-.+.. 0.0.10.. +01+1+.+| ok p=0.832031
Q3:	|+..-.-.+ ...+..+. -.+.-... .-..-...|
Saving 2000000 paths...done.
Autobalance parameters: maxcond=169
Verified: 0 bad out of 2424832
Estimating maxcond for upper bound 8000000 (=2000000 * 4)...
t=3:  0%   10   20   30   40   50   60   70   80   90   100%
      |----|----|----|----|----|----|----|----|----|----|
e     ***************************************************
Found maxcond = 188
t=3:  0%   10   20   30   40   50   60   70   80   90   100%
      |----|----|----|----|----|----|----|----|----|----|
      ***************************************************
Q-3:	|01001010 00000011 10000011 00001011|
Q-2:	|-11000-0 +--0---- 011011-0 000100+-|
Q-1:	|+01011-1 010+011+ 0000-++1 01001+--|
Q0:	|++1101-+ -0+-1110 +110+111 1+++---0| ok p=0.389648
Q1:	|1+.+..-1 0.1+.0V0 -.+.0-0. 0-000+-0| ok p=0.78125
Q2:	|+..-..11 -.1+.+.. -.0.01.. +11+0+.+| ok p=0.707031
Q3:	|+1.-..+. 0....0+. ..+.-1.. ++.-..1-| ok p=0.610352
Q4:	|.-.-.-.. -..-..+. .-.....+ .-.-...+|
Saving 2000000 paths...done.
Autobalance parameters: maxcond=187
Verified: 10624 bad out of 2311115
Estimating maxcond for upper bound 8000000 (=2000000 * 4)...
t=4:  0%   10   20   30   40   50   60   70   80   90   100%
      |----|----|----|----|----|----|----|----|----|----|
e     ***************************************************
Found maxcond = 202
t=4:  0%   10   20   30   40   50   60   70   80   90   100%
      |----|----|----|----|----|----|----|----|----|----|
      ***************************************************
Q-3:	|01001010 00000011 10000011 00001011|
Q-2:	|-11000-0 +--0---- 011011-0 000100+-|
Q-1:	|+01011-1 010+011+ 0000-++1 01001+--|
Q0:	|++1101-+ -0+-1110 +110+111 1+++---0| ok p=1
Q1:	|0+.+..-0 1.0+.1.0 -.+.0-0. 0-000+-0| ok p=0.762695
Q2:	|+..-..01 -.0+.+.0 -.0.01.. +1111-.-| ok p=0.695312
Q3:	|-1.-..+. 1..+.0.+ ..+.-1.. 01-..-0+| ok p=0.749023
Q4:	|+.....+. 1....1.0 1.+.0... 1.-....-| ok p=0.618164
Q5:	|+..+..+. ..-...-. .......- .......-|
Saving 2000000 paths...done.
Autobalance parameters: maxcond=201
Verified: 544 bad out of 2140453
Estimating maxcond for upper bound 8000000 (=2000000 * 4)...
t=5:  0%   10   20   30   40   50   60   70   80   90   100%
      |----|----|----|----|----|----|----|----|----|----|
e     ***************************************************
Found maxcond = 216
t=5:  0%   10   20   30   40   50   60   70   80   90   100%
      |----|----|----|----|----|----|----|----|----|----|
      ***************************************************
Q-3:	|01001010 00000011 10000011 00001011|
Q-2:	|-11000-0 +--0---- 011011-0 000100+-|
Q-1:	|+01011-1 010+011+ 0000-++1 01001+--|
Q0:	|++1101-+ -0+-1110 +110+111 1+++---0| ok p=0.242188
Q1:	|1+.+.V-0 1.0+.1.0 -.+.1-0. 1-000+-0| ok p=0.888672
Q2:	|-..-.1.1 +.1+.+.0 -.0.01.. +1110-.-| ok p=0.629883
Q3:	|-1.-.+1. 1..1.0.+ ..+.-1.. +0+..-0+| ok p=0.511719
Q4:	|-..1.+.. 1..-.1.+ 0.-.0... +.+....+| ok p=0.759766
Q5:	|+..+.-.. ...0...- ..0.1... -....1..| ok p=0.660156
Q6:	|..-.-.-. ...+...+ .-.....- .-..+..+|
Saving 2000000 paths...done.
Autobalance parameters: maxcond=215
Verified: 4058 bad out of 3082911
Estimating maxcond for upper bound 8000000 (=2000000 * 4)...
t=6:  0%   10   20   30   40   50   60   70   80   90   100%
      |----|----|----|----|----|----|----|----|----|----|
e     ***************************************************
Found maxcond = 233
t=6:  0%   10   20   30   40   50   60   70   80   90   100%
      |----|----|----|----|----|----|----|----|----|----|
      ***************************************************
Q-3:	|01001010 00000011 10000011 00001011|
Q-2:	|-11000-0 +--0---- 011011-0 000100+-|
Q-1:	|+01011-1 010+011+ 0000-++1 01001+--|
Q0:	|++1101-+ -0+-1110 +110+111 1+++---0| ok p=1
Q1:	|0+.+..-0 1.1+.1.0 -.+.0-1. 0-000+-0| ok p=0.325195
Q2:	|+..-..01 -.1-.+.0 -.0.01.. +1100-.+| ok p=0.676758
Q3:	|+1.-..+. 1..0.0V+ ..+.-1.. -0+..11-| ok p=0.869141
Q4:	|-1...V+. -..+.1.1 1.+.0... -.+V.1.+| ok p=0.279297
Q5:	|--.1..+. 1..-..-1 ..1.0... +......+| ok p=0.570312
Q6:	|+0...-.. -..-..0. ..-.-... -.1+....| ok p=0.795898
Q7:	|.-.-.-.- .-.-.... .-....-. +..+..+.|
Saving 2000000 paths...done.
Autobalance parameters: maxcond=232
Verified: 10150 bad out of 2260462
Estimating maxcond for upper bound 8000000 (=2000000 * 4)...
t=7:  0%   10   20   30   40   50   60   70   80   90   100%
      |----|----|----|----|----|----|----|----|----|----|
e     ***************************************************
Found maxcond = 248
t=7:  0%   10   20   30   40   50   60   70   80   90   100%
      |----|----|----|----|----|----|----|----|----|----|
      ***************************************************
Q-3:	|01001010 00000011 10000011 00001011|
Q-2:	|-11000-0 +--0---- 011011-0 000100+-|
Q-1:	|+01011-1 010+011+ 0000-++1 01001+--|
Q0:	|++1101-+ -0+-1110 +110+111 1+++---0| ok p=1
Q1:	|0+.+..-0 0.1+.0.0 -.+.1-0. 1-000+-0| ok p=0.0976562
Q2:	|+..-..11 +.0+.+.0 -.0.10.. +0110+.+| ok p=0.685547
Q3:	|-0.-..-- 0.V..0V+ ..+.-1.V 00-...1-| ok p=0.975586
Q4:	|-..-V.-1 +.10.1.1 1.1.0..1 1.-..1.+| ok p=0.419922
Q5:	|....0..- 1.-..-+0 ..-.1..+ ..1....0| ok p=0.742188
Q6:	|0..1+.1- 1.-..+1. ..+.1..- ..-....+| ok p=0.855469
Q7:	|....-... +.-..1+. ..1.-..+ ..-....-| ok p=0.576172
Q8:	|...-...+ .-...-.+ .+.+..+. +.-.+..-|
Saving 1833264 paths...done.
Autobalance parameters: maxcond=248
Verified: 124658 bad out of 1957922
Estimating maxcond for upper bound 8000000 (=2000000 * 4)...
t=8:  0%   10   20   30   40   50   60   70   80   90   100%
      |----|----|----|----|----|----|----|----|----|----|
e     ***************************************************
Found maxcond = 261
t=8:  0%   10   20   30   40   50   60   70   80   90   100%
      |----|----|----|----|----|----|----|----|----|----|
      ***************************************************
Q-3:	|01001010 00000011 10000011 00001011|
Q-2:	|-11000-0 +--0---- 011011-0 000100+-|
Q-1:	|+01011-1 010+011+ 0000-++1 01001+--|
Q0:	|++1101-+ -0+-1110 +110+111 1+++---0| ok p=0.274414
Q1:	|1+.+.V-0 1.0+.1.0 -.+.1-0. 1-000+-0| ok p=0.859375
Q2:	|-..-.1.1 +.1+.+.0 -.0.01.. +1110-.-| ok p=0.666016
Q3:	|-1.-0+1. 1..1.0.+ ..+.-1.. +0+..-0+| ok p=0.546875
Q4:	|-.V.1+V. 1..-.1.+ 0.-.0... +1+.1..+| ok p=0.912109
Q5:	|-..1++.. ...1.V.- 0.0.1... -0..00..| ok p=0.652344
Q6:	|..-.-.-. .V.+...1 +.1..... --0.+..0| ok p=0.813477
Q7:	|0.0.+00. ...1.-.+ -....... --..+...| ok p=0.935547
Q8:	|..1.1.+. .+.1.0.- -....... -.......| ok p=0.560547
Q9:	|......+. .+....-. ..-..+.- .+..+..+|
Saving 2000000 paths...done.
Autobalance parameters: maxcond=260
Verified: 70818 bad out of 2823004
Estimating maxcond for upper bound 8000000 (=2000000 * 4)...
t=9:  0%   10   20   30   40   50   60   70   80   90   100%
      |----|----|----|----|----|----|----|----|----|----|
e     ***************************************************
Found maxcond = 273
t=9:  0%   10   20   30   40   50   60   70   80   90   100%
      |----|----|----|----|----|----|----|----|----|----|
      ***************************************************
Q-3:	|01001010 00000011 10000011 00001011|
Q-2:	|-11000-0 +--0---- 011011-0 000100+-|
Q-1:	|+01011-1 010+011+ 0000-++1 01001+--|
Q0:	|++1101-+ -0+-1110 +110+111 1+++---0| ok p=0.271484
Q1:	|1+.+..-0 1.1+.1.0 -.+.0-0. 0-000+-0| ok p=0.751953
Q2:	|-..-..01 -.1+.+.0 -.0.01.. +1110-.+| ok p=0.665039
Q3:	|-0.-..+1 1.0..01+ ..+.-0.. -0+..10-| ok p=0.907227
Q4:	|-..0.V+- 1.10.100 1V+.0.1. -.+.V1.1| ok p=0.693359
Q5:	|-..+.1.+ ..-...-0 .0..1.0. ....1..0| ok p=0.444336
Q6:	|0V.1.-1- ..-...0. .-0..V-. 0.1.+..-| ok p=0.648438
Q7:	|+1.-.-.+ ..+...1. .-....+. ....+..+| ok p=0.708984
Q8:	|+-.+.+.+ ..+..... .....--. .......+| ok p=0.641602
Q9:	|.-.1.+.. ........ .1...0-. ....1..-| ok p=0.546875
Q10:	|.-...... ..-..... +...-..- .-.....-|
Saving 2000000 paths...done.
Autobalance parameters: maxcond=272
Verified: 100790 bad out of 2618995
Estimating maxcond for upper bound 8000000 (=2000000 * 4)...
t=10: 0%   10   20   30   40   50   60   70   80   90   100%
      |----|----|----|----|----|----|----|----|----|----|
e     ***************************************************
Found maxcond = 284
t=10: 0%   10   20   30   40   50   60   70   80   90   100%
      |----|----|----|----|----|----|----|----|----|----|
      ***************************************************
Q-3:	|01001010 00000011 10000011 00001011|
Q-2:	|-11000-0 +--0---- 011011-0 000100+-|
Q-1:	|+01011-1 010+011+ 0000-++1 01001+--|
Q0:	|++1101-+ -0+-1110 +110+111 1+++---0| ok p=1
Q1:	|0+.+..-0 0.1+.0.0 -.+.1-0. 1-000+-0| ok p=0.112305
Q2:	|+..-..11 +.0+.+.0 -.0.10.. +0110+.+| ok p=0.673828
Q3:	|-0.-..-- 0.V..00+ ..+.-1.V 00-...1-| ok p=0.964844
Q4:	|-..-V.-1 +.00.010 0.1.1..1 1.-..1.+| ok p=0.432617
Q5:	|...00.00 1.+..--1 ..-.1..+ ..0....0| ok p=0.737305
Q6:	|0..++.1. 1.+..01. ..+.1..- .V-....+| ok p=0.797852
Q7:	|...1+.+. ..-..0-. ..-.-..+ .1+..V.-| ok p=0.381836
Q8:	|...1..+. ..1...1. ..0.0..0 .--..1.-| ok p=0.810547
Q9:	|....1.-. ..1...1. ..0.1..0 .--..+.-| ok p=0.908203
Q10:	|......-. ......-. .......+ .+...+.+| ok p=0.669922
Q11:	|.-.-.... -...-.+. ...+.+.+ .......+|
Saving 2000000 paths...done.
Autobalance parameters: maxcond=283
Verified: 3678 bad out of 2557228
Runtime: 185.04
Extend MD5 differential paths forward
Copyright (C) 2009 Marc Stevens
http://homepages.cwi.nl/~stevens/

delta_m[11] = [!15!]
Loading workdir2/paths10_0of1...done: 2000000 (work:2000000).
Estimating maxcond for upper bound 2000000 (=500000 * 4)...
t=11: 0%   10   20   30   40   50   60   70   80   90   100%
      |----|----|----|----|----|----|----|----|----|----|
e     ***************************************************
Found maxcond = 296
t=11: 0%   10   20   30   40   50   60   70   80   90   100%
      |----|----|----|----|----|----|----|----|----|----|
      ***************************************************
Q-3:	|01001010 00000011 10000011 00001011|
Q-2:	|-11000-0 +--0---- 011011-0 000100+-|
Q-1:	|+01011-1 010+011+ 0000-++1 01001+--|
Q0:	|++1101-+ -0+-1110 +110+111 1+++---0| ok p=1
Q1:	|0+.+..-0 1.1+.1.0 -.+.0-1. 0-000+-0| ok p=0.324219
Q2:	|+..-..01 -.1-.+.0 -.0.01.. +1100-.+| ok p=0.649414
Q3:	|+1.-..+1 1..0.0V+ ..+.-0.. -0+..11-| ok p=0.59082
Q4:	|+1...0+0 -..+.0.0 1V+.0.V. -.+..1.1| ok p=0.751953
Q5:	|0+V0V1++ +..-..-1 ..0.1... .......0| ok p=0.454102
Q6:	|-1.V.-.+ +..-..0. .-1...-. 0.0....-| ok p=0.755859
Q7:	|-0+.++10 ...-..1. .1+...0. ....V..+| ok p=0.635742
Q8:	|-.1+1+.1 0..1.... .1-...1. ......V+| ok p=0.652344
Q9:	|-.101+.- ...+.... .V-..... ....-.1-| ok p=0.999023
Q10:	|-..1...- ...-.... ..-..... ....0.-1| ok p=0.810547
Q11:	|+....1.- ...-.... .+...... ....1.-1| ok p=0.853516
Q12:	|+......- .+.-.+.+ ........ ...+..-.|
Saving 500000 paths...done.
Autobalance parameters: maxcond=295
Verified: 16026 bad out of 649075
Runtime: 17.8164
