MD5 differential path toolbox
Copyright (C) 2009 Marc Stevens
http://homepages.cwi.nl/~stevens/

IHV1   = {1241744139,916350862,793119051,3798953489}
IHV1   = 0b83034a8e679e364b09462f116e6fe2

IHV2   = {1241744139,4113494000,2908161868,1619029010}
IHV2   = 0b83034af0ef2ef54c0757ad126c8060

dIHV   = {0,3197143138,2115042817,2115042817}
NC0: delta c = delta d = [!-0,31!]
NC0: delta b           = [!-0,-23,31!]
NC1: delta c = delta d = [!9!]
NC1: delta b           = [!-0,9,-30!]
NC2: delta c = delta d = [!-16!]
NC2: delta b           = [!5,-7,-16!]
NC3: delta c = delta d = [!-20!]
NC3: delta b           = [!-9,-11,-20!]
NC4: delta c = delta d = [!25!]
NC4: delta b           = [!15,25!]
NC0: prob=-10.9645
NC1: prob=-6.06736
NC2: prob=-6.92448
NC3: prob=-8.42896
NC4: prob=-5.88643
delta m_11 = [!15!]
Q-3:	|01001010 00000011 10000011 00001011|
Q-2:	|-11000-0 +--0---- 011011-0 000100+-|
Q-1:	|+01011-1 010+011+ 0000-++1 01001+--|
Q0:	|++1101-+ -0+-1110 +110+111 1+++---0| ok p=0.650391
Q1:	|.+.+..-. ...+.... -.+..-.. .-....+.|
Saved lower diff. path to 'workdir2/lowerpath.bin.gz'.

Q32:	|........ ........ ........ ........|
Q33:	|........ ........ ........ ........|
Q34:	|........ ........ ........ ........|
Q35:	|........ ........ ........ ........| ok p=1
Q36:	|........ ........ ........ ........| ok p=1
Q37:	|........ ........ ........ ........| ok p=1
Q38:	|........ ........ ........ ........| ok p=1
Q39:	|........ ........ ........ ........| ok p=1
Q40:	|........ ........ ........ ........| ok p=1
Q41:	|........ ........ ........ ........| ok p=1
Q42:	|........ ........ ........ ........| ok p=1
Q43:	|........ ........ ........ ........| ok p=1
Q44:	|........ ........ ........ ........| ok p=1
Q45:	|........ ........ ........ ........| ok p=1
Q46:	|........ ........ ........ ........| ok p=1
Q47:	|........ ........ ........ ........| ok p=1
Q48:	|........ ........ ........ ........| ok p=1
Q49:	|........ ........ ........ ........| ok p=1
Q50:	|........ ........ ........ ........| ok p=1
Q51:	|........ ........ ........ ........| ok p=1
Q52:	|........ ........ ........ ........| ok p=1
Q53:	|........ ........ ........ ........| ok p=1
Q54:	|........ ........ ........ ........| ok p=1
Q55:	|........ ........ ........ ........| ok p=1
Q56:	|........ ........ ........ ........| ok p=1
Q57:	|........ ........ ........ ........| ok p=1
Q58:	|........ ........ ........ ........| ok p=1
Q59:	|........ ........ ........ ........| ok p=1
Q60:	|......0. ........ ........ ........| ok p=1
Q61:	|.....11. ........ ........ ........| ok p=1
Q62:	|.....0+. ........ ........ ........| ok p=1
Q63:	|.....+-. ........ ........ ........| ok p=0.978516
Q64:	|......+. ........ +....... ........|
Saved upper diff. path to 'workdir2/upperpath.bin.gz'.
Saved 'md5diffpathforward.cfg'.
Saved 'md5diffpathbackward.cfg'.
Saved 'md5diffpathconnect.cfg'.
Saved 'md5diffpathhelper.cfg'.
