Connect MD5 differential paths
Copyright (C) 2009 Marc Stevens
http://homepages.cwi.nl/~stevens/

delta_m[11] = [!-10!]
Loading workdir5/paths16_0of1.bin.gz...done: 500000.
Loading workdir5/paths11_0of1.bin.gz...done: 500000.
t=12: 0%   10   20   30   40   50   60   70   80   90   100%
      |----|----|----|----|----|----|----|----|----|----|
      *Q-3:	|10101111 01101101 01010001 11001010|
Q-2:	|-1100001 110+0101 10001000 011+----|
Q-1:	|+0111110 01+-0011 10000001 1001100+|
Q0:	|+1000101 ++--0011 001+-1+1 11110+--| ok p=0.957031
Q1:	|.+.....+ -00+.+1. ...00+0. ...1.01+| ok p=1
Q2:	|0+.....0 ++0+.+1. ...1-010 ...+.+0-| ok p=1
Q3:	|1+10..1+ 0-.+..+. ....-1.0 ...0.-.-| ok p=1
Q4:	|-+00..0+ 01!1.1+0 ....0..+ ...1.-.1| ok p=1
Q5:	|-+1-.0++ .1.0...1 ....01.+ ..!..-.+| ok p=1
Q6:	|00.+.1+. ...+..1+ ....-0.+ ^....-.-| ok p=1
Q7:	|1010.+00 ...0...+ .!..0..1 +.0..0.+| ok p=1
Q8:	|+000.1+. ^.01...- ....1..+ 0.0..1.+| ok p=1
Q9:	|0.1..0+. +.1....1 ...1.1.- +!+..+.0| ok p=1
Q10:	|100.01+1 11+101^0 1011.00+ 0.+.1+.+| ok p=1
Q11:	|10001+00 -0-010+1 110+010- -.-00+.+| ok p=1
Q12:	|0++1++1+ 1-0+--1+ ----1++0 1^+1+-^1| ok p=1
Q13:	|----+-+- ---+++++ ---0+0-+ 1-0-1---| ok p=1
Q14:	|0-1-.+00 1-0.11-. .00001-0 11+11.00| ok p=1
Q15:	|000-0110 10-01100 1-0+0++1 -1+0.101| ok p=0.442383
Q16:	|.0.1.-.. 0+..0.+. .-...-1. -.-.0...| ok p=0.954102
Q17:	|...1.0.. 1.^.1... .1.^.10. +.1.1...| ok p=0.797852
Q18:	|0....0.. -^..-.^. .+...1.. 0.-.+...| ok p=0.895508
Q19:	|0....+.. ........ .+.0.-.. 1.-....0| ok p=0.530273
Q20:	|+..0...0 ^...^... .001...0 ..0.^..0| ok p=0.368164
Q21:	|0..1.^.1 ....0... .11+.^.1 ..0....+| ok p=0.435547
Q22:	|1..-...+ ....1... ..-....- ........| ok p=0.509766
Q23:	|........ ....-.0. ...^.... ..0....^| ok p=0.511719
Q24:	|...^...^ .0....1. ..^....^ ..1...0.| ok p=1
Q25:	|........ ....^.+. ........ ..+...1.| ok p=0.943359
Q26:	|........ 0-...... .....0.. ......+.| ok p=1
Q27:	|........ 1-....^. .....1.. ..^.....| ok p=0.999023
Q28:	|........ -+...... .....-.. ......^.| ok p=0.998047
Q29:	|........ .0...... .....0.. ........| ok p=1
Q30:	|........ ^1...... .....+.. ........| ok p=1
Q31:	|........ ........ .....+.. ........| ok p=1
Q32:	|........ ........ ........ ........| ok p=1
Q33:	|........ ........ .....!.. ........| ok p=1
Q34:	|........ ........ ........ ........| ok p=1
Q35:	|........ ........ ........ ........| ok p=1
Q36:	|........ ........ ........ ........| ok p=1
Q37:	|........ ........ ........ ........| ok p=1
Q38:	|........ ........ ........ ........| ok p=1
Q39:	|........ ........ ........ ........| ok p=1
Q40:	|........ ........ ........ ........| ok p=1
Q41:	|........ ........ ........ ........| ok p=1
Q42:	|........ ........ ........ ........| ok p=1
Q43:	|........ ........ ........ ........| ok p=1
Q44:	|........ ........ ........ ........| ok p=1
Q45:	|........ ........ ........ ........| ok p=1
Q46:	|........ ........ ........ ........| ok p=1
Q47:	|........ ........ ........ ........| ok p=1
Q48:	|........ ........ ........ ........| ok p=1
Q49:	|........ ........ ........ ........| ok p=1
Q50:	|........ ........ ........ ........| ok p=1
Q51:	|........ ........ ........ ........| ok p=1
Q52:	|........ ........ ........ ........| ok p=1
Q53:	|........ ........ ........ ........| ok p=1
Q54:	|........ ........ ........ ........| ok p=1
Q55:	|........ ........ ........ ........| ok p=1
Q56:	|........ ........ ........ ........| ok p=1
Q57:	|........ ........ ........ ........| ok p=1
Q58:	|........ ........ ........ ........| ok p=1
Q59:	|........ ........ ........ ........| ok p=1
Q60:	|........ ...0.... ........ ........| ok p=1
Q61:	|........ .110.... ........ ........| ok p=1
Q62:	|........ .01-.... ........ ........| ok p=1
Q63:	|........ .-++.... ........ ........| ok p=1
Q64:	|........ ...-.... ....-.-. ........|
Best path: totcompl=-36 tottunnel=29, totcond=576, p=0.00606387
Q-3:	|10101111 01101101 01010001 11001010|
Q-2:	|-1100001 110+0101 10001000 011+----|
Q-1:	|+0111110 01+-0011 10000001 1001100+|
Q0:	|+1000101 ++--0011 001+-1+1 11110+--| ok p=0.953125
Q1:	|.+.....+ -00+.+1. ...00+0. ...1.01+| ok p=1
Q2:	|0+.....0 ++0+.+1. ...1-010 ...+.+0-| ok p=1
Q3:	|1+10..1+ 0-.+..+. ....-1.0 ...0.-.-| ok p=1
Q4:	|-+00..0+ 01!1.1+0 ....0..+ ...1.-.1| ok p=1
Q5:	|-+1-.0++ .1.0...1 ....01.+ ..!..-.+| ok p=1
Q6:	|00.+.1+. ...+..1+ ....-0.+ ^....-.-| ok p=1
Q7:	|1010.+00 ...0...+ .!..0..1 +.0..0.+| ok p=1
Q8:	|+000.1+. ^.01...- ....1..+ 0.0..1.+| ok p=1
Q9:	|0.1..0+. +.1....1 ...1...- +!+..+.0| ok p=1
Q10:	|100.01+0 11+101^0 1011!00+ 0.+.1+.+| ok p=1
Q11:	|10001+01 -0-010+1 110+010- -.-00+.+| ok p=1
Q12:	|0++1+++- 1-0+--1+ ----1++0 1^+1+-^1| ok p=1
Q13:	|----+-+- ---+++++ ---0+0-+ 1-0-1---| ok p=1
Q14:	|0-1-.+.. 1-0.11-. .00001-0 11+11.00| ok p=1
Q15:	|000-0110 10-01100 1-0+0++1 -1+0.101| ok p=0.4375
Q16:	|.0.1.-.. 0+..0.+. .-...-1. -.-.0...| ok p=0.954102
Q17:	|...1.0.. 1.^.1... .1.^.10. +.1.1...| ok p=0.822266
Q18:	|0....0.. -^..-.^. .+...1.. 0.-.+...| ok p=0.891602
Q19:	|0....+.. ........ .+.0.-.. 1.-....0| ok p=0.538086
Q20:	|+..0...0 ^...^... .001...0 ..0.^..0| ok p=0.387695
Q21:	|0..1.^.1 ....0... .11+.^.1 ..0....+| ok p=0.429688
Q22:	|1..-...+ ....1... ..-....- ........| ok p=0.510742
Q23:	|........ ....-.0. ...^.... ..0....^| ok p=0.491211
Q24:	|...^...^ .0....1. ..^....^ ..1...0.| ok p=1
Q25:	|........ ....^.+. ........ ..+...1.| ok p=0.949219
Q26:	|........ 0-...... .....0.. ......+.| ok p=1
Q27:	|........ 1-....^. .....1.. ..^.....| ok p=0.999023
Q28:	|........ -+...... .....-.. ......^.| ok p=1
Q29:	|........ .0...... .....0.. ........| ok p=1
Q30:	|........ ^1...... .....+.. ........| ok p=1
Q31:	|........ ........ .....+.. ........| ok p=0.998047
Q32:	|........ ........ ........ ........| ok p=1
Q33:	|........ ........ .....!.. ........| ok p=1
Q34:	|........ ........ ........ ........| ok p=1
Q35:	|........ ........ ........ ........| ok p=1
Q36:	|........ ........ ........ ........| ok p=1
Q37:	|........ ........ ........ ........| ok p=1
Q38:	|........ ........ ........ ........| ok p=1
Q39:	|........ ........ ........ ........| ok p=1
Q40:	|........ ........ ........ ........| ok p=1
Q41:	|........ ........ ........ ........| ok p=1
Q42:	|........ ........ ........ ........| ok p=1
Q43:	|........ ........ ........ ........| ok p=1
Q44:	|........ ........ ........ ........| ok p=1
Q45:	|........ ........ ........ ........| ok p=1
Q46:	|........ ........ ........ ........| ok p=1
Q47:	|........ ........ ........ ........| ok p=1
Q48:	|........ ........ ........ ........| ok p=1
Q49:	|........ ........ ........ ........| ok p=1
Q50:	|........ ........ ........ ........| ok p=1
Q51:	|........ ........ ........ ........| ok p=1
Q52:	|........ ........ ........ ........| ok p=1
Q53:	|........ ........ ........ ........| ok p=1
Q54:	|........ ........ ........ ........| ok p=1
Q55:	|........ ........ ........ ........| ok p=1
Q56:	|........ ........ ........ ........| ok p=1
Q57:	|........ ........ ........ ........| ok p=1
Q58:	|........ ........ ........ ........| ok p=1
Q59:	|........ ........ ........ ........| ok p=1
Q60:	|........ ...0.... ........ ........| ok p=1
Q61:	|........ .110.... ........ ........| ok p=1
Q62:	|........ .01-.... ........ ........| ok p=1
Q63:	|........ .-++.... ........ ........| ok p=1
Q64:	|........ ...-.... ....-.-. ........|
Best path: totcompl=-35 tottunnel=30, totcond=574, p=0.00691649
Q-3:	|10101111 01101101 01010001 11001010|
Q-2:	|-1100001 110+0101 10001000 011+----|
Q-1:	|+0111110 01+-0011 10000001 1001100+|
Q0:	|+1000101 ++--0011 001+-1+1 11110+--| ok p=0.953125
Q1:	|.+.....+ -00+.+1. ...00+0. ...1.01+| ok p=1
Q2:	|0+.....0 ++0+.+1. ...1-010 ...+.+0-| ok p=1
Q3:	|1+10..1+ 0-.+..+. ....-1.0 ...0.-.-| ok p=1
Q4:	|-+00..0+ 01!1.1+0 ....0..+ ...1.-.1| ok p=1
Q5:	|-+1-.0++ .1.0...1 ....01.+ ..!..-.+| ok p=1
Q6:	|11.+.1+. ...+..1+ ....-0.+ ^....-.-| ok p=1
Q7:	|10.0.+00 ...0...+ !...0..1 +.0..0.+| ok p=1
Q8:	|-100.0+. ^.01...- ....1..+ 0.0..1.+| ok p=1
Q9:	|01..^1+. +.1....1 ...1..0- +!-..+.-| ok p=1
Q10:	|1..1..+0 11+....0 ..011011 +0+..+11| ok p=1
Q11:	|.101^^+0 10+.0000 ..1+11-1 11-11+01| ok p=1
Q12:	|.01---1- 0+1^111+ ..+--+1+ ++-00+-+| ok p=1
Q13:	|!+--01++ +0--++-1 .0++--1- ---+--1+| ok p=1
Q14:	|!-000+11 -+1000-1 .0.0.-10 11+1101.| ok p=1
Q15:	|.10-.110 10-0010. .-1+0++0 01+011.0| ok p=0.522461
Q16:	|.1.0.-.. ++..0.+. .-...-.. 1.-.0...| ok p=1
Q17:	|...1.0.. 0.^.1... .1.^.1^. +.1.1...| ok p=0.708008
Q18:	|0....0.. -^..-.^. .+...1.. ..-.+...| ok p=0.902344
Q19:	|0....+.. ........ .+.0.-.. ^.-....0| ok p=0.420898
Q20:	|-..0...0 ^...^... .001...0 ..0.^..1| ok p=0.592773
Q21:	|0..1.^.1 ....0... .11+.^.1 ..0....+| ok p=0.408203
Q22:	|1..-...+ ....1... ..-....- ........| ok p=0.416992
Q23:	|........ ....-.0. ...^.... ..0....^| ok p=0.496094
Q24:	|...^...^ .0....1. ..^....^ ..1...0.| ok p=1
Q25:	|........ ....^.+. ........ ..+...1.| ok p=0.936523
Q26:	|........ 0-...... .....0.. ......+.| ok p=1
Q27:	|........ 1-....^. .....1.. ..^.....| ok p=0.998047
Q28:	|........ -+...... .....-.. ......^.| ok p=1
Q29:	|........ .0...... .....0.. ........| ok p=1
Q30:	|........ ^1...... .....+.. ........| ok p=1
Q31:	|........ ........ .....+.. ........| ok p=1
Q32:	|........ ........ ........ ........| ok p=1
Q33:	|........ ........ .....!.. ........| ok p=1
Q34:	|........ ........ ........ ........| ok p=1
Q35:	|........ ........ ........ ........| ok p=1
Q36:	|........ ........ ........ ........| ok p=1
Q37:	|........ ........ ........ ........| ok p=1
Q38:	|........ ........ ........ ........| ok p=1
Q39:	|........ ........ ........ ........| ok p=1
Q40:	|........ ........ ........ ........| ok p=1
Q41:	|........ ........ ........ ........| ok p=1
Q42:	|........ ........ ........ ........| ok p=1
Q43:	|........ ........ ........ ........| ok p=1
Q44:	|........ ........ ........ ........| ok p=1
Q45:	|........ ........ ........ ........| ok p=1
Q46:	|........ ........ ........ ........| ok p=1
Q47:	|........ ........ ........ ........| ok p=1
Q48:	|........ ........ ........ ........| ok p=1
Q49:	|........ ........ ........ ........| ok p=1
Q50:	|........ ........ ........ ........| ok p=1
Q51:	|........ ........ ........ ........| ok p=1
Q52:	|........ ........ ........ ........| ok p=1
Q53:	|........ ........ ........ ........| ok p=1
Q54:	|........ ........ ........ ........| ok p=1
Q55:	|........ ........ ........ ........| ok p=1
Q56:	|........ ........ ........ ........| ok p=1
Q57:	|........ ........ ........ ........| ok p=1
Q58:	|........ ........ ........ ........| ok p=1
Q59:	|........ ........ ........ ........| ok p=1
Q60:	|........ ...0.... ........ ........| ok p=1
Q61:	|........ .110.... ........ ........| ok p=1
Q62:	|........ .01-.... ........ ........| ok p=1
Q63:	|........ .-++.... ........ ........| ok p=1
Q64:	|........ ...-.... ....-.-. ........|
Best path: totcompl=-31 tottunnel=34, totcond=558, p=0.00684374
Q-3:	|10101111 01101101 01010001 11001010|
Q-2:	|-1100001 110+0101 10001000 011+----|
Q-1:	|+0111110 01+-0011 10000001 1001100+|
Q0:	|+1000101 ++--0011 001+-1+1 11110+--| ok p=0.958008
Q1:	|.+.....+ -00+.+1. ...00+0. ...1.01+| ok p=1
Q2:	|0+.....0 ++0+.+1. ...1-010 ...+.+0-| ok p=1
Q3:	|1+10..1+ 0-.+..+. ....-1.0 ...0.-.-| ok p=1
Q4:	|-+00..0+ 01!1.1+0 ....0..+ ...1.-.1| ok p=1
Q5:	|-+1-.0++ .1.0...1 ....01.+ ..!..-.+| ok p=1
Q6:	|11.+.1+. ...+..1+ ....-0.+ ^....-.-| ok p=1
Q7:	|10.0.+00 ...0...+ .!..0..1 +.0..0.+| ok p=1
Q8:	|-100.0+. ^.01...- ....1..+ 0.0..1.+| ok p=1
Q9:	|01.1.1+. +.1....1 ...1..0- +!-..+.-| ok p=1
Q10:	|1..1..+0 11+....0 ..011011 +0+..+01| ok p=1
Q11:	|.101^^+0 10+.0000 ..1+11-1 11-11+11| ok p=1
Q12:	|.01---1- 0+1^111+ ..+--+1+ ++-001++| ok p=1
Q13:	|!+--01++ +0--++-1 ..++--1- ---+--1+| ok p=1
Q14:	|!-000+11 -+1000-1 .^.0.-10 11+1011.| ok p=1
Q15:	|.10-.110 10-00100 .-1+0++0 01+011.0| ok p=0.485352
Q16:	|.1.0.-.. ++..0.+. .-...-.. 1.-.0...| ok p=1
Q17:	|...1.0.. 0.^.1... .1.^.1^. +.1.1...| ok p=0.710938
Q18:	|0....0.. -^..-.^. .+...1.. ..-.+...| ok p=0.90625
Q19:	|0....+.. ........ .+.0.-.. ^.-....0| ok p=0.425781
Q20:	|-..0...0 ^...^... .001...0 ..0.^..1| ok p=0.620117
Q21:	|0..1.^.1 ....0... .11+.^.1 ..0....+| ok p=0.448242
Q22:	|1..-...+ ....1... ..-....- ........| ok p=0.447266
Q23:	|........ ....-.0. ...^.... ..0....^| ok p=0.482422
Q24:	|...^...^ .0....1. ..^....^ ..1...0.| ok p=1
Q25:	|........ ....^.+. ........ ..+...1.| ok p=0.951172
Q26:	|........ 0-...... .....0.. ......+.| ok p=1
Q27:	|........ 1-....^. .....1.. ..^.....| ok p=1
Q28:	|........ -+...... .....-.. ......^.| ok p=0.998047
Q29:	|........ .0...... .....0.. ........| ok p=1
Q30:	|........ ^1...... .....+.. ........| ok p=1
Q31:	|........ ........ .....+.. ........| ok p=0.999023
Q32:	|........ ........ ........ ........| ok p=1
Q33:	|........ ........ .....!.. ........| ok p=1
Q34:	|........ ........ ........ ........| ok p=1
Q35:	|........ ........ ........ ........| ok p=1
Q36:	|........ ........ ........ ........| ok p=1
Q37:	|........ ........ ........ ........| ok p=1
Q38:	|........ ........ ........ ........| ok p=1
Q39:	|........ ........ ........ ........| ok p=1
Q40:	|........ ........ ........ ........| ok p=1
Q41:	|........ ........ ........ ........| ok p=1
Q42:	|........ ........ ........ ........| ok p=1
Q43:	|........ ........ ........ ........| ok p=1
Q44:	|........ ........ ........ ........| ok p=1
Q45:	|........ ........ ........ ........| ok p=1
Q46:	|........ ........ ........ ........| ok p=1
Q47:	|........ ........ ........ ........| ok p=1
Q48:	|........ ........ ........ ........| ok p=1
Q49:	|........ ........ ........ ........| ok p=1
Q50:	|........ ........ ........ ........| ok p=1
Q51:	|........ ........ ........ ........| ok p=1
Q52:	|........ ........ ........ ........| ok p=1
Q53:	|........ ........ ........ ........| ok p=1
Q54:	|........ ........ ........ ........| ok p=1
Q55:	|........ ........ ........ ........| ok p=1
Q56:	|........ ........ ........ ........| ok p=1
Q57:	|........ ........ ........ ........| ok p=1
Q58:	|........ ........ ........ ........| ok p=1
Q59:	|........ ........ ........ ........| ok p=1
Q60:	|........ ...0.... ........ ........| ok p=1
Q61:	|........ .110.... ........ ........| ok p=1
Q62:	|........ .01-.... ........ ........| ok p=1
Q63:	|........ .-++.... ........ ........| ok p=1
Q64:	|........ ...-.... ....-.-. ........|
Best path: totcompl=-30 tottunnel=35, totcond=558, p=0.0062293
Best paths: 2
Q-3:	|10101111 01101101 01010001 11001010|
Q-2:	|-1100001 110+0101 10001000 011+----|
Q-1:	|+0111110 01+-0011 10000001 1001100+|
Q0:	|+1000101 ++--0011 001+-1+1 11110+--| ok p=0.946289
Q1:	|.+.....+ -00+.+1. ...00+0. ...1.01+| ok p=1
Q2:	|0+.....0 ++0+.+1. ...1-010 ...+.+0-| ok p=1
Q3:	|1+10..1+ 0-.+..+. ....-1.0 ...0.-.-| ok p=1
Q4:	|-+00..0+ 01!1.1+0 ....0..+ ...1.-.1| ok p=1
Q5:	|-+1-.0++ .1.0...1 ....01.+ .!...-.+| ok p=1
Q6:	|11.+.1+. ...+..1+ ....-0.+ ^....-.-| ok p=1
Q7:	|10.0.+00 ...0...+ !...0..1 +.0..0.+| ok p=1
Q8:	|-10000+. ^.01...- ....1..+ 0.0..1.+| ok p=1
Q9:	|01...1+. +.1....1 ...1..0- +!-..+.-| ok p=1
Q10:	|1..1..+0 11+....0 ..011011 +0+..+11| ok p=1
Q11:	|.101^^+0 10+.0000 ..1+11-1 11-.0+01| ok p=1
Q12:	|.01---1- 0+1^111+ ..+--+1+ ++-^1+-+| ok p=1
Q13:	|!+--01++ +0--++-1 ..++--1- ---+--1+| ok p=1
Q14:	|!-000+11 -+1000-1 .^.0.-10 11+1101.| ok p=1
Q15:	|.10-.110 10-0010. !-1+0++0 01+011.0| ok p=0.521484
Q16:	|.1.0.-.. ++..0.+. .-...-.. 1.-.0...| ok p=1
Q17:	|...1.0.. 0.^.1... .1.^.1^. +.1.1...| ok p=0.697266
Q18:	|0....0.. -^..-.^. .+...1.. ..-.+...| ok p=0.889648
Q19:	|0....+.. ........ .+.0.-.. ^.-....0| ok p=0.381836
Q20:	|-..0...0 ^...^... .001...0 ..0.^..1| ok p=0.595703
Q21:	|0..1.^.1 ....0... .11+.^.1 ..0....+| ok p=0.427734
Q22:	|1..-...+ ....1... ..-....- ........| ok p=0.459961
Q23:	|........ ....-.0. ...^.... ..0....^| ok p=0.496094
Q24:	|...^...^ .0....1. ..^....^ ..1...0.| ok p=1
Q25:	|........ ....^.+. ........ ..+...1.| ok p=0.944336
Q26:	|........ 0-...... .....0.. ......+.| ok p=1
Q27:	|........ 1-....^. .....1.. ..^.....| ok p=0.998047
Q28:	|........ -+...... .....-.. ......^.| ok p=0.998047
Q29:	|........ .0...... .....0.. ........| ok p=1
Q30:	|........ ^1...... .....+.. ........| ok p=1
Q31:	|........ ........ .....+.. ........| ok p=1
Q32:	|........ ........ ........ ........| ok p=1
Q33:	|........ ........ .....!.. ........| ok p=1
Q34:	|........ ........ ........ ........| ok p=1
Q35:	|........ ........ ........ ........| ok p=1
Q36:	|........ ........ ........ ........| ok p=1
Q37:	|........ ........ ........ ........| ok p=1
Q38:	|........ ........ ........ ........| ok p=1
Q39:	|........ ........ ........ ........| ok p=1
Q40:	|........ ........ ........ ........| ok p=1
Q41:	|........ ........ ........ ........| ok p=1
Q42:	|........ ........ ........ ........| ok p=1
Q43:	|........ ........ ........ ........| ok p=1
Q44:	|........ ........ ........ ........| ok p=1
Q45:	|........ ........ ........ ........| ok p=1
Q46:	|........ ........ ........ ........| ok p=1
Q47:	|........ ........ ........ ........| ok p=1
Q48:	|........ ........ ........ ........| ok p=1
Q49:	|........ ........ ........ ........| ok p=1
Q50:	|........ ........ ........ ........| ok p=1
Q51:	|........ ........ ........ ........| ok p=1
Q52:	|........ ........ ........ ........| ok p=1
Q53:	|........ ........ ........ ........| ok p=1
Q54:	|........ ........ ........ ........| ok p=1
Q55:	|........ ........ ........ ........| ok p=1
Q56:	|........ ........ ........ ........| ok p=1
Q57:	|........ ........ ........ ........| ok p=1
Q58:	|........ ........ ........ ........| ok p=1
Q59:	|........ ........ ........ ........| ok p=1
Q60:	|........ ...0.... ........ ........| ok p=1
Q61:	|........ .110.... ........ ........| ok p=1
Q62:	|........ .01-.... ........ ........| ok p=1
Q63:	|........ .-++.... ........ ........| ok p=1
Q64:	|........ ...-.... ....-.-. ........|
Best path: totcompl=-30 tottunnel=35, totcond=557, p=0.00671742
Best paths: 2
Best paths: 4
Q-3:	|10101111 01101101 01010001 11001010|
Q-2:	|-1100001 110+0101 10001000 011+----|
Q-1:	|+0111110 01+-0011 10000001 1001100+|
Q0:	|+1000101 ++--0011 001+-1+1 11110+--| ok p=0.958984
Q1:	|.+.....+ -00+.+1. ...00+0. ...1.01+| ok p=1
Q2:	|0+.....0 ++0+.+1. ...1-010 ...+.+0-| ok p=1
Q3:	|1+10..1+ 0-.+..+. ....-1.0 ...0.-.-| ok p=1
Q4:	|-+00..0+ 01!1.1+0 ....0..+ ...1.-.1| ok p=1
Q5:	|-+1-.0++ .1.0...1 ....01.+ .!...-.+| ok p=1
Q6:	|11.+.1+. ...+..1+ ....-0.+ ^....-.-| ok p=1
Q7:	|10.0.+00 ...0...+ !...0..1 +.0..0.+| ok p=1
Q8:	|-10000+. ^.01...- ....1..+ 0.0..1.+| ok p=1
Q9:	|01...1+. +.1....1 ...1..0- +!-..+.-| ok p=1
Q10:	|1..1..+0 11+....0 ..011011 +0+..+11| ok p=1
Q11:	|.101^^+0 10+01000 ..1+11-1 11-11+01| ok p=1
Q12:	|.01---1- 0+11011+ ..+--+1+ ++-00+-+| ok p=1
Q13:	|!+--01++ +0-.-+-1 ..++--1- ---+--1+| ok p=1
Q14:	|!-000+11 -+1.00-1 .^.0.-10 11+1101.| ok p=1
Q15:	|.10-.110 10-.010. !-1+0++0 01+011.0| ok p=0.543945
Q16:	|.1.0.-.. ++..0.+. .-...-.. 1.-.0...| ok p=1
Q17:	|...1.0.. 0.^.1... .1.^.1^. +.1.1...| ok p=0.709961
Q18:	|0....0.. -^..-.^. .+...1.. ..-.+...| ok p=0.913086
Q19:	|0....+.. ........ .+.0.-.. ^.-....0| ok p=0.504883
Q20:	|+..0...0 ^...^... .001...0 ..0.^..0| ok p=0.370117
Q21:	|0..1.^.1 ....0... .11+.^.1 ..0....+| ok p=0.422852
Q22:	|1..-...+ ....1... ..-....- ........| ok p=0.482422
Q23:	|........ ....-.0. ...^.... ..0....^| ok p=0.489258
Q24:	|...^...^ .0....1. ..^....^ ..1...0.| ok p=1
Q25:	|........ ....^.+. ........ ..+...1.| ok p=0.958984
Q26:	|........ 0-...... .....0.. ......+.| ok p=1
Q27:	|........ 1-....^. .....1.. ..^.....| ok p=0.999023
Q28:	|........ -+...... .....-.. ......^.| ok p=1
Q29:	|........ .0...... .....0.. ........| ok p=1
Q30:	|........ ^1...... .....+.. ........| ok p=1
Q31:	|........ ........ .....+.. ........| ok p=0.999023
Q32:	|........ ........ ........ ........| ok p=1
Q33:	|........ ........ .....!.. ........| ok p=1
Q34:	|........ ........ ........ ........| ok p=1
Q35:	|........ ........ ........ ........| ok p=1
Q36:	|........ ........ ........ ........| ok p=1
Q37:	|........ ........ ........ ........| ok p=1
Q38:	|........ ........ ........ ........| ok p=1
Q39:	|........ ........ ........ ........| ok p=1
Q40:	|........ ........ ........ ........| ok p=1
Q41:	|........ ........ ........ ........| ok p=1
Q42:	|........ ........ ........ ........| ok p=1
Q43:	|........ ........ ........ ........| ok p=1
Q44:	|........ ........ ........ ........| ok p=1
Q45:	|........ ........ ........ ........| ok p=1
Q46:	|........ ........ ........ ........| ok p=1
Q47:	|........ ........ ........ ........| ok p=1
Q48:	|........ ........ ........ ........| ok p=1
Q49:	|........ ........ ........ ........| ok p=1
Q50:	|........ ........ ........ ........| ok p=1
Q51:	|........ ........ ........ ........| ok p=1
Q52:	|........ ........ ........ ........| ok p=1
Q53:	|........ ........ ........ ........| ok p=1
Q54:	|........ ........ ........ ........| ok p=1
Q55:	|........ ........ ........ ........| ok p=1
Q56:	|........ ........ ........ ........| ok p=1
Q57:	|........ ........ ........ ........| ok p=1
Q58:	|........ ........ ........ ........| ok p=1
Q59:	|........ ........ ........ ........| ok p=1
Q60:	|........ ...0.... ........ ........| ok p=1
Q61:	|........ .110.... ........ ........| ok p=1
Q62:	|........ .01-.... ........ ........| ok p=1
Q63:	|........ .-++.... ........ ........| ok p=1
Q64:	|........ ...-.... ....-.-. ........|
Best path: totcompl=-30 tottunnel=35, totcond=556, p=0.00771829
Best paths: 2
Q-3:	|10101111 01101101 01010001 11001010|
Q-2:	|-1100001 110+0101 10001000 011+----|
Q-1:	|+0111110 01+-0011 10000001 1001100+|
Q0:	|+1000101 ++--0011 001+-1+1 11110+--| ok p=0.952148
Q1:	|.+.....+ -00+.+1. ...00+0. ...1.01+| ok p=1
Q2:	|0+.....0 ++0+.+1. ...1-010 ...+.+0-| ok p=1
Q3:	|1+10..1+ 0-.+..+. ....-1.0 ...0.-.-| ok p=1
Q4:	|-+00..0+ 01!1.1+0 ....0..+ ...1.-.1| ok p=1
Q5:	|-+1-.0++ .1.0...1 ....01.+ .!...-.+| ok p=1
Q6:	|11.+.1+. ...+..1+ ....-0.+ ^....-.-| ok p=1
Q7:	|10.0.+00 ...0...+ !...0..1 +.0..0.+| ok p=1
Q8:	|-100.0+. ^.01...- ....1..+ 0.0..1.+| ok p=1
Q9:	|01..^1+. +.1....1 ...1..0- +!-..+.-| ok p=1
Q10:	|1..1..+0 11+....0 ..011011 +0+..+01| ok p=1
Q11:	|.101^^+0 10+01000 ..1+11-1 11-.0+11| ok p=1
Q12:	|.01---1- 0+11011+ ..+--+1+ ++-^11++| ok p=1
Q13:	|!+--01++ +0-.-+-1 .0++--1- ---+--1+| ok p=1
Q14:	|!-000+11 -+1.00-1 .0.0.-10 11+1011.| ok p=1
Q15:	|.10-.110 10-.010. .-1+0++0 01+011.0| ok p=0.515625
Q16:	|.1.0.-.. ++..0.+. .-...-.. 1.-.0...| ok p=1
Q17:	|...1.0.. 0.^.1... .1.^.1^. +.1.1...| ok p=0.703125
Q18:	|0....0.. -^..-.^. .+...1.. ..-.+...| ok p=0.913086
Q19:	|0....+.. ........ .+.0.-.. ^.-....0| ok p=0.521484
Q20:	|+..0...0 ^...^... .001...0 ..0.^..0| ok p=0.393555
Q21:	|0..1.^.1 ....0... .11+.^.1 ..0....+| ok p=0.454102
Q22:	|1..-...+ ....1... ..-....- ........| ok p=0.475586
Q23:	|........ ....-.0. ...^.... ..0....^| ok p=0.50293
Q24:	|...^...^ .0....1. ..^....^ ..1...0.| ok p=1
Q25:	|........ ....^.+. ........ ..+...1.| ok p=0.948242
Q26:	|........ 0-...... .....0.. ......+.| ok p=1
Q27:	|........ 1-....^. .....1.. ..^.....| ok p=1
Q28:	|........ -+...... .....-.. ......^.| ok p=0.999023
Q29:	|........ .0...... .....0.. ........| ok p=1
Q30:	|........ ^1...... .....+.. ........| ok p=1
Q31:	|........ ........ .....+.. ........| ok p=1
Q32:	|........ ........ ........ ........| ok p=1
Q33:	|........ ........ .....!.. ........| ok p=1
Q34:	|........ ........ ........ ........| ok p=1
Q35:	|........ ........ ........ ........| ok p=1
Q36:	|........ ........ ........ ........| ok p=1
Q37:	|........ ........ ........ ........| ok p=1
Q38:	|........ ........ ........ ........| ok p=1
Q39:	|........ ........ ........ ........| ok p=1
Q40:	|........ ........ ........ ........| ok p=1
Q41:	|........ ........ ........ ........| ok p=1
Q42:	|........ ........ ........ ........| ok p=1
Q43:	|........ ........ ........ ........| ok p=1
Q44:	|........ ........ ........ ........| ok p=1
Q45:	|........ ........ ........ ........| ok p=1
Q46:	|........ ........ ........ ........| ok p=1
Q47:	|........ ........ ........ ........| ok p=1
Q48:	|........ ........ ........ ........| ok p=1
Q49:	|........ ........ ........ ........| ok p=1
Q50:	|........ ........ ........ ........| ok p=1
Q51:	|........ ........ ........ ........| ok p=1
Q52:	|........ ........ ........ ........| ok p=1
Q53:	|........ ........ ........ ........| ok p=1
Q54:	|........ ........ ........ ........| ok p=1
Q55:	|........ ........ ........ ........| ok p=1
Q56:	|........ ........ ........ ........| ok p=1
Q57:	|........ ........ ........ ........| ok p=1
Q58:	|........ ........ ........ ........| ok p=1
Q59:	|........ ........ ........ ........| ok p=1
Q60:	|........ ...0.... ........ ........| ok p=1
Q61:	|........ .110.... ........ ........| ok p=1
Q62:	|........ .01-.... ........ ........| ok p=1
Q63:	|........ .-++.... ........ ........| ok p=1
Q64:	|........ ...-.... ....-.-. ........|
Best path: totcompl=-30 tottunnel=35, totcond=555, p=0.00693356
Best paths: 2
Q-3:	|10101111 01101101 01010001 11001010|
Q-2:	|-1100001 110+0101 10001000 011+----|
Q-1:	|+0111110 01+-0011 10000001 1001100+|
Q0:	|+1000101 ++--0011 001+-1+1 11110+--| ok p=0.946289
Q1:	|.+.....+ -00+.+1. ...00+0. ...1.01+| ok p=1
Q2:	|0+.....0 ++0+.+1. ...1-010 ...+.+0-| ok p=1
Q3:	|1+10..1+ 0-.+..+. ....-1.0 ...0.-.-| ok p=1
Q4:	|-+00..0+ 01!1.1+0 ....0..+ ...1.-.1| ok p=1
Q5:	|-+1-.0++ .1.0...1 ....01.+ ..!..-.+| ok p=1
Q6:	|11.+.1+. ...+..1+ ....-0.+ ^....-.-| ok p=1
Q7:	|10.0.+00 ...0...+ !...0..1 +.0..0.+| ok p=1
Q8:	|-1.000+. ^.01...- ....1..+ 0.0..1.+| ok p=1
Q9:	|01^..1+. +.1....1 ...1..0- +!-..+.-| ok p=1
Q10:	|1.0...+1 11+....0 ..011011 +0+..+01| ok p=1
Q11:	|.10001+1 10+01000 ..1+11-1 11-.0+11| ok p=1
Q12:	|.0-110++ 0+11011+ ..+--+1+ ++-^11++| ok p=1
Q13:	|!+--+--+ +0-.-+-1 ..++--1- ---+--1+| ok p=1
Q14:	|!-001+0. -+1.00-1 .^.0.-10 11+1011.| ok p=1
Q15:	|.10-1110 10-.010. !-1+0++0 01+011.0| ok p=0.591797
Q16:	|.1.0.-.. ++..0.+. .-...-.. 1.-.0...| ok p=1
Q17:	|...1.0.. 0.^.1... .1.^.1^. +.1.1...| ok p=0.730469
Q18:	|0....0.. -^..-.^. .+...1.. ..-.+...| ok p=0.917969
Q19:	|0....+.. ........ .+.0.-.. ^.-....0| ok p=0.395508
Q20:	|-..0...0 ^...^... .001...0 ..0.^..1| ok p=0.568359
Q21:	|0..1.^.1 ....0... .11+.^.1 ..0....+| ok p=0.428711
Q22:	|1..-...+ ....1... ..-....- ........| ok p=0.443359
Q23:	|........ ....-.0. ...^.... ..0....^| ok p=0.5
Q24:	|...^...^ .0....1. ..^....^ ..1...0.| ok p=1
Q25:	|........ ....^.+. ........ ..+...1.| ok p=0.927734
Q26:	|........ 0-...... .....0.. ......+.| ok p=1
Q27:	|........ 1-....^. .....1.. ..^.....| ok p=0.999023
Q28:	|........ -+...... .....-.. ......^.| ok p=0.999023
Q29:	|........ .0...... .....0.. ........| ok p=1
Q30:	|........ ^1...... .....+.. ........| ok p=1
Q31:	|........ ........ .....+.. ........| ok p=0.999023
Q32:	|........ ........ ........ ........| ok p=1
Q33:	|........ ........ .....!.. ........| ok p=1
Q34:	|........ ........ ........ ........| ok p=1
Q35:	|........ ........ ........ ........| ok p=1
Q36:	|........ ........ ........ ........| ok p=1
Q37:	|........ ........ ........ ........| ok p=1
Q38:	|........ ........ ........ ........| ok p=1
Q39:	|........ ........ ........ ........| ok p=1
Q40:	|........ ........ ........ ........| ok p=1
Q41:	|........ ........ ........ ........| ok p=1
Q42:	|........ ........ ........ ........| ok p=1
Q43:	|........ ........ ........ ........| ok p=1
Q44:	|........ ........ ........ ........| ok p=1
Q45:	|........ ........ ........ ........| ok p=1
Q46:	|........ ........ ........ ........| ok p=1
Q47:	|........ ........ ........ ........| ok p=1
Q48:	|........ ........ ........ ........| ok p=1
Q49:	|........ ........ ........ ........| ok p=1
Q50:	|........ ........ ........ ........| ok p=1
Q51:	|........ ........ ........ ........| ok p=1
Q52:	|........ ........ ........ ........| ok p=1
Q53:	|........ ........ ........ ........| ok p=1
Q54:	|........ ........ ........ ........| ok p=1
Q55:	|........ ........ ........ ........| ok p=1
Q56:	|........ ........ ........ ........| ok p=1
Q57:	|........ ........ ........ ........| ok p=1
Q58:	|........ ........ ........ ........| ok p=1
Q59:	|........ ........ ........ ........| ok p=1
Q60:	|........ ...0.... ........ ........| ok p=1
Q61:	|........ .110.... ........ ........| ok p=1
Q62:	|........ .01-.... ........ ........| ok p=1
Q63:	|........ .-++.... ........ ........| ok p=1
Q64:	|........ ...-.... ....-.-. ........|
Best path: totcompl=-29 tottunnel=36, totcond=555, p=0.00700834
Best paths: 2
**Best paths: 4
Q-3:	|10101111 01101101 01010001 11001010|
Q-2:	|-1100001 110+0101 10001000 011+----|
Q-1:	|+0111110 01+-0011 10000001 1001100+|
Q0:	|+1000101 ++--0011 001+-1+1 11110+--| ok p=0.943359
Q1:	|.+.....+ -00+.+1. ...00+0. ...1.01+| ok p=1
Q2:	|0+.....0 ++0+.+1. ...1-010 ...+.+0-| ok p=1
Q3:	|1+10..1+ 0-.+..+. ....-1.0 ...0.-.-| ok p=1
Q4:	|-+00..0+ 01!1.1+0 ....0..+ ...1.-.1| ok p=1
Q5:	|-+1-.0++ .1.0...1 ....01.+ .!...-.+| ok p=1
Q6:	|11.+.1+. ...+..1+ ....-0.+ ^....-.-| ok p=1
Q7:	|10.0.+00 ...0...+ .!..0..1 +.0..0.+| ok p=1
Q8:	|-100.0+. ^.01...- ....1..+ 0.0..1.+| ok p=1
Q9:	|01.1.1+. +.1....1 ...1..0- +!-..+.-| ok p=1
Q10:	|1.0...+1 11+....0 ..011011 +0+..+01| ok p=1
Q11:	|.10.11+1 10+01000 ..1+11-1 11-11+11| ok p=1
Q12:	|.0-^00++ 0+11011+ ..+--+1+ ++-001++| ok p=1
Q13:	|.+--+--+ +0-.-+-1 .0++--1- ---+--1+| ok p=1
Q14:	|!-001+0. -+1.00-1 .0.0.-10 11+1011.| ok p=1
Q15:	|.10-1110 10-.010. .-1+0++0 01+011.0| ok p=0.55957
Q16:	|.1.0.-.. ++..0.+. .-...-.. 1.-.0...| ok p=1
Q17:	|...1.0.. 0.^.1... .1.^.1^. +.1.1...| ok p=0.71875
Q18:	|0....0.. -^..-.^. .+...1.. ..-.+...| ok p=0.901367
Q19:	|0....+.. ........ .+.0.-.. ^.-....0| ok p=0.40625
Q20:	|-..0...0 ^...^... .001...0 ..0.^..1| ok p=0.584961
Q21:	|0..1.^.1 ....0... .11+.^.1 ..0....+| ok p=0.40332
Q22:	|1..-...+ ....1... ..-....- ........| ok p=0.418945
Q23:	|........ ....-.0. ...^.... ..0....^| ok p=0.485352
Q24:	|...^...^ .0....1. ..^....^ ..1...0.| ok p=1
Q25:	|........ ....^.+. ........ ..+...1.| ok p=0.942383
Q26:	|........ 0-...... .....0.. ......+.| ok p=1
Q27:	|........ 1-....^. .....1.. ..^.....| ok p=0.99707
Q28:	|........ -+...... .....-.. ......^.| ok p=0.998047
Q29:	|........ .0...... .....0.. ........| ok p=1
Q30:	|........ ^1...... .....+.. ........| ok p=1
Q31:	|........ ........ .....+.. ........| ok p=1
Q32:	|........ ........ ........ ........| ok p=1
Q33:	|........ ........ .....!.. ........| ok p=1
Q34:	|........ ........ ........ ........| ok p=1
Q35:	|........ ........ ........ ........| ok p=1
Q36:	|........ ........ ........ ........| ok p=1
Q37:	|........ ........ ........ ........| ok p=1
Q38:	|........ ........ ........ ........| ok p=1
Q39:	|........ ........ ........ ........| ok p=1
Q40:	|........ ........ ........ ........| ok p=1
Q41:	|........ ........ ........ ........| ok p=1
Q42:	|........ ........ ........ ........| ok p=1
Q43:	|........ ........ ........ ........| ok p=1
Q44:	|........ ........ ........ ........| ok p=1
Q45:	|........ ........ ........ ........| ok p=1
Q46:	|........ ........ ........ ........| ok p=1
Q47:	|........ ........ ........ ........| ok p=1
Q48:	|........ ........ ........ ........| ok p=1
Q49:	|........ ........ ........ ........| ok p=1
Q50:	|........ ........ ........ ........| ok p=1
Q51:	|........ ........ ........ ........| ok p=1
Q52:	|........ ........ ........ ........| ok p=1
Q53:	|........ ........ ........ ........| ok p=1
Q54:	|........ ........ ........ ........| ok p=1
Q55:	|........ ........ ........ ........| ok p=1
Q56:	|........ ........ ........ ........| ok p=1
Q57:	|........ ........ ........ ........| ok p=1
Q58:	|........ ........ ........ ........| ok p=1
Q59:	|........ ........ ........ ........| ok p=1
Q60:	|........ ...0.... ........ ........| ok p=1
Q61:	|........ .110.... ........ ........| ok p=1
Q62:	|........ .01-.... ........ ........| ok p=1
Q63:	|........ .-++.... ........ ........| ok p=1
Q64:	|........ ...-.... ....-.-. ........|
Best path: totcompl=-29 tottunnel=36, totcond=554, p=0.00820903
Q-3:	|10101111 01101101 01010001 11001010|
Q-2:	|-1100001 110+0101 10001000 011+----|
Q-1:	|+0111110 01+-0011 10000001 1001100+|
Q0:	|+1000101 ++--0011 001+-1+1 11110+--| ok p=0.947266
Q1:	|.+.....+ -00+.+1. ...00+0. ...1.01+| ok p=1
Q2:	|0+.....0 ++0+.+1. ...1-010 ...+.+0-| ok p=1
Q3:	|1+10..1+ 0-.+..+. ....-1.0 ...0.-.-| ok p=1
Q4:	|-+00..0+ 01!1.1+0 ....0..+ ...1.-.1| ok p=1
Q5:	|-+1-.0++ .1.0...1 ....01.+ ..!..-.+| ok p=1
Q6:	|11.+.1+. ...+..1+ ....-0.+ ^....-.-| ok p=1
Q7:	|10.0.+00 ...0...+ !...0..1 +.0..0.+| ok p=1
Q8:	|-100.0+. ^.01...- ....1..+ 0.0..1.+| ok p=1
Q9:	|01.1.1+. +.1....1 ...1..0- +!-..+.-| ok p=1
Q10:	|1.0...+1 11+....0 ..011011 +0+..+01| ok p=1
Q11:	|.10.11+1 10+01000 ..1+11-1 11-.0+11| ok p=1
Q12:	|.0-^00++ 0+11011+ ..+--+1+ ++-^11++| ok p=1
Q13:	|.+--+--+ +0-.-+-1 .0++--1- ---+--1+| ok p=1
Q14:	|!-001+0. -+1.00-1 .0.0.-10 11+1011.| ok p=1
Q15:	|.10-1110 10-.010. .-1+0++0 01+011.0| ok p=0.56543
Q16:	|.1.0.-.. ++..0.+. .-...-.. 1.-.0...| ok p=1
Q17:	|...1.0.. 0.^.1... .1.^.1^. +.1.1...| ok p=0.712891
Q18:	|0....0.. -^..-.^. .+...1.. ..-.+...| ok p=0.908203
Q19:	|0....+.. ........ .+.0.-.. ^.-....0| ok p=0.426758
Q20:	|-..0...0 ^...^... .001...0 ..0.^..1| ok p=0.587891
Q21:	|0..1.^.1 ....0... .11+.^.1 ..0....+| ok p=0.438477
Q22:	|1..-...+ ....1... ..-....- ........| ok p=0.423828
Q23:	|........ ....-.0. ...^.... ..0....^| ok p=0.5
Q24:	|...^...^ .0....1. ..^....^ ..1...0.| ok p=1
Q25:	|........ ....^.+. ........ ..+...1.| ok p=0.946289
Q26:	|........ 0-...... .....0.. ......+.| ok p=1
Q27:	|........ 1-....^. .....1.. ..^.....| ok p=1
Q28:	|........ -+...... .....-.. ......^.| ok p=1
Q29:	|........ .0...... .....0.. ........| ok p=1
Q30:	|........ ^1...... .....+.. ........| ok p=1
Q31:	|........ ........ .....+.. ........| ok p=1
Q32:	|........ ........ ........ ........| ok p=1
Q33:	|........ ........ .....!.. ........| ok p=1
Q34:	|........ ........ ........ ........| ok p=1
Q35:	|........ ........ ........ ........| ok p=1
Q36:	|........ ........ ........ ........| ok p=1
Q37:	|........ ........ ........ ........| ok p=1
Q38:	|........ ........ ........ ........| ok p=1
Q39:	|........ ........ ........ ........| ok p=1
Q40:	|........ ........ ........ ........| ok p=1
Q41:	|........ ........ ........ ........| ok p=1
Q42:	|........ ........ ........ ........| ok p=1
Q43:	|........ ........ ........ ........| ok p=1
Q44:	|........ ........ ........ ........| ok p=1
Q45:	|........ ........ ........ ........| ok p=1
Q46:	|........ ........ ........ ........| ok p=1
Q47:	|........ ........ ........ ........| ok p=1
Q48:	|........ ........ ........ ........| ok p=1
Q49:	|........ ........ ........ ........| ok p=1
Q50:	|........ ........ ........ ........| ok p=1
Q51:	|........ ........ ........ ........| ok p=1
Q52:	|........ ........ ........ ........| ok p=1
Q53:	|........ ........ ........ ........| ok p=1
Q54:	|........ ........ ........ ........| ok p=1
Q55:	|........ ........ ........ ........| ok p=1
Q56:	|........ ........ ........ ........| ok p=1
Q57:	|........ ........ ........ ........| ok p=1
Q58:	|........ ........ ........ ........| ok p=1
Q59:	|........ ........ ........ ........| ok p=1
Q60:	|........ ...0.... ........ ........| ok p=1
Q61:	|........ .110.... ........ ........| ok p=1
Q62:	|........ .01-.... ........ ........| ok p=1
Q63:	|........ .-++.... ........ ........| ok p=1
Q64:	|........ ...-.... ....-.-. ........|
Best path: totcompl=-29 tottunnel=36, totcond=553, p=0.00678453
Best paths: 2
****Q-3:	|10101111 01101101 01010001 11001010|
Q-2:	|-1100001 110+0101 10001000 011+----|
Q-1:	|+0111110 01+-0011 10000001 1001100+|
Q0:	|+1000101 ++--0011 001+-1+1 11110+--| ok p=0.955078
Q1:	|.+.....+ -00+.+1. ...00+0. ...1.01+| ok p=1
Q2:	|0+.....0 ++0+.+1. ...1-010 ...+.+0-| ok p=1
Q3:	|1+00..1+ 0-.+..+. ....-1.0 ...0.-.-| ok p=1
Q4:	|++10..0+ 01!1.1+0 ....0..+ ...1.-.1| ok p=1
Q5:	|++0-.0++ .1.0...1 ....01.+ .!...-.+| ok p=1
Q6:	|0.1+.1+. ...+..1+ ....-0.+ ^....-.-| ok p=1
Q7:	|10.0.+10 ...0...+ !...1..1 +.0....+| ok p=1
Q8:	|-1.0.+-. ^.11...- .^..1..+ 1.0..1.-| ok p=1
Q9:	|00...1+. +.0....1 .+.....1 -!+....0| ok p=1
Q10:	|1....1+. 0.+....1 .010^!0+ 1.-..^0+| ok p=1
Q11:	|01.10+1^ 1^+01.01 .111+011 +0+11+1-| ok p=1
Q12:	|-1^010++ ++110^1+ ..+-10+- -0-000+0| ok p=1
Q13:	|10+-+-01 10-.-++1 .0+01+-1 -+0--0--| ok p=1
Q14:	|0-100+10 111.0001 .11+0-11 -0+10.11| ok p=1
Q15:	|101-11.. .1-.011. .-0+.+1+ +0+01.11| ok p=0.550781
Q16:	|.0.0.-.. 0+..0.+. .-.1.-.. 0.-.0...| ok p=1
Q17:	|...1.0.. 1.^.1... .1.0.1.^ +.1.1...| ok p=0.720703
Q18:	|0....0.. -^..-.^. .+...1.. ..-.+...| ok p=0.918945
Q19:	|0....+.. ........ .+.0.-.. ^.-....0| ok p=0.411133
Q20:	|-..0...0 ^...^... .001...0 ..0.^..1| ok p=0.567383
Q21:	|0..1.^.1 ....0... .11+.^.1 ..0....+| ok p=0.420898
Q22:	|1..-...+ ....1... ..-....- ........| ok p=0.447266
Q23:	|........ ....-.0. ...^.... ..0....^| ok p=0.506836
Q24:	|...^...^ .0....1. ..^....^ ..1...0.| ok p=1
Q25:	|........ ....^.+. ........ ..+...1.| ok p=0.962891
Q26:	|........ 0-...... .....0.. ......+.| ok p=1
Q27:	|........ 1-....^. .....1.. ..^.....| ok p=1
Q28:	|........ -+...... .....-.. ......^.| ok p=0.999023
Q29:	|........ .0...... .....0.. ........| ok p=1
Q30:	|........ ^1...... .....+.. ........| ok p=1
Q31:	|........ ........ .....+.. ........| ok p=0.999023
Q32:	|........ ........ ........ ........| ok p=1
Q33:	|........ ........ .....!.. ........| ok p=1
Q34:	|........ ........ ........ ........| ok p=1
Q35:	|........ ........ ........ ........| ok p=1
Q36:	|........ ........ ........ ........| ok p=1
Q37:	|........ ........ ........ ........| ok p=1
Q38:	|........ ........ ........ ........| ok p=1
Q39:	|........ ........ ........ ........| ok p=1
Q40:	|........ ........ ........ ........| ok p=1
Q41:	|........ ........ ........ ........| ok p=1
Q42:	|........ ........ ........ ........| ok p=1
Q43:	|........ ........ ........ ........| ok p=1
Q44:	|........ ........ ........ ........| ok p=1
Q45:	|........ ........ ........ ........| ok p=1
Q46:	|........ ........ ........ ........| ok p=1
Q47:	|........ ........ ........ ........| ok p=1
Q48:	|........ ........ ........ ........| ok p=1
Q49:	|........ ........ ........ ........| ok p=1
Q50:	|........ ........ ........ ........| ok p=1
Q51:	|........ ........ ........ ........| ok p=1
Q52:	|........ ........ ........ ........| ok p=1
Q53:	|........ ........ ........ ........| ok p=1
Q54:	|........ ........ ........ ........| ok p=1
Q55:	|........ ........ ........ ........| ok p=1
Q56:	|........ ........ ........ ........| ok p=1
Q57:	|........ ........ ........ ........| ok p=1
Q58:	|........ ........ ........ ........| ok p=1
Q59:	|........ ........ ........ ........| ok p=1
Q60:	|........ ...0.... ........ ........| ok p=1
Q61:	|........ .110.... ........ ........| ok p=1
Q62:	|........ .01-.... ........ ........| ok p=1
Q63:	|........ .-++.... ........ ........| ok p=1
Q64:	|........ ...-.... ....-.-. ........|
Best path: totcompl=-29 tottunnel=36, totcond=552, p=0.00806301
Q-3:	|10101111 01101101 01010001 11001010|
Q-2:	|-1100001 110+0101 10001000 011+----|
Q-1:	|+0111110 01+-0011 10000001 1001100+|
Q0:	|+1000101 ++--0011 001+-1+1 11110+--| ok p=0.955078
Q1:	|.+.....+ -00+.+1. ...00+0. ...1.01+| ok p=1
Q2:	|0+.....0 ++0+.+1. ...1-010 ...+.+0-| ok p=1
Q3:	|1+00..1+ 0-.+..+. ....-1.0 ...0.-.-| ok p=1
Q4:	|++10..0+ 01!1.1+0 ....0..+ ...1.-.1| ok p=1
Q5:	|++0-.0++ .1.0...1 ....01.+ .!...-.+| ok p=1
Q6:	|01.+.1+. ...+..1+ ....-0.+ ^....-.-| ok p=1
Q7:	|10.0.+10 ...0...+ !...1..1 +.0....+| ok p=1
Q8:	|-1.0.+-. ^.11...- .^..1..+ 1.0..1.-| ok p=1
Q9:	|00...1+. +.0....1 .+..0.01 -!+....0| ok p=1
Q10:	|1....1+. 0.+....1 .010011+ 1.-..^0+| ok p=1
Q11:	|01.10+1^ 1^+01.01 .111+101 +0+11+1-| ok p=1
Q12:	|-1^010++ ++110^1+ ..+-+--- -0-000+0| ok p=1
Q13:	|10+-+-01 10-.-++1 .0+00+-1 -+0--0--| ok p=1
Q14:	|0-100+10 111.0001 .1.+1-.1 -0+10.11| ok p=1
Q15:	|101-11.. .1-.011. .-0+.+1+ +0+01.11| ok p=0.573242
Q16:	|.0.0.-.. 0+..0.+. .-.1.-.. 0.-.0...| ok p=1
Q17:	|...1.0.. 1.^.1... .1.0.1.^ +.1.1...| ok p=0.69043
Q18:	|0....0.. -^..-.^. .+...1.. ..-.+...| ok p=0.908203
Q19:	|0....+.. ........ .+.0.-.. ^.-....0| ok p=0.416992
Q20:	|-..0...0 ^...^... .001...0 ..0.^..1| ok p=0.600586
Q21:	|0..1.^.1 ....0... .11+.^.1 ..0....+| ok p=0.454102
Q22:	|1..-...+ ....1... ..-....- ........| ok p=0.484375
Q23:	|........ ....-.0. ...^.... ..0....^| ok p=0.506836
Q24:	|...^...^ .0....1. ..^....^ ..1...0.| ok p=0.999023
Q25:	|........ ....^.+. ........ ..+...1.| ok p=0.942383
Q26:	|........ 0-...... .....0.. ......+.| ok p=1
Q27:	|........ 1-....^. .....1.. ..^.....| ok p=1
Q28:	|........ -+...... .....-.. ......^.| ok p=0.999023
Q29:	|........ .0...... .....0.. ........| ok p=1
Q30:	|........ ^1...... .....+.. ........| ok p=1
Q31:	|........ ........ .....+.. ........| ok p=0.99707
Q32:	|........ ........ ........ ........| ok p=1
Q33:	|........ ........ .....!.. ........| ok p=1
Q34:	|........ ........ ........ ........| ok p=1
Q35:	|........ ........ ........ ........| ok p=1
Q36:	|........ ........ ........ ........| ok p=1
Q37:	|........ ........ ........ ........| ok p=1
Q38:	|........ ........ ........ ........| ok p=1
Q39:	|........ ........ ........ ........| ok p=1
Q40:	|........ ........ ........ ........| ok p=1
Q41:	|........ ........ ........ ........| ok p=1
Q42:	|........ ........ ........ ........| ok p=1
Q43:	|........ ........ ........ ........| ok p=1
Q44:	|........ ........ ........ ........| ok p=1
Q45:	|........ ........ ........ ........| ok p=1
Q46:	|........ ........ ........ ........| ok p=1
Q47:	|........ ........ ........ ........| ok p=1
Q48:	|........ ........ ........ ........| ok p=1
Q49:	|........ ........ ........ ........| ok p=1
Q50:	|........ ........ ........ ........| ok p=1
Q51:	|........ ........ ........ ........| ok p=1
Q52:	|........ ........ ........ ........| ok p=1
Q53:	|........ ........ ........ ........| ok p=1
Q54:	|........ ........ ........ ........| ok p=1
Q55:	|........ ........ ........ ........| ok p=1
Q56:	|........ ........ ........ ........| ok p=1
Q57:	|........ ........ ........ ........| ok p=1
Q58:	|........ ........ ........ ........| ok p=1
Q59:	|........ ........ ........ ........| ok p=1
Q60:	|........ ...0.... ........ ........| ok p=1
Q61:	|........ .110.... ........ ........| ok p=1
Q62:	|........ .01-.... ........ ........| ok p=1
Q63:	|........ .-++.... ........ ........| ok p=1
Q64:	|........ ...-.... ....-.-. ........|
Best path: totcompl=-28 tottunnel=37, totcond=552, p=0.00760565
Best paths: 2
**********