Extend MD5 differential paths forward
Copyright (C) 2009 Marc Stevens
http://homepages.cwi.nl/~stevens/

delta_m[11] = [!-10!]
Loading workdir5/lowerpath.bin.gz...done: 1.
Estimating maxcond for upper bound 8000000 (=2000000 * 4)...
t=1:  0%   10   20   30   40   50   60   70   80   90   100%
      |----|----|----|----|----|----|----|----|----|----|
e     ***************************************************
Found maxcond = 2176
t=1:  0%   10   20   30   40   50   60   70   80   90   100%
      |----|----|----|----|----|----|----|----|----|----|
      ***************************************************
Q-3:	|10101111 01101101 01010001 11001010|
Q-2:	|-1100001 110+0101 10001000 011+----|
Q-1:	|+0111110 01+-0011 10000001 1001100+|
Q0:	|+1000101 ++--0011 001+-1+1 11110+--| ok p=0.957031
Q1:	|.+...... +00+.+.. ...00+0. .....00+| ok p=0.612305
Q2:	|.+.....+ .-.+.+.. ..+.-... ...+.-.-|
Saving 896 paths...done.
Autobalance parameters: maxcond=2176
Verified: 0 bad out of 896
Estimating maxcond for upper bound 8000000 (=2000000 * 4)...
t=2:  0%   10   20   30   40   50   60   70   80   90   100%
      |----|----|----|----|----|----|----|----|----|----|
e     ***************************************************
Found maxcond = 160
t=2:  0%   10   20   30   40   50   60   70   80   90   100%
      |----|----|----|----|----|----|----|----|----|----|
      ***************************************************
Q-3:	|10101111 01101101 01010001 11001010|
Q-2:	|-1100001 110+0101 10001000 011+----|
Q-1:	|+0111110 01+-0011 10000001 1001100+|
Q0:	|+1000101 ++--0011 001+-1+1 11110+--| ok p=0.962891
Q1:	|.+...... +01+.+.. ...0+-0. .....01+| ok p=0.999023
Q2:	|1+...... .+1+.+.. ...1-01. .....+++| ok p=0.53125
Q3:	|.+...... .+.+.+.+ ....-..+ .+.-...-|
Saving 2000000 paths...done.
Autobalance parameters: maxcond=159
Verified: 401513 bad out of 3362284
Estimating maxcond for upper bound 8000000 (=2000000 * 4)...
t=3:  0%   10   20   30   40   50   60   70   80   90   100%
      |----|----|----|----|----|----|----|----|----|----|
e     ***************************************************
Found maxcond = 174
t=3:  0%   10   20   30   40   50   60   70   80   90   100%
      |----|----|----|----|----|----|----|----|----|----|
      ***************************************************
Q-3:	|10101111 01101101 01010001 11001010|
Q-2:	|-1100001 110+0101 10001000 011+----|
Q-1:	|+0111110 01+-0011 10000001 1001100+|
Q0:	|+1000101 ++--0011 001+-1+1 11110+--| ok p=0.955078
Q1:	|.+...... +01+.+.. ...01+0V ...V.0+-| ok p=1
Q2:	|0+...... .+0+.+.. ...++01. .....+++| ok p=1
Q3:	|.+...... 1+.+.+.. ...++1.+ ...-.0.-| ok p=0.399414
Q4:	|.-.....+ .....+.. .+.+..+. ....-.-.|
Saving 2000000 paths...done.
Autobalance parameters: maxcond=172
Verified: 29612 bad out of 3684940
Estimating maxcond for upper bound 8000000 (=2000000 * 4)...
t=4:  0%   10   20   30   40   50   60   70   80   90   100%
      |----|----|----|----|----|----|----|----|----|----|
e     ***************************************************
Found maxcond = 186
t=4:  0%   10   20   30   40   50   60   70   80   90   100%
      |----|----|----|----|----|----|----|----|----|----|
      ***************************************************
Q-3:	|10101111 01101101 01010001 11001010|
Q-2:	|-1100001 110+0101 10001000 011+----|
Q-1:	|+0111110 01+-0011 10000001 1001100+|
Q0:	|+1000101 ++--0011 001+-1+1 11110+--| ok p=0.953125
Q1:	|.+...... +00+.+.. ...01+00 ....00+-| ok p=1
Q2:	|0+...... .+0+.+.. .V.++011 ....++0-| ok p=0.949219
Q3:	|.+...... 1+.+.... ...++01+ ....--1-| ok p=0.579102
Q4:	|........ .+...1.. .+.+..+0 ....0-.-| ok p=0.290039
Q5:	|+..-..+. .+.+..-. +.-.-.-. .+...-.-|
Saving 2000000 paths...done.
Autobalance parameters: maxcond=185
Verified: 12864 bad out of 2558929
Estimating maxcond for upper bound 8000000 (=2000000 * 4)...
t=5:  0%   10   20   30   40   50   60   70   80   90   100%
      |----|----|----|----|----|----|----|----|----|----|
e     ***************************************************
Found maxcond = 201
t=5:  0%   10   20   30   40   50   60   70   80   90   100%
      |----|----|----|----|----|----|----|----|----|----|
      ***************************************************
Q-3:	|10101111 01101101 01010001 11001010|
Q-2:	|-1100001 110+0101 10001000 011+----|
Q-1:	|+0111110 01+-0011 10000001 1001100+|
Q0:	|+1000101 ++--0011 001+-1+1 11110+--| ok p=0.949219
Q1:	|.+.....+ -00+.+1. ...00+0. ...1.01+| ok p=1
Q2:	|0+.....0 ++0+.+0. ...1-01. V..+.+0-| ok p=1
Q3:	|.+..VV.+ 0-.+..+. ....-1.. .V.0.-.-| ok p=0.362305
Q4:	|.-.....+ 01...1+. ........ +..1.-.1| ok p=0.479492
Q5:	|.-..--.. .1.1.... ....1... 0+...-.+| ok p=0.481445
Q6:	|...+.+.. -......+ ...-.+.. +.-.-.+.|
Saving 2000000 paths...done.
Autobalance parameters: maxcond=200
Verified: 206760 bad out of 3640587
Estimating maxcond for upper bound 8000000 (=2000000 * 4)...
t=6:  0%   10   20   30   40   50   60   70   80   90   100%
      |----|----|----|----|----|----|----|----|----|----|
e     ***************************************************
Found maxcond = 215
t=6:  0%   10   20   30   40   50   60   70   80   90   100%
      |----|----|----|----|----|----|----|----|----|----|
      ***************************************************
Q-3:	|10101111 01101101 01010001 11001010|
Q-2:	|-1100001 110+0101 10001000 011+----|
Q-1:	|+0111110 01+-0011 10000001 1001100+|
Q0:	|+1000101 ++--0011 001+-1+1 11110+--| ok p=0.953125
Q1:	|.+....0. +11+.+V. ...10+1V ....001+| ok p=0.984375
Q2:	|0+....+. .10-.+1. ..V-+10. ....++0-| ok p=0.948242
Q3:	|.+....-. 1.0-..+. ..1-+10+ .V..--.-| ok p=0.367188
Q4:	|.-V...-. ..+..1+. ..+...-0 .1..-0..| ok p=0.390625
Q5:	|.1...... ..+0.... ..+10.11 .+..-0.0| ok p=0.632812
Q6:	|.++...1. ......1. ......1. .+..-...| ok p=0.599609
Q7:	|+..+..+. ..-.-.-. +....-.. +.-..-..|
Saving 2000000 paths...done.
Autobalance parameters: maxcond=214
Verified: 142741 bad out of 2252821
Estimating maxcond for upper bound 8000000 (=2000000 * 4)...
t=7:  0%   10   20   30   40   50   60   70   80   90   100%
      |----|----|----|----|----|----|----|----|----|----|
e     ***************************************************
Found maxcond = 228
t=7:  0%   10   20   30   40   50   60   70   80   90   100%
      |----|----|----|----|----|----|----|----|----|----|
      ***************************************************
Q-3:	|10101111 01101101 01010001 11001010|
Q-2:	|-1100001 110+0101 10001000 011+----|
Q-1:	|+0111110 01+-0011 10000001 1001100+|
Q0:	|+1000101 ++--0011 001+-1+1 11110+--| ok p=0.956055
Q1:	|.+.....0 +11+.+V. ...00+1V ....001+| ok p=0.99707
Q2:	|0+.....+ .1-+.+1. V..1-01. ....++0-| ok p=1
Q3:	|1+....1+ 0.-+..+. ....-1.- ....--.-| ok p=0.512695
Q4:	|-+V...0+ ..+0.1+. +...1..1 ....--.1| ok p=0.492188
Q5:	|-.1...++ ..+1.... 0...0..0 ....--.+| ok p=0.288086
Q6:	|.0-...+. ..+-..1. 0...-... ....--.1| ok p=0.967773
Q7:	|1.-....1 ..-0.... ....0... ....-..+| ok p=0.739258
Q8:	|..-.-.+. ...+...+ .-.+.... +.+.-..+|
Saving 2000000 paths...done.
Autobalance parameters: maxcond=227
Verified: 47582 bad out of 3032499
Estimating maxcond for upper bound 8000000 (=2000000 * 4)...
t=8:  0%   10   20   30   40   50   60   70   80   90   100%
      |----|----|----|----|----|----|----|----|----|----|
e     ***************************************************
Found maxcond = 242
t=8:  0%   10   20   30   40   50   60   70   80   90   100%
      |----|----|----|----|----|----|----|----|----|----|
      ***************************************************
Q-3:	|10101111 01101101 01010001 11001010|
Q-2:	|-1100001 110+0101 10001000 011+----|
Q-1:	|+0111110 01+-0011 10000001 1001100+|
Q0:	|+1000101 ++--0011 001+-1+1 11110+--| ok p=0.958984
Q1:	|.+.....+ -11+.+V. ...00+1V ...1.01+| ok p=0.989258
Q2:	|0+.....+ 11-+.+1. .V.1-01. ...+.+0-| ok p=1
Q3:	|1+....1+ 0.-+..+. .0..-1.- ...0.-.-| ok p=0.78125
Q4:	|-+0...0+ ..+0.1+V .+..1..1 ...1.-.1| ok p=0.46582
Q5:	|-.1...++ ..+1.... .-..0..0 .V...-.+| ok p=0.27832
Q6:	|.1-...+. ...+..1+ .-..-..V .....-.1| ok p=0.641602
Q7:	|0.-...10 ..10...1 ....0... .+.....1| ok p=0.726562
Q8:	|..-...-. ...+...+ .1..+..+ .0...1..| ok p=0.351562
Q9:	|+..-..-. +..-.-.+ ....+... .-.-..+.|
Saving 2000000 paths...done.
Autobalance parameters: maxcond=241
Verified: 32562 bad out of 3118135
Estimating maxcond for upper bound 8000000 (=2000000 * 4)...
t=9:  0%   10   20   30   40   50   60   70   80   90   100%
      |----|----|----|----|----|----|----|----|----|----|
e     ***************************************************
Found maxcond = 256
t=9:  0%   10   20   30   40   50   60   70   80   90   100%
      |----|----|----|----|----|----|----|----|----|----|
      ***************************************************
Q-3:	|10101111 01101101 01010001 11001010|
Q-2:	|-1100001 110+0101 10001000 011+----|
Q-1:	|+0111110 01+-0011 10000001 1001100+|
Q0:	|+1000101 ++--0011 001+-1+1 11110+--| ok p=0.958984
Q1:	|.+.....+ -00+.+V. ...00+0. ...1.01+| ok p=1
Q2:	|0+.....0 ++0+.+1. ...1-01V ...+.+0-| ok p=1
Q3:	|1+.V..1+ 0-.+..+. ....-1.0 ...0.-.-| ok p=0.386719
Q4:	|++.0..0+ 10.1.1+V ....0..+ ...1.-.1| ok p=0.707031
Q5:	|++.-.0++ .1.0...1 ....0..+ V....-.+| ok p=0.324219
Q6:	|0..+.1+. ...+..1+ ....-..+ .....-.-| ok p=0.957031
Q7:	|10.0.+10 V..0...+ ....0..1 +.V....-| ok p=0.330078
Q8:	|+..0.+-. ...1...- ....1..+ 0....1.-| ok p=0.393555
Q9:	|0.....+. +......0 .......- 1.+.....| ok p=0.820312
Q10:	|..+...+. ..+..... -.+..... +.-....+|
Saving 2000000 paths...done.
Autobalance parameters: maxcond=255
Verified: 20900 bad out of 3445970
Estimating maxcond for upper bound 8000000 (=2000000 * 4)...
t=10: 0%   10   20   30   40   50   60   70   80   90   100%
      |----|----|----|----|----|----|----|----|----|----|
e     ***************************************************
Found maxcond = 269
t=10: 0%   10   20   30   40   50   60   70   80   90   100%
      |----|----|----|----|----|----|----|----|----|----|
      ***************************************************
Q-3:	|10101111 01101101 01010001 11001010|
Q-2:	|-1100001 110+0101 10001000 011+----|
Q-1:	|+0111110 01+-0011 10000001 1001100+|
Q0:	|+1000101 ++--0011 001+-1+1 11110+--| ok p=0.954102
Q1:	|.+.....+ -00+.+V. ...00+0. ...1.01+| ok p=1
Q2:	|0+.....0 ++0+.+1. ...1-01V ...+.+0-| ok p=1
Q3:	|1+.V..1+ 0-.+..+. ....-1.0 ...0.-.-| ok p=0.454102
Q4:	|-+.0..0+ 10.1.1+0 ....0..+ ...1.-.1| ok p=0.722656
Q5:	|-+.-.0++ .1.0...1 ....0..+ V....-.+| ok p=0.318359
Q6:	|0..+.1+. ...+..1+ ....-..+ .....-.-| ok p=0.955078
Q7:	|10.0.+10 V..0...+ ....0..1 +.V..0.+| ok p=0.682617
Q8:	|-..0.0+. ..V1...- ....1..+ 0....1.+| ok p=0.339844
Q9:	|0....0+. +......1 .......- +.+..+.-| ok p=0.873047
Q10:	|1.....+. 0.+....1 .......+ 0.0..+.0| ok p=0.964844
Q11:	|.....+.- ..+..+.. ...+.-.+ ....+.-.|
Saving 2000000 paths...done.
Autobalance parameters: maxcond=268
Verified: 2524 bad out of 2860315
Runtime: 163.84
Extend MD5 differential paths forward
Copyright (C) 2009 Marc Stevens
http://homepages.cwi.nl/~stevens/

delta_m[11] = [!-10!]
Loading workdir5/paths10_0of1...done: 2000000 (work:2000000).
Estimating maxcond for upper bound 2000000 (=500000 * 4)...
t=11: 0%   10   20   30   40   50   60   70   80   90   100%
      |----|----|----|----|----|----|----|----|----|----|
e     ***************************************************
Found maxcond = 280
t=11: 0%   10   20   30   40   50   60   70   80   90   100%
      |----|----|----|----|----|----|----|----|----|----|
      ***************************************************
Q-3:	|10101111 01101101 01010001 11001010|
Q-2:	|-1100001 110+0101 10001000 011+----|
Q-1:	|+0111110 01+-0011 10000001 1001100+|
Q0:	|+1000101 ++--0011 001+-1+1 11110+--| ok p=0.949219
Q1:	|.+.....+ -00+.+V. ...00+0. ...1.01+| ok p=1
Q2:	|0+.....0 ++0+.+1. ...1-01V ...+.+0-| ok p=1
Q3:	|1+.V..1+ 0-.+..+. ....-1.0 ...0.-.-| ok p=0.3125
Q4:	|++.0..0+ 10.1.1+0 ....0..+ ...1.-.1| ok p=0.743164
Q5:	|++.-.0++ .1.0...1 ....0..+ V....-.+| ok p=0.30957
Q6:	|0..+.1+. ...+..1+ ....-..+ .....-.-| ok p=0.964844
Q7:	|10.0.+10 V..0...+ ....1.01 +.V....+| ok p=0.772461
Q8:	|-..0.+-. ...1...- .V..1.1+ 0.0..0.-| ok p=0.345703
Q9:	|0.....+. +......1 .1..V.-- +.+....0| ok p=1
Q10:	|1....1+. 1......0 .-....1- 1.-....+| ok p=0.958008
Q11:	|........ 1....... .-..+.1. 1.-....+| ok p=0.543945
Q12:	|........ ..-....+ .-..+... -.+.....|
Saving 500000 paths...done.
Autobalance parameters: maxcond=279
Verified: 1508 bad out of 801324
Runtime: 18.3303
