MD5 differential path toolbox
Copyright (C) 2009 Marc Stevens
http://homepages.cwi.nl/~stevens/

IHV1   = {2943177162,1160982003,1045660056,3787819119}
IHV1   = ca516daff32d33459881533e6f88c5e1

IHV2   = {2943177162,3317905396,3194192281,1641384048}
IHV2   = ca516daff437c3c5998163be7088d561

dIHV   = {0,2156923393,2148532225,2148532225}
NC0: delta c = delta d = [!-0,31!]
NC0: delta b           = [!-0,-23,31!]
NC1: delta c = delta d = [!-20!]
NC1: delta b           = [!-9,-11,-20!]
NC0: prob=-10.9259
NC1: prob=-8.40538
delta m_11 = [!-10!]
Q-3:	|10101111 01101101 01010001 11001010|
Q-2:	|-1100001 110+0101 10001000 011+----|
Q-1:	|+0111110 01+-0011 10000001 1001100+|
Q0:	|+1000101 ++--0011 001+-1+1 11110+--| ok p=0.957031
Q1:	|.+...... +..+.+.. .....+.. .......+|
Saved lower diff. path to 'workdir5/lowerpath.bin.gz'.

Q32:	|........ ........ ........ ........|
Q33:	|........ ........ ........ ........|
Q34:	|........ ........ ........ ........|
Q35:	|........ ........ ........ ........| ok p=1
Q36:	|........ ........ ........ ........| ok p=1
Q37:	|........ ........ ........ ........| ok p=1
Q38:	|........ ........ ........ ........| ok p=1
Q39:	|........ ........ ........ ........| ok p=1
Q40:	|........ ........ ........ ........| ok p=1
Q41:	|........ ........ ........ ........| ok p=1
Q42:	|........ ........ ........ ........| ok p=1
Q43:	|........ ........ ........ ........| ok p=1
Q44:	|........ ........ ........ ........| ok p=1
Q45:	|........ ........ ........ ........| ok p=1
Q46:	|........ ........ ........ ........| ok p=1
Q47:	|........ ........ ........ ........| ok p=1
Q48:	|........ ........ ........ ........| ok p=1
Q49:	|........ ........ ........ ........| ok p=1
Q50:	|........ ........ ........ ........| ok p=1
Q51:	|........ ........ ........ ........| ok p=1
Q52:	|........ ........ ........ ........| ok p=1
Q53:	|........ ........ ........ ........| ok p=1
Q54:	|........ ........ ........ ........| ok p=1
Q55:	|........ ........ ........ ........| ok p=1
Q56:	|........ ........ ........ ........| ok p=1
Q57:	|........ ........ ........ ........| ok p=1
Q58:	|........ ........ ........ ........| ok p=1
Q59:	|........ ........ ........ ........| ok p=1
Q60:	|........ ...0.... ........ ........| ok p=1
Q61:	|........ .110.... ........ ........| ok p=1
Q62:	|........ .01-.... ........ ........| ok p=1
Q63:	|........ .-++.... ........ ........| ok p=1
Q64:	|........ ...-.... ....-.-. ........|
Saved upper diff. path to 'workdir5/upperpath.bin.gz'.
Saved 'md5diffpathforward.cfg'.
Saved 'md5diffpathbackward.cfg'.
Saved 'md5diffpathconnect.cfg'.
Saved 'md5diffpathhelper.cfg'.
