MD5 differential path toolbox
Copyright (C) 2009 Marc Stevens
http://homepages.cwi.nl/~stevens/

delta_m[11] = [!-21!]
Q-3:	|00110101 01001111 11101111 10001101|
Q-2:	|+1110010 11101100 01011010 1000010+|
Q-1:	|+0000011 11011000 10000100 010100+-|
Q0:	|+1111001 +0010011 10010101 000001+-| ok p=0.0742188
Q1:	|+....... +...100. .10...+1 --.....+| ok p=1
Q2:	|+0...... +...1+1. .+-...0+ 1+....1+| ok p=1
Q3:	|01...... -...+1-. .0+..1+0 +-.....+| ok p=1
Q4:	|1.0..1.. 1.!.+1-. .++..0++ 0-1...1+| ok p=1
Q5:	|1101.1.. 0...+... .00..+.0 000...0+| ok p=1
Q6:	|-1+.^+.. .0....1. .1+.!-01 .00...+.| ok p=1
Q7:	|0.-.++.. .1..0... !.+..-.- .0+...-1| ok p=0.999023
Q8:	|-^-^0-.. .+.^..1. ..+.1..- .-0...-.| ok p=1
Q9:	|+...11.. .+.+..1. ..+.11.- .+0.....| ok p=1
Q10:	|-.111+01 10.011+. 00+0+0.- 1+1...1.| ok p=1
Q11:	|00.0-011 1+.110-. 11001... 1-1^..0^| ok p=1
Q12:	|+1.-0+++ ++10--+. -----1.0 +1--^10+| ok p=1
Q13:	|-+.1011+ +.1-+-01 011+-1.. +-+0-0+0| ok p=1
Q14:	|00.1.0-. .0-11.+0 01111+.. -1110-+0| ok p=1
Q15:	|10.+..-1 0.++101+ 1..001.. -0-.010+| ok p=0.964844
Q16:	|.0.+..1. ..-...1- .0...+.. 1.-..++.| ok p=0.736328
Q17:	|.1.0..-0 +.1^...1 .1...-.. 1.1..0.^| ok p=0.802734
Q18:	|.-.0..+. +.1....- .-...-.. ..0..-^.| ok p=0.701172
Q19:	|......1+ +.-....- ....01.. ..+.....| ok p=0.932617
Q20:	|.^....1+ +...0..0 .^..0+.. 0...0^..| ok p=1
Q21:	|.0.....+ +.^.1..0 ....+1.. 1.^.1...| ok p=0.780273
Q22:	|.1.....- 1...-... .....0.. -...+...| ok p=0.8125
Q23:	|.-.0...0 0......0 ....^... ........| ok p=0.753906
Q24:	|...1...1 ....^..1 ...0.... ^...^.0.| ok p=0.874023
Q25:	|.^.+.... .......+ ...1.... ........| ok p=0.933594
Q26:	|........ ..0..... ...+.... .....0-.| ok p=0.776367
Q27:	|...^.... ..1....^ ........ .....1-.| ok p=1
Q28:	|........ ..-..... ...^.... .....-+.| ok p=0.967773
Q29:	|........ ..0..... ........ ......0.| ok p=1
Q30:	|........ ..+..... ........ .....^1.| ok p=1
Q31:	|........ ..+..... ........ ........| ok p=0.999023
Q32:	|........ ........ ........ ........| ok p=1
Q33:	|........ ..!..... ........ ........| ok p=1
Q34:	|........ ........ ........ ........| ok p=1
Q35:	|........ ........ ........ ........| ok p=1
Q36:	|........ ........ ........ ........| ok p=1
Q37:	|........ ........ ........ ........| ok p=1
Q38:	|........ ........ ........ ........| ok p=1
Q39:	|........ ........ ........ ........| ok p=1
Q40:	|........ ........ ........ ........| ok p=1
Q41:	|........ ........ ........ ........| ok p=1
Q42:	|........ ........ ........ ........| ok p=1
Q43:	|........ ........ ........ ........| ok p=1
Q44:	|........ ........ ........ ........| ok p=1
Q45:	|........ ........ ........ ........| ok p=1
Q46:	|........ ........ ........ ........| ok p=1
Q47:	|........ ........ ........ ........| ok p=1
Q48:	|........ ........ ........ ........| ok p=1
Q49:	|........ ........ ........ ........| ok p=1
Q50:	|........ ........ ........ ........| ok p=1
Q51:	|........ ........ ........ ........| ok p=1
Q52:	|........ ........ ........ ........| ok p=1
Q53:	|........ ........ ........ ........| ok p=1
Q54:	|........ ........ ........ ........| ok p=1
Q55:	|........ ........ ........ ........| ok p=1
Q56:	|........ ........ ........ ........| ok p=1
Q57:	|........ ........ ........ ........| ok p=1
Q58:	|........ ........ ........ ........| ok p=1
Q59:	|........ ........ ........ ........| ok p=1
Q60:	|0....... ........ ........ .......0| ok p=1
Q61:	|1....... ........ ........ .....101| ok p=0.503906
Q62:	|-....... ........ ........ .....0.-| ok p=1
Q63:	|-....... ........ ........ .....-++| ok p=1
Q64:	|+....... -....... ........ .......-|
Starting...
20: Q5m5tunnel      = 4
20: Q4m5tunnel      = 2
20: Q14m6Q3m5tunnel = 2
21: Q10m10tunnel    = 1
21: Q9m10tunnel     = 8
22: Q8Q12m15tunnel  = 2
23: Q4m4tunnel      = 9
24: Q9m9tunnel      = 7
25: Q14Q3m14tunnel  = 2
.20: Q5m5tunnel      = 4
20: Q4m5tunnel      = 2
20: Q14m6Q3m5tunnel = 2
21: Q10m10tunnel    = 1
21: Q9m10tunnel     = 8
22: Q8Q12m15tunnel  = 2
23: Q4m4tunnel      = 9
24: Q9m9tunnel      = 7
25: Q14Q3m14tunnel  = 2
.20: Q5m5tunnel      = 4
20: Q4m5tunnel      = 2
20: Q14m6Q3m5tunnel = 2
21: Q10m10tunnel    = 1
21: Q9m10tunnel     = 8
22: Q8Q12m15tunnel  = 2
23: Q4m4tunnel      = 9
24: Q9m9tunnel      = 7
25: Q14Q3m14tunnel  = 2
.20: Q5m5tunnel      = 4
20: Q4m5tunnel      = 2
20: Q14m6Q3m5tunnel = 2
21: Q10m10tunnel    = 1
21: Q9m10tunnel     = 8
22: Q8Q12m15tunnel  = 2
23: Q4m4tunnel      = 9
24: Q9m9tunnel      = 7
25: Q14Q3m14tunnel  = 2
.20: Q5m5tunnel      = 4
20: Q4m5tunnel      = 2
20: Q14m6Q3m5tunnel = 2
21: Q10m10tunnel    = 1
21: Q9m10tunnel     = 7
22: Q8Q12m15tunnel  = 2
23: Q4m4tunnel      = 10
24: Q9m9tunnel      = 8
25: Q14Q3m14tunnel  = 1
.20: Q5m5tunnel      = 4
20: Q4m5tunnel      = 2
20: Q14m6Q3m5tunnel = 2
21: Q10m10tunnel    = 1
21: Q9m10tunnel     = 7
22: Q8Q12m15tunnel  = 2
23: Q4m4tunnel      = 10
24: Q9m9tunnel      = 8
25: Q14Q3m14tunnel  = 1
.20: Q5m5tunnel      = 4
20: Q4m5tunnel      = 2
20: Q14m6Q3m5tunnel = 2
21: Q10m10tunnel    = 1
21: Q9m10tunnel     = 8
22: Q8Q12m15tunnel  = 2
23: Q4m4tunnel      = 9
24: Q9m9tunnel      = 7
25: Q14Q3m14tunnel  = 2
.20: Q5m5tunnel      = 4
20: Q4m5tunnel      = 2
20: Q14m6Q3m5tunnel = 2
21: Q10m10tunnel    = 1
21: Q9m10tunnel     = 8
22: Q8Q12m15tunnel  = 2
23: Q4m4tunnel      = 9
24: Q9m9tunnel      = 7
25: Q14Q3m14tunnel  = 2
.1 0
2 0
4 0
8 0
16 0
32 0
64 0
128 0
256 0
512 0
1024 0
2048 0
4096 0
8192 0
16384 0
32768 0
65536 0
88041 1
131072 1
262144 1
327531 2
441214 4
524288 5
1048576 7
1178876 8
1812744 16
2097152 18
3114794 32
4194304 47
5775680 64
8388608 109
9313541 128
16777216 232
19006828 256
20: Q5m5tunnel      = 4
20: Q4m5tunnel      = 2
20: Q14m6Q3m5tunnel = 2
21: Q10m10tunnel    = 1
21: Q9m10tunnel     = 7
22: Q8Q12m15tunnel  = 2
23: Q4m4tunnel      = 10
24: Q9m9tunnel      = 8
25: Q14Q3m14tunnel  = 1
.20: Q5m5tunnel      = 4
20: Q4m5tunnel      = 2
20: Q14m6Q3m5tunnel = 2
21: Q10m10tunnel    = 1
21: Q9m10tunnel     = 7
22: Q8Q12m15tunnel  = 2
23: Q4m4tunnel      = 10
24: Q9m9tunnel      = 8
25: Q14Q3m14tunnel  = 1
.20: Q5m5tunnel      = 4
20: Q4m5tunnel      = 2
20: Q14m6Q3m5tunnel = 2
21: Q10m10tunnel    = 1
21: Q9m10tunnel     = 8
22: Q8Q12m15tunnel  = 2
23: Q4m4tunnel      = 9
24: Q9m9tunnel      = 7
25: Q14Q3m14tunnel  = 2
.33554432 424
20: Q5m5tunnel      = 4
20: Q4m5tunnel      = 2
20: Q14m6Q3m5tunnel = 2
21: Q10m10tunnel    = 1
21: Q9m10tunnel     = 8
22: Q8Q12m15tunnel  = 2
23: Q4m4tunnel      = 9
24: Q9m9tunnel      = 7
25: Q14Q3m14tunnel  = 2
.20: Q5m5tunnel      = 4
20: Q4m5tunnel      = 2
20: Q14m6Q3m5tunnel = 2
21: Q10m10tunnel    = 1
21: Q9m10tunnel     = 7
22: Q8Q12m15tunnel  = 2
23: Q4m4tunnel      = 10
24: Q9m9tunnel      = 8
25: Q14Q3m14tunnel  = 1
.39728980 512
67108864 854
20: Q5m5tunnel      = 4
20: Q4m5tunnel      = 2
20: Q14m6Q3m5tunnel = 2
21: Q10m10tunnel    = 1
21: Q9m10tunnel     = 7
22: Q8Q12m15tunnel  = 2
23: Q4m4tunnel      = 10
24: Q9m9tunnel      = 8
25: Q14Q3m14tunnel  = 1
.20: Q5m5tunnel      = 4
20: Q4m5tunnel      = 2
20: Q14m6Q3m5tunnel = 2
21: Q10m10tunnel    = 1
21: Q9m10tunnel     = 7
22: Q8Q12m15tunnel  = 2
23: Q4m4tunnel      = 10
24: Q9m9tunnel      = 8
25: Q14Q3m14tunnel  = 1
.81265883 1024
20: Q5m5tunnel      = 4
20: Q4m5tunnel      = 2
20: Q14m6Q3m5tunnel = 2
21: Q10m10tunnel    = 1
21: Q9m10tunnel     = 7
22: Q8Q12m15tunnel  = 2
23: Q4m4tunnel      = 10
24: Q9m9tunnel      = 8
25: Q14Q3m14tunnel  = 1
.20: Q5m5tunnel      = 4
20: Q4m5tunnel      = 2
20: Q14m6Q3m5tunnel = 2
21: Q10m10tunnel    = 1
21: Q9m10tunnel     = 7
22: Q8Q12m15tunnel  = 2
23: Q4m4tunnel      = 10
24: Q9m9tunnel      = 8
25: Q14Q3m14tunnel  = 1
.Block 1: workdir6/coll1_3968439322
d3 66 f9 66 43 89 67 7e 0c a7 7e 4e cd 16 03 2e 
6a a9 b9 ce 1f 08 f6 b7 ed 7f d0 21 12 fb 0f 4c 
05 5f 18 dc 81 bb 5d 6d 6f c6 1a 96 e0 0f 01 cc 
b0 e4 ea 23 ed d9 d2 e9 96 38 75 f1 59 5f b1 f6 
Block 2: workdir6/coll2_3968439322
d3 66 f9 66 43 89 67 7e 0c a7 7e 4e cd 16 03 2e 
6a a9 b9 ce 1f 08 f6 b7 ed 7f d0 21 12 fb 0f 4c 
05 5f 18 dc 81 bb 5d 6d 6f c6 1a 96 e0 0f e1 cb 
b0 e4 ea 23 ed d9 d2 e9 96 38 75 f1 59 5f b1 f6 
Found collision!
