Extend MD5 differential paths backward
Copyright (C) 2009 Marc Stevens
http://homepages.cwi.nl/~stevens/

delta_m[11] = [!-21!]
Loading workdir6/upperpath.bin.gz...done: 1.
Estimating maxcond for upper bound 262144 (=65536 * 4)...
t=34: 0%   10   20   30   40   50   60   70   80   90   100%
      |----|----|----|----|----|----|----|----|----|----|
e     ***************************************************
Found maxcond = 2176
t=34: 0%   10   20   30   40   50   60   70   80   90   100%
      |----|----|----|----|----|----|----|----|----|----|
      ***************************************************
Q31:	|........ ..+..... ........ ........|
Q32:	|........ ........ ........ ........|
Q33:	|........ ........ ........ ........|
Q34:	|........ ........ ........ ........| ok p=1
Q35:	|........ ........ ........ ........| ok p=1
Q36:	|........ ........ ........ ........| ok p=1
Q37:	|........ ........ ........ ........| ok p=1
Q38:	|........ ........ ........ ........| ok p=1
Q39:	|........ ........ ........ ........| ok p=1
Q40:	|........ ........ ........ ........| ok p=1
Q41:	|........ ........ ........ ........| ok p=1
Q42:	|........ ........ ........ ........| ok p=1
Q43:	|........ ........ ........ ........| ok p=1
Q44:	|........ ........ ........ ........| ok p=1
Q45:	|........ ........ ........ ........| ok p=1
Q46:	|........ ........ ........ ........| ok p=1
Q47:	|........ ........ ........ ........| ok p=1
Q48:	|........ ........ ........ ........| ok p=1
Q49:	|........ ........ ........ ........| ok p=1
Q50:	|........ ........ ........ ........| ok p=1
Q51:	|........ ........ ........ ........| ok p=1
Q52:	|........ ........ ........ ........| ok p=1
Q53:	|........ ........ ........ ........| ok p=1
Q54:	|........ ........ ........ ........| ok p=1
Q55:	|........ ........ ........ ........| ok p=1
Q56:	|........ ........ ........ ........| ok p=1
Q57:	|........ ........ ........ ........| ok p=1
Q58:	|........ ........ ........ ........| ok p=1
Q59:	|........ ........ ........ ........| ok p=1
Q60:	|0....... ........ ........ .......0| ok p=1
Q61:	|1....... ........ ........ .....101| ok p=0.499023
Q62:	|-....... ........ ........ .....0.-| ok p=1
Q63:	|-....... ........ ........ .....-++| ok p=1
Q64:	|+....... -....... ........ .......-|
Saving 1 paths...done.
Autobalance parameters: maxcond=2176
Verified: 0 bad out of 1
Estimating maxcond for upper bound 262144 (=65536 * 4)...
t=33: 0%   10   20   30   40   50   60   70   80   90   100%
      |----|----|----|----|----|----|----|----|----|----|
e     ***************************************************
Found maxcond = 2176
t=33: 0%   10   20   30   40   50   60   70   80   90   100%
      |----|----|----|----|----|----|----|----|----|----|
      ***************************************************
Q30:	|........ ..-..... ........ ........|
Q31:	|........ ..+..... ........ ........|
Q32:	|........ ........ ........ ........|
Q33:	|........ ..^..... ........ ........| ok p=1
Q34:	|........ ........ ........ ........| ok p=1
Q35:	|........ ........ ........ ........| ok p=1
Q36:	|........ ........ ........ ........| ok p=1
Q37:	|........ ........ ........ ........| ok p=1
Q38:	|........ ........ ........ ........| ok p=1
Q39:	|........ ........ ........ ........| ok p=1
Q40:	|........ ........ ........ ........| ok p=1
Q41:	|........ ........ ........ ........| ok p=1
Q42:	|........ ........ ........ ........| ok p=1
Q43:	|........ ........ ........ ........| ok p=1
Q44:	|........ ........ ........ ........| ok p=1
Q45:	|........ ........ ........ ........| ok p=1
Q46:	|........ ........ ........ ........| ok p=1
Q47:	|........ ........ ........ ........| ok p=1
Q48:	|........ ........ ........ ........| ok p=1
Q49:	|........ ........ ........ ........| ok p=1
Q50:	|........ ........ ........ ........| ok p=1
Q51:	|........ ........ ........ ........| ok p=1
Q52:	|........ ........ ........ ........| ok p=1
Q53:	|........ ........ ........ ........| ok p=1
Q54:	|........ ........ ........ ........| ok p=1
Q55:	|........ ........ ........ ........| ok p=1
Q56:	|........ ........ ........ ........| ok p=1
Q57:	|........ ........ ........ ........| ok p=1
Q58:	|........ ........ ........ ........| ok p=1
Q59:	|........ ........ ........ ........| ok p=1
Q60:	|0....... ........ ........ .......0| ok p=1
Q61:	|1....... ........ ........ .....101| ok p=0.526367
Q62:	|-....... ........ ........ .....0.-| ok p=1
Q63:	|-....... ........ ........ .....-++| ok p=1
Q64:	|+....... -....... ........ .......-|
Saving 6142 paths...done.
Autobalance parameters: maxcond=2176
Verified: 0 bad out of 6142
Estimating maxcond for upper bound 262144 (=65536 * 4)...
t=32: 0%   10   20   30   40   50   60   70   80   90   100%
      |----|----|----|----|----|----|----|----|----|----|
e     **************************************************Found maxcond = 25
t=32: 0%   10   20   30   40   50   60   70   80   90   100%
      |----|----|----|----|----|----|----|----|----|----|
      **************************************************Q29:	|........ ........ ........ ........|
Q30:	|........ ..-..... ........ ........|
Q31:	|........ ..+..... ........ ........|
Q32:	|........ ........ ........ ........| ok p=1
Q33:	|........ ..^..... ........ ........| ok p=1
Q34:	|........ ........ ........ ........| ok p=1
Q35:	|........ ........ ........ ........| ok p=1
Q36:	|........ ........ ........ ........| ok p=1
Q37:	|........ ........ ........ ........| ok p=1
Q38:	|........ ........ ........ ........| ok p=1
Q39:	|........ ........ ........ ........| ok p=1
Q40:	|........ ........ ........ ........| ok p=1
Q41:	|........ ........ ........ ........| ok p=1
Q42:	|........ ........ ........ ........| ok p=1
Q43:	|........ ........ ........ ........| ok p=1
Q44:	|........ ........ ........ ........| ok p=1
Q45:	|........ ........ ........ ........| ok p=1
Q46:	|........ ........ ........ ........| ok p=1
Q47:	|........ ........ ........ ........| ok p=1
Q48:	|........ ........ ........ ........| ok p=1
Q49:	|........ ........ ........ ........| ok p=1
Q50:	|........ ........ ........ ........| ok p=1
Q51:	|........ ........ ........ ........| ok p=1
Q52:	|........ ........ ........ ........| ok p=1
Q53:	|........ ........ ........ ........| ok p=1
Q54:	|........ ........ ........ ........| ok p=1
Q55:	|........ ........ ........ ........| ok p=1
Q56:	|........ ........ ........ ........| ok p=1
Q57:	|........ ........ ........ ........| ok p=1
Q58:	|........ ........ ........ ........| ok p=1
Q59:	|........ ........ ........ ........| ok p=1
Q60:	|0....... ........ ........ .......0| ok p=1
Q61:	|1....... ........ ........ .....101| ok p=0.515625
Q62:	|-....... ........ ........ .....0.-| ok p=1
Q63:	|-....... ........ ........ .....-++| ok p=1
Q64:	|+....... -....... ........ .......-|
Saving 65536 paths...done.
Autobalance parameters: maxcond=22
Verified: 0 bad out of 128859
Estimating maxcond for upper bound 262144 (=65536 * 4)...
t=31: 0%   10   20   30   40   50   60   70   80   90   100%
      |----|----|----|----|----|----|----|----|----|----|
e     ***************************************************
Found maxcond = 22
t=31: 0%   10   20   30   40   50   60   70   80   90   100%
      |----|----|----|----|----|----|----|----|----|----|
      ***************************************************
Q28:	|........ ..-..... ........ ......-.|
Q29:	|........ ........ ........ ........|
Q30:	|........ ..+..... ........ ........|
Q31:	|........ ..+..... ........ ........| ok p=0.999023
Q32:	|........ ........ ........ ........| ok p=1
Q33:	|........ ..!..... ........ ........| ok p=1
Q34:	|........ ........ ........ ........| ok p=1
Q35:	|........ ........ ........ ........| ok p=1
Q36:	|........ ........ ........ ........| ok p=1
Q37:	|........ ........ ........ ........| ok p=1
Q38:	|........ ........ ........ ........| ok p=1
Q39:	|........ ........ ........ ........| ok p=1
Q40:	|........ ........ ........ ........| ok p=1
Q41:	|........ ........ ........ ........| ok p=1
Q42:	|........ ........ ........ ........| ok p=1
Q43:	|........ ........ ........ ........| ok p=1
Q44:	|........ ........ ........ ........| ok p=1
Q45:	|........ ........ ........ ........| ok p=1
Q46:	|........ ........ ........ ........| ok p=1
Q47:	|........ ........ ........ ........| ok p=1
Q48:	|........ ........ ........ ........| ok p=1
Q49:	|........ ........ ........ ........| ok p=1
Q50:	|........ ........ ........ ........| ok p=1
Q51:	|........ ........ ........ ........| ok p=1
Q52:	|........ ........ ........ ........| ok p=1
Q53:	|........ ........ ........ ........| ok p=1
Q54:	|........ ........ ........ ........| ok p=1
Q55:	|........ ........ ........ ........| ok p=1
Q56:	|........ ........ ........ ........| ok p=1
Q57:	|........ ........ ........ ........| ok p=1
Q58:	|........ ........ ........ ........| ok p=1
Q59:	|........ ........ ........ ........| ok p=1
Q60:	|0....... ........ ........ .......0| ok p=1
Q61:	|1....... ........ ........ .....101| ok p=0.50293
Q62:	|-....... ........ ........ .....0.-| ok p=1
Q63:	|-....... ........ ........ .....-++| ok p=1
Q64:	|+....... -....... ........ .......-|
Saving 65536 paths...done.
Autobalance parameters: maxcond=20
Verified: 0 bad out of 115171
Estimating maxcond for upper bound 262144 (=65536 * 4)...
t=30: 0%   10   20   30   40   50   60   70   80   90   100%
      |----|----|----|----|----|----|----|----|----|----|
e     ***************************************************
Found maxcond = 22
t=30: 0%   10   20   30   40   50   60   70   80   90   100%
      |----|----|----|----|----|----|----|----|----|----|
      ***************************************************
Q27:	|........ ........ .......+ ........|
Q28:	|........ ..-..... ........ ......-.|
Q29:	|........ ..1..... ........ ........|
Q30:	|........ ..-..... ........ ......^.| ok p=1
Q31:	|........ ..+..... ........ ........| ok p=1
Q32:	|........ ........ ........ ........| ok p=1
Q33:	|........ ..^..... ........ ........| ok p=1
Q34:	|........ ........ ........ ........| ok p=1
Q35:	|........ ........ ........ ........| ok p=1
Q36:	|........ ........ ........ ........| ok p=1
Q37:	|........ ........ ........ ........| ok p=1
Q38:	|........ ........ ........ ........| ok p=1
Q39:	|........ ........ ........ ........| ok p=1
Q40:	|........ ........ ........ ........| ok p=1
Q41:	|........ ........ ........ ........| ok p=1
Q42:	|........ ........ ........ ........| ok p=1
Q43:	|........ ........ ........ ........| ok p=1
Q44:	|........ ........ ........ ........| ok p=1
Q45:	|........ ........ ........ ........| ok p=1
Q46:	|........ ........ ........ ........| ok p=1
Q47:	|........ ........ ........ ........| ok p=1
Q48:	|........ ........ ........ ........| ok p=1
Q49:	|........ ........ ........ ........| ok p=1
Q50:	|........ ........ ........ ........| ok p=1
Q51:	|........ ........ ........ ........| ok p=1
Q52:	|........ ........ ........ ........| ok p=1
Q53:	|........ ........ ........ ........| ok p=1
Q54:	|........ ........ ........ ........| ok p=1
Q55:	|........ ........ ........ ........| ok p=1
Q56:	|........ ........ ........ ........| ok p=1
Q57:	|........ ........ ........ ........| ok p=1
Q58:	|........ ........ ........ ........| ok p=1
Q59:	|........ ........ ........ ........| ok p=1
Q60:	|0....... ........ ........ .......0| ok p=1
Q61:	|1....... ........ ........ .....101| ok p=0.509766
Q62:	|-....... ........ ........ .....0.-| ok p=1
Q63:	|-....... ........ ........ .....-++| ok p=1
Q64:	|+....... -....... ........ .......-|
Saving 65536 paths...done.
Autobalance parameters: maxcond=19
Verified: 0 bad out of 134804
Runtime: 3.51118
Extend MD5 differential paths backward
Copyright (C) 2009 Marc Stevens
http://homepages.cwi.nl/~stevens/

delta_m[11] = [!-21!]
Loading workdir6/paths30_0of1...done: 65536 (work:65536).
Estimating maxcond for upper bound 400000 (=100000 * 4)...
t=29: 0%   10   20   30   40   50   60   70   80   90   100%
      |----|----|----|----|----|----|----|----|----|----|
e     ***************************************************
Found maxcond = 23
t=29: 0%   10   20   30   40   50   60   70   80   90   100%
      |----|----|----|----|----|----|----|----|----|----|
      ***************************************************
Q26:	|........ ..+..... ...+.... ........|
Q27:	|........ ..-..... ........ ......1.|
Q28:	|........ ..-..... ........ ......-.|
Q29:	|........ ..1..... ........ ........| ok p=0.999023
Q30:	|........ ..+..... ........ ......^.| ok p=1
Q31:	|........ ..+..... ........ ........| ok p=0.999023
Q32:	|........ ........ ........ ........| ok p=1
Q33:	|........ ..!..... ........ ........| ok p=1
Q34:	|........ ........ ........ ........| ok p=1
Q35:	|........ ........ ........ ........| ok p=1
Q36:	|........ ........ ........ ........| ok p=1
Q37:	|........ ........ ........ ........| ok p=1
Q38:	|........ ........ ........ ........| ok p=1
Q39:	|........ ........ ........ ........| ok p=1
Q40:	|........ ........ ........ ........| ok p=1
Q41:	|........ ........ ........ ........| ok p=1
Q42:	|........ ........ ........ ........| ok p=1
Q43:	|........ ........ ........ ........| ok p=1
Q44:	|........ ........ ........ ........| ok p=1
Q45:	|........ ........ ........ ........| ok p=1
Q46:	|........ ........ ........ ........| ok p=1
Q47:	|........ ........ ........ ........| ok p=1
Q48:	|........ ........ ........ ........| ok p=1
Q49:	|........ ........ ........ ........| ok p=1
Q50:	|........ ........ ........ ........| ok p=1
Q51:	|........ ........ ........ ........| ok p=1
Q52:	|........ ........ ........ ........| ok p=1
Q53:	|........ ........ ........ ........| ok p=1
Q54:	|........ ........ ........ ........| ok p=1
Q55:	|........ ........ ........ ........| ok p=1
Q56:	|........ ........ ........ ........| ok p=1
Q57:	|........ ........ ........ ........| ok p=1
Q58:	|........ ........ ........ ........| ok p=1
Q59:	|........ ........ ........ ........| ok p=1
Q60:	|0....... ........ ........ .......0| ok p=1
Q61:	|1....... ........ ........ .....101| ok p=0.487305
Q62:	|-....... ........ ........ .....0.-| ok p=1
Q63:	|-....... ........ ........ .....-++| ok p=1
Q64:	|+....... -....... ........ .......-|
Saving 100000 paths...done.
Autobalance parameters: maxcond=21
Verified: 0 bad out of 157808
Estimating maxcond for upper bound 400000 (=100000 * 4)...
t=28: 0%   10   20   30   40   50   60   70   80   90   100%
      |----|----|----|----|----|----|----|----|----|----|
e     ***************************************************
Found maxcond = 25
t=28: 0%   10   20   30   40   50   60   70   80   90   100%
      |----|----|----|----|----|----|----|----|----|----|
      ***************************************************
Q25:	|...+.... ..+....+ ........ ........|
Q26:	|........ ..+..... ...+.... ......+.|
Q27:	|........ ..-..... ........ ......0.|
Q28:	|........ ..-..... ...^.... ......-.| ok p=0.949219
Q29:	|........ ..1..... ........ ........| ok p=1
Q30:	|........ ..+..... ........ ......^.| ok p=1
Q31:	|........ ..+..... ........ ........| ok p=0.999023
Q32:	|........ ........ ........ ........| ok p=1
Q33:	|........ ..!..... ........ ........| ok p=1
Q34:	|........ ........ ........ ........| ok p=1
Q35:	|........ ........ ........ ........| ok p=1
Q36:	|........ ........ ........ ........| ok p=1
Q37:	|........ ........ ........ ........| ok p=1
Q38:	|........ ........ ........ ........| ok p=1
Q39:	|........ ........ ........ ........| ok p=1
Q40:	|........ ........ ........ ........| ok p=1
Q41:	|........ ........ ........ ........| ok p=1
Q42:	|........ ........ ........ ........| ok p=1
Q43:	|........ ........ ........ ........| ok p=1
Q44:	|........ ........ ........ ........| ok p=1
Q45:	|........ ........ ........ ........| ok p=1
Q46:	|........ ........ ........ ........| ok p=1
Q47:	|........ ........ ........ ........| ok p=1
Q48:	|........ ........ ........ ........| ok p=1
Q49:	|........ ........ ........ ........| ok p=1
Q50:	|........ ........ ........ ........| ok p=1
Q51:	|........ ........ ........ ........| ok p=1
Q52:	|........ ........ ........ ........| ok p=1
Q53:	|........ ........ ........ ........| ok p=1
Q54:	|........ ........ ........ ........| ok p=1
Q55:	|........ ........ ........ ........| ok p=1
Q56:	|........ ........ ........ ........| ok p=1
Q57:	|........ ........ ........ ........| ok p=1
Q58:	|........ ........ ........ ........| ok p=1
Q59:	|........ ........ ........ ........| ok p=1
Q60:	|0....... ........ ........ .......0| ok p=1
Q61:	|1....... ........ ........ .....101| ok p=0.505859
Q62:	|-....... ........ ........ .....0.-| ok p=1
Q63:	|-....... ........ ........ .....-++| ok p=1
Q64:	|+....... -....... ........ .......-|
Saving 100000 paths...done.
Autobalance parameters: maxcond=23
Verified: 0 bad out of 166315
Estimating maxcond for upper bound 400000 (=100000 * 4)...
t=27: 0%   10   20   30   40   50   60   70   80   90   100%
      |----|----|----|----|----|----|----|----|----|----|
e     ***************************************************
Found maxcond = 28
t=27: 0%   10   20   30   40   50   60   70   80   90   100%
      |----|----|----|----|----|----|----|----|----|----|
      ***************************************************
Q24:	|........ ........ ..-..... ......-.|
Q25:	|...+.... .......+ ...1.... ........|
Q26:	|........ ..0..... ...+.... ......0.|
Q27:	|...^.... ..1....^ ........ ......1.| ok p=0.999023
Q28:	|........ ..-..... ...^.... ......-.| ok p=0.949219
Q29:	|........ ..0..... ........ ........| ok p=0.999023
Q30:	|........ ..+..... ........ ......^.| ok p=1
Q31:	|........ ..+..... ........ ........| ok p=1
Q32:	|........ ........ ........ ........| ok p=1
Q33:	|........ ..!..... ........ ........| ok p=1
Q34:	|........ ........ ........ ........| ok p=1
Q35:	|........ ........ ........ ........| ok p=1
Q36:	|........ ........ ........ ........| ok p=1
Q37:	|........ ........ ........ ........| ok p=1
Q38:	|........ ........ ........ ........| ok p=1
Q39:	|........ ........ ........ ........| ok p=1
Q40:	|........ ........ ........ ........| ok p=1
Q41:	|........ ........ ........ ........| ok p=1
Q42:	|........ ........ ........ ........| ok p=1
Q43:	|........ ........ ........ ........| ok p=1
Q44:	|........ ........ ........ ........| ok p=1
Q45:	|........ ........ ........ ........| ok p=1
Q46:	|........ ........ ........ ........| ok p=1
Q47:	|........ ........ ........ ........| ok p=1
Q48:	|........ ........ ........ ........| ok p=1
Q49:	|........ ........ ........ ........| ok p=1
Q50:	|........ ........ ........ ........| ok p=1
Q51:	|........ ........ ........ ........| ok p=1
Q52:	|........ ........ ........ ........| ok p=1
Q53:	|........ ........ ........ ........| ok p=1
Q54:	|........ ........ ........ ........| ok p=1
Q55:	|........ ........ ........ ........| ok p=1
Q56:	|........ ........ ........ ........| ok p=1
Q57:	|........ ........ ........ ........| ok p=1
Q58:	|........ ........ ........ ........| ok p=1
Q59:	|........ ........ ........ ........| ok p=1
Q60:	|0....... ........ ........ .......0| ok p=1
Q61:	|1....... ........ ........ .....101| ok p=0.490234
Q62:	|-....... ........ ........ .....0.-| ok p=1
Q63:	|-....... ........ ........ .....-++| ok p=1
Q64:	|+....... -....... ........ .......-|
Saving 100000 paths...done.
Autobalance parameters: maxcond=26
Verified: 0 bad out of 172415
Estimating maxcond for upper bound 400000 (=100000 * 4)...
t=26: 0%   10   20   30   40   50   60   70   80   90   100%
      |----|----|----|----|----|----|----|----|----|----|
e     ***************************************************
Found maxcond = 31
t=26: 0%   10   20   30   40   50   60   70   80   90   100%
      |----|----|----|----|----|----|----|----|----|----|
      ***************************************************
Q23:	|.-...... ...-.... ........ ......-.|
Q24:	|...1.... .......1 ...-.... ......-.|
Q25:	|...+.... .......+ ...0.... ......+.|
Q26:	|........ ..0..... ...+.... ......+.| ok p=0.754883
Q27:	|...^.... ..1....^ ........ ......-.| ok p=0.999023
Q28:	|........ ..-..... ...^.... ......-.| ok p=0.964844
Q29:	|........ ..0..... ........ ......1.| ok p=1
Q30:	|........ ..+..... ........ ......0.| ok p=1
Q31:	|........ ..+..... ........ ........| ok p=0.999023
Q32:	|........ ........ ........ ........| ok p=1
Q33:	|........ ..!..... ........ ........| ok p=1
Q34:	|........ ........ ........ ........| ok p=1
Q35:	|........ ........ ........ ........| ok p=1
Q36:	|........ ........ ........ ........| ok p=1
Q37:	|........ ........ ........ ........| ok p=1
Q38:	|........ ........ ........ ........| ok p=1
Q39:	|........ ........ ........ ........| ok p=1
Q40:	|........ ........ ........ ........| ok p=1
Q41:	|........ ........ ........ ........| ok p=1
Q42:	|........ ........ ........ ........| ok p=1
Q43:	|........ ........ ........ ........| ok p=1
Q44:	|........ ........ ........ ........| ok p=1
Q45:	|........ ........ ........ ........| ok p=1
Q46:	|........ ........ ........ ........| ok p=1
Q47:	|........ ........ ........ ........| ok p=1
Q48:	|........ ........ ........ ........| ok p=1
Q49:	|........ ........ ........ ........| ok p=1
Q50:	|........ ........ ........ ........| ok p=1
Q51:	|........ ........ ........ ........| ok p=1
Q52:	|........ ........ ........ ........| ok p=1
Q53:	|........ ........ ........ ........| ok p=1
Q54:	|........ ........ ........ ........| ok p=1
Q55:	|........ ........ ........ ........| ok p=1
Q56:	|........ ........ ........ ........| ok p=1
Q57:	|........ ........ ........ ........| ok p=1
Q58:	|........ ........ ........ ........| ok p=1
Q59:	|........ ........ ........ ........| ok p=1
Q60:	|0....... ........ ........ .......0| ok p=1
Q61:	|1....... ........ ........ .....101| ok p=0.493164
Q62:	|-....... ........ ........ .....0.-| ok p=1
Q63:	|-....... ........ ........ .....-++| ok p=1
Q64:	|+....... -....... ........ .......-|
Saving 100000 paths...done.
Autobalance parameters: maxcond=29
Verified: 0 bad out of 164122
Estimating maxcond for upper bound 400000 (=100000 * 4)...
t=25: 0%   10   20   30   40   50   60   70   80   90   100%
      |----|----|----|----|----|----|----|----|----|----|
e     ***************************************************
Found maxcond = 36
t=25: 0%   10   20   30   40   50   60   70   80   90   100%
      |----|----|----|----|----|----|----|----|----|----|
      ***************************************************
Q22:	|........ ....-... ........ -...+...|
Q23:	|.-.0.... ...-...0 ........ ......-.|
Q24:	|...1.... .......1 ...0.... ......-.|
Q25:	|.^.+.... ...^...+ ...1.... ......+.| ok p=0.93457
Q26:	|........ ..0..... ...+.... ......+.| ok p=0.751953
Q27:	|...^.... ..1....^ ........ ......-.| ok p=0.999023
Q28:	|........ ..-..... ...^.... ......-.| ok p=0.969727
Q29:	|........ ..0..... ........ ......1.| ok p=0.999023
Q30:	|........ ..+..... ........ ......0.| ok p=1
Q31:	|........ ..+..... ........ ........| ok p=1
Q32:	|........ ........ ........ ........| ok p=1
Q33:	|........ ..!..... ........ ........| ok p=1
Q34:	|........ ........ ........ ........| ok p=1
Q35:	|........ ........ ........ ........| ok p=1
Q36:	|........ ........ ........ ........| ok p=1
Q37:	|........ ........ ........ ........| ok p=1
Q38:	|........ ........ ........ ........| ok p=1
Q39:	|........ ........ ........ ........| ok p=1
Q40:	|........ ........ ........ ........| ok p=1
Q41:	|........ ........ ........ ........| ok p=1
Q42:	|........ ........ ........ ........| ok p=1
Q43:	|........ ........ ........ ........| ok p=1
Q44:	|........ ........ ........ ........| ok p=1
Q45:	|........ ........ ........ ........| ok p=1
Q46:	|........ ........ ........ ........| ok p=1
Q47:	|........ ........ ........ ........| ok p=1
Q48:	|........ ........ ........ ........| ok p=1
Q49:	|........ ........ ........ ........| ok p=1
Q50:	|........ ........ ........ ........| ok p=1
Q51:	|........ ........ ........ ........| ok p=1
Q52:	|........ ........ ........ ........| ok p=1
Q53:	|........ ........ ........ ........| ok p=1
Q54:	|........ ........ ........ ........| ok p=1
Q55:	|........ ........ ........ ........| ok p=1
Q56:	|........ ........ ........ ........| ok p=1
Q57:	|........ ........ ........ ........| ok p=1
Q58:	|........ ........ ........ ........| ok p=1
Q59:	|........ ........ ........ ........| ok p=1
Q60:	|0....... ........ ........ .......0| ok p=1
Q61:	|1....... ........ ........ .....101| ok p=0.515625
Q62:	|-....... ........ ........ .....0.-| ok p=1
Q63:	|-....... ........ ........ .....-++| ok p=1
Q64:	|+....... -....... ........ .......-|
Saving 100000 paths...done.
Autobalance parameters: maxcond=35
Verified: 0 bad out of 143748
Estimating maxcond for upper bound 400000 (=100000 * 4)...
t=24: 0%   10   20   30   40   50   60   70   80   90   100%
      |----|----|----|----|----|----|----|----|----|----|
e     ***************************************************
Found maxcond = 44
t=24: 0%   10   20   30   40   50   60   70   80   90   100%
      |----|----|----|----|----|----|----|----|----|----|
      ***************************************************
Q21:	|..+..... +....... ..+.-..+ ......+.|
Q22:	|.1...... ...1-... ........ -.......|
Q23:	|.-.0.... ...-...0 ...-.... ......-.|
Q24:	|...1.... ....^..1 ...-.... ^.....-.| ok p=0.761719
Q25:	|.^.+.... ...^...+ ...+.... ......+.| ok p=0.931641
Q26:	|........ ..0..... ...+.... ......+.| ok p=0.758789
Q27:	|...^.... ..1....^ ...1.... ......-.| ok p=0.999023
Q28:	|........ ..-..... ...0.... ......-.| ok p=0.967773
Q29:	|........ ..0..... ........ ......1.| ok p=1
Q30:	|........ ..+..... ........ ......0.| ok p=1
Q31:	|........ ..+..... ........ ........| ok p=0.998047
Q32:	|........ ........ ........ ........| ok p=1
Q33:	|........ ..!..... ........ ........| ok p=1
Q34:	|........ ........ ........ ........| ok p=1
Q35:	|........ ........ ........ ........| ok p=1
Q36:	|........ ........ ........ ........| ok p=1
Q37:	|........ ........ ........ ........| ok p=1
Q38:	|........ ........ ........ ........| ok p=1
Q39:	|........ ........ ........ ........| ok p=1
Q40:	|........ ........ ........ ........| ok p=1
Q41:	|........ ........ ........ ........| ok p=1
Q42:	|........ ........ ........ ........| ok p=1
Q43:	|........ ........ ........ ........| ok p=1
Q44:	|........ ........ ........ ........| ok p=1
Q45:	|........ ........ ........ ........| ok p=1
Q46:	|........ ........ ........ ........| ok p=1
Q47:	|........ ........ ........ ........| ok p=1
Q48:	|........ ........ ........ ........| ok p=1
Q49:	|........ ........ ........ ........| ok p=1
Q50:	|........ ........ ........ ........| ok p=1
Q51:	|........ ........ ........ ........| ok p=1
Q52:	|........ ........ ........ ........| ok p=1
Q53:	|........ ........ ........ ........| ok p=1
Q54:	|........ ........ ........ ........| ok p=1
Q55:	|........ ........ ........ ........| ok p=1
Q56:	|........ ........ ........ ........| ok p=1
Q57:	|........ ........ ........ ........| ok p=1
Q58:	|........ ........ ........ ........| ok p=1
Q59:	|........ ........ ........ ........| ok p=1
Q60:	|0....... ........ ........ .......0| ok p=1
Q61:	|1....... ........ ........ .....101| ok p=0.494141
Q62:	|-....... ........ ........ .....0.-| ok p=1
Q63:	|-....... ........ ........ .....-++| ok p=1
Q64:	|+....... -....... ........ .......-|
Saving 100000 paths...done.
Autobalance parameters: maxcond=43
Verified: 0 bad out of 132840
Estimating maxcond for upper bound 400000 (=100000 * 4)...
t=23: 0%   10   20   30   40   50   60   70   80   90   100%
      |----|----|----|----|----|----|----|----|----|----|
e     ***************************************************
Found maxcond = 53
t=23: 0%   10   20   30   40   50   60   70   80   90   100%
      |----|----|----|----|----|----|----|----|----|----|
      ***************************************************
Q20:	|..+..... .......+ .....+.. ........|
Q21:	|.0.....1 +...1... ........ 1...1...|
Q22:	|.1.....- ....-..- ........ -...+...|
Q23:	|.-.0.... ^......- ........ ........| ok p=0.561523
Q24:	|...1...^ ....^..+ ...0.... ^...^.0.| ok p=0.87793
Q25:	|.^.+.... .......+ ...1.... ........| ok p=0.931641
Q26:	|........ ..0....1 ...+.... .....0-.| ok p=0.746094
Q27:	|...^.... ..1....0 ........ .....1-.| ok p=1
Q28:	|........ ..-..... ...^.... .....-+.| ok p=0.967773
Q29:	|........ ..0..... ........ ......0.| ok p=1
Q30:	|........ ..+..... ........ .....^1.| ok p=1
Q31:	|........ ..+..... ........ ........| ok p=1
Q32:	|........ ........ ........ ........| ok p=1
Q33:	|........ ..!..... ........ ........| ok p=1
Q34:	|........ ........ ........ ........| ok p=1
Q35:	|........ ........ ........ ........| ok p=1
Q36:	|........ ........ ........ ........| ok p=1
Q37:	|........ ........ ........ ........| ok p=1
Q38:	|........ ........ ........ ........| ok p=1
Q39:	|........ ........ ........ ........| ok p=1
Q40:	|........ ........ ........ ........| ok p=1
Q41:	|........ ........ ........ ........| ok p=1
Q42:	|........ ........ ........ ........| ok p=1
Q43:	|........ ........ ........ ........| ok p=1
Q44:	|........ ........ ........ ........| ok p=1
Q45:	|........ ........ ........ ........| ok p=1
Q46:	|........ ........ ........ ........| ok p=1
Q47:	|........ ........ ........ ........| ok p=1
Q48:	|........ ........ ........ ........| ok p=1
Q49:	|........ ........ ........ ........| ok p=1
Q50:	|........ ........ ........ ........| ok p=1
Q51:	|........ ........ ........ ........| ok p=1
Q52:	|........ ........ ........ ........| ok p=1
Q53:	|........ ........ ........ ........| ok p=1
Q54:	|........ ........ ........ ........| ok p=1
Q55:	|........ ........ ........ ........| ok p=1
Q56:	|........ ........ ........ ........| ok p=1
Q57:	|........ ........ ........ ........| ok p=1
Q58:	|........ ........ ........ ........| ok p=1
Q59:	|........ ........ ........ ........| ok p=1
Q60:	|0....... ........ ........ .......0| ok p=1
Q61:	|1....... ........ ........ .....101| ok p=0.504883
Q62:	|-....... ........ ........ .....0.-| ok p=1
Q63:	|-....... ........ ........ .....-++| ok p=1
Q64:	|+....... -....... ........ .......-|
Saving 100000 paths...done.
Autobalance parameters: maxcond=52
Verified: 0 bad out of 108006
Estimating maxcond for upper bound 400000 (=100000 * 4)...
t=22: 0%   10   20   30   40   50   60   70   80   90   100%
      |----|----|----|----|----|----|----|----|----|----|
e     ***************************************************
Found maxcond = 60
t=22: 0%   10   20   30   40   50   60   70   80   90   100%
      |----|----|----|----|----|----|----|----|----|----|
      ***************************************************
Q19:	|......+. ..-....- .....+.. ..+.....|
Q20:	|.......+ 1...0... ....1+.. 0...0...|
Q21:	|.0.....0 +...1... ....+... 1...1...|
Q22:	|.1.....- ....-... .....^.. -...+...| ok p=0.792969
Q23:	|.-.0.... ^......0 ....^... ........| ok p=0.732422
Q24:	|...1...^ ....^..1 ...0.... ^...^.0.| ok p=0.874023
Q25:	|.^.+.... .......+ ...1.... ........| ok p=0.917969
Q26:	|........ ..0..... ...+.... .....0-.| ok p=0.744141
Q27:	|...^.... ..1....^ ........ .....1-.| ok p=1
Q28:	|........ ..-..... ...^.... .....-+.| ok p=0.974609
Q29:	|........ ..0..... ........ ......0.| ok p=1
Q30:	|........ ..+..... ........ .....^1.| ok p=1
Q31:	|........ ..+..... ........ ........| ok p=0.998047
Q32:	|........ ........ ........ ........| ok p=1
Q33:	|........ ..!..... ........ ........| ok p=1
Q34:	|........ ........ ........ ........| ok p=1
Q35:	|........ ........ ........ ........| ok p=1
Q36:	|........ ........ ........ ........| ok p=1
Q37:	|........ ........ ........ ........| ok p=1
Q38:	|........ ........ ........ ........| ok p=1
Q39:	|........ ........ ........ ........| ok p=1
Q40:	|........ ........ ........ ........| ok p=1
Q41:	|........ ........ ........ ........| ok p=1
Q42:	|........ ........ ........ ........| ok p=1
Q43:	|........ ........ ........ ........| ok p=1
Q44:	|........ ........ ........ ........| ok p=1
Q45:	|........ ........ ........ ........| ok p=1
Q46:	|........ ........ ........ ........| ok p=1
Q47:	|........ ........ ........ ........| ok p=1
Q48:	|........ ........ ........ ........| ok p=1
Q49:	|........ ........ ........ ........| ok p=1
Q50:	|........ ........ ........ ........| ok p=1
Q51:	|........ ........ ........ ........| ok p=1
Q52:	|........ ........ ........ ........| ok p=1
Q53:	|........ ........ ........ ........| ok p=1
Q54:	|........ ........ ........ ........| ok p=1
Q55:	|........ ........ ........ ........| ok p=1
Q56:	|........ ........ ........ ........| ok p=1
Q57:	|........ ........ ........ ........| ok p=1
Q58:	|........ ........ ........ ........| ok p=1
Q59:	|........ ........ ........ ........| ok p=1
Q60:	|0....... ........ ........ .......0| ok p=1
Q61:	|1....... ........ ........ .....101| ok p=0.483398
Q62:	|-....... ........ ........ .....0.-| ok p=1
Q63:	|-....... ........ ........ .....-++| ok p=1
Q64:	|+....... -....... ........ .......-|
Saving 100000 paths...done.
Autobalance parameters: maxcond=59
Verified: 0 bad out of 123575
Estimating maxcond for upper bound 400000 (=100000 * 4)...
t=21: 0%   10   20   30   40   50   60   70   80   90   100%
      |----|----|----|----|----|----|----|----|----|----|
e     ***************************************************
Found maxcond = 71
t=21: 0%   10   20   30   40   50   60   70   80   90   100%
      |----|----|----|----|----|----|----|----|----|----|
      ***************************************************
Q18:	|.-....+. +......- .+.-.+.. .....-..|
Q19:	|.......+ +.-....- .....1.. ..+.....|
Q20:	|.......0 0...0... ....++.. 0...0...|
Q21:	|.0.....1 +.^.1..^ ....+1.. 1.^.1...| ok p=0.772461
Q22:	|.1.....- ....-... ....10.. -...+...| ok p=0.816406
Q23:	|.-.0.... ^......0 ....0... ........| ok p=0.759766
Q24:	|...1...^ ....^..1 ...0.... ^...^.0.| ok p=0.875977
Q25:	|.^.+.... .......+ ...1.... ........| ok p=0.939453
Q26:	|........ ..0..... ...+.... .....0-.| ok p=0.736328
Q27:	|...^.... ..1....^ ........ .....1-.| ok p=1
Q28:	|........ ..-..... ...^.... .....-+.| ok p=0.972656
Q29:	|........ ..0..... ........ ......0.| ok p=0.999023
Q30:	|........ ..+..... ........ .....^1.| ok p=1
Q31:	|........ ..+..... ........ ........| ok p=1
Q32:	|........ ........ ........ ........| ok p=1
Q33:	|........ ..!..... ........ ........| ok p=1
Q34:	|........ ........ ........ ........| ok p=1
Q35:	|........ ........ ........ ........| ok p=1
Q36:	|........ ........ ........ ........| ok p=1
Q37:	|........ ........ ........ ........| ok p=1
Q38:	|........ ........ ........ ........| ok p=1
Q39:	|........ ........ ........ ........| ok p=1
Q40:	|........ ........ ........ ........| ok p=1
Q41:	|........ ........ ........ ........| ok p=1
Q42:	|........ ........ ........ ........| ok p=1
Q43:	|........ ........ ........ ........| ok p=1
Q44:	|........ ........ ........ ........| ok p=1
Q45:	|........ ........ ........ ........| ok p=1
Q46:	|........ ........ ........ ........| ok p=1
Q47:	|........ ........ ........ ........| ok p=1
Q48:	|........ ........ ........ ........| ok p=1
Q49:	|........ ........ ........ ........| ok p=1
Q50:	|........ ........ ........ ........| ok p=1
Q51:	|........ ........ ........ ........| ok p=1
Q52:	|........ ........ ........ ........| ok p=1
Q53:	|........ ........ ........ ........| ok p=1
Q54:	|........ ........ ........ ........| ok p=1
Q55:	|........ ........ ........ ........| ok p=1
Q56:	|........ ........ ........ ........| ok p=1
Q57:	|........ ........ ........ ........| ok p=1
Q58:	|........ ........ ........ ........| ok p=1
Q59:	|........ ........ ........ ........| ok p=1
Q60:	|0....... ........ ........ .......0| ok p=1
Q61:	|1....... ........ ........ .....101| ok p=0.501953
Q62:	|-....... ........ ........ .....0.-| ok p=1
Q63:	|-....... ........ ........ .....-++| ok p=1
Q64:	|+....... -....... ........ .......-|
Saving 100000 paths...done.
Autobalance parameters: maxcond=70
Verified: 0 bad out of 129006
Runtime: 10.3723
Extend MD5 differential paths backward
Copyright (C) 2009 Marc Stevens
http://homepages.cwi.nl/~stevens/

delta_m[11] = [!-21!]
Loading workdir6/paths21_0of1...done: 100000 (work:100000).
Estimating maxcond for upper bound 65536 (=16384 * 4)...
t=20: 0%   10   20   30   40   50   60   70   80   90   100%
      |----|----|----|----|----|----|----|----|----|----|
e     ***************************************************
Found maxcond = 84
t=20: 0%   10   20   30   40   50   60   70   80   90   100%
      |----|----|----|----|----|----|----|----|----|----|
      ***************************************************
Q17:	|........ .....+.. .....-.. ..+.....|
Q18:	|.-....+. ..1....- .+...-.. ..1..-..|
Q19:	|......+. 0.-....- ....01.. ..+.....|
Q20:	|.^....00 1...0..0 .^..0+.. 0...0^..| ok p=1
Q21:	|.0....11 +.^.1..^ ....+1.. 1.^.1...| ok p=0.774414
Q22:	|.1.....- ....-... .....0.. -...+...| ok p=0.822266
Q23:	|.-.0.... ^......0 ....^... ........| ok p=0.750977
Q24:	|...1...^ ....^..1 ...0.... ^...^.0.| ok p=0.865234
Q25:	|.^.+.... .......+ ...1.... ........| ok p=0.936523
Q26:	|........ ..0..... ...+.... .....0-.| ok p=0.762695
Q27:	|...^.... ..1....^ ........ .....1-.| ok p=1
Q28:	|........ ..-..... ...^.... .....-+.| ok p=0.96875
Q29:	|........ ..0..... ........ ......0.| ok p=0.998047
Q30:	|........ ..+..... ........ .....^1.| ok p=1
Q31:	|........ ..+..... ........ ........| ok p=1
Q32:	|........ ........ ........ ........| ok p=1
Q33:	|........ ..!..... ........ ........| ok p=1
Q34:	|........ ........ ........ ........| ok p=1
Q35:	|........ ........ ........ ........| ok p=1
Q36:	|........ ........ ........ ........| ok p=1
Q37:	|........ ........ ........ ........| ok p=1
Q38:	|........ ........ ........ ........| ok p=1
Q39:	|........ ........ ........ ........| ok p=1
Q40:	|........ ........ ........ ........| ok p=1
Q41:	|........ ........ ........ ........| ok p=1
Q42:	|........ ........ ........ ........| ok p=1
Q43:	|........ ........ ........ ........| ok p=1
Q44:	|........ ........ ........ ........| ok p=1
Q45:	|........ ........ ........ ........| ok p=1
Q46:	|........ ........ ........ ........| ok p=1
Q47:	|........ ........ ........ ........| ok p=1
Q48:	|........ ........ ........ ........| ok p=1
Q49:	|........ ........ ........ ........| ok p=1
Q50:	|........ ........ ........ ........| ok p=1
Q51:	|........ ........ ........ ........| ok p=1
Q52:	|........ ........ ........ ........| ok p=1
Q53:	|........ ........ ........ ........| ok p=1
Q54:	|........ ........ ........ ........| ok p=1
Q55:	|........ ........ ........ ........| ok p=1
Q56:	|........ ........ ........ ........| ok p=1
Q57:	|........ ........ ........ ........| ok p=1
Q58:	|........ ........ ........ ........| ok p=1
Q59:	|........ ........ ........ ........| ok p=1
Q60:	|0....... ........ ........ .......0| ok p=1
Q61:	|1....... ........ ........ .....101| ok p=0.494141
Q62:	|-....... ........ ........ .....0.-| ok p=1
Q63:	|-....... ........ ........ .....-++| ok p=1
Q64:	|+....... -....... ........ .......-|
Saving 16384 paths...done.
Autobalance parameters: maxcond=83
Verified: 624 bad out of 24086
Runtime: 2.66778
Extend MD5 differential paths backward
Copyright (C) 2009 Marc Stevens
http://homepages.cwi.nl/~stevens/

delta_m[11] = [!-21!]
Loading workdir6/paths20_0of1...done: 16384 (work:16384).
Estimating maxcond for upper bound 2000000 (=500000 * 4)...
t=19: 0%   10   20   30   40   50   60   70   80   90   100%
      |----|----|----|----|----|----|----|----|----|----|
e     ***************************************************
Found maxcond = 95
t=19: 0%   10   20   30   40   50   60   70   80   90   100%
      |----|----|----|----|----|----|----|----|----|----|
      ***************************************************
Q16:	|...+..-. +......- .....+.. ..-...+.|
Q17:	|.1...... ..+..+.. .1...... ..+..1..|
Q18:	|.-....+. ..0....- .+...-.. ..1..-..|
Q19:	|......+. 0.-..^.- ....0-.. ..+.....| ok p=0.929688
Q20:	|.^....00 1...0..0 .^..0+.. 0...0^..| ok p=1
Q21:	|.0....11 +.^.1..^ ....+1.. 1.^.1...| ok p=0.775391
Q22:	|.1.....- ....-... .....^.. -...+...| ok p=0.791992
Q23:	|.-.0.... ^......0 ....^... ........| ok p=0.753906
Q24:	|...1...^ ....^..1 ...0.... ^...^.0.| ok p=0.873047
Q25:	|.^.+.... .......+ ...1.... ........| ok p=0.930664
Q26:	|........ ..0..... ...+.... .....0-.| ok p=0.72168
Q27:	|...^.... ..1....^ ........ .....1-.| ok p=1
Q28:	|........ ..-..... ...^.... .....-+.| ok p=0.966797
Q29:	|........ ..0..... ........ ......0.| ok p=1
Q30:	|........ ..+..... ........ .....^1.| ok p=1
Q31:	|........ ..+..... ........ ........| ok p=0.998047
Q32:	|........ ........ ........ ........| ok p=1
Q33:	|........ ..!..... ........ ........| ok p=1
Q34:	|........ ........ ........ ........| ok p=1
Q35:	|........ ........ ........ ........| ok p=1
Q36:	|........ ........ ........ ........| ok p=1
Q37:	|........ ........ ........ ........| ok p=1
Q38:	|........ ........ ........ ........| ok p=1
Q39:	|........ ........ ........ ........| ok p=1
Q40:	|........ ........ ........ ........| ok p=1
Q41:	|........ ........ ........ ........| ok p=1
Q42:	|........ ........ ........ ........| ok p=1
Q43:	|........ ........ ........ ........| ok p=1
Q44:	|........ ........ ........ ........| ok p=1
Q45:	|........ ........ ........ ........| ok p=1
Q46:	|........ ........ ........ ........| ok p=1
Q47:	|........ ........ ........ ........| ok p=1
Q48:	|........ ........ ........ ........| ok p=1
Q49:	|........ ........ ........ ........| ok p=1
Q50:	|........ ........ ........ ........| ok p=1
Q51:	|........ ........ ........ ........| ok p=1
Q52:	|........ ........ ........ ........| ok p=1
Q53:	|........ ........ ........ ........| ok p=1
Q54:	|........ ........ ........ ........| ok p=1
Q55:	|........ ........ ........ ........| ok p=1
Q56:	|........ ........ ........ ........| ok p=1
Q57:	|........ ........ ........ ........| ok p=1
Q58:	|........ ........ ........ ........| ok p=1
Q59:	|........ ........ ........ ........| ok p=1
Q60:	|0....... ........ ........ .......0| ok p=1
Q61:	|1....... ........ ........ .....101| ok p=0.486328
Q62:	|-....... ........ ........ .....0.-| ok p=1
Q63:	|-....... ........ ........ .....-++| ok p=1
Q64:	|+....... -....... ........ .......-|
Saving 500000 paths...done.
Autobalance parameters: maxcond=94
Verified: 0 bad out of 724064
Estimating maxcond for upper bound 2000000 (=500000 * 4)...
t=18: 0%   10   20   30   40   50   60   70   80   90   100%
      |----|----|----|----|----|----|----|----|----|----|
e     ***************************************************
Found maxcond = 107
t=18: 0%   10   20   30   40   50   60   70   80   90   100%
      |----|----|----|----|----|----|----|----|----|----|
      ***************************************************
Q15:	|..+....+ .-.-...+ .....+.. -......-|
Q16:	|.0.+..-. .....1.- .0...... ..-..++.|
Q17:	|.1....0. ..0..+.+ .1...-.. ..+..0..|
Q18:	|.-.^..+. ..1....- .+...-.. ..1..-^.| ok p=0.661133
Q19:	|......+. 0.-..^.- ....0+.. ..+.....| ok p=0.927734
Q20:	|.^....00 1...0..1 .^..1+.. 0...0^..| ok p=1
Q21:	|.0....11 +.^.1..^ ....+0.. 1.^.1...| ok p=0.78125
Q22:	|.1.....- ....-... .....^.. -...+...| ok p=0.796875
Q23:	|.-.0.... ^......0 ....^... ........| ok p=0.744141
Q24:	|...1...^ ....^..1 ...0.... ^...^.0.| ok p=0.892578
Q25:	|.^.+.... .......+ ...1.... ........| ok p=0.944336
Q26:	|........ ..0..... ...+.... .....0-.| ok p=0.755859
Q27:	|...^.... ..1....^ ........ .....1-.| ok p=0.998047
Q28:	|........ ..-..... ...^.... .....-+.| ok p=0.959961
Q29:	|........ ..0..... ........ ......0.| ok p=0.999023
Q30:	|........ ..+..... ........ .....^1.| ok p=1
Q31:	|........ ..+..... ........ ........| ok p=0.999023
Q32:	|........ ........ ........ ........| ok p=1
Q33:	|........ ..!..... ........ ........| ok p=1
Q34:	|........ ........ ........ ........| ok p=1
Q35:	|........ ........ ........ ........| ok p=1
Q36:	|........ ........ ........ ........| ok p=1
Q37:	|........ ........ ........ ........| ok p=1
Q38:	|........ ........ ........ ........| ok p=1
Q39:	|........ ........ ........ ........| ok p=1
Q40:	|........ ........ ........ ........| ok p=1
Q41:	|........ ........ ........ ........| ok p=1
Q42:	|........ ........ ........ ........| ok p=1
Q43:	|........ ........ ........ ........| ok p=1
Q44:	|........ ........ ........ ........| ok p=1
Q45:	|........ ........ ........ ........| ok p=1
Q46:	|........ ........ ........ ........| ok p=1
Q47:	|........ ........ ........ ........| ok p=1
Q48:	|........ ........ ........ ........| ok p=1
Q49:	|........ ........ ........ ........| ok p=1
Q50:	|........ ........ ........ ........| ok p=1
Q51:	|........ ........ ........ ........| ok p=1
Q52:	|........ ........ ........ ........| ok p=1
Q53:	|........ ........ ........ ........| ok p=1
Q54:	|........ ........ ........ ........| ok p=1
Q55:	|........ ........ ........ ........| ok p=1
Q56:	|........ ........ ........ ........| ok p=1
Q57:	|........ ........ ........ ........| ok p=1
Q58:	|........ ........ ........ ........| ok p=1
Q59:	|........ ........ ........ ........| ok p=1
Q60:	|0....... ........ ........ .......0| ok p=1
Q61:	|1....... ........ ........ .....101| ok p=0.489258
Q62:	|-....... ........ ........ .....0.-| ok p=1
Q63:	|-....... ........ ........ .....-++| ok p=1
Q64:	|+....... -....... ........ .......-|
Saving 500000 paths...done.
Autobalance parameters: maxcond=106
Verified: 0 bad out of 737188
Estimating maxcond for upper bound 2000000 (=500000 * 4)...
t=17: 0%   10   20   30   40   50   60   70   80   90   100%
      |----|----|----|----|----|----|----|----|----|----|
e     ***************************************************
Found maxcond = 124
t=17: 0%   10   20   30   40   50   60   70   80   90   100%
      |----|----|----|----|----|----|----|----|----|----|
      ***************************************************
Q14:	|........ ..-...+. .....-.. -.-.....|
Q15:	|...+.... 0.++...+ .....0.. -.....1+|
Q16:	|.0.+..-. ..-....- .0...+.. .....0+.|
Q17:	|.1.0..-0 +.1^...1 .1...-.. ^.0..1.^| ok p=0.738281
Q18:	|.-.^..+. +.1....- .-...-.. ..0..-^.| ok p=0.700195
Q19:	|......0+ +.-....- ....01.. ..+.....| ok p=0.93457
Q20:	|.^....^+ +...0..0 .^..0+.. 0...0^..| ok p=1
Q21:	|.0.....+ +.^.1..^ ....+1.. 1.^.1...| ok p=0.791016
Q22:	|.1.....- 1...-... .....0.. -...+...| ok p=0.799805
Q23:	|.-.0...0 0......0 ....^... ........| ok p=0.74707
Q24:	|...1...1 ....^..1 ...0.... ^...^.0.| ok p=0.884766
Q25:	|.^.+.... .......+ ...1.... ........| ok p=0.930664
Q26:	|........ ..0..... ...+.... .....0-.| ok p=0.734375
Q27:	|...^.... ..1....^ ........ .....1-.| ok p=1
Q28:	|........ ..-..... ...^.... .....-+.| ok p=0.972656
Q29:	|........ ..0..... ........ ......0.| ok p=1
Q30:	|........ ..+..... ........ .....^1.| ok p=1
Q31:	|........ ..+..... ........ ........| ok p=1
Q32:	|........ ........ ........ ........| ok p=1
Q33:	|........ ..!..... ........ ........| ok p=1
Q34:	|........ ........ ........ ........| ok p=1
Q35:	|........ ........ ........ ........| ok p=1
Q36:	|........ ........ ........ ........| ok p=1
Q37:	|........ ........ ........ ........| ok p=1
Q38:	|........ ........ ........ ........| ok p=1
Q39:	|........ ........ ........ ........| ok p=1
Q40:	|........ ........ ........ ........| ok p=1
Q41:	|........ ........ ........ ........| ok p=1
Q42:	|........ ........ ........ ........| ok p=1
Q43:	|........ ........ ........ ........| ok p=1
Q44:	|........ ........ ........ ........| ok p=1
Q45:	|........ ........ ........ ........| ok p=1
Q46:	|........ ........ ........ ........| ok p=1
Q47:	|........ ........ ........ ........| ok p=1
Q48:	|........ ........ ........ ........| ok p=1
Q49:	|........ ........ ........ ........| ok p=1
Q50:	|........ ........ ........ ........| ok p=1
Q51:	|........ ........ ........ ........| ok p=1
Q52:	|........ ........ ........ ........| ok p=1
Q53:	|........ ........ ........ ........| ok p=1
Q54:	|........ ........ ........ ........| ok p=1
Q55:	|........ ........ ........ ........| ok p=1
Q56:	|........ ........ ........ ........| ok p=1
Q57:	|........ ........ ........ ........| ok p=1
Q58:	|........ ........ ........ ........| ok p=1
Q59:	|........ ........ ........ ........| ok p=1
Q60:	|0....... ........ ........ .......0| ok p=1
Q61:	|1....... ........ ........ .....101| ok p=0.506836
Q62:	|-....... ........ ........ .....0.-| ok p=1
Q63:	|-....... ........ ........ .....-++| ok p=1
Q64:	|+....... -....... ........ .......-|
Saving 500000 paths...done.
Autobalance parameters: maxcond=122
Verified: 0 bad out of 947463
Estimating maxcond for upper bound 2000000 (=500000 * 4)...
t=16: 0%   10   20   30   40   50   60   70   80   90   100%
      |----|----|----|----|----|----|----|----|----|----|
e     ***************************************************
Found maxcond = 135
t=16: 0%   10   20   30   40   50   60   70   80   90   100%
      |----|----|----|----|----|----|----|----|----|----|
      ***************************************************
Q13:	|..-..... -....+.. ....+... .-......|
Q14:	|......0. ..-1..+0 .....-.. -.-...-1|
Q15:	|...+.... 0.++...+ .....0.. -.....0+|
Q16:	|.0.+..-. ..-...^- .0...+.. 0.^..0+.| ok p=1
Q17:	|.1.0..-0 +.1^...1 .1...-.. ^.0..1.^| ok p=0.772461
Q18:	|.-.^..+. +.1....- .-...-.. ..0..-^.| ok p=0.701172
Q19:	|......0+ +.-....- ....01.. ..+.....| ok p=0.953125
Q20:	|.^....^+ +...0..0 .^..0+.. 0...0^..| ok p=1
Q21:	|.0.....+ +.^.1..^ ....+1.. 1.^.1...| ok p=0.766602
Q22:	|.1.....- 1...-... .....0.. -...+...| ok p=0.8125
Q23:	|.-.0...0 0......0 ....^... ........| ok p=0.765625
Q24:	|...1...1 ....^..1 ...0.... ^...^.0.| ok p=0.897461
Q25:	|.^.+.... .......+ ...1.... ........| ok p=0.936523
Q26:	|........ ..0..... ...+.... .....0-.| ok p=0.724609
Q27:	|...^.... ..1....^ ........ .....1-.| ok p=1
Q28:	|........ ..-..... ...^.... .....-+.| ok p=0.956055
Q29:	|........ ..0..... ........ ......0.| ok p=1
Q30:	|........ ..+..... ........ .....^1.| ok p=1
Q31:	|........ ..+..... ........ ........| ok p=1
Q32:	|........ ........ ........ ........| ok p=1
Q33:	|........ ..!..... ........ ........| ok p=1
Q34:	|........ ........ ........ ........| ok p=1
Q35:	|........ ........ ........ ........| ok p=1
Q36:	|........ ........ ........ ........| ok p=1
Q37:	|........ ........ ........ ........| ok p=1
Q38:	|........ ........ ........ ........| ok p=1
Q39:	|........ ........ ........ ........| ok p=1
Q40:	|........ ........ ........ ........| ok p=1
Q41:	|........ ........ ........ ........| ok p=1
Q42:	|........ ........ ........ ........| ok p=1
Q43:	|........ ........ ........ ........| ok p=1
Q44:	|........ ........ ........ ........| ok p=1
Q45:	|........ ........ ........ ........| ok p=1
Q46:	|........ ........ ........ ........| ok p=1
Q47:	|........ ........ ........ ........| ok p=1
Q48:	|........ ........ ........ ........| ok p=1
Q49:	|........ ........ ........ ........| ok p=1
Q50:	|........ ........ ........ ........| ok p=1
Q51:	|........ ........ ........ ........| ok p=1
Q52:	|........ ........ ........ ........| ok p=1
Q53:	|........ ........ ........ ........| ok p=1
Q54:	|........ ........ ........ ........| ok p=1
Q55:	|........ ........ ........ ........| ok p=1
Q56:	|........ ........ ........ ........| ok p=1
Q57:	|........ ........ ........ ........| ok p=1
Q58:	|........ ........ ........ ........| ok p=1
Q59:	|........ ........ ........ ........| ok p=1
Q60:	|0....... ........ ........ .......0| ok p=1
Q61:	|1....... ........ ........ .....101| ok p=0.488281
Q62:	|-....... ........ ........ .....0.-| ok p=1
Q63:	|-....... ........ ........ .....-++| ok p=1
Q64:	|+....... -....... ........ .......-|
Saving 500000 paths...done.
Autobalance parameters: maxcond=134
Verified: 0 bad out of 510503
Runtime: 35.2678
