Connect MD5 differential paths
Copyright (C) 2009 Marc Stevens
http://homepages.cwi.nl/~stevens/

delta_m[11] = [!-21!]
Loading workdir6/paths16_0of1.bin.gz...done: 500000.
Loading workdir6/paths11_0of1.bin.gz...done: 500000.
t=12: 0%   10   20   30   40   50   60   70   80   90   100%
      |----|----|----|----|----|----|----|----|----|----|
      *Q-3:	|00110101 01001111 11101111 10001101|
Q-2:	|+1110010 11101100 01011010 1000010+|
Q-1:	|+0000011 11011000 10000100 010100+-|
Q0:	|+1111001 +0010011 10010101 000001+-| ok p=0.0898438
Q1:	|+....... +...100. .10...+1 --.....+| ok p=1
Q2:	|+0...... +...1+1. .+-...0+ 1+....1+| ok p=1
Q3:	|01...... -...+1-. .0+..1+0 +-.....+| ok p=1
Q4:	|1.0..... 1..!+1-. .++..0++ 0-1...1+| ok p=1
Q5:	|100..^.. 0...+... .00..+.0 000...0+| ok p=1
Q6:	|+.+.^+.. ..0...1. .1+.!-11 .01...+.| ok p=1
Q7:	|1^-1+0.. ..1.0..! ..+..-.- .1+...-1| ok p=1
Q8:	|+^-.00.. ..+^1... ..+....- .-0...-.| ok p=1
Q9:	|-.1.--.. ..++.0.. .1...1.- .01.....| ok p=1
Q10:	|+011-011 10-0.1.. 10110101 ^-.0..1.| ok p=1
Q11:	|+0+0++00 10+01-01 0-001101 .101^0.0| ok p=1
Q12:	|1+10+1++ ++-+0111 ++1+---+ .00++1^1| ok p=1
Q13:	|0-++---- +-+0+0-- ---+-+-+ .+-01+-+| ok p=1
Q14:	|.0101100 11000-0+ 000..-.+ .1+00000| ok p=1
Q15:	|.11+10-1 +0+.++1+ 00100+10 .-0..01-| ok p=0.71582
Q16:	|.0.+..-. ..1..0.- .0...0.1 .-0..0+.| ok p=1
Q17:	|.1.0..1. ^.0.^+.+ .1...-.. .01..1.^| ok p=0.62207
Q18:	|.-.1..+. ..1....- .+...-.. .10..-^.| ok p=0.661133
Q19:	|......+. 0.-..^.- ....0+.. ..+.....| ok p=0.931641
Q20:	|.^....00 1...0..1 .^..1+.. 0...0^..| ok p=1
Q21:	|.0....11 +.^.1..1 ....+0.. 1.^.1...| ok p=0.763672
Q22:	|.1.....- ....-... .....0.. -...+...| ok p=0.822266
Q23:	|.-.0.... ^......0 ....^... ........| ok p=0.753906
Q24:	|...1...^ ....^..1 ...0.... ^...^.0.| ok p=0.880859
Q25:	|.^.+.... .......+ ...1.... ........| ok p=0.93457
Q26:	|........ ..0..... ...+.... .....0-.| ok p=0.755859
Q27:	|...^.... ..1....^ ........ .....1-.| ok p=0.99707
Q28:	|........ ..-..... ...^.... .....-+.| ok p=0.962891
Q29:	|........ ..0..... ........ ......0.| ok p=0.999023
Q30:	|........ ..+..... ........ .....^1.| ok p=1
Q31:	|........ ..+..... ........ ........| ok p=1
Q32:	|........ ........ ........ ........| ok p=1
Q33:	|........ ..!..... ........ ........| ok p=1
Q34:	|........ ........ ........ ........| ok p=1
Q35:	|........ ........ ........ ........| ok p=1
Q36:	|........ ........ ........ ........| ok p=1
Q37:	|........ ........ ........ ........| ok p=1
Q38:	|........ ........ ........ ........| ok p=1
Q39:	|........ ........ ........ ........| ok p=1
Q40:	|........ ........ ........ ........| ok p=1
Q41:	|........ ........ ........ ........| ok p=1
Q42:	|........ ........ ........ ........| ok p=1
Q43:	|........ ........ ........ ........| ok p=1
Q44:	|........ ........ ........ ........| ok p=1
Q45:	|........ ........ ........ ........| ok p=1
Q46:	|........ ........ ........ ........| ok p=1
Q47:	|........ ........ ........ ........| ok p=1
Q48:	|........ ........ ........ ........| ok p=1
Q49:	|........ ........ ........ ........| ok p=1
Q50:	|........ ........ ........ ........| ok p=1
Q51:	|........ ........ ........ ........| ok p=1
Q52:	|........ ........ ........ ........| ok p=1
Q53:	|........ ........ ........ ........| ok p=1
Q54:	|........ ........ ........ ........| ok p=1
Q55:	|........ ........ ........ ........| ok p=1
Q56:	|........ ........ ........ ........| ok p=1
Q57:	|........ ........ ........ ........| ok p=1
Q58:	|........ ........ ........ ........| ok p=1
Q59:	|........ ........ ........ ........| ok p=1
Q60:	|0....... ........ ........ .......0| ok p=1
Q61:	|1....... ........ ........ .....101| ok p=0.486328
Q62:	|-....... ........ ........ .....0.-| ok p=1
Q63:	|-....... ........ ........ .....-++| ok p=1
Q64:	|+....... -....... ........ .......-|
Best path: totcompl=-37 tottunnel=31, totcond=556, p=0.00386392
Q-3:	|00110101 01001111 11101111 10001101|
Q-2:	|+1110010 11101100 01011010 1000010+|
Q-1:	|+0000011 11011000 10000100 010100+-|
Q0:	|+1111001 +0010011 10010101 000001+-| ok p=0.0966797
Q1:	|+....... +...100. .10...+1 --.....+| ok p=1
Q2:	|+0...... +...1+1. .+-...0+ 1+....1+| ok p=1
Q3:	|01...... -...+1-. .0+..1+0 +-.....+| ok p=1
Q4:	|1.0..... 1.!.+1-. .++..0++ 0-1...1+| ok p=1
Q5:	|110..^.. 0...+... .00..+.0 000...0+| ok p=1
Q6:	|+1+.^+.. ..0...1. .1+.!-11 .01...+.| ok p=1
Q7:	|11-1+0.. ..1.0... !.+..-.- .1+...-1| ok p=1
Q8:	|+.-.00.. ..+^1... ..+....- .-0...-.| ok p=1
Q9:	|-.1.--.. ..++.0.. .0...11- .01.....| ok p=1
Q10:	|+01.-010 ..-0.1.. 10110.01 .-.00.1.| ok p=1
Q11:	|+1+^++11 ^0+0.-01 0-001^01 .1.101.0| ok p=0.37793
Q12:	|.+0+-0++ +1++.111 ++1+---+ .00+-0^1| ok p=0.50293
Q13:	|00-0+--- 1++10++- ---1+0++ .+1----+| ok p=1
Q14:	|10001100 10-00-0+ 00011-0+ .1+0.000| ok p=1
Q15:	|..1+10-1 +0+.++1+ 001.0+10 .-01001-| ok p=0.612305
Q16:	|.0.+..-. ..0..0.- .0...0.1 .-0..0+.| ok p=1
Q17:	|.1.0..1. ^.0.^+.+ .1...-.. .01..1.^| ok p=0.626953
Q18:	|.-.1..+. ..1....- .+...-.. .10..-^.| ok p=0.660156
Q19:	|......+. 0.-..^.- ....0+.. ..+.....| ok p=0.935547
Q20:	|.^....00 1...0..1 .^..1+.. 0...0^..| ok p=1
Q21:	|.0....11 +.^.1..1 ....+0.. 1.^.1...| ok p=0.766602
Q22:	|.1.....- ....-... .....0.. -...+...| ok p=0.791992
Q23:	|.-.0.... ^......0 ....^... ........| ok p=0.759766
Q24:	|...1...^ ....^..1 ...0.... ^...^.0.| ok p=0.873047
Q25:	|.^.+.... .......+ ...1.... ........| ok p=0.944336
Q26:	|........ ..0..... ...+.... .....0-.| ok p=0.750977
Q27:	|...^.... ..1....^ ........ .....1-.| ok p=0.999023
Q28:	|........ ..-..... ...^.... .....-+.| ok p=0.972656
Q29:	|........ ..0..... ........ ......0.| ok p=1
Q30:	|........ ..+..... ........ .....^1.| ok p=1
Q31:	|........ ..+..... ........ ........| ok p=1
Q32:	|........ ........ ........ ........| ok p=1
Q33:	|........ ..!..... ........ ........| ok p=1
Q34:	|........ ........ ........ ........| ok p=1
Q35:	|........ ........ ........ ........| ok p=1
Q36:	|........ ........ ........ ........| ok p=1
Q37:	|........ ........ ........ ........| ok p=1
Q38:	|........ ........ ........ ........| ok p=1
Q39:	|........ ........ ........ ........| ok p=1
Q40:	|........ ........ ........ ........| ok p=1
Q41:	|........ ........ ........ ........| ok p=1
Q42:	|........ ........ ........ ........| ok p=1
Q43:	|........ ........ ........ ........| ok p=1
Q44:	|........ ........ ........ ........| ok p=1
Q45:	|........ ........ ........ ........| ok p=1
Q46:	|........ ........ ........ ........| ok p=1
Q47:	|........ ........ ........ ........| ok p=1
Q48:	|........ ........ ........ ........| ok p=1
Q49:	|........ ........ ........ ........| ok p=1
Q50:	|........ ........ ........ ........| ok p=1
Q51:	|........ ........ ........ ........| ok p=1
Q52:	|........ ........ ........ ........| ok p=1
Q53:	|........ ........ ........ ........| ok p=1
Q54:	|........ ........ ........ ........| ok p=1
Q55:	|........ ........ ........ ........| ok p=1
Q56:	|........ ........ ........ ........| ok p=1
Q57:	|........ ........ ........ ........| ok p=1
Q58:	|........ ........ ........ ........| ok p=1
Q59:	|........ ........ ........ ........| ok p=1
Q60:	|0....... ........ ........ .......0| ok p=1
Q61:	|1....... ........ ........ .....101| ok p=0.519531
Q62:	|-....... ........ ........ .....0.-| ok p=1
Q63:	|-....... ........ ........ .....-++| ok p=1
Q64:	|+....... -....... ........ .......-|
Best path: totcompl=-31 tottunnel=37, totcond=552, p=0.000478243
Best paths: 2
Q-3:	|00110101 01001111 11101111 10001101|
Q-2:	|+1110010 11101100 01011010 1000010+|
Q-1:	|+0000011 11011000 10000100 010100+-|
Q0:	|+1111001 +0010011 10010101 000001+-| ok p=0.09375
Q1:	|+....... +...100. .10...+1 --.....+| ok p=1
Q2:	|+0...... +...1+1. .+-...0+ 1+....1+| ok p=1
Q3:	|01...... -...+1-. .0+..1+0 +-.....+| ok p=1
Q4:	|1.0..... 1.!.+1-. .++..0++ 0-1...1+| ok p=1
Q5:	|110..^.. 0...+... .00..+.0 000...0+| ok p=1
Q6:	|+1+.^+.. ..0...1. .1+.!-11 .01...+.| ok p=1
Q7:	|11-1+0.. ..1.0..! ..+..-.- .1+...-1| ok p=1
Q8:	|+.-.00.. ..+^1... ..+....- .-0...-.| ok p=1
Q9:	|-.1.--.. ..++.0.. .0..11.- .01.....| ok p=1
Q10:	|+01.-010 ..-0.1.. 10110.01 .-.01.1.| ok p=1
Q11:	|+1+^++11 ^0+0.-01 0-001^01 .1.110.0| ok p=0.360352
Q12:	|.+0+-0++ +1++.111 ++1+---+ .00+-1^1| ok p=0.486328
Q13:	|01-0+--- 1++10++- ---1+0++ .+1----+| ok p=1
Q14:	|.0001101 10-00-0+ 0000001+ .1+0.000| ok p=1
Q15:	|..1+10-1 +0+.++1+ 001.0+10 .-01001-| ok p=0.614258
Q16:	|.0.+..-. ..0..0.- .0...1.1 .-0..0+.| ok p=1
Q17:	|.1.0..1. ^.0.^+.+ .1...-.. .01..1.^| ok p=0.635742
Q18:	|.-.1..+. ..1....- .+...-.. .10..-^.| ok p=0.670898
Q19:	|......+. 0.-..^.- ....0+.. ..+.....| ok p=0.931641
Q20:	|.^....00 1...0..1 .^..1+.. 0...0^..| ok p=1
Q21:	|.0....11 +.^.1..1 ....+0.. 1.^.1...| ok p=0.801758
Q22:	|.1.....- ....-... .....0.. -...+...| ok p=0.793945
Q23:	|.-.0.... ^......0 ....^... ........| ok p=0.734375
Q24:	|...1...^ ....^..1 ...0.... ^...^.0.| ok p=0.876953
Q25:	|.^.+.... .......+ ...1.... ........| ok p=0.942383
Q26:	|........ ..0..... ...+.... .....0-.| ok p=0.738281
Q27:	|...^.... ..1....^ ........ .....1-.| ok p=0.999023
Q28:	|........ ..-..... ...^.... .....-+.| ok p=0.964844
Q29:	|........ ..0..... ........ ......0.| ok p=1
Q30:	|........ ..+..... ........ .....^1.| ok p=1
Q31:	|........ ..+..... ........ ........| ok p=1
Q32:	|........ ........ ........ ........| ok p=1
Q33:	|........ ..!..... ........ ........| ok p=1
Q34:	|........ ........ ........ ........| ok p=1
Q35:	|........ ........ ........ ........| ok p=1
Q36:	|........ ........ ........ ........| ok p=1
Q37:	|........ ........ ........ ........| ok p=1
Q38:	|........ ........ ........ ........| ok p=1
Q39:	|........ ........ ........ ........| ok p=1
Q40:	|........ ........ ........ ........| ok p=1
Q41:	|........ ........ ........ ........| ok p=1
Q42:	|........ ........ ........ ........| ok p=1
Q43:	|........ ........ ........ ........| ok p=1
Q44:	|........ ........ ........ ........| ok p=1
Q45:	|........ ........ ........ ........| ok p=1
Q46:	|........ ........ ........ ........| ok p=1
Q47:	|........ ........ ........ ........| ok p=1
Q48:	|........ ........ ........ ........| ok p=1
Q49:	|........ ........ ........ ........| ok p=1
Q50:	|........ ........ ........ ........| ok p=1
Q51:	|........ ........ ........ ........| ok p=1
Q52:	|........ ........ ........ ........| ok p=1
Q53:	|........ ........ ........ ........| ok p=1
Q54:	|........ ........ ........ ........| ok p=1
Q55:	|........ ........ ........ ........| ok p=1
Q56:	|........ ........ ........ ........| ok p=1
Q57:	|........ ........ ........ ........| ok p=1
Q58:	|........ ........ ........ ........| ok p=1
Q59:	|........ ........ ........ ........| ok p=1
Q60:	|0....... ........ ........ .......0| ok p=1
Q61:	|1....... ........ ........ .....101| ok p=0.524414
Q62:	|-....... ........ ........ .....0.-| ok p=1
Q63:	|-....... ........ ........ .....-++| ok p=1
Q64:	|+....... -....... ........ .......-|
Best path: totcompl=-31 tottunnel=37, totcond=551, p=0.000589111
Best paths: 2
Q-3:	|00110101 01001111 11101111 10001101|
Q-2:	|+1110010 11101100 01011010 1000010+|
Q-1:	|+0000011 11011000 10000100 010100+-|
Q0:	|+1111001 +0010011 10010101 000001+-| ok p=0.108398
Q1:	|+....... +...100. .10...+1 --.....+| ok p=1
Q2:	|+0...... +...1+1. .+-...0+ 1+....1+| ok p=1
Q3:	|01...... -...+1-. .0+..1+0 +-.....+| ok p=1
Q4:	|1.0..... 1..!+1-. .++..0++ 0-1...1+| ok p=1
Q5:	|100..^.. 0...+... .00..+.0 000...0+| ok p=1
Q6:	|+1+.^+.. ..0...1. .1+.!-11 .01...+.| ok p=1
Q7:	|11-.+0.. ..1.0..! ..+..-.- .1+...-1| ok p=1
Q8:	|+.-^00.. ..+^1... ..+....- .-0...-.| ok p=1
Q9:	|-.1.--.. ..++.0.. .0...1.- .01.....| ok p=1
Q10:	|+01.-010 ..-0.1.. 10110011 .-.01.1.| ok p=1
Q11:	|+1+^++11 ^0+0.-01 0-001011 .1.110.0| ok p=0.381836
Q12:	|.+0+-0++ +1++.111 +++----+ .00+-1^1| ok p=0.515625
Q13:	|00-0+--- 1++10++- ---1++-+ .+1----+| ok p=1
Q14:	|10001100 10-00-0+ 00000-.+ .1+0.000| ok p=1
Q15:	|..1+10-1 +0+.++1+ 001.0+10 .-01001-| ok p=0.603516
Q16:	|.0.+..-. ..0..0.- .0...0.1 .-0..0+.| ok p=1
Q17:	|.1.0..1. ^.0.^+.+ .1...-.. .01..1.^| ok p=0.637695
Q18:	|.-.1..+. ..1....- .+...-.. .10..-^.| ok p=0.652344
Q19:	|......+. 0.-..^.- ....0+.. ..+.....| ok p=0.950195
Q20:	|.^....00 1...0..1 .^..1+.. 0...0^..| ok p=1
Q21:	|.0....11 +.^.1..1 ....+0.. 1.^.1...| ok p=0.771484
Q22:	|.1.....- ....-... .....0.. -...+...| ok p=0.826172
Q23:	|.-.0.... ^......0 ....^... ........| ok p=0.770508
Q24:	|...1...^ ....^..1 ...0.... ^...^.0.| ok p=0.874023
Q25:	|.^.+.... .......+ ...1.... ........| ok p=0.926758
Q26:	|........ ..0..... ...+.... .....0-.| ok p=0.744141
Q27:	|...^.... ..1....^ ........ .....1-.| ok p=1
Q28:	|........ ..-..... ...^.... .....-+.| ok p=0.975586
Q29:	|........ ..0..... ........ ......0.| ok p=0.999023
Q30:	|........ ..+..... ........ .....^1.| ok p=1
Q31:	|........ ..+..... ........ ........| ok p=1
Q32:	|........ ........ ........ ........| ok p=1
Q33:	|........ ..!..... ........ ........| ok p=1
Q34:	|........ ........ ........ ........| ok p=1
Q35:	|........ ........ ........ ........| ok p=1
Q36:	|........ ........ ........ ........| ok p=1
Q37:	|........ ........ ........ ........| ok p=1
Q38:	|........ ........ ........ ........| ok p=1
Q39:	|........ ........ ........ ........| ok p=1
Q40:	|........ ........ ........ ........| ok p=1
Q41:	|........ ........ ........ ........| ok p=1
Q42:	|........ ........ ........ ........| ok p=1
Q43:	|........ ........ ........ ........| ok p=1
Q44:	|........ ........ ........ ........| ok p=1
Q45:	|........ ........ ........ ........| ok p=1
Q46:	|........ ........ ........ ........| ok p=1
Q47:	|........ ........ ........ ........| ok p=1
Q48:	|........ ........ ........ ........| ok p=1
Q49:	|........ ........ ........ ........| ok p=1
Q50:	|........ ........ ........ ........| ok p=1
Q51:	|........ ........ ........ ........| ok p=1
Q52:	|........ ........ ........ ........| ok p=1
Q53:	|........ ........ ........ ........| ok p=1
Q54:	|........ ........ ........ ........| ok p=1
Q55:	|........ ........ ........ ........| ok p=1
Q56:	|........ ........ ........ ........| ok p=1
Q57:	|........ ........ ........ ........| ok p=1
Q58:	|........ ........ ........ ........| ok p=1
Q59:	|........ ........ ........ ........| ok p=1
Q60:	|0....... ........ ........ .......0| ok p=1
Q61:	|1....... ........ ........ .....101| ok p=0.488281
Q62:	|-....... ........ ........ .....0.-| ok p=1
Q63:	|-....... ........ ........ .....-++| ok p=1
Q64:	|+....... -....... ........ .......-|
Best path: totcompl=-29 tottunnel=39, totcond=551, p=0.000558664
Best paths: 2
Q-3:	|00110101 01001111 11101111 10001101|
Q-2:	|+1110010 11101100 01011010 1000010+|
Q-1:	|+0000011 11011000 10000100 010100+-|
Q0:	|+1111001 +0010011 10010101 000001+-| ok p=0.0908203
Q1:	|+....... +...100. .10...+1 --.....+| ok p=1
Q2:	|+0...... +...1+1. .+-...0+ 1+....1+| ok p=1
Q3:	|01...... -...+1-. .0+..1+0 +-.....+| ok p=1
Q4:	|1.0..1.. 1..!+1-. .++..0++ 0-0...1+| ok p=1
Q5:	|1101.1.. 0...+... .00..+.0 011...0+| ok p=1
Q6:	|-1+.^+.. .0....1. .1+.!-01 .01...+.| ok p=1
Q7:	|01-1++.. .1..0..! ..+..-.- .0+...-1| ok p=0.998047
Q8:	|-.-.0-.. .+.^.... ..+.0..- .-0...-.| ok p=1
Q9:	|+...11.. ^+.+.0.. ..+.00.- .+1.....| ok p=1
Q10:	|-.111+11 -+1010.. 00+.+1.- 0+01..10| ok p=1
Q11:	|00.0-101 01110-0. 111.10^1 1-111.01| ok p=1
Q12:	|+1.-0+++ 1++++-0. +--^--++ +++-110+| ok p=1
Q13:	|-+.1011+ +0+0+-+1 0+---101 1++-+0+0| ok p=1
Q14:	|00.1.01. 101-..+1 10.1.+11 -.0.1-+0| ok p=1
Q15:	|10.+...1 0.++10.+ 011101.. -1-1010+| ok p=0.957031
Q16:	|.0.+..-. ..-1..^- .0...+.. 1.-..++.| ok p=0.743164
Q17:	|.1.0..-0 +.10...1 .1...-.. 1.1..0.^| ok p=0.795898
Q18:	|.-.0..+. +.1....- .-...-.. ..0..-^.| ok p=0.71875
Q19:	|......0+ +.-....- ....01.. ..+.....| ok p=0.931641
Q20:	|.^....0+ +...0..0 .^..0+.. 0...0^..| ok p=1
Q21:	|.0.....+ +.^.1..0 ....+1.. 1.^.1...| ok p=0.795898
Q22:	|.1.....- 1...-... .....0.. -...+...| ok p=0.798828
Q23:	|.-.0...0 0......0 ....^... ........| ok p=0.761719
Q24:	|...1...1 ....^..1 ...0.... ^...^.0.| ok p=0.887695
Q25:	|.^.+.... .......+ ...1.... ........| ok p=0.931641
Q26:	|........ ..0..... ...+.... .....0-.| ok p=0.746094
Q27:	|...^.... ..1....^ ........ .....1-.| ok p=0.998047
Q28:	|........ ..-..... ...^.... .....-+.| ok p=0.970703
Q29:	|........ ..0..... ........ ......0.| ok p=0.999023
Q30:	|........ ..+..... ........ .....^1.| ok p=1
Q31:	|........ ..+..... ........ ........| ok p=1
Q32:	|........ ........ ........ ........| ok p=1
Q33:	|........ ..!..... ........ ........| ok p=1
Q34:	|........ ........ ........ ........| ok p=1
Q35:	|........ ........ ........ ........| ok p=1
Q36:	|........ ........ ........ ........| ok p=1
Q37:	|........ ........ ........ ........| ok p=1
Q38:	|........ ........ ........ ........| ok p=1
Q39:	|........ ........ ........ ........| ok p=1
Q40:	|........ ........ ........ ........| ok p=1
Q41:	|........ ........ ........ ........| ok p=1
Q42:	|........ ........ ........ ........| ok p=1
Q43:	|........ ........ ........ ........| ok p=1
Q44:	|........ ........ ........ ........| ok p=1
Q45:	|........ ........ ........ ........| ok p=1
Q46:	|........ ........ ........ ........| ok p=1
Q47:	|........ ........ ........ ........| ok p=1
Q48:	|........ ........ ........ ........| ok p=1
Q49:	|........ ........ ........ ........| ok p=1
Q50:	|........ ........ ........ ........| ok p=1
Q51:	|........ ........ ........ ........| ok p=1
Q52:	|........ ........ ........ ........| ok p=1
Q53:	|........ ........ ........ ........| ok p=1
Q54:	|........ ........ ........ ........| ok p=1
Q55:	|........ ........ ........ ........| ok p=1
Q56:	|........ ........ ........ ........| ok p=1
Q57:	|........ ........ ........ ........| ok p=1
Q58:	|........ ........ ........ ........| ok p=1
Q59:	|........ ........ ........ ........| ok p=1
Q60:	|0....... ........ ........ .......0| ok p=1
Q61:	|1....... ........ ........ .....101| ok p=0.523438
Q62:	|-....... ........ ........ .....0.-| ok p=1
Q63:	|-....... ........ ........ .....-++| ok p=1
Q64:	|+....... -....... ........ .......-|
Best path: totcompl=-29 tottunnel=40, totcond=550, p=0.0043771
Best paths: 2
Q-3:	|00110101 01001111 11101111 10001101|
Q-2:	|+1110010 11101100 01011010 1000010+|
Q-1:	|+0000011 11011000 10000100 010100+-|
Q0:	|+1111001 +0010011 10010101 000001+-| ok p=0.0947266
Q1:	|+....... +...100. .10...+1 --.....+| ok p=1
Q2:	|+1...... +...1+1. .+-...0+ 1+....1+| ok p=1
Q3:	|10...... -...+1-. .0+..1+0 +-.....+| ok p=1
Q4:	|1.0!.... 1.!.+1-. .++..0++ 0-1...1+| ok p=1
Q5:	|1.0..^.. 0...+... .00..+.0 000...0+| ok p=1
Q6:	|+^+.^+.. ..0...1. .1+.!-11 .01...+.| ok p=1
Q7:	|1^-.+0.. ..1.0... !.+..-.- .1+...-1| ok p=1
Q8:	|+^-^00.. ..+^1... ..+....- .-0...-.| ok p=1
Q9:	|-.1.--.. ..++1... .0...1.- .01.....| ok p=1
Q10:	|+01.-010 ..-010.. 101110.. .-.01.0.| ok p=1
Q11:	|+1+^++11 ^0+0-111 0-0010.1 .1.110.0| ok p=0.470703
Q12:	|.++--0++ +1+1++01 ++1+--.1 .00+-1^1| ok p=0.483398
Q13:	|00-1+--- 1+++--+- ---1++.0 .+1----+| ok p=1
Q14:	|.0010100 10-10-0+ 00011-.+ .1+0.000| ok p=1
Q15:	|..1+10-1 +0+0++1+ 001.0+.0 .-01001-| ok p=0.867188
Q16:	|.0.+..-. ..0..0.- .0...0.0 .-0..0+.| ok p=1
Q17:	|.1.0..1. ^.0.^+.+ .1...-.. .01..1.^| ok p=0.633789
Q18:	|.-.1..+. ..1....- .+...-.. .10..-^.| ok p=0.661133
Q19:	|......+. 0.-..^.- ....0+.. ..+.....| ok p=0.927734
Q20:	|.^....00 1...0..1 .^..1+.. 0...0^..| ok p=1
Q21:	|.0....11 +.^.1..1 ....+0.. 1.^.1...| ok p=0.798828
Q22:	|.1.....- ....-... .....0.. -...+...| ok p=0.821289
Q23:	|.-.0.... ^......0 ....^... ........| ok p=0.75293
Q24:	|...1...^ ....^..1 ...0.... ^...^.0.| ok p=0.882812
Q25:	|.^.+.... .......+ ...1.... ........| ok p=0.932617
Q26:	|........ ..0..... ...+.... .....0-.| ok p=0.766602
Q27:	|...^.... ..1....^ ........ .....1-.| ok p=1
Q28:	|........ ..-..... ...^.... .....-+.| ok p=0.977539
Q29:	|........ ..0..... ........ ......0.| ok p=0.998047
Q30:	|........ ..+..... ........ .....^1.| ok p=1
Q31:	|........ ..+..... ........ ........| ok p=1
Q32:	|........ ........ ........ ........| ok p=1
Q33:	|........ ..!..... ........ ........| ok p=1
Q34:	|........ ........ ........ ........| ok p=1
Q35:	|........ ........ ........ ........| ok p=1
Q36:	|........ ........ ........ ........| ok p=1
Q37:	|........ ........ ........ ........| ok p=1
Q38:	|........ ........ ........ ........| ok p=1
Q39:	|........ ........ ........ ........| ok p=1
Q40:	|........ ........ ........ ........| ok p=1
Q41:	|........ ........ ........ ........| ok p=1
Q42:	|........ ........ ........ ........| ok p=1
Q43:	|........ ........ ........ ........| ok p=1
Q44:	|........ ........ ........ ........| ok p=1
Q45:	|........ ........ ........ ........| ok p=1
Q46:	|........ ........ ........ ........| ok p=1
Q47:	|........ ........ ........ ........| ok p=1
Q48:	|........ ........ ........ ........| ok p=1
Q49:	|........ ........ ........ ........| ok p=1
Q50:	|........ ........ ........ ........| ok p=1
Q51:	|........ ........ ........ ........| ok p=1
Q52:	|........ ........ ........ ........| ok p=1
Q53:	|........ ........ ........ ........| ok p=1
Q54:	|........ ........ ........ ........| ok p=1
Q55:	|........ ........ ........ ........| ok p=1
Q56:	|........ ........ ........ ........| ok p=1
Q57:	|........ ........ ........ ........| ok p=1
Q58:	|........ ........ ........ ........| ok p=1
Q59:	|........ ........ ........ ........| ok p=1
Q60:	|0....... ........ ........ .......0| ok p=1
Q61:	|1....... ........ ........ .....101| ok p=0.504883
Q62:	|-....... ........ ........ .....0.-| ok p=1
Q63:	|-....... ........ ........ .....-++| ok p=1
Q64:	|+....... -....... ........ .......-|
Best path: totcompl=-28 tottunnel=40, totcond=549, p=0.00100327
Q-3:	|00110101 01001111 11101111 10001101|
Q-2:	|+1110010 11101100 01011010 1000010+|
Q-1:	|+0000011 11011000 10000100 010100+-|
Q0:	|+1111001 +0010011 10010101 000001+-| ok p=0.0927734
Q1:	|+....... +...100. .10...+1 --.....+| ok p=1
Q2:	|+0...... +...1+1. .+-...0+ 1+....1+| ok p=1
Q3:	|01...... -...+1-. .0+..1+0 +-.....+| ok p=1
Q4:	|1.0..... 1.!.+1-. .++..0++ 0-1...1+| ok p=1
Q5:	|110..^.. 0...+... .00..+.0 000...0+| ok p=1
Q6:	|+1+.^+.. ..0...1. .1+.!-11 .01...+.| ok p=1
Q7:	|11-.+0.. ..1.0... !.+..-.- .1+...-1| ok p=1
Q8:	|+.-^00.. ..+^1... ..+....- .-0...-.| ok p=1
Q9:	|-.1.--.. ..++1... .0...1.- .01.....| ok p=1
Q10:	|+01.-010 ..-010.. 101110.. .-.01.0.| ok p=1
Q11:	|+1+^++11 ^0+0-111 0-0010.1 .1.110.0| ok p=0.519531
Q12:	|.++--0++ +1+1++01 ++1+--.1 .00+-1^1| ok p=0.490234
Q13:	|00-1+--- 1+++--+- ---1++.0 .+1----+| ok p=1
Q14:	|.0010100 10-10-0+ 00000-.+ .1+0.000| ok p=1
Q15:	|..1+10-1 +0+0++1+ 001.0+.0 .-01001-| ok p=0.873047
Q16:	|.0.+..-. ..0..0.- .0...0.0 .-0..0+.| ok p=1
Q17:	|.1.0..1. ^.0.^+.+ .1...-.. .01..1.^| ok p=0.615234
Q18:	|.-.1..+. ..1....- .+...-.. .10..-^.| ok p=0.673828
Q19:	|......+. 0.-..^.- ....0+.. ..+.....| ok p=0.920898
Q20:	|.^....00 1...0..1 .^..1+.. 0...0^..| ok p=1
Q21:	|.0....11 +.^.1..1 ....+0.. 1.^.1...| ok p=0.768555
Q22:	|.1.....- ....-... .....0.. -...+...| ok p=0.788086
Q23:	|.-.0.... ^......0 ....^... ........| ok p=0.74707
Q24:	|...1...^ ....^..1 ...0.... ^...^.0.| ok p=0.874023
Q25:	|.^.+.... .......+ ...1.... ........| ok p=0.926758
Q26:	|........ ..0..... ...+.... .....0-.| ok p=0.758789
Q27:	|...^.... ..1....^ ........ .....1-.| ok p=0.999023
Q28:	|........ ..-..... ...^.... .....-+.| ok p=0.960938
Q29:	|........ ..0..... ........ ......0.| ok p=1
Q30:	|........ ..+..... ........ .....^1.| ok p=1
Q31:	|........ ..+..... ........ ........| ok p=0.999023
Q32:	|........ ........ ........ ........| ok p=1
Q33:	|........ ..!..... ........ ........| ok p=1
Q34:	|........ ........ ........ ........| ok p=1
Q35:	|........ ........ ........ ........| ok p=1
Q36:	|........ ........ ........ ........| ok p=1
Q37:	|........ ........ ........ ........| ok p=1
Q38:	|........ ........ ........ ........| ok p=1
Q39:	|........ ........ ........ ........| ok p=1
Q40:	|........ ........ ........ ........| ok p=1
Q41:	|........ ........ ........ ........| ok p=1
Q42:	|........ ........ ........ ........| ok p=1
Q43:	|........ ........ ........ ........| ok p=1
Q44:	|........ ........ ........ ........| ok p=1
Q45:	|........ ........ ........ ........| ok p=1
Q46:	|........ ........ ........ ........| ok p=1
Q47:	|........ ........ ........ ........| ok p=1
Q48:	|........ ........ ........ ........| ok p=1
Q49:	|........ ........ ........ ........| ok p=1
Q50:	|........ ........ ........ ........| ok p=1
Q51:	|........ ........ ........ ........| ok p=1
Q52:	|........ ........ ........ ........| ok p=1
Q53:	|........ ........ ........ ........| ok p=1
Q54:	|........ ........ ........ ........| ok p=1
Q55:	|........ ........ ........ ........| ok p=1
Q56:	|........ ........ ........ ........| ok p=1
Q57:	|........ ........ ........ ........| ok p=1
Q58:	|........ ........ ........ ........| ok p=1
Q59:	|........ ........ ........ ........| ok p=1
Q60:	|0....... ........ ........ .......0| ok p=1
Q61:	|1....... ........ ........ .....101| ok p=0.501953
Q62:	|-....... ........ ........ .....0.-| ok p=1
Q63:	|-....... ........ ........ .....-++| ok p=1
Q64:	|+....... -....... ........ .......-|
Best path: totcompl=-28 tottunnel=40, totcond=548, p=0.00120732
Best paths: 2
Best paths: 4
Best paths: 8
Q-3:	|00110101 01001111 11101111 10001101|
Q-2:	|+1110010 11101100 01011010 1000010+|
Q-1:	|+0000011 11011000 10000100 010100+-|
Q0:	|+1111001 +0010011 10010101 000001+-| ok p=0.0947266
Q1:	|+....... +...100. .10...+1 --.....+| ok p=1
Q2:	|+0...... +...1+1. .+-...0+ 1+....1+| ok p=1
Q3:	|01...... -...+1-. .0+..1+0 +-.....+| ok p=1
Q4:	|1.0..1.. 1..!+1-. .++..0++ 0-0...1+| ok p=1
Q5:	|1101.1.. 0...+... .00..+.0 011...0+| ok p=1
Q6:	|-1+.^+.. .0....1. .1+.!-01 .01...+.| ok p=1
Q7:	|01-.++.. .1..0..! ..+..-.- .0+...-1| ok p=1
Q8:	|-.-^0-.. .+.^.... ..+.1..- .-0...-.| ok p=1
Q9:	|+...11.. .+.+.... ..+.11.- 1+1.....| ok p=1
Q10:	|+.100+01 10101^.. 00+1+0.- 1+....10| ok p=1
Q11:	|0111-011 1+110-^. 11111..1 -+1^..01| ok p=1
Q12:	|-0-+0+++ ++-++1-. -----..- ++0+^00+| ok p=1
Q13:	|-+11011+ +.-0+-01 01+--^00 1++0-1+0| ok p=1
Q14:	|0011.0-. .0-0.0+0 011.0+.1 -.101-+0| ok p=1
Q15:	|10.+..-1 0.++101+ 1.0001.. -0-.010+| ok p=0.967773
Q16:	|.0.+..1. ..-...1- .0...+.. 1.-..++.| ok p=0.749023
Q17:	|.1.0..-0 +.1^...1 .1...-.. 1.1..0.^| ok p=0.767578
Q18:	|.-.0..+. +.1....- .-...-.. ..0..-^.| ok p=0.69043
Q19:	|......1+ +.-....- ....01.. ..+.....| ok p=0.936523
Q20:	|.^....1+ +...0..0 .^..0+.. 0...0^..| ok p=1
Q21:	|.0.....+ +.^.1..0 ....+1.. 1.^.1...| ok p=0.793945
Q22:	|.1.....- 1...-... .....0.. -...+...| ok p=0.796875
Q23:	|.-.0...0 0......0 ....^... ........| ok p=0.756836
Q24:	|...1...1 ....^..1 ...0.... ^...^.0.| ok p=0.855469
Q25:	|.^.+.... .......+ ...1.... ........| ok p=0.922852
Q26:	|........ ..0..... ...+.... .....0-.| ok p=0.732422
Q27:	|...^.... ..1....^ ........ .....1-.| ok p=1
Q28:	|........ ..-..... ...^.... .....-+.| ok p=0.966797
Q29:	|........ ..0..... ........ ......0.| ok p=1
Q30:	|........ ..+..... ........ .....^1.| ok p=1
Q31:	|........ ..+..... ........ ........| ok p=1
Q32:	|........ ........ ........ ........| ok p=1
Q33:	|........ ..!..... ........ ........| ok p=1
Q34:	|........ ........ ........ ........| ok p=1
Q35:	|........ ........ ........ ........| ok p=1
Q36:	|........ ........ ........ ........| ok p=1
Q37:	|........ ........ ........ ........| ok p=1
Q38:	|........ ........ ........ ........| ok p=1
Q39:	|........ ........ ........ ........| ok p=1
Q40:	|........ ........ ........ ........| ok p=1
Q41:	|........ ........ ........ ........| ok p=1
Q42:	|........ ........ ........ ........| ok p=1
Q43:	|........ ........ ........ ........| ok p=1
Q44:	|........ ........ ........ ........| ok p=1
Q45:	|........ ........ ........ ........| ok p=1
Q46:	|........ ........ ........ ........| ok p=1
Q47:	|........ ........ ........ ........| ok p=1
Q48:	|........ ........ ........ ........| ok p=1
Q49:	|........ ........ ........ ........| ok p=1
Q50:	|........ ........ ........ ........| ok p=1
Q51:	|........ ........ ........ ........| ok p=1
Q52:	|........ ........ ........ ........| ok p=1
Q53:	|........ ........ ........ ........| ok p=1
Q54:	|........ ........ ........ ........| ok p=1
Q55:	|........ ........ ........ ........| ok p=1
Q56:	|........ ........ ........ ........| ok p=1
Q57:	|........ ........ ........ ........| ok p=1
Q58:	|........ ........ ........ ........| ok p=1
Q59:	|........ ........ ........ ........| ok p=1
Q60:	|0....... ........ ........ .......0| ok p=1
Q61:	|1....... ........ ........ .....101| ok p=0.508789
Q62:	|-....... ........ ........ .....0.-| ok p=1
Q63:	|-....... ........ ........ .....-++| ok p=1
Q64:	|+....... -....... ........ .......-|
Best path: totcompl=-28 tottunnel=41, totcond=547, p=0.00460036
Best paths: 2
Q-3:	|00110101 01001111 11101111 10001101|
Q-2:	|+1110010 11101100 01011010 1000010+|
Q-1:	|+0000011 11011000 10000100 010100+-|
Q0:	|+1111001 +0010011 10010101 000001+-| ok p=0.0927734
Q1:	|+....... +...100. .10...+1 --.....+| ok p=1
Q2:	|+0...... +...1+1. .+-...0+ 1+....1+| ok p=1
Q3:	|01...... -...+1-. .0+..1+0 +-.....+| ok p=1
Q4:	|1.0..1.. 1..!+1-. .++..0++ 0-0...1+| ok p=1
Q5:	|110..1.. 0...+... .00..+.0 011...0+| ok p=1
Q6:	|-1+^^+.. .0....1. .1+.!-01 .01...+.| ok p=1
Q7:	|01-1++.. .1..0..! ..+..-.- .0+...-1| ok p=1
Q8:	|-.-.0-.. .+.^1... ..+.1..- .-0...-.| ok p=1
Q9:	|+...11.. .+.+.... ..+.11.- 1+1.....| ok p=1
Q10:	|+1110+01 10101^.. 00+1+0.- 1+....10| ok p=1
Q11:	|11.0-011 1+110-^. 11111..1 -+1^0.01| ok p=1
Q12:	|+0.-0+++ ++-++1-. -----0.- ++0+010+| ok p=1
Q13:	|-+.1011+ +.-0+-01 01+--0.0 1++0-0+0| ok p=1
Q14:	|00.1.0-. .0-0.0+0 011.0+.1 -.110-+0| ok p=1
Q15:	|10.+..-1 0.++101+ 1.0001.. -0-.010+| ok p=0.963867
Q16:	|.0.+..1. ..-...1- .0...+.. 1.-..++.| ok p=0.730469
Q17:	|.1.0..-0 +.1^...1 .1...-.. 1.1..0.^| ok p=0.78125
Q18:	|.-.0..+. +.1....- .-...-.. ..0..-^.| ok p=0.706055
Q19:	|......1+ +.-....- ....01.. ..+.....| ok p=0.933594
Q20:	|.^....1+ +...0..0 .^..0+.. 0...0^..| ok p=1
Q21:	|.0.....+ +.^.1..0 ....+1.. 1.^.1...| ok p=0.783203
Q22:	|.1.....- 1...-... .....0.. -...+...| ok p=0.791016
Q23:	|.-.0...0 0......0 ....^... ........| ok p=0.742188
Q24:	|...1...1 ....^..1 ...0.... ^...^.0.| ok p=0.873047
Q25:	|.^.+.... .......+ ...1.... ........| ok p=0.943359
Q26:	|........ ..0..... ...+.... .....0-.| ok p=0.763672
Q27:	|...^.... ..1....^ ........ .....1-.| ok p=0.998047
Q28:	|........ ..-..... ...^.... .....-+.| ok p=0.976562
Q29:	|........ ..0..... ........ ......0.| ok p=0.999023
Q30:	|........ ..+..... ........ .....^1.| ok p=1
Q31:	|........ ..+..... ........ ........| ok p=0.998047
Q32:	|........ ........ ........ ........| ok p=1
Q33:	|........ ..!..... ........ ........| ok p=1
Q34:	|........ ........ ........ ........| ok p=1
Q35:	|........ ........ ........ ........| ok p=1
Q36:	|........ ........ ........ ........| ok p=1
Q37:	|........ ........ ........ ........| ok p=1
Q38:	|........ ........ ........ ........| ok p=1
Q39:	|........ ........ ........ ........| ok p=1
Q40:	|........ ........ ........ ........| ok p=1
Q41:	|........ ........ ........ ........| ok p=1
Q42:	|........ ........ ........ ........| ok p=1
Q43:	|........ ........ ........ ........| ok p=1
Q44:	|........ ........ ........ ........| ok p=1
Q45:	|........ ........ ........ ........| ok p=1
Q46:	|........ ........ ........ ........| ok p=1
Q47:	|........ ........ ........ ........| ok p=1
Q48:	|........ ........ ........ ........| ok p=1
Q49:	|........ ........ ........ ........| ok p=1
Q50:	|........ ........ ........ ........| ok p=1
Q51:	|........ ........ ........ ........| ok p=1
Q52:	|........ ........ ........ ........| ok p=1
Q53:	|........ ........ ........ ........| ok p=1
Q54:	|........ ........ ........ ........| ok p=1
Q55:	|........ ........ ........ ........| ok p=1
Q56:	|........ ........ ........ ........| ok p=1
Q57:	|........ ........ ........ ........| ok p=1
Q58:	|........ ........ ........ ........| ok p=1
Q59:	|........ ........ ........ ........| ok p=1
Q60:	|0....... ........ ........ .......0| ok p=1
Q61:	|1....... ........ ........ .....101| ok p=0.514648
Q62:	|-....... ........ ........ .....0.-| ok p=1
Q63:	|-....... ........ ........ .....-++| ok p=1
Q64:	|+....... -....... ........ .......-|
Best path: totcompl=-28 tottunnel=41, totcond=546, p=0.00441324
Q-3:	|00110101 01001111 11101111 10001101|
Q-2:	|+1110010 11101100 01011010 1000010+|
Q-1:	|+0000011 11011000 10000100 010100+-|
Q0:	|+1111001 +0010011 10010101 000001+-| ok p=0.0888672
Q1:	|+....... +...100. .10...+1 --.....+| ok p=1
Q2:	|+0...... +...1+1. .+-...0+ 1+....1+| ok p=1
Q3:	|01...... -...+1-. .0+..1+0 +-.....+| ok p=1
Q4:	|1.0..1.. 1..!+1-. .++..0++ 0-1...1+| ok p=1
Q5:	|1101.1.. 0...+... .00..+.0 000...0+| ok p=1
Q6:	|-1+.^+.. .0....1. .1+.!-01 .00...+.| ok p=1
Q7:	|01-1++.. .1..0..! ..+..-.- .0+...-1| ok p=1
Q8:	|-.-.0-.. .+.^.... ..+.1..- .-0...-.| ok p=1
Q9:	|+...11.. .+.+.... ..+.11.- 1+1.....| ok p=1
Q10:	|+1110+01 10101^.. 00+1+0.- 1+....10| ok p=1
Q11:	|11.0-011 1+110-^. 11111..1 -+1^..01| ok p=1
Q12:	|+0.-0+++ ++-++1-. -----..- ++0+^00+| ok p=1
Q13:	|-+.1011+ +.-0+-01 01+--^.0 1++0-1+0| ok p=1
Q14:	|00.1.0-. .0-0.0+0 100.0+^1 -.101-+0| ok p=1
Q15:	|10.+..-1 0.++101+ 110001.. -0-.010+| ok p=0.955078
Q16:	|.0.+..1. ..-...1- .0...+.. 1.-..++.| ok p=0.758789
Q17:	|.1.0..-0 +.1^...1 .1...-.. 1.1..0.^| ok p=0.772461
Q18:	|.-.0..+. +.1....- .-...-.. ..0..-^.| ok p=0.714844
Q19:	|......1+ +.-....- ....01.. ..+.....| ok p=0.925781
Q20:	|.^....1+ +...0..0 .^..0+.. 0...0^..| ok p=1
Q21:	|.0.....+ +.^.1..0 ....+1.. 1.^.1...| ok p=0.772461
Q22:	|.1.....- 1...-... .....0.. -...+...| ok p=0.807617
Q23:	|.-.0...0 0......0 ....^... ........| ok p=0.732422
Q24:	|...1...1 ....^..1 ...0.... ^...^.0.| ok p=0.895508
Q25:	|.^.+.... .......+ ...1.... ........| ok p=0.943359
Q26:	|........ ..0..... ...+.... .....0-.| ok p=0.754883
Q27:	|...^.... ..1....^ ........ .....1-.| ok p=1
Q28:	|........ ..-..... ...^.... .....-+.| ok p=0.969727
Q29:	|........ ..0..... ........ ......0.| ok p=0.999023
Q30:	|........ ..+..... ........ .....^1.| ok p=1
Q31:	|........ ..+..... ........ ........| ok p=1
Q32:	|........ ........ ........ ........| ok p=1
Q33:	|........ ..!..... ........ ........| ok p=1
Q34:	|........ ........ ........ ........| ok p=1
Q35:	|........ ........ ........ ........| ok p=1
Q36:	|........ ........ ........ ........| ok p=1
Q37:	|........ ........ ........ ........| ok p=1
Q38:	|........ ........ ........ ........| ok p=1
Q39:	|........ ........ ........ ........| ok p=1
Q40:	|........ ........ ........ ........| ok p=1
Q41:	|........ ........ ........ ........| ok p=1
Q42:	|........ ........ ........ ........| ok p=1
Q43:	|........ ........ ........ ........| ok p=1
Q44:	|........ ........ ........ ........| ok p=1
Q45:	|........ ........ ........ ........| ok p=1
Q46:	|........ ........ ........ ........| ok p=1
Q47:	|........ ........ ........ ........| ok p=1
Q48:	|........ ........ ........ ........| ok p=1
Q49:	|........ ........ ........ ........| ok p=1
Q50:	|........ ........ ........ ........| ok p=1
Q51:	|........ ........ ........ ........| ok p=1
Q52:	|........ ........ ........ ........| ok p=1
Q53:	|........ ........ ........ ........| ok p=1
Q54:	|........ ........ ........ ........| ok p=1
Q55:	|........ ........ ........ ........| ok p=1
Q56:	|........ ........ ........ ........| ok p=1
Q57:	|........ ........ ........ ........| ok p=1
Q58:	|........ ........ ........ ........| ok p=1
Q59:	|........ ........ ........ ........| ok p=1
Q60:	|0....... ........ ........ .......0| ok p=1
Q61:	|1....... ........ ........ .....101| ok p=0.472656
Q62:	|-....... ........ ........ .....0.-| ok p=1
Q63:	|-....... ........ ........ .....-++| ok p=1
Q64:	|+....... -....... ........ .......-|
Best path: totcompl=-28 tottunnel=41, totcond=545, p=0.00520023
Q-3:	|00110101 01001111 11101111 10001101|
Q-2:	|+1110010 11101100 01011010 1000010+|
Q-1:	|+0000011 11011000 10000100 010100+-|
Q0:	|+1111001 +0010011 10010101 000001+-| ok p=0.0957031
Q1:	|+....... +...100. .10...+1 --.....+| ok p=1
Q2:	|+1...... +...1+1. .+-...0+ 1+....1+| ok p=1
Q3:	|10...... -...+1-. .0+..1+0 +-.....+| ok p=1
Q4:	|1.0!.1.. 1.!.+1-. .++..0++ 0-0...1+| ok p=1
Q5:	|110..1.. 0...+... .00..+.0 011...0+| ok p=1
Q6:	|-1+^^+.. .0....1. .1+.!-01 .01...+.| ok p=1
Q7:	|0.-1++.. .1..0..! ..+..-.- .0+...-1| ok p=0.999023
Q8:	|-^-.0-.. .+.^..1. ..+.1..- .-0...-.| ok p=1
Q9:	|+..011.. .+.+..1. ..+.11.- .+0.....| ok p=1
Q10:	|+1111+01 10.011+. 00+1+0.- 1+1...1.| ok p=1
Q11:	|11.0-011 1+.110-. 11011... 1-1^..0^| ok p=1
Q12:	|+0.-0+++ ++10--+. -----0.0 +1--^10+| ok p=1
Q13:	|-+.1011+ +.1-+-01 0+---0.. +-+0-0+0| ok p=1
Q14:	|00.1.0-. .0-11.+0 01..0+.. -1110-+0| ok p=1
Q15:	|10.+..-1 0.++101+ 100001.. -0-.010+| ok p=0.963867
Q16:	|.0.+..1. ..-...1- .0...+.. 1.-..++.| ok p=0.749023
Q17:	|.1.0..-0 +.1^...1 .1...-.. 1.1..0.^| ok p=0.78125
Q18:	|.-.0..+. +.1....- .-...-.. ..0..-^.| ok p=0.710938
Q19:	|......1+ +.-....- ....01.. ..+.....| ok p=0.921875
Q20:	|.^....1+ +...0..0 .^..0+.. 0...0^..| ok p=1
Q21:	|.0.....+ +.^.1..0 ....+1.. 1.^.1...| ok p=0.775391
Q22:	|.1.....- 1...-... .....0.. -...+...| ok p=0.795898
Q23:	|.-.0...0 0......0 ....^... ........| ok p=0.738281
Q24:	|...1...1 ....^..1 ...0.... ^...^.0.| ok p=0.880859
Q25:	|.^.+.... .......+ ...1.... ........| ok p=0.933594
Q26:	|........ ..0..... ...+.... .....0-.| ok p=0.75
Q27:	|...^.... ..1....^ ........ .....1-.| ok p=0.998047
Q28:	|........ ..-..... ...^.... .....-+.| ok p=0.962891
Q29:	|........ ..0..... ........ ......0.| ok p=1
Q30:	|........ ..+..... ........ .....^1.| ok p=1
Q31:	|........ ..+..... ........ ........| ok p=0.999023
Q32:	|........ ........ ........ ........| ok p=1
Q33:	|........ ..!..... ........ ........| ok p=1
Q34:	|........ ........ ........ ........| ok p=1
Q35:	|........ ........ ........ ........| ok p=1
Q36:	|........ ........ ........ ........| ok p=1
Q37:	|........ ........ ........ ........| ok p=1
Q38:	|........ ........ ........ ........| ok p=1
Q39:	|........ ........ ........ ........| ok p=1
Q40:	|........ ........ ........ ........| ok p=1
Q41:	|........ ........ ........ ........| ok p=1
Q42:	|........ ........ ........ ........| ok p=1
Q43:	|........ ........ ........ ........| ok p=1
Q44:	|........ ........ ........ ........| ok p=1
Q45:	|........ ........ ........ ........| ok p=1
Q46:	|........ ........ ........ ........| ok p=1
Q47:	|........ ........ ........ ........| ok p=1
Q48:	|........ ........ ........ ........| ok p=1
Q49:	|........ ........ ........ ........| ok p=1
Q50:	|........ ........ ........ ........| ok p=1
Q51:	|........ ........ ........ ........| ok p=1
Q52:	|........ ........ ........ ........| ok p=1
Q53:	|........ ........ ........ ........| ok p=1
Q54:	|........ ........ ........ ........| ok p=1
Q55:	|........ ........ ........ ........| ok p=1
Q56:	|........ ........ ........ ........| ok p=1
Q57:	|........ ........ ........ ........| ok p=1
Q58:	|........ ........ ........ ........| ok p=1
Q59:	|........ ........ ........ ........| ok p=1
Q60:	|0....... ........ ........ .......0| ok p=1
Q61:	|1....... ........ ........ .....101| ok p=0.470703
Q62:	|-....... ........ ........ .....0.-| ok p=1
Q63:	|-....... ........ ........ .....-++| ok p=1
Q64:	|+....... -....... ........ .......-|
Best path: totcompl=-28 tottunnel=41, totcond=544, p=0.00400508
Q-3:	|00110101 01001111 11101111 10001101|
Q-2:	|+1110010 11101100 01011010 1000010+|
Q-1:	|+0000011 11011000 10000100 010100+-|
Q0:	|+1111001 +0010011 10010101 000001+-| ok p=0.113281
Q1:	|+....... +...100. .10...+1 --.....+| ok p=1
Q2:	|+0...... +...1+1. .+-...0+ 1+....1+| ok p=1
Q3:	|01...... -...+1-. .0+..1+0 +-.....+| ok p=1
Q4:	|1.0..1.. 1.!.+1-. .++..0++ 0-1...1+| ok p=1
Q5:	|1101.1.. 0...+... .00..+.0 000...0+| ok p=1
Q6:	|-1+.^+.. .0....1. .1+.!-01 .00...+.| ok p=1
Q7:	|0.-.++.. .1..0... !.+..-.- .0+...-1| ok p=0.998047
Q8:	|-^-^0-.. .+.^..1. ..+.1..- .-0...-.| ok p=1
Q9:	|+...11.. .+.+..1. ..+.11.- .+0.....| ok p=1
Q10:	|-.111+01 10.011+. 00+0+0.- 1+1...1.| ok p=1
Q11:	|00.0-011 1+.110-. 11001... 1-1^..0^| ok p=1
Q12:	|+1.-0+++ ++10--+. -----1.0 +1--^10+| ok p=1
Q13:	|-+.1011+ +.1-+-01 011+-1.. +-+0-0+0| ok p=1
Q14:	|00.1.0-. .0-11.+0 01111+.. -1110-+0| ok p=1
Q15:	|10.+..-1 0.++101+ 1..001.. -0-.010+| ok p=0.958984
Q16:	|.0.+..1. ..-...1- .0...+.. 1.-..++.| ok p=0.742188
Q17:	|.1.0..-0 +.1^...1 .1...-.. 1.1..0.^| ok p=0.797852
Q18:	|.-.0..+. +.1....- .-...-.. ..0..-^.| ok p=0.702148
Q19:	|......1+ +.-....- ....01.. ..+.....| ok p=0.921875
Q20:	|.^....1+ +...0..0 .^..0+.. 0...0^..| ok p=1
Q21:	|.0.....+ +.^.1..0 ....+1.. 1.^.1...| ok p=0.790039
Q22:	|.1.....- 1...-... .....0.. -...+...| ok p=0.831055
Q23:	|.-.0...0 0......0 ....^... ........| ok p=0.754883
Q24:	|...1...1 ....^..1 ...0.... ^...^.0.| ok p=0.889648
Q25:	|.^.+.... .......+ ...1.... ........| ok p=0.944336
Q26:	|........ ..0..... ...+.... .....0-.| ok p=0.762695
Q27:	|...^.... ..1....^ ........ .....1-.| ok p=0.999023
Q28:	|........ ..-..... ...^.... .....-+.| ok p=0.960938
Q29:	|........ ..0..... ........ ......0.| ok p=1
Q30:	|........ ..+..... ........ .....^1.| ok p=1
Q31:	|........ ..+..... ........ ........| ok p=1
Q32:	|........ ........ ........ ........| ok p=1
Q33:	|........ ..!..... ........ ........| ok p=1
Q34:	|........ ........ ........ ........| ok p=1
Q35:	|........ ........ ........ ........| ok p=1
Q36:	|........ ........ ........ ........| ok p=1
Q37:	|........ ........ ........ ........| ok p=1
Q38:	|........ ........ ........ ........| ok p=1
Q39:	|........ ........ ........ ........| ok p=1
Q40:	|........ ........ ........ ........| ok p=1
Q41:	|........ ........ ........ ........| ok p=1
Q42:	|........ ........ ........ ........| ok p=1
Q43:	|........ ........ ........ ........| ok p=1
Q44:	|........ ........ ........ ........| ok p=1
Q45:	|........ ........ ........ ........| ok p=1
Q46:	|........ ........ ........ ........| ok p=1
Q47:	|........ ........ ........ ........| ok p=1
Q48:	|........ ........ ........ ........| ok p=1
Q49:	|........ ........ ........ ........| ok p=1
Q50:	|........ ........ ........ ........| ok p=1
Q51:	|........ ........ ........ ........| ok p=1
Q52:	|........ ........ ........ ........| ok p=1
Q53:	|........ ........ ........ ........| ok p=1
Q54:	|........ ........ ........ ........| ok p=1
Q55:	|........ ........ ........ ........| ok p=1
Q56:	|........ ........ ........ ........| ok p=1
Q57:	|........ ........ ........ ........| ok p=1
Q58:	|........ ........ ........ ........| ok p=1
Q59:	|........ ........ ........ ........| ok p=1
Q60:	|0....... ........ ........ .......0| ok p=1
Q61:	|1....... ........ ........ .....101| ok p=0.494141
Q62:	|-....... ........ ........ .....0.-| ok p=1
Q63:	|-....... ........ ........ .....-++| ok p=1
Q64:	|+....... -....... ........ .......-|
Best path: totcompl=-28 tottunnel=41, totcond=541, p=0.00523677
Best paths: 2
**