Extend MD5 differential paths forward
Copyright (C) 2009 Marc Stevens
http://homepages.cwi.nl/~stevens/

delta_m[11] = [!-21!]
Loading workdir6/lowerpath.bin.gz...done: 1.
Estimating maxcond for upper bound 8000000 (=2000000 * 4)...
t=1:  0%   10   20   30   40   50   60   70   80   90   100%
      |----|----|----|----|----|----|----|----|----|----|
e     ***************************************************
Found maxcond = 2176
t=1:  0%   10   20   30   40   50   60   70   80   90   100%
      |----|----|----|----|----|----|----|----|----|----|
      ***************************************************
Q-3:	|00110101 01001111 11101111 10001101|
Q-2:	|+1110010 11101100 01011010 1000010+|
Q-1:	|+0000011 11011000 10000100 010100+-|
Q0:	|+1111001 +0010011 10010101 000001+-| ok p=0.90332
Q1:	|+....... +....... .......+ .+.....+| ok p=1
Q2:	|+....... +..+.-.. ..+....+ .+.....+|
Saving 12 paths...done.
Autobalance parameters: maxcond=2176
Verified: 0 bad out of 12
Estimating maxcond for upper bound 8000000 (=2000000 * 4)...
t=2:  0%   10   20   30   40   50   60   70   80   90   100%
      |----|----|----|----|----|----|----|----|----|----|
e     ***************************************************
Found maxcond = 2176
t=2:  0%   10   20   30   40   50   60   70   80   90   100%
      |----|----|----|----|----|----|----|----|----|----|
      ***************************************************
Q-3:	|00110101 01001111 11101111 10001101|
Q-2:	|+1110010 11101100 01011010 1000010+|
Q-1:	|+0000011 11011000 10000100 010100+-|
Q0:	|+1111001 +0010011 10010101 000001+-| ok p=0.902344
Q1:	|+....... +...00.. ..0....+ .+.....+| ok p=0.998047
Q2:	|+....... +...++.. ..+....+ .+....1+| ok p=0.994141
Q3:	|+......+ ...+..-. ..+...+. .+.....+|
Saving 21920 paths...done.
Autobalance parameters: maxcond=2176
Verified: 0 bad out of 21920
Estimating maxcond for upper bound 8000000 (=2000000 * 4)...
t=3:  0%   10   20   30   40   50   60   70   80   90   100%
      |----|----|----|----|----|----|----|----|----|----|
e     ***************************************************
Found maxcond = 164
t=3:  0%   10   20   30   40   50   60   70   80   90   100%
      |----|----|----|----|----|----|----|----|----|----|
      ***************************************************
Q-3:	|00110101 01001111 11101111 10001101|
Q-2:	|+1110010 11101100 01011010 1000010+|
Q-1:	|+0000011 11011000 10000100 010100+-|
Q0:	|+1111001 +0010011 10010101 000001+-| ok p=0.925781
Q1:	|+......0 +..1.0.. ..0....+ .+....+-| ok p=1
Q2:	|+......+ -..+.-.. ..+....+ .+.....+| ok p=0.982422
Q3:	|+......+ 0..+.0.. ..+..... .+....1+| ok p=0.669922
Q4:	|.-.+...+ .+.+.... +.+..... .+..+..+|
Saving 2000000 paths...done.
Autobalance parameters: maxcond=163
Verified: 26596 bad out of 2476737
Estimating maxcond for upper bound 8000000 (=2000000 * 4)...
t=4:  0%   10   20   30   40   50   60   70   80   90   100%
      |----|----|----|----|----|----|----|----|----|----|
e     ***************************************************
Found maxcond = 177
t=4:  0%   10   20   30   40   50   60   70   80   90   100%
      |----|----|----|----|----|----|----|----|----|----|
      ***************************************************
Q-3:	|00110101 01001111 11101111 10001101|
Q-2:	|+1110010 11101100 01011010 1000010+|
Q-1:	|+0000011 11011000 10000100 010100+-|
Q0:	|+1111001 +0010011 10010101 000001+-| ok p=0.103516
Q1:	|-....... +....0.1 .10...+1 --.....+| ok p=1
Q2:	|-....... +....+.0 .+-...0+ 1+....1+| ok p=0.364258
Q3:	|........ -....+.+ .0+...+0 1+.....+| ok p=0.983398
Q4:	|1....... 0....+.+ .++...++ .......+| ok p=0.254883
Q5:	|+.....+. +...+..- ..+..+.. .-....+.|
Saving 2000000 paths...done.
Autobalance parameters: maxcond=176
Verified: 95408 bad out of 3567601
Estimating maxcond for upper bound 8000000 (=2000000 * 4)...
t=5:  0%   10   20   30   40   50   60   70   80   90   100%
      |----|----|----|----|----|----|----|----|----|----|
e     ***************************************************
Found maxcond = 189
t=5:  0%   10   20   30   40   50   60   70   80   90   100%
      |----|----|----|----|----|----|----|----|----|----|
      ***************************************************
Q-3:	|00110101 01001111 11101111 10001101|
Q-2:	|+1110010 11101100 01011010 1000010+|
Q-1:	|+0000011 11011000 10000100 010100+-|
Q0:	|+1111001 +0010011 10010101 000001+-| ok p=0.0761719
Q1:	|-....... +...V0.1 .10...+1 --.....+| ok p=0.999023
Q2:	|-....... +....+.0 .+-...0+ 1+....1+| ok p=0.358398
Q3:	|........ -...+-.+ .0+...+0 1+.....+| ok p=1
Q4:	|0....... 1...0+.+ .++...+0 .......+| ok p=0.999023
Q5:	|........ +...+1.. .--...++ .1.....+| ok p=0.276367
Q6:	|+..+.+.+ .-...-.. .-...-.- ....+.+.|
Saving 2000000 paths...done.
Autobalance parameters: maxcond=188
Verified: 24298 bad out of 3118339
Estimating maxcond for upper bound 8000000 (=2000000 * 4)...
t=6:  0%   10   20   30   40   50   60   70   80   90   100%
      |----|----|----|----|----|----|----|----|----|----|
e     ***************************************************
Found maxcond = 203
t=6:  0%   10   20   30   40   50   60   70   80   90   100%
      |----|----|----|----|----|----|----|----|----|----|
      ***************************************************
Q-3:	|00110101 01001111 11101111 10001101|
Q-2:	|+1110010 11101100 01011010 1000010+|
Q-1:	|+0000011 11011000 10000100 010100+-|
Q0:	|+1111001 +0010011 10010101 000001+-| ok p=0.100586
Q1:	|-......0 +..V.0.0 ..0...+1 --.....+| ok p=1
Q2:	|+......+ -..0.+.1 .V+...0+ 1+..V.0+| ok p=0.516602
Q3:	|+......0 -..+.-.- ..+...10 1+..1..+| ok p=0.5
Q4:	|+...V..0 ..V-.-.- .+0....1 ....+..+| ok p=0.509766
Q5:	|........ 0..1.-.. .10....+ .1..+..+| ok p=0.958008
Q6:	|1...-... ..+1...1 .1+....+ ....+...| ok p=0.443359
Q7:	|.+..-..+ .-.-.+.+ ..+..... ..+.-.-.|
Saving 2000000 paths...done.
Autobalance parameters: maxcond=202
Verified: 10900 bad out of 2886260
Estimating maxcond for upper bound 8000000 (=2000000 * 4)...
t=7:  0%   10   20   30   40   50   60   70   80   90   100%
      |----|----|----|----|----|----|----|----|----|----|
e     ***************************************************
Found maxcond = 217
t=7:  0%   10   20   30   40   50   60   70   80   90   100%
      |----|----|----|----|----|----|----|----|----|----|
      ***************************************************
Q-3:	|00110101 01001111 11101111 10001101|
Q-2:	|+1110010 11101100 01011010 1000010+|
Q-1:	|+0000011 11011000 10000100 010100+-|
Q0:	|+1111001 +0010011 10010101 000001+-| ok p=0.09375
Q1:	|-......0 +..V.0.0 ..0...+1 --.....+| ok p=1
Q2:	|+......+ -..0.+.1 .V+...0+ 1+..V.0+| ok p=0.511719
Q3:	|+......0 -..+.-.- ..+...10 1+..1..+| ok p=0.5
Q4:	|+...V..0 ...-.-.- .+1...11 ....+..+| ok p=0.503906
Q5:	|....1... 0..1.-.. .10...+- .1..+.V+| ok p=0.958984
Q6:	|0...-... 0..0.1.1 .1+...+- ....+...| ok p=0.992188
Q7:	|....-... +..+.+.. ..+..... ....-.-1| ok p=0.382812
Q8:	|.+...-.+ ...-.+.. ..+.-..- .-.+..-.|
Saving 2000000 paths...done.
Autobalance parameters: maxcond=216
Verified: 19814 bad out of 2447881
Estimating maxcond for upper bound 8000000 (=2000000 * 4)...
t=8:  0%   10   20   30   40   50   60   70   80   90   100%
      |----|----|----|----|----|----|----|----|----|----|
e     ***************************************************
Found maxcond = 231
t=8:  0%   10   20   30   40   50   60   70   80   90   100%
      |----|----|----|----|----|----|----|----|----|----|
      ***************************************************
Q-3:	|00110101 01001111 11101111 10001101|
Q-2:	|+1110010 11101100 01011010 1000010+|
Q-1:	|+0000011 11011000 10000100 010100+-|
Q0:	|+1111001 +0010011 10010101 000001+-| ok p=0.0976562
Q1:	|+....... +....0V. .10...+1 --.....+| ok p=1
Q2:	|+....... +...1+1. .+-...0+ 1+....1+| ok p=0.479492
Q3:	|.......V -...0++. .0+..0+0 1+.....+| ok p=0.998047
Q4:	|0.V.V... 1...+.-. .++..1++ .+....1+| ok p=0.980469
Q5:	|....0..- 0...+01. .1+..+.0 .+V...0+| ok p=0.433594
Q6:	|..-.+..0 -.....1. .+0..-10 .+....+0| ok p=0.928711
Q7:	|..0.-..- -...0... .+0..-.. .++...0-| ok p=0.887695
Q8:	|..-.-..- ........ ..+..... ..0...10| ok p=0.769531
Q9:	|+.+..-.- .+.-.... +.-..... +......-|
Saving 2000000 paths...done.
Autobalance parameters: maxcond=230
Verified: 151935 bad out of 2569558
Estimating maxcond for upper bound 8000000 (=2000000 * 4)...
t=9:  0%   10   20   30   40   50   60   70   80   90   100%
      |----|----|----|----|----|----|----|----|----|----|
e     ***************************************************
Found maxcond = 244
t=9:  0%   10   20   30   40   50   60   70   80   90   100%
      |----|----|----|----|----|----|----|----|----|----|
      ***************************************************
Q-3:	|00110101 01001111 11101111 10001101|
Q-2:	|+1110010 11101100 01011010 1000010+|
Q-1:	|+0000011 11011000 10000100 010100+-|
Q0:	|+1111001 +0010011 10010101 000001+-| ok p=0.888672
Q1:	|-V.....0 +..1.0.0 ..1...+- .+.....+| ok p=1
Q2:	|-..V...+ -..-.-.1 ..+...0+ .+....0+| ok p=0.291016
Q3:	|-+..V..- 1..-.+.- ..+...11 .+.....+| ok p=0.674805
Q4:	|.0.+.V.- +..-.+.- ..+...01 .......+| ok p=0.669922
Q5:	|0+.0+... -....+.. ..-...+- .0.V.V.+| ok p=0.783203
Q6:	|.+.00-.1 -..1.-.0 ..0...+- .V.1.1.-| ok p=0.469727
Q7:	|.-..10.. ...1.0.. ..+...1- ...-.-.1| ok p=0.480469
Q8:	|.0...1.. 1..+.+.. ..-...-- .-.-.-.1| ok p=0.415039
Q9:	|.-...... ...0.+.. ..-...-- .0.-....| ok p=0.796875
Q10:	|.-...... ......+. +..+.... +.+.+...|
Saving 2000000 paths...done.
Autobalance parameters: maxcond=243
Verified: 330575 bad out of 2988372
Estimating maxcond for upper bound 8000000 (=2000000 * 4)...
t=10: 0%   10   20   30   40   50   60   70   80   90   100%
      |----|----|----|----|----|----|----|----|----|----|
e     ***************************************************
Found maxcond = 255
t=10: 0%   10   20   30   40   50   60   70   80   90   100%
      |----|----|----|----|----|----|----|----|----|----|
      ***************************************************
Q-3:	|00110101 01001111 11101111 10001101|
Q-2:	|+1110010 11101100 01011010 1000010+|
Q-1:	|+0000011 11011000 10000100 010100+-|
Q0:	|+1111001 +0010011 10010101 000001+-| ok p=0.0791016
Q1:	|+....... +...V00. .10...+1 --.....+| ok p=1
Q2:	|+....... +...1+1. .+-...0+ 1+....1+| ok p=0.491211
Q3:	|........ -...+1-. .0+..1+0 +-.....+| ok p=0.96582
Q4:	|1.V..V.. 1...+1-. .++..0++ 0-....1+| ok p=0.49707
Q5:	|1.0.V1.. 0...+... .00..+.0 0.V...0+| ok p=0.319336
Q6:	|-.+..+.. .0....1. .1+..-01 .0....+.| ok p=0.748047
Q7:	|0.-.++.. .1.V0... ..+..-.- .1+...-1| ok p=0.623047
Q8:	|+.-.0-.. .+...... ..+....- .-0...-.| ok p=0.709961
Q9:	|+...00.. .+.+.... .....1.- .01.....| ok p=0.902344
Q10:	|+.1..+.. ...0.... ..1..... .1....1.| ok p=0.459961
Q11:	|.-..-... .+...-.+ .-.+.... +.......|
Saving 2000000 paths...done.
Autobalance parameters: maxcond=253
Verified: 59950 bad out of 3592896
Runtime: 120.465
Extend MD5 differential paths forward
Copyright (C) 2009 Marc Stevens
http://homepages.cwi.nl/~stevens/

delta_m[11] = [!-21!]
Loading workdir6/paths10_0of1...done: 2000000 (work:2000000).
Estimating maxcond for upper bound 2000000 (=500000 * 4)...
t=11: 0%   10   20   30   40   50   60   70   80   90   100%
      |----|----|----|----|----|----|----|----|----|----|
e     ***************************************************
Found maxcond = 265
t=11: 0%   10   20   30   40   50   60   70   80   90   100%
      |----|----|----|----|----|----|----|----|----|----|
      ***************************************************
Q-3:	|00110101 01001111 11101111 10001101|
Q-2:	|+1110010 11101100 01011010 1000010+|
Q-1:	|+0000011 11011000 10000100 010100+-|
Q0:	|+1111001 +0010011 10010101 000001+-| ok p=0.0986328
Q1:	|+....... +...V00. .10...+1 --.....+| ok p=1
Q2:	|+....... +...1+1. .+-...0+ 1+....1+| ok p=0.503906
Q3:	|........ -...+1-. .0+..1+0 +-.....+| ok p=0.950195
Q4:	|1.V..V.. 1...+1-. .++..0++ 0-....1+| ok p=0.537109
Q5:	|1.0.V... 0...+... .00..+.0 0.0...0+| ok p=0.412109
Q6:	|+.+..+.. .0....1. .1+..-11 .01...+.| ok p=0.726562
Q7:	|0.-.+0.. .1.V0... ..+..-.- .0+...-1| ok p=0.59375
Q8:	|-.-.00.. .+...... ..+....- .-0...-.| ok p=0.748047
Q9:	|-...+-.. .+.+V..V ..+..1.- .01.....| ok p=0.904297
Q10:	|-.1.+0.. .1.0.... ..+....- .+....0.| ok p=0.305664
Q11:	|.....-.. .-.1-..+ ........ .-......| ok p=0.506836
Q12:	|+..-.-.- .+.-.+.- ....+... .-.+...-|
Saving 500000 paths...done.
Autobalance parameters: maxcond=263
Verified: 88 bad out of 888039
Runtime: 17.2007
