MD5 differential path toolbox
Copyright (C) 2009 Marc Stevens
http://homepages.cwi.nl/~stevens/

IHV1   = {894431117,2031326469,64521297,1928092292}
IHV1   = 8def4f35059513795184d803845aec72

IHV2   = {894431117,4187198726,2212004946,4075575941}
IHV2   = 8def4f35069593f95284d883855aecf2

dIHV   = {0,2155872257,2147483649,2147483649}
NC0: delta c = delta d = [!-0,31!]
NC0: delta b           = [!-0,-23,31!]
NC0: prob=-10.9115
delta m_11 = [!-21!]
Q-3:	|00110101 01001111 11101111 10001101|
Q-2:	|+1110010 11101100 01011010 1000010+|
Q-1:	|+0000011 11011000 10000100 010100+-|
Q0:	|+1111001 +0010011 10010101 000001+-| ok p=0.894531
Q1:	|+....... +....... .......+ .+.....+|
Saved lower diff. path to 'workdir6/lowerpath.bin.gz'.

Q32:	|........ ........ ........ ........|
Q33:	|........ ........ ........ ........|
Q34:	|........ ........ ........ ........|
Q35:	|........ ........ ........ ........| ok p=1
Q36:	|........ ........ ........ ........| ok p=1
Q37:	|........ ........ ........ ........| ok p=1
Q38:	|........ ........ ........ ........| ok p=1
Q39:	|........ ........ ........ ........| ok p=1
Q40:	|........ ........ ........ ........| ok p=1
Q41:	|........ ........ ........ ........| ok p=1
Q42:	|........ ........ ........ ........| ok p=1
Q43:	|........ ........ ........ ........| ok p=1
Q44:	|........ ........ ........ ........| ok p=1
Q45:	|........ ........ ........ ........| ok p=1
Q46:	|........ ........ ........ ........| ok p=1
Q47:	|........ ........ ........ ........| ok p=1
Q48:	|........ ........ ........ ........| ok p=1
Q49:	|........ ........ ........ ........| ok p=1
Q50:	|........ ........ ........ ........| ok p=1
Q51:	|........ ........ ........ ........| ok p=1
Q52:	|........ ........ ........ ........| ok p=1
Q53:	|........ ........ ........ ........| ok p=1
Q54:	|........ ........ ........ ........| ok p=1
Q55:	|........ ........ ........ ........| ok p=1
Q56:	|........ ........ ........ ........| ok p=1
Q57:	|........ ........ ........ ........| ok p=1
Q58:	|........ ........ ........ ........| ok p=1
Q59:	|........ ........ ........ ........| ok p=1
Q60:	|0....... ........ ........ .......0| ok p=1
Q61:	|1....... ........ ........ .....101| ok p=0.488281
Q62:	|-....... ........ ........ .....0.-| ok p=1
Q63:	|-....... ........ ........ .....-++| ok p=1
Q64:	|+....... -....... ........ .......-|
Saved upper diff. path to 'workdir6/upperpath.bin.gz'.
Saved 'md5diffpathforward.cfg'.
Saved 'md5diffpathbackward.cfg'.
Saved 'md5diffpathconnect.cfg'.
Saved 'md5diffpathhelper.cfg'.
