Extend MD5 differential paths backward
Copyright (C) 2009 Marc Stevens
http://homepages.cwi.nl/~stevens/

delta_m[11] = [!6!]
Loading workdir0/upperpath.bin.gz...done: 1.
Estimating maxcond for upper bound 262144 (=65536 * 4)...
t=34: 0%   10   20   30   40   50   60   70   80   90   100%
      |----|----|----|----|----|----|----|----|----|----|
e     ***************************************************
Found maxcond = 2176
t=34: 0%   10   20   30   40   50   60   70   80   90   100%
      |----|----|----|----|----|----|----|----|----|----|
      ***************************************************
Q31:	|........ ........ ........ .-......|
Q32:	|........ ........ ........ ........|
Q33:	|........ ........ ........ ........|
Q34:	|........ ........ ........ ........| ok p=1
Q35:	|........ ........ ........ ........| ok p=1
Q36:	|........ ........ ........ ........| ok p=1
Q37:	|........ ........ ........ ........| ok p=1
Q38:	|........ ........ ........ ........| ok p=1
Q39:	|........ ........ ........ ........| ok p=1
Q40:	|........ ........ ........ ........| ok p=1
Q41:	|........ ........ ........ ........| ok p=1
Q42:	|........ ........ ........ ........| ok p=1
Q43:	|........ ........ ........ ........| ok p=1
Q44:	|........ ........ ........ ........| ok p=1
Q45:	|........ ........ ........ ........| ok p=1
Q46:	|........ ........ ........ ........| ok p=1
Q47:	|........ ........ ........ ........| ok p=1
Q48:	|........ ........ ........ ........| ok p=1
Q49:	|........ ........ ........ ........| ok p=1
Q50:	|........ ........ ........ ........| ok p=1
Q51:	|........ ........ ........ ........| ok p=1
Q52:	|........ ........ ........ ........| ok p=1
Q53:	|........ ........ ........ ........| ok p=1
Q54:	|........ ........ ........ ........| ok p=1
Q55:	|........ ........ ........ ........| ok p=1
Q56:	|........ ........ ........ ........| ok p=1
Q57:	|........ ........ ........ ........| ok p=1
Q58:	|........ ........ ........ ........| ok p=1
Q59:	|........ ........ ........ ........| ok p=1
Q60:	|........ .......0 ........ ........| ok p=1
Q61:	|........ .......1 ........ ........| ok p=1
Q62:	|........ .......+ ........ ........| ok p=1
Q63:	|........ .......+ ........ ........| ok p=1
Q64:	|........ .......+ ........ ........|
Saving 1 paths...done.
Autobalance parameters: maxcond=2176
Verified: 0 bad out of 1
Estimating maxcond for upper bound 262144 (=65536 * 4)...
t=33: 0%   10   20   30   40   50   60   70   80   90   100%
      |----|----|----|----|----|----|----|----|----|----|
e     ***************************************************
Found maxcond = 35
t=33: 0%   10   20   30   40   50   60   70   80   90   100%
      |----|----|----|----|----|----|----|----|----|----|
      ***************************************************
Q30:	|........ ........ ........ .-......|
Q31:	|........ ........ ........ .-......|
Q32:	|........ ........ ........ ........|
Q33:	|........ ........ ........ .!......| ok p=1
Q34:	|........ ........ ........ ........| ok p=1
Q35:	|........ ........ ........ ........| ok p=1
Q36:	|........ ........ ........ ........| ok p=1
Q37:	|........ ........ ........ ........| ok p=1
Q38:	|........ ........ ........ ........| ok p=1
Q39:	|........ ........ ........ ........| ok p=1
Q40:	|........ ........ ........ ........| ok p=1
Q41:	|........ ........ ........ ........| ok p=1
Q42:	|........ ........ ........ ........| ok p=1
Q43:	|........ ........ ........ ........| ok p=1
Q44:	|........ ........ ........ ........| ok p=1
Q45:	|........ ........ ........ ........| ok p=1
Q46:	|........ ........ ........ ........| ok p=1
Q47:	|........ ........ ........ ........| ok p=1
Q48:	|........ ........ ........ ........| ok p=1
Q49:	|........ ........ ........ ........| ok p=1
Q50:	|........ ........ ........ ........| ok p=1
Q51:	|........ ........ ........ ........| ok p=1
Q52:	|........ ........ ........ ........| ok p=1
Q53:	|........ ........ ........ ........| ok p=1
Q54:	|........ ........ ........ ........| ok p=1
Q55:	|........ ........ ........ ........| ok p=1
Q56:	|........ ........ ........ ........| ok p=1
Q57:	|........ ........ ........ ........| ok p=1
Q58:	|........ ........ ........ ........| ok p=1
Q59:	|........ ........ ........ ........| ok p=1
Q60:	|........ .......0 ........ ........| ok p=1
Q61:	|........ .......1 ........ ........| ok p=1
Q62:	|........ .......+ ........ ........| ok p=1
Q63:	|........ .......+ ........ ........| ok p=1
Q64:	|........ .......+ ........ ........|
Saving 65536 paths...done.
Autobalance parameters: maxcond=31
Verified: 0 bad out of 65537
Estimating maxcond for upper bound 262144 (=65536 * 4)...
t=32: 0%   10   20   30   40   50   60   70   80   90   100%
      |----|----|----|----|----|----|----|----|----|----|
e     ***************************************************
Found maxcond = 25
t=32: 0%   10   20   30   40   50   60   70   80   90   100%
      |----|----|----|----|----|----|----|----|----|----|
      ***************************************************
Q29:	|........ ........ ........ ........|
Q30:	|........ ........ ........ .+......|
Q31:	|........ ........ ........ .-......|
Q32:	|........ ........ ........ ........| ok p=1
Q33:	|........ ........ ........ .^......| ok p=1
Q34:	|........ ........ ........ ........| ok p=1
Q35:	|........ ........ ........ ........| ok p=1
Q36:	|........ ........ ........ ........| ok p=1
Q37:	|........ ........ ........ ........| ok p=1
Q38:	|........ ........ ........ ........| ok p=1
Q39:	|........ ........ ........ ........| ok p=1
Q40:	|........ ........ ........ ........| ok p=1
Q41:	|........ ........ ........ ........| ok p=1
Q42:	|........ ........ ........ ........| ok p=1
Q43:	|........ ........ ........ ........| ok p=1
Q44:	|........ ........ ........ ........| ok p=1
Q45:	|........ ........ ........ ........| ok p=1
Q46:	|........ ........ ........ ........| ok p=1
Q47:	|........ ........ ........ ........| ok p=1
Q48:	|........ ........ ........ ........| ok p=1
Q49:	|........ ........ ........ ........| ok p=1
Q50:	|........ ........ ........ ........| ok p=1
Q51:	|........ ........ ........ ........| ok p=1
Q52:	|........ ........ ........ ........| ok p=1
Q53:	|........ ........ ........ ........| ok p=1
Q54:	|........ ........ ........ ........| ok p=1
Q55:	|........ ........ ........ ........| ok p=1
Q56:	|........ ........ ........ ........| ok p=1
Q57:	|........ ........ ........ ........| ok p=1
Q58:	|........ ........ ........ ........| ok p=1
Q59:	|........ ........ ........ ........| ok p=1
Q60:	|........ .......0 ........ ........| ok p=1
Q61:	|........ .......1 ........ ........| ok p=1
Q62:	|........ .......+ ........ ........| ok p=1
Q63:	|........ .......+ ........ ........| ok p=1
Q64:	|........ .......+ ........ ........|
Saving 65536 paths...done.
Autobalance parameters: maxcond=22
Verified: 0 bad out of 122195
Estimating maxcond for upper bound 262144 (=65536 * 4)...
t=31: 0%   10   20   30   40   50   60   70   80   90   100%
      |----|----|----|----|----|----|----|----|----|----|
e     ***************************************************
Found maxcond = 22
t=31: 0%   10   20   30   40   50   60   70   80   90   100%
      |----|----|----|----|----|----|----|----|----|----|
      ***************************************************
Q28:	|........ .....+.. ........ .+......|
Q29:	|........ ........ ........ ........|
Q30:	|........ ........ ........ .-......|
Q31:	|........ ........ ........ .-......| ok p=1
Q32:	|........ ........ ........ ........| ok p=1
Q33:	|........ ........ ........ .!......| ok p=1
Q34:	|........ ........ ........ ........| ok p=1
Q35:	|........ ........ ........ ........| ok p=1
Q36:	|........ ........ ........ ........| ok p=1
Q37:	|........ ........ ........ ........| ok p=1
Q38:	|........ ........ ........ ........| ok p=1
Q39:	|........ ........ ........ ........| ok p=1
Q40:	|........ ........ ........ ........| ok p=1
Q41:	|........ ........ ........ ........| ok p=1
Q42:	|........ ........ ........ ........| ok p=1
Q43:	|........ ........ ........ ........| ok p=1
Q44:	|........ ........ ........ ........| ok p=1
Q45:	|........ ........ ........ ........| ok p=1
Q46:	|........ ........ ........ ........| ok p=1
Q47:	|........ ........ ........ ........| ok p=1
Q48:	|........ ........ ........ ........| ok p=1
Q49:	|........ ........ ........ ........| ok p=1
Q50:	|........ ........ ........ ........| ok p=1
Q51:	|........ ........ ........ ........| ok p=1
Q52:	|........ ........ ........ ........| ok p=1
Q53:	|........ ........ ........ ........| ok p=1
Q54:	|........ ........ ........ ........| ok p=1
Q55:	|........ ........ ........ ........| ok p=1
Q56:	|........ ........ ........ ........| ok p=1
Q57:	|........ ........ ........ ........| ok p=1
Q58:	|........ ........ ........ ........| ok p=1
Q59:	|........ ........ ........ ........| ok p=1
Q60:	|........ .......0 ........ ........| ok p=1
Q61:	|........ .......1 ........ ........| ok p=1
Q62:	|........ .......+ ........ ........| ok p=1
Q63:	|........ .......+ ........ ........| ok p=1
Q64:	|........ .......+ ........ ........|
Saving 65536 paths...done.
Autobalance parameters: maxcond=20
Verified: 0 bad out of 114793
Estimating maxcond for upper bound 262144 (=65536 * 4)...
t=30: 0%   10   20   30   40   50   60   70   80   90   100%
      |----|----|----|----|----|----|----|----|----|----|
e     ***************************************************
Found maxcond = 22
t=30: 0%   10   20   30   40   50   60   70   80   90   100%
      |----|----|----|----|----|----|----|----|----|----|
      ***************************************************
Q27:	|......-. ........ ........ ........|
Q28:	|........ .....+.. ........ .-......|
Q29:	|........ ........ ........ .0......|
Q30:	|........ .....^.. ........ .+......| ok p=0.993164
Q31:	|........ ........ ........ .-......| ok p=1
Q32:	|........ ........ ........ ........| ok p=1
Q33:	|........ ........ ........ .^......| ok p=1
Q34:	|........ ........ ........ ........| ok p=1
Q35:	|........ ........ ........ ........| ok p=1
Q36:	|........ ........ ........ ........| ok p=1
Q37:	|........ ........ ........ ........| ok p=1
Q38:	|........ ........ ........ ........| ok p=1
Q39:	|........ ........ ........ ........| ok p=1
Q40:	|........ ........ ........ ........| ok p=1
Q41:	|........ ........ ........ ........| ok p=1
Q42:	|........ ........ ........ ........| ok p=1
Q43:	|........ ........ ........ ........| ok p=1
Q44:	|........ ........ ........ ........| ok p=1
Q45:	|........ ........ ........ ........| ok p=1
Q46:	|........ ........ ........ ........| ok p=1
Q47:	|........ ........ ........ ........| ok p=1
Q48:	|........ ........ ........ ........| ok p=1
Q49:	|........ ........ ........ ........| ok p=1
Q50:	|........ ........ ........ ........| ok p=1
Q51:	|........ ........ ........ ........| ok p=1
Q52:	|........ ........ ........ ........| ok p=1
Q53:	|........ ........ ........ ........| ok p=1
Q54:	|........ ........ ........ ........| ok p=1
Q55:	|........ ........ ........ ........| ok p=1
Q56:	|........ ........ ........ ........| ok p=1
Q57:	|........ ........ ........ ........| ok p=1
Q58:	|........ ........ ........ ........| ok p=1
Q59:	|........ ........ ........ ........| ok p=1
Q60:	|........ .......0 ........ ........| ok p=1
Q61:	|........ .......1 ........ ........| ok p=1
Q62:	|........ .......+ ........ ........| ok p=1
Q63:	|........ .......+ ........ ........| ok p=1
Q64:	|........ .......+ ........ ........|
Saving 65536 paths...done.
Autobalance parameters: maxcond=19
Verified: 0 bad out of 133433
Runtime: 4.15352
Extend MD5 differential paths backward
Copyright (C) 2009 Marc Stevens
http://homepages.cwi.nl/~stevens/

delta_m[11] = [!6!]
Loading workdir0/paths30_0of1...done: 65536 (work:65536).
Estimating maxcond for upper bound 400000 (=100000 * 4)...
t=29: 0%   10   20   30   40   50   60   70   80   90   100%
      |----|----|----|----|----|----|----|----|----|----|
e     ***************************************************
Found maxcond = 23
t=29: 0%   10   20   30   40   50   60   70   80   90   100%
      |----|----|----|----|----|----|----|----|----|----|
      ***************************************************
Q26:	|..-..... ........ ........ .-......|
Q27:	|........ .....1.. ........ .+......|
Q28:	|........ .....+.. ........ .+......|
Q29:	|........ ........ ........ .1......| ok p=0.860352
Q30:	|........ .....^.. ........ .-......| ok p=1
Q31:	|........ ........ ........ .-......| ok p=1
Q32:	|........ ........ ........ ........| ok p=1
Q33:	|........ ........ ........ .!......| ok p=1
Q34:	|........ ........ ........ ........| ok p=1
Q35:	|........ ........ ........ ........| ok p=1
Q36:	|........ ........ ........ ........| ok p=1
Q37:	|........ ........ ........ ........| ok p=1
Q38:	|........ ........ ........ ........| ok p=1
Q39:	|........ ........ ........ ........| ok p=1
Q40:	|........ ........ ........ ........| ok p=1
Q41:	|........ ........ ........ ........| ok p=1
Q42:	|........ ........ ........ ........| ok p=1
Q43:	|........ ........ ........ ........| ok p=1
Q44:	|........ ........ ........ ........| ok p=1
Q45:	|........ ........ ........ ........| ok p=1
Q46:	|........ ........ ........ ........| ok p=1
Q47:	|........ ........ ........ ........| ok p=1
Q48:	|........ ........ ........ ........| ok p=1
Q49:	|........ ........ ........ ........| ok p=1
Q50:	|........ ........ ........ ........| ok p=1
Q51:	|........ ........ ........ ........| ok p=1
Q52:	|........ ........ ........ ........| ok p=1
Q53:	|........ ........ ........ ........| ok p=1
Q54:	|........ ........ ........ ........| ok p=1
Q55:	|........ ........ ........ ........| ok p=1
Q56:	|........ ........ ........ ........| ok p=1
Q57:	|........ ........ ........ ........| ok p=1
Q58:	|........ ........ ........ ........| ok p=1
Q59:	|........ ........ ........ ........| ok p=1
Q60:	|........ .......0 ........ ........| ok p=1
Q61:	|........ .......1 ........ ........| ok p=1
Q62:	|........ .......+ ........ ........| ok p=1
Q63:	|........ .......+ ........ ........| ok p=1
Q64:	|........ .......+ ........ ........|
Saving 100000 paths...done.
Autobalance parameters: maxcond=21
Verified: 6577 bad out of 162787
Estimating maxcond for upper bound 400000 (=100000 * 4)...
t=28: 0%   10   20   30   40   50   60   70   80   90   100%
      |----|----|----|----|----|----|----|----|----|----|
e     ***************************************************
Found maxcond = 25
t=28: 0%   10   20   30   40   50   60   70   80   90   100%
      |----|----|----|----|----|----|----|----|----|----|
      ***************************************************
Q25:	|........ ........ ..-..... .-....-.|
Q26:	|..-..... .....-.. ........ .-......|
Q27:	|........ .....0.. ........ .+......|
Q28:	|..^..... .....+.. ........ .+......| ok p=1
Q29:	|........ ........ ........ .1......| ok p=0.884766
Q30:	|........ .....^.. ........ .-......| ok p=1
Q31:	|........ ........ ........ .-......| ok p=1
Q32:	|........ ........ ........ ........| ok p=1
Q33:	|........ ........ ........ .!......| ok p=1
Q34:	|........ ........ ........ ........| ok p=1
Q35:	|........ ........ ........ ........| ok p=1
Q36:	|........ ........ ........ ........| ok p=1
Q37:	|........ ........ ........ ........| ok p=1
Q38:	|........ ........ ........ ........| ok p=1
Q39:	|........ ........ ........ ........| ok p=1
Q40:	|........ ........ ........ ........| ok p=1
Q41:	|........ ........ ........ ........| ok p=1
Q42:	|........ ........ ........ ........| ok p=1
Q43:	|........ ........ ........ ........| ok p=1
Q44:	|........ ........ ........ ........| ok p=1
Q45:	|........ ........ ........ ........| ok p=1
Q46:	|........ ........ ........ ........| ok p=1
Q47:	|........ ........ ........ ........| ok p=1
Q48:	|........ ........ ........ ........| ok p=1
Q49:	|........ ........ ........ ........| ok p=1
Q50:	|........ ........ ........ ........| ok p=1
Q51:	|........ ........ ........ ........| ok p=1
Q52:	|........ ........ ........ ........| ok p=1
Q53:	|........ ........ ........ ........| ok p=1
Q54:	|........ ........ ........ ........| ok p=1
Q55:	|........ ........ ........ ........| ok p=1
Q56:	|........ ........ ........ ........| ok p=1
Q57:	|........ ........ ........ ........| ok p=1
Q58:	|........ ........ ........ ........| ok p=1
Q59:	|........ ........ ........ ........| ok p=1
Q60:	|........ .......0 ........ ........| ok p=1
Q61:	|........ .......1 ........ ........| ok p=1
Q62:	|........ .......+ ........ ........| ok p=1
Q63:	|........ .......+ ........ ........| ok p=1
Q64:	|........ .......+ ........ ........|
Saving 100000 paths...done.
Autobalance parameters: maxcond=23
Verified: 0 bad out of 169491
Estimating maxcond for upper bound 400000 (=100000 * 4)...
t=27: 0%   10   20   30   40   50   60   70   80   90   100%
      |----|----|----|----|----|----|----|----|----|----|
e     ***************************************************
Found maxcond = 28
t=27: 0%   10   20   30   40   50   60   70   80   90   100%
      |----|----|----|----|----|----|----|----|----|----|
      ***************************************************
Q24:	|.+...... .....+.. ........ ........|
Q25:	|..1..... ........ ..-..... ......-.|
Q26:	|..-..... .....0.. ........ .0......|
Q27:	|........ .....1.. ..^..... .1....^.| ok p=0.775391
Q28:	|..^..... .....+.. ........ .+......| ok p=1
Q29:	|........ ........ ........ .0......| ok p=0.862305
Q30:	|........ .....^.. ........ .-......| ok p=1
Q31:	|........ ........ ........ .-......| ok p=1
Q32:	|........ ........ ........ ........| ok p=1
Q33:	|........ ........ ........ .!......| ok p=1
Q34:	|........ ........ ........ ........| ok p=1
Q35:	|........ ........ ........ ........| ok p=1
Q36:	|........ ........ ........ ........| ok p=1
Q37:	|........ ........ ........ ........| ok p=1
Q38:	|........ ........ ........ ........| ok p=1
Q39:	|........ ........ ........ ........| ok p=1
Q40:	|........ ........ ........ ........| ok p=1
Q41:	|........ ........ ........ ........| ok p=1
Q42:	|........ ........ ........ ........| ok p=1
Q43:	|........ ........ ........ ........| ok p=1
Q44:	|........ ........ ........ ........| ok p=1
Q45:	|........ ........ ........ ........| ok p=1
Q46:	|........ ........ ........ ........| ok p=1
Q47:	|........ ........ ........ ........| ok p=1
Q48:	|........ ........ ........ ........| ok p=1
Q49:	|........ ........ ........ ........| ok p=1
Q50:	|........ ........ ........ ........| ok p=1
Q51:	|........ ........ ........ ........| ok p=1
Q52:	|........ ........ ........ ........| ok p=1
Q53:	|........ ........ ........ ........| ok p=1
Q54:	|........ ........ ........ ........| ok p=1
Q55:	|........ ........ ........ ........| ok p=1
Q56:	|........ ........ ........ ........| ok p=1
Q57:	|........ ........ ........ ........| ok p=1
Q58:	|........ ........ ........ ........| ok p=1
Q59:	|........ ........ ........ ........| ok p=1
Q60:	|........ .......0 ........ ........| ok p=1
Q61:	|........ .......1 ........ ........| ok p=1
Q62:	|........ .......+ ........ ........| ok p=1
Q63:	|........ .......+ ........ ........| ok p=1
Q64:	|........ .......+ ........ ........|
Saving 100000 paths...done.
Autobalance parameters: maxcond=26
Verified: 4784 bad out of 187556
Estimating maxcond for upper bound 400000 (=100000 * 4)...
t=26: 0%   10   20   30   40   50   60   70   80   90   100%
      |----|----|----|----|----|----|----|----|----|----|
e     ***************************************************
Found maxcond = 31
t=26: 0%   10   20   30   40   50   60   70   80   90   100%
      |----|----|----|----|----|----|----|----|----|----|
      ***************************************************
Q23:	|........ .....+.. +....... ..+.....|
Q24:	|..0..... .....+.. ..1..... ......1.|
Q25:	|..1..... .....-.. ..-..... ......-.|
Q26:	|..-..... .....-.. ........ .0......| ok p=0.871094
Q27:	|........ .....+.. ..^..... .1....^.| ok p=1
Q28:	|..^..... .....+.. ........ .+......| ok p=1
Q29:	|........ .....1.. ........ .0......| ok p=0.874023
Q30:	|........ .....0.. ........ .-......| ok p=1
Q31:	|........ ........ ........ .-......| ok p=1
Q32:	|........ ........ ........ ........| ok p=1
Q33:	|........ ........ ........ .!......| ok p=1
Q34:	|........ ........ ........ ........| ok p=1
Q35:	|........ ........ ........ ........| ok p=1
Q36:	|........ ........ ........ ........| ok p=1
Q37:	|........ ........ ........ ........| ok p=1
Q38:	|........ ........ ........ ........| ok p=1
Q39:	|........ ........ ........ ........| ok p=1
Q40:	|........ ........ ........ ........| ok p=1
Q41:	|........ ........ ........ ........| ok p=1
Q42:	|........ ........ ........ ........| ok p=1
Q43:	|........ ........ ........ ........| ok p=1
Q44:	|........ ........ ........ ........| ok p=1
Q45:	|........ ........ ........ ........| ok p=1
Q46:	|........ ........ ........ ........| ok p=1
Q47:	|........ ........ ........ ........| ok p=1
Q48:	|........ ........ ........ ........| ok p=1
Q49:	|........ ........ ........ ........| ok p=1
Q50:	|........ ........ ........ ........| ok p=1
Q51:	|........ ........ ........ ........| ok p=1
Q52:	|........ ........ ........ ........| ok p=1
Q53:	|........ ........ ........ ........| ok p=1
Q54:	|........ ........ ........ ........| ok p=1
Q55:	|........ ........ ........ ........| ok p=1
Q56:	|........ ........ ........ ........| ok p=1
Q57:	|........ ........ ........ ........| ok p=1
Q58:	|........ ........ ........ ........| ok p=1
Q59:	|........ ........ ........ ........| ok p=1
Q60:	|........ .......0 ........ ........| ok p=1
Q61:	|........ .......1 ........ ........| ok p=1
Q62:	|........ .......+ ........ ........| ok p=1
Q63:	|........ .......+ ........ ........| ok p=1
Q64:	|........ .......+ ........ ........|
Saving 100000 paths...done.
Autobalance parameters: maxcond=29
Verified: 0 bad out of 174433
Estimating maxcond for upper bound 400000 (=100000 * 4)...
t=25: 0%   10   20   30   40   50   60   70   80   90   100%
      |----|----|----|----|----|----|----|----|----|----|
e     ***************************************************
Found maxcond = 36
t=25: 0%   10   20   30   40   50   60   70   80   90   100%
      |----|----|----|----|----|----|----|----|----|----|
      ***************************************************
Q22:	|.......+ ...-.... ........ ...+....|
Q23:	|.1...... .....1.. +.+..... ......+.|
Q24:	|.+0..... .....+.. ..0..... ......0.|
Q25:	|..1..... .....0.. ^.-..... ......-.| ok p=0.757812
Q26:	|.^-..... .....0.. ........ .0......| ok p=0.900391
Q27:	|........ .....1.. ..^..... .1....^.| ok p=0.769531
Q28:	|..^..... .....+.. ........ .+......| ok p=1
Q29:	|........ ........ ........ .0......| ok p=0.884766
Q30:	|........ .....^.. ........ .-......| ok p=1
Q31:	|........ ........ ........ .-......| ok p=1
Q32:	|........ ........ ........ ........| ok p=1
Q33:	|........ ........ ........ .!......| ok p=1
Q34:	|........ ........ ........ ........| ok p=1
Q35:	|........ ........ ........ ........| ok p=1
Q36:	|........ ........ ........ ........| ok p=1
Q37:	|........ ........ ........ ........| ok p=1
Q38:	|........ ........ ........ ........| ok p=1
Q39:	|........ ........ ........ ........| ok p=1
Q40:	|........ ........ ........ ........| ok p=1
Q41:	|........ ........ ........ ........| ok p=1
Q42:	|........ ........ ........ ........| ok p=1
Q43:	|........ ........ ........ ........| ok p=1
Q44:	|........ ........ ........ ........| ok p=1
Q45:	|........ ........ ........ ........| ok p=1
Q46:	|........ ........ ........ ........| ok p=1
Q47:	|........ ........ ........ ........| ok p=1
Q48:	|........ ........ ........ ........| ok p=1
Q49:	|........ ........ ........ ........| ok p=1
Q50:	|........ ........ ........ ........| ok p=1
Q51:	|........ ........ ........ ........| ok p=1
Q52:	|........ ........ ........ ........| ok p=1
Q53:	|........ ........ ........ ........| ok p=1
Q54:	|........ ........ ........ ........| ok p=1
Q55:	|........ ........ ........ ........| ok p=1
Q56:	|........ ........ ........ ........| ok p=1
Q57:	|........ ........ ........ ........| ok p=1
Q58:	|........ ........ ........ ........| ok p=1
Q59:	|........ ........ ........ ........| ok p=1
Q60:	|........ .......0 ........ ........| ok p=1
Q61:	|........ .......1 ........ ........| ok p=1
Q62:	|........ .......+ ........ ........| ok p=1
Q63:	|........ .......+ ........ ........| ok p=1
Q64:	|........ .......+ ........ ........|
Saving 100000 paths...done.
Autobalance parameters: maxcond=35
Verified: 872 bad out of 154182
Estimating maxcond for upper bound 400000 (=100000 * 4)...
t=24: 0%   10   20   30   40   50   60   70   80   90   100%
      |----|----|----|----|----|----|----|----|----|----|
e     ***************************************************
Found maxcond = 44
t=24: 0%   10   20   30   40   50   60   70   80   90   100%
      |----|----|----|----|----|----|----|----|----|----|
      ***************************************************
Q21:	|.-.+..-. .....-.. .-.....- ........|
Q22:	|.......+ ........ 1....... ..1+....|
Q23:	|..+..... .....+.. +.0..... ..+...0.|
Q24:	|..+....^ .....+.. ..1..... ...^..1.| ok p=0.700195
Q25:	|..-..... .....-.. ^.-..... ..^...-.| ok p=0.996094
Q26:	|..-..... .....-.. ........ .0......| ok p=0.885742
Q27:	|..1..... .....+.. ..^..... .1....^.| ok p=1
Q28:	|..0..... .....+.. ........ .+......| ok p=1
Q29:	|........ .....1.. ........ .0......| ok p=0.875
Q30:	|........ .....0.. ........ .-......| ok p=1
Q31:	|........ ........ ........ .-......| ok p=1
Q32:	|........ ........ ........ ........| ok p=1
Q33:	|........ ........ ........ .!......| ok p=1
Q34:	|........ ........ ........ ........| ok p=1
Q35:	|........ ........ ........ ........| ok p=1
Q36:	|........ ........ ........ ........| ok p=1
Q37:	|........ ........ ........ ........| ok p=1
Q38:	|........ ........ ........ ........| ok p=1
Q39:	|........ ........ ........ ........| ok p=1
Q40:	|........ ........ ........ ........| ok p=1
Q41:	|........ ........ ........ ........| ok p=1
Q42:	|........ ........ ........ ........| ok p=1
Q43:	|........ ........ ........ ........| ok p=1
Q44:	|........ ........ ........ ........| ok p=1
Q45:	|........ ........ ........ ........| ok p=1
Q46:	|........ ........ ........ ........| ok p=1
Q47:	|........ ........ ........ ........| ok p=1
Q48:	|........ ........ ........ ........| ok p=1
Q49:	|........ ........ ........ ........| ok p=1
Q50:	|........ ........ ........ ........| ok p=1
Q51:	|........ ........ ........ ........| ok p=1
Q52:	|........ ........ ........ ........| ok p=1
Q53:	|........ ........ ........ ........| ok p=1
Q54:	|........ ........ ........ ........| ok p=1
Q55:	|........ ........ ........ ........| ok p=1
Q56:	|........ ........ ........ ........| ok p=1
Q57:	|........ ........ ........ ........| ok p=1
Q58:	|........ ........ ........ ........| ok p=1
Q59:	|........ ........ ........ ........| ok p=1
Q60:	|........ .......0 ........ ........| ok p=1
Q61:	|........ .......1 ........ ........| ok p=1
Q62:	|........ .......+ ........ ........| ok p=1
Q63:	|........ .......+ ........ ........| ok p=1
Q64:	|........ .......+ ........ ........|
Saving 100000 paths...done.
Autobalance parameters: maxcond=43
Verified: 270 bad out of 158169
Estimating maxcond for upper bound 400000 (=100000 * 4)...
t=23: 0%   10   20   30   40   50   60   70   80   90   100%
      |----|----|----|----|----|----|----|----|----|----|
e     ***************************************************
Found maxcond = 53
t=23: 0%   10   20   30   40   50   60   70   80   90   100%
      |----|----|----|----|----|----|----|----|----|----|
      ***************************************************
Q20:	|....-... ........ ........ ........|
Q21:	|...-...1 ...1.... 0.....1- ...1....|
Q22:	|.......+ ...-.... 1.....+. ...+....|
Q23:	|...^.... ........ +.0....^ ......0.| ok p=0.96875
Q24:	|..0....^ ...^.0.. ..1...^. ...^..1.| ok p=0.911133
Q25:	|..1..... ........ ^.-..... ......-.| ok p=0.888672
Q26:	|..-..... ....0+.. ........ .0......| ok p=0.871094
Q27:	|........ ....1+.. ..^..... .1....^.| ok p=1
Q28:	|..^..... ....+-.. ........ .+......| ok p=1
Q29:	|........ .....0.. ........ .0......| ok p=0.886719
Q30:	|........ ....^1.. ........ .-......| ok p=1
Q31:	|........ ........ ........ .-......| ok p=1
Q32:	|........ ........ ........ ........| ok p=1
Q33:	|........ ........ ........ .!......| ok p=1
Q34:	|........ ........ ........ ........| ok p=1
Q35:	|........ ........ ........ ........| ok p=1
Q36:	|........ ........ ........ ........| ok p=1
Q37:	|........ ........ ........ ........| ok p=1
Q38:	|........ ........ ........ ........| ok p=1
Q39:	|........ ........ ........ ........| ok p=1
Q40:	|........ ........ ........ ........| ok p=1
Q41:	|........ ........ ........ ........| ok p=1
Q42:	|........ ........ ........ ........| ok p=1
Q43:	|........ ........ ........ ........| ok p=1
Q44:	|........ ........ ........ ........| ok p=1
Q45:	|........ ........ ........ ........| ok p=1
Q46:	|........ ........ ........ ........| ok p=1
Q47:	|........ ........ ........ ........| ok p=1
Q48:	|........ ........ ........ ........| ok p=1
Q49:	|........ ........ ........ ........| ok p=1
Q50:	|........ ........ ........ ........| ok p=1
Q51:	|........ ........ ........ ........| ok p=1
Q52:	|........ ........ ........ ........| ok p=1
Q53:	|........ ........ ........ ........| ok p=1
Q54:	|........ ........ ........ ........| ok p=1
Q55:	|........ ........ ........ ........| ok p=1
Q56:	|........ ........ ........ ........| ok p=1
Q57:	|........ ........ ........ ........| ok p=1
Q58:	|........ ........ ........ ........| ok p=1
Q59:	|........ ........ ........ ........| ok p=1
Q60:	|........ .......0 ........ ........| ok p=1
Q61:	|........ .......1 ........ ........| ok p=1
Q62:	|........ .......+ ........ ........| ok p=1
Q63:	|........ .......+ ........ ........| ok p=1
Q64:	|........ .......+ ........ ........|
Saving 100000 paths...done.
Autobalance parameters: maxcond=52
Verified: 0 bad out of 107196
Estimating maxcond for upper bound 400000 (=100000 * 4)...
t=22: 0%   10   20   30   40   50   60   70   80   90   100%
      |----|----|----|----|----|----|----|----|----|----|
e     ***************************************************
Found maxcond = 60
t=22: 0%   10   20   30   40   50   60   70   80   90   100%
      |----|----|----|----|----|----|----|----|----|----|
      ***************************************************
Q19:	|....-... .-...... .....-.. .+....+.|
Q20:	|...1-..- ...+.... ......01 ...0....|
Q21:	|...-...0 ...0.... 0.....1- ...1....|
Q22:	|....^..+ ...-.... 1.....+. ...+....| ok p=0.964844
Q23:	|...^.... ........ +.0....^ ......0.| ok p=0.973633
Q24:	|..0....^ ...^.0.. ..1...^. ...^..1.| ok p=0.90918
Q25:	|..1..... ........ ^.-..... ......-.| ok p=0.856445
Q26:	|..-..... ....0+.. ........ .0......| ok p=0.869141
Q27:	|........ ....1+.. ..^..... .1....^.| ok p=1
Q28:	|..^..... ....+-.. ........ .+......| ok p=1
Q29:	|........ .....0.. ........ .0......| ok p=0.879883
Q30:	|........ ....^1.. ........ .-......| ok p=1
Q31:	|........ ........ ........ .-......| ok p=1
Q32:	|........ ........ ........ ........| ok p=1
Q33:	|........ ........ ........ .!......| ok p=1
Q34:	|........ ........ ........ ........| ok p=1
Q35:	|........ ........ ........ ........| ok p=1
Q36:	|........ ........ ........ ........| ok p=1
Q37:	|........ ........ ........ ........| ok p=1
Q38:	|........ ........ ........ ........| ok p=1
Q39:	|........ ........ ........ ........| ok p=1
Q40:	|........ ........ ........ ........| ok p=1
Q41:	|........ ........ ........ ........| ok p=1
Q42:	|........ ........ ........ ........| ok p=1
Q43:	|........ ........ ........ ........| ok p=1
Q44:	|........ ........ ........ ........| ok p=1
Q45:	|........ ........ ........ ........| ok p=1
Q46:	|........ ........ ........ ........| ok p=1
Q47:	|........ ........ ........ ........| ok p=1
Q48:	|........ ........ ........ ........| ok p=1
Q49:	|........ ........ ........ ........| ok p=1
Q50:	|........ ........ ........ ........| ok p=1
Q51:	|........ ........ ........ ........| ok p=1
Q52:	|........ ........ ........ ........| ok p=1
Q53:	|........ ........ ........ ........| ok p=1
Q54:	|........ ........ ........ ........| ok p=1
Q55:	|........ ........ ........ ........| ok p=1
Q56:	|........ ........ ........ ........| ok p=1
Q57:	|........ ........ ........ ........| ok p=1
Q58:	|........ ........ ........ ........| ok p=1
Q59:	|........ ........ ........ ........| ok p=1
Q60:	|........ .......0 ........ ........| ok p=1
Q61:	|........ .......1 ........ ........| ok p=1
Q62:	|........ .......+ ........ ........| ok p=1
Q63:	|........ .......+ ........ ........| ok p=1
Q64:	|........ .......+ ........ ........|
Saving 100000 paths...done.
Autobalance parameters: maxcond=59
Verified: 0 bad out of 120433
Estimating maxcond for upper bound 400000 (=100000 * 4)...
t=21: 0%   10   20   30   40   50   60   70   80   90   100%
      |----|----|----|----|----|----|----|----|----|----|
e     ***************************************************
Found maxcond = 71
t=21: 0%   10   20   30   40   50   60   70   80   90   100%
      |----|----|----|----|----|----|----|----|----|----|
      ***************************************************
Q18:	|+...+... ....+..+ .....-.. -......+|
Q19:	|...0+... .-...... ......-- .+......|
Q20:	|...0-..0 ...0.... -.....00 ...0....|
Q21:	|...-1..1 .^.1.... -.....1- .^.1....| ok p=0.419922
Q22:	|....^..+ ...-.... +.....+. ...+....| ok p=0.959961
Q23:	|...^.... ........ +.0....^ ......0.| ok p=0.984375
Q24:	|..0....^ ...^.0.. 1.1...^. ...^..1.| ok p=0.90625
Q25:	|..1..... ........ 0.-..... ......-.| ok p=0.880859
Q26:	|..-..... ....0+.. ........ .0......| ok p=0.881836
Q27:	|........ ....1+.. ..^..... .1....^.| ok p=1
Q28:	|..^..... ....+-.. ........ .+......| ok p=1
Q29:	|........ .....0.. ........ .0......| ok p=0.865234
Q30:	|........ ....^1.. ........ .-......| ok p=1
Q31:	|........ ........ ........ .-......| ok p=1
Q32:	|........ ........ ........ ........| ok p=1
Q33:	|........ ........ ........ .!......| ok p=1
Q34:	|........ ........ ........ ........| ok p=1
Q35:	|........ ........ ........ ........| ok p=1
Q36:	|........ ........ ........ ........| ok p=1
Q37:	|........ ........ ........ ........| ok p=1
Q38:	|........ ........ ........ ........| ok p=1
Q39:	|........ ........ ........ ........| ok p=1
Q40:	|........ ........ ........ ........| ok p=1
Q41:	|........ ........ ........ ........| ok p=1
Q42:	|........ ........ ........ ........| ok p=1
Q43:	|........ ........ ........ ........| ok p=1
Q44:	|........ ........ ........ ........| ok p=1
Q45:	|........ ........ ........ ........| ok p=1
Q46:	|........ ........ ........ ........| ok p=1
Q47:	|........ ........ ........ ........| ok p=1
Q48:	|........ ........ ........ ........| ok p=1
Q49:	|........ ........ ........ ........| ok p=1
Q50:	|........ ........ ........ ........| ok p=1
Q51:	|........ ........ ........ ........| ok p=1
Q52:	|........ ........ ........ ........| ok p=1
Q53:	|........ ........ ........ ........| ok p=1
Q54:	|........ ........ ........ ........| ok p=1
Q55:	|........ ........ ........ ........| ok p=1
Q56:	|........ ........ ........ ........| ok p=1
Q57:	|........ ........ ........ ........| ok p=1
Q58:	|........ ........ ........ ........| ok p=1
Q59:	|........ ........ ........ ........| ok p=1
Q60:	|........ .......0 ........ ........| ok p=1
Q61:	|........ .......1 ........ ........| ok p=1
Q62:	|........ .......+ ........ ........| ok p=1
Q63:	|........ .......+ ........ ........| ok p=1
Q64:	|........ .......+ ........ ........|
Saving 100000 paths...done.
Autobalance parameters: maxcond=70
Verified: 0 bad out of 154820
Runtime: 9.96683
Extend MD5 differential paths backward
Copyright (C) 2009 Marc Stevens
http://homepages.cwi.nl/~stevens/

delta_m[11] = [!6!]
Loading workdir0/paths21_0of1...done: 100000 (work:100000).
Estimating maxcond for upper bound 65536 (=16384 * 4)...
t=20: 0%   10   20   30   40   50   60   70   80   90   100%
      |----|----|----|----|----|----|----|----|----|----|
e     ***************************************************
Found maxcond = 84
t=20: 0%   10   20   30   40   50   60   70   80   90   100%
      |----|----|----|----|----|----|----|----|----|----|
      ***************************************************
Q17:	|....+... .-...... ........ ....-...|
Q18:	|+...+... .1..+... +....-.. .1....+.|
Q19:	|...0-... .-...... .....-.0 .+....+.|
Q20:	|^..1-..0 ...0^... ^....001 ...0..0.| ok p=1
Q21:	|...-0..1 .^.1.... 0....11- .^.1..^.| ok p=0.522461
Q22:	|....^..+ ...-.... 1.....+. ...+....| ok p=0.96582
Q23:	|...^.... ........ +.0....^ ......0.| ok p=0.958984
Q24:	|..0....^ ...^.0.. ..1...^. ...^..1.| ok p=0.900391
Q25:	|..1..... ........ ^.-..... ......-.| ok p=0.864258
Q26:	|..-..... ....0+.. ........ .0......| ok p=0.870117
Q27:	|........ ....1+.. ..^..... .1....^.| ok p=1
Q28:	|..^..... ....+-.. ........ .+......| ok p=1
Q29:	|........ .....0.. ........ .0......| ok p=0.875977
Q30:	|........ ....^1.. ........ .-......| ok p=1
Q31:	|........ ........ ........ .-......| ok p=1
Q32:	|........ ........ ........ ........| ok p=1
Q33:	|........ ........ ........ .!......| ok p=1
Q34:	|........ ........ ........ ........| ok p=1
Q35:	|........ ........ ........ ........| ok p=1
Q36:	|........ ........ ........ ........| ok p=1
Q37:	|........ ........ ........ ........| ok p=1
Q38:	|........ ........ ........ ........| ok p=1
Q39:	|........ ........ ........ ........| ok p=1
Q40:	|........ ........ ........ ........| ok p=1
Q41:	|........ ........ ........ ........| ok p=1
Q42:	|........ ........ ........ ........| ok p=1
Q43:	|........ ........ ........ ........| ok p=1
Q44:	|........ ........ ........ ........| ok p=1
Q45:	|........ ........ ........ ........| ok p=1
Q46:	|........ ........ ........ ........| ok p=1
Q47:	|........ ........ ........ ........| ok p=1
Q48:	|........ ........ ........ ........| ok p=1
Q49:	|........ ........ ........ ........| ok p=1
Q50:	|........ ........ ........ ........| ok p=1
Q51:	|........ ........ ........ ........| ok p=1
Q52:	|........ ........ ........ ........| ok p=1
Q53:	|........ ........ ........ ........| ok p=1
Q54:	|........ ........ ........ ........| ok p=1
Q55:	|........ ........ ........ ........| ok p=1
Q56:	|........ ........ ........ ........| ok p=1
Q57:	|........ ........ ........ ........| ok p=1
Q58:	|........ ........ ........ ........| ok p=1
Q59:	|........ ........ ........ ........| ok p=1
Q60:	|........ .......0 ........ ........| ok p=1
Q61:	|........ .......1 ........ ........| ok p=1
Q62:	|........ .......+ ........ ........| ok p=1
Q63:	|........ .......+ ........ ........| ok p=1
Q64:	|........ .......+ ........ ........|
Saving 16384 paths...done.
Autobalance parameters: maxcond=83
Verified: 0 bad out of 29281
Runtime: 2.4978
Extend MD5 differential paths backward
Copyright (C) 2009 Marc Stevens
http://homepages.cwi.nl/~stevens/

delta_m[11] = [!6!]
Loading workdir0/paths20_0of1...done: 16384 (work:16384).
Estimating maxcond for upper bound 2000000 (=500000 * 4)...
t=19: 0%   10   20   30   40   50   60   70   80   90   100%
      |----|----|----|----|----|----|----|----|----|----|
e     ***************************************************
Found maxcond = 95
t=19: 0%   10   20   30   40   50   60   70   80   90   100%
      |----|----|----|----|----|----|----|----|----|----|
      ***************************************************
Q16:	|....-... .+...-.. ..-..+.- ......+.|
Q17:	|1....... .-..1... 1....... .-..-...|
Q18:	|+...+... .1..+... +....-.. .0....+.|
Q19:	|...0+... .-...... .....-.0 .+..^.+.| ok p=0.737305
Q20:	|^..0-..0 ...0^... ^....001 ...0..0.| ok p=1
Q21:	|...-1..1 .^.1.... 0....11- .^.1..^.| ok p=0.472656
Q22:	|....^..+ ...-.... 1.....+. ...+....| ok p=0.953125
Q23:	|...^.... ........ +.0....^ ......0.| ok p=0.970703
Q24:	|..0....^ ...^.0.. ..1...^. ...^..1.| ok p=0.905273
Q25:	|..1..... ........ ^.-..... ......-.| ok p=0.87793
Q26:	|..-..... ....0+.. ........ .0......| ok p=0.875977
Q27:	|........ ....1+.. ..^..... .1....^.| ok p=1
Q28:	|..^..... ....+-.. ........ .+......| ok p=1
Q29:	|........ .....0.. ........ .0......| ok p=0.87793
Q30:	|........ ....^1.. ........ .-......| ok p=1
Q31:	|........ ........ ........ .-......| ok p=1
Q32:	|........ ........ ........ ........| ok p=1
Q33:	|........ ........ ........ .!......| ok p=1
Q34:	|........ ........ ........ ........| ok p=1
Q35:	|........ ........ ........ ........| ok p=1
Q36:	|........ ........ ........ ........| ok p=1
Q37:	|........ ........ ........ ........| ok p=1
Q38:	|........ ........ ........ ........| ok p=1
Q39:	|........ ........ ........ ........| ok p=1
Q40:	|........ ........ ........ ........| ok p=1
Q41:	|........ ........ ........ ........| ok p=1
Q42:	|........ ........ ........ ........| ok p=1
Q43:	|........ ........ ........ ........| ok p=1
Q44:	|........ ........ ........ ........| ok p=1
Q45:	|........ ........ ........ ........| ok p=1
Q46:	|........ ........ ........ ........| ok p=1
Q47:	|........ ........ ........ ........| ok p=1
Q48:	|........ ........ ........ ........| ok p=1
Q49:	|........ ........ ........ ........| ok p=1
Q50:	|........ ........ ........ ........| ok p=1
Q51:	|........ ........ ........ ........| ok p=1
Q52:	|........ ........ ........ ........| ok p=1
Q53:	|........ ........ ........ ........| ok p=1
Q54:	|........ ........ ........ ........| ok p=1
Q55:	|........ ........ ........ ........| ok p=1
Q56:	|........ ........ ........ ........| ok p=1
Q57:	|........ ........ ........ ........| ok p=1
Q58:	|........ ........ ........ ........| ok p=1
Q59:	|........ ........ ........ ........| ok p=1
Q60:	|........ .......0 ........ ........| ok p=1
Q61:	|........ .......1 ........ ........| ok p=1
Q62:	|........ .......+ ........ ........| ok p=1
Q63:	|........ .......+ ........ ........| ok p=1
Q64:	|........ .......+ ........ ........|
Saving 500000 paths...done.
Autobalance parameters: maxcond=93
Verified: 0 bad out of 884206
Estimating maxcond for upper bound 2000000 (=500000 * 4)...
t=18: 0%   10   20   30   40   50   60   70   80   90   100%
      |----|----|----|----|----|----|----|----|----|----|
e     ***************************************************
Found maxcond = 106
t=18: 0%   10   20   30   40   50   60   70   80   90   100%
      |----|----|----|----|----|----|----|----|----|----|
      ***************************************************
Q15:	|....-..+ ......-. .-....-. +.+...-.|
Q16:	|+....... .+..0-.. -.-..+.. ....1.+.|
Q17:	|0...+... .-..1... 0....0.. .0..-.1.|
Q18:	|-...+... .1..+^.. +.^..-.. .1....+.| ok p=0.439453
Q19:	|...0-... .-...... .....-.0 .+..^.+.| ok p=0.998047
Q20:	|^..1-..0 ...0^... ^....001 ...0..0.| ok p=1
Q21:	|...-0..1 .^.1.... 0....11- .^.1..^.| ok p=0.537109
Q22:	|....^..+ ...-.... 1.....+. ...+....| ok p=0.956055
Q23:	|...^.... ........ +.0....^ ......0.| ok p=0.960938
Q24:	|..0....^ ...^.0.. ..1...^. ...^..1.| ok p=0.896484
Q25:	|..1..... ........ ^.-..... ......-.| ok p=0.878906
Q26:	|..-..... ....0+.. ........ .0......| ok p=0.871094
Q27:	|........ ....1+.. ..^..... .1....^.| ok p=1
Q28:	|..^..... ....+-.. ........ .+......| ok p=1
Q29:	|........ .....0.. ........ .0......| ok p=0.875
Q30:	|........ ....^1.. ........ .-......| ok p=1
Q31:	|........ ........ ........ .-......| ok p=1
Q32:	|........ ........ ........ ........| ok p=1
Q33:	|........ ........ ........ .!......| ok p=1
Q34:	|........ ........ ........ ........| ok p=1
Q35:	|........ ........ ........ ........| ok p=1
Q36:	|........ ........ ........ ........| ok p=1
Q37:	|........ ........ ........ ........| ok p=1
Q38:	|........ ........ ........ ........| ok p=1
Q39:	|........ ........ ........ ........| ok p=1
Q40:	|........ ........ ........ ........| ok p=1
Q41:	|........ ........ ........ ........| ok p=1
Q42:	|........ ........ ........ ........| ok p=1
Q43:	|........ ........ ........ ........| ok p=1
Q44:	|........ ........ ........ ........| ok p=1
Q45:	|........ ........ ........ ........| ok p=1
Q46:	|........ ........ ........ ........| ok p=1
Q47:	|........ ........ ........ ........| ok p=1
Q48:	|........ ........ ........ ........| ok p=1
Q49:	|........ ........ ........ ........| ok p=1
Q50:	|........ ........ ........ ........| ok p=1
Q51:	|........ ........ ........ ........| ok p=1
Q52:	|........ ........ ........ ........| ok p=1
Q53:	|........ ........ ........ ........| ok p=1
Q54:	|........ ........ ........ ........| ok p=1
Q55:	|........ ........ ........ ........| ok p=1
Q56:	|........ ........ ........ ........| ok p=1
Q57:	|........ ........ ........ ........| ok p=1
Q58:	|........ ........ ........ ........| ok p=1
Q59:	|........ ........ ........ ........| ok p=1
Q60:	|........ .......0 ........ ........| ok p=1
Q61:	|........ .......1 ........ ........| ok p=1
Q62:	|........ .......+ ........ ........| ok p=1
Q63:	|........ .......+ ........ ........| ok p=1
Q64:	|........ .......+ ........ ........|
Saving 500000 paths...done.
Autobalance parameters: maxcond=105
Verified: 0 bad out of 799855
Estimating maxcond for upper bound 2000000 (=500000 * 4)...
t=17: 0%   10   20   30   40   50   60   70   80   90   100%
      |----|----|----|----|----|----|----|----|----|----|
e     ***************************************************
Found maxcond = 123
t=17: 0%   10   20   30   40   50   60   70   80   90   100%
      |----|----|----|----|----|----|----|----|----|----|
      ***************************************************
Q14:	|+....-.+ .-...+.. .....+.. .+..-..+|
Q15:	|....+..+ .....1+. ..1...-. .--..0-.|
Q16:	|0...-... ....1+.. 0.-.0.01 .0...1+.|
Q17:	|1...1..^ .0..0.^. 1...1.+. .0^..++.| ok p=0.267578
Q18:	|+...+... .0..+^.. +.^.-.+- .1....0.| ok p=0.46582
Q19:	|...0+... .-...... ......-- .+...^+.| ok p=0.738281
Q20:	|^..0-..0 ...0^... ^...^.-0 ...0..0.| ok p=1
Q21:	|...-1..1 .^.1.... 0.....0- .^.1..1.| ok p=0.470703
Q22:	|....^..+ ...-.... 1.....+. ...+....| ok p=0.956055
Q23:	|...^.... ........ +.0....^ ......0.| ok p=0.969727
Q24:	|..0....^ ...^.0.. ..1...^. ...^..1.| ok p=0.90332
Q25:	|..1..... ........ ^.-..... ......-.| ok p=0.865234
Q26:	|..-..... ....0+.. ........ .0......| ok p=0.87207
Q27:	|........ ....1+.. ..^..... .1....^.| ok p=1
Q28:	|..^..... ....+-.. ........ .+......| ok p=1
Q29:	|........ .....0.. ........ .0......| ok p=0.860352
Q30:	|........ ....^1.. ........ .-......| ok p=1
Q31:	|........ ........ ........ .-......| ok p=1
Q32:	|........ ........ ........ ........| ok p=1
Q33:	|........ ........ ........ .!......| ok p=1
Q34:	|........ ........ ........ ........| ok p=1
Q35:	|........ ........ ........ ........| ok p=1
Q36:	|........ ........ ........ ........| ok p=1
Q37:	|........ ........ ........ ........| ok p=1
Q38:	|........ ........ ........ ........| ok p=1
Q39:	|........ ........ ........ ........| ok p=1
Q40:	|........ ........ ........ ........| ok p=1
Q41:	|........ ........ ........ ........| ok p=1
Q42:	|........ ........ ........ ........| ok p=1
Q43:	|........ ........ ........ ........| ok p=1
Q44:	|........ ........ ........ ........| ok p=1
Q45:	|........ ........ ........ ........| ok p=1
Q46:	|........ ........ ........ ........| ok p=1
Q47:	|........ ........ ........ ........| ok p=1
Q48:	|........ ........ ........ ........| ok p=1
Q49:	|........ ........ ........ ........| ok p=1
Q50:	|........ ........ ........ ........| ok p=1
Q51:	|........ ........ ........ ........| ok p=1
Q52:	|........ ........ ........ ........| ok p=1
Q53:	|........ ........ ........ ........| ok p=1
Q54:	|........ ........ ........ ........| ok p=1
Q55:	|........ ........ ........ ........| ok p=1
Q56:	|........ ........ ........ ........| ok p=1
Q57:	|........ ........ ........ ........| ok p=1
Q58:	|........ ........ ........ ........| ok p=1
Q59:	|........ ........ ........ ........| ok p=1
Q60:	|........ .......0 ........ ........| ok p=1
Q61:	|........ .......1 ........ ........| ok p=1
Q62:	|........ .......+ ........ ........| ok p=1
Q63:	|........ .......+ ........ ........| ok p=1
Q64:	|........ .......+ ........ ........|
Saving 500000 paths...done.
Autobalance parameters: maxcond=122
Verified: 16 bad out of 539969
Estimating maxcond for upper bound 2000000 (=500000 * 4)...
t=16: 0%   10   20   30   40   50   60   70   80   90   100%
      |----|----|----|----|----|----|----|----|----|----|
e     ***************************************************
Found maxcond = 135
t=16: 0%   10   20   30   40   50   60   70   80   90   100%
      |----|----|----|----|----|----|----|----|----|----|
      ***************************************************
Q13:	|+.+..... .+....-. .+...-.+ ..+.....|
Q14:	|....1..- .0...+1. .......1 .+1...-.|
Q15:	|....-..+ .0...0+. ..-..+.- .--.0.-.|
Q16:	|0...1..1 .+..0-.. 0.-..+.. .0..1.+.| ok p=0.640625
Q17:	|1...+..0 .0..1.^. 1.0..1.^ .0^.-.-.| ok p=0.507812
Q18:	|-...+... .0..+^.. +.1..-.. .1....+.| ok p=0.5625
Q19:	|...0-... .-...... .....-.0 .+..^.+.| ok p=0.994141
Q20:	|^..1-..0 ...0^... ^....001 ...0..1.| ok p=1
Q21:	|...-0..1 .^.1.... 0....11- .^.1..^.| ok p=0.495117
Q22:	|....^..+ ...-.... 1.....+. ...+....| ok p=0.959961
Q23:	|...^.... ........ +.0....^ ......0.| ok p=0.957031
Q24:	|..0....^ ...^.0.. ..1...^. ...^..1.| ok p=0.901367
Q25:	|..1..... ........ ^.-..... ......-.| ok p=0.888672
Q26:	|..-..... ....0+.. ........ .0......| ok p=0.887695
Q27:	|........ ....1+.. ..^..... .1....^.| ok p=1
Q28:	|..^..... ....+-.. ........ .+......| ok p=1
Q29:	|........ .....0.. ........ .0......| ok p=0.853516
Q30:	|........ ....^1.. ........ .-......| ok p=1
Q31:	|........ ........ ........ .-......| ok p=1
Q32:	|........ ........ ........ ........| ok p=1
Q33:	|........ ........ ........ .!......| ok p=1
Q34:	|........ ........ ........ ........| ok p=1
Q35:	|........ ........ ........ ........| ok p=1
Q36:	|........ ........ ........ ........| ok p=1
Q37:	|........ ........ ........ ........| ok p=1
Q38:	|........ ........ ........ ........| ok p=1
Q39:	|........ ........ ........ ........| ok p=1
Q40:	|........ ........ ........ ........| ok p=1
Q41:	|........ ........ ........ ........| ok p=1
Q42:	|........ ........ ........ ........| ok p=1
Q43:	|........ ........ ........ ........| ok p=1
Q44:	|........ ........ ........ ........| ok p=1
Q45:	|........ ........ ........ ........| ok p=1
Q46:	|........ ........ ........ ........| ok p=1
Q47:	|........ ........ ........ ........| ok p=1
Q48:	|........ ........ ........ ........| ok p=1
Q49:	|........ ........ ........ ........| ok p=1
Q50:	|........ ........ ........ ........| ok p=1
Q51:	|........ ........ ........ ........| ok p=1
Q52:	|........ ........ ........ ........| ok p=1
Q53:	|........ ........ ........ ........| ok p=1
Q54:	|........ ........ ........ ........| ok p=1
Q55:	|........ ........ ........ ........| ok p=1
Q56:	|........ ........ ........ ........| ok p=1
Q57:	|........ ........ ........ ........| ok p=1
Q58:	|........ ........ ........ ........| ok p=1
Q59:	|........ ........ ........ ........| ok p=1
Q60:	|........ .......0 ........ ........| ok p=1
Q61:	|........ .......1 ........ ........| ok p=1
Q62:	|........ .......+ ........ ........| ok p=1
Q63:	|........ .......+ ........ ........| ok p=1
Q64:	|........ .......+ ........ ........|
Saving 500000 paths...done.
Autobalance parameters: maxcond=134
Verified: 0 bad out of 664695
Runtime: 36.1343
