Connect MD5 differential paths
Copyright (C) 2009 Marc Stevens
http://homepages.cwi.nl/~stevens/

delta_m[11] = [!6!]
Loading workdir0/paths16_0of1.bin.gz...done: 500000.
Loading workdir0/paths11_0of1.bin.gz...done: 500000.
t=12: 0%   10   20   30   40   50   60   70   80   90   100%
      |----|----|----|----|----|----|----|----|----|----|
      *Q-3:	|10010100 01010101 10011100 11001010|
Q-2:	|0++++++0 1+--0011 001010-1 0+11+---|
Q-1:	|-10-+++1 001+1110 001-+++1 1+01101+|
Q0:	|1-0-011- -10+1-++ ++---10+ -+-000+0| ok p=0.876953
Q1:	|1++.0-01 1..+.-00 +101-1+1 1.0..---| ok p=0.692383
Q2:	|.++0+1.- 0.....-- 0-00..-0 -0-..+0-| ok p=1
Q3:	|!1..--.+ .^11.110 0-.+1.-. +.+..+-.| ok p=1
Q4:	|.00.-+.+ .+1.!.+0 .+.-1.+. 0.+..100| ok p=1
Q5:	|.1..0+.- .1-...-. .1.-0.1. 0!...-0.| ok p=1
Q6:	|.0..--.- .1-...-. .0.+-^-. ..1..0..| ok p=1
Q7:	|.1..10.. ..+..1+! ...0-.1. ....01^1| ok p=1
Q8:	|!...+1.0 ..+.!11. ...0..1. .1..0++1| ok p=1
Q9:	|!..0-... ..+.1-0. ....0... 11..+00-| ok p=1
Q10:	|..01-1.1 .0010-.. ...10000 0-.1-00-| ok p=1
Q11:	|.11--0^0 0111+01. 1.000100 1+^0-+1-| ok p=1
Q12:	|.0-0++-- 1++---0. 0^1+--+- +--++0++| ok p=1
Q13:	|!-0--01- +--++1+. +--++++- 0+1----1| ok p=1
Q14:	|!01100-0 00100+0. 00+.1101 +11011-1| ok p=1
Q15:	|.1.1-.0+ 101110+. 01-10+1- 0--000-.| ok p=0.975586
Q16:	|0...1.0. .+..0-.. 0.-..+.. 0-..1.+.| ok p=0.638672
Q17:	|1...+..^ .-..1.^. 1.0..1.^ .1^.-.-.| ok p=0.470703
Q18:	|+...+... .1..+^.. +.1..-.. .1....+.| ok p=0.556641
Q19:	|...0-... .-...... .....-.0 .+..^.+.| ok p=0.998047
Q20:	|^..1-..0 ...0^... ^....001 ...0..1.| ok p=1
Q21:	|...-0..1 .^.1.... 0....11- .^.1..1.| ok p=0.499023
Q22:	|....0..+ ...-.... 1.....+. ...+....| ok p=0.949219
Q23:	|...^.... ........ +.0....^ ......0.| ok p=0.96875
Q24:	|..0....^ ...^.0.. ..1...^. ...^..1.| ok p=0.902344
Q25:	|..1..... ........ ^.-..... ......-.| ok p=0.890625
Q26:	|..-..... ....0+.. ........ .0......| ok p=0.880859
Q27:	|........ ....1+.. ..^..... .1....^.| ok p=1
Q28:	|..^..... ....+-.. ........ .+......| ok p=1
Q29:	|........ .....0.. ........ .0......| ok p=0.885742
Q30:	|........ ....^1.. ........ .-......| ok p=1
Q31:	|........ ........ ........ .-......| ok p=1
Q32:	|........ ........ ........ ........| ok p=1
Q33:	|........ ........ ........ .!......| ok p=1
Q34:	|........ ........ ........ ........| ok p=1
Q35:	|........ ........ ........ ........| ok p=1
Q36:	|........ ........ ........ ........| ok p=1
Q37:	|........ ........ ........ ........| ok p=1
Q38:	|........ ........ ........ ........| ok p=1
Q39:	|........ ........ ........ ........| ok p=1
Q40:	|........ ........ ........ ........| ok p=1
Q41:	|........ ........ ........ ........| ok p=1
Q42:	|........ ........ ........ ........| ok p=1
Q43:	|........ ........ ........ ........| ok p=1
Q44:	|........ ........ ........ ........| ok p=1
Q45:	|........ ........ ........ ........| ok p=1
Q46:	|........ ........ ........ ........| ok p=1
Q47:	|........ ........ ........ ........| ok p=1
Q48:	|........ ........ ........ ........| ok p=1
Q49:	|........ ........ ........ ........| ok p=1
Q50:	|........ ........ ........ ........| ok p=1
Q51:	|........ ........ ........ ........| ok p=1
Q52:	|........ ........ ........ ........| ok p=1
Q53:	|........ ........ ........ ........| ok p=1
Q54:	|........ ........ ........ ........| ok p=1
Q55:	|........ ........ ........ ........| ok p=1
Q56:	|........ ........ ........ ........| ok p=1
Q57:	|........ ........ ........ ........| ok p=1
Q58:	|........ ........ ........ ........| ok p=1
Q59:	|........ ........ ........ ........| ok p=1
Q60:	|........ .......0 ........ ........| ok p=1
Q61:	|........ .......1 ........ ........| ok p=1
Q62:	|........ .......+ ........ ........| ok p=1
Q63:	|........ .......+ ........ ........| ok p=1
Q64:	|........ .......+ ........ ........|
Best path: totcompl=-29 tottunnel=30, totcond=571, p=0.0248875
Q-3:	|10010100 01010101 10011100 11001010|
Q-2:	|0++++++0 1+--0011 001010-1 0+11+---|
Q-1:	|-10-+++1 001+1110 001-+++1 1+01101+|
Q0:	|1-0-011- -10+1-++ ++---10+ -+-000+0| ok p=0.864258
Q1:	|1++.0-01 1..+.-00 +101-1+1 1.0..---| ok p=0.664062
Q2:	|.++0+1.- 0.....-- 0-00..-0 -0-..+0-| ok p=1
Q3:	|!.1.--.+ .^11.110 0-.+1.-. +.+..+-.| ok p=1
Q4:	|.00.-+.+ .+10..+0 .+.-1.+. 0.+..100| ok p=1
Q5:	|.1..0+.- .1-...-. .1.-0.1. 0!...-0.| ok p=1
Q6:	|!...--.- .1-...-. .0.+-^-. ..1..0..| ok p=1
Q7:	|.!..01.. ..+..0+. !..0-.1. .....1^1| ok p=1
Q8:	|!...+0.0 ..+!.01. ...0..1. .1.1.++1| ok p=1
Q9:	|!...-... ..+..-0. ....0..^ .1.1.00+| ok p=1
Q10:	|.!^1-.01 .01..-.. ...01.1- 1+0-001+| ok p=1
Q11:	|.1-1+000 110^^+.0 1110..00 0-1-11--| ok p=1
Q12:	|.00+-1+- 0++---.1 000+^^-0 +1+0++0+| ok p=1
Q13:	|!--+--++ +-111+0+ ---++++- 1+0--1+1| ok p=1
Q14:	|!00.+0-0 0+000100 001.1011 +111+1-1| ok p=1
Q15:	|.111-11+ 01...--0 01-11+0- 1-.--.-.| ok p=0.932617
Q16:	|0...0.1. .+..1-.. 0.-..+.. 1-..0.+.| ok p=0.233398
Q17:	|1...+..^ .0..10^. 1.0..1.^ .1.^-.-.| ok p=0.464844
Q18:	|+...+... .0..+0.. +.1..-.. .1....+.| ok p=0.557617
Q19:	|...0-... .-...... .....-.0 .+..^.+.| ok p=0.996094
Q20:	|^..1-..0 ...0^... ^....001 ...0..1.| ok p=1
Q21:	|...-0..1 .^.1.... 0....11- .^.1..1.| ok p=0.491211
Q22:	|....0..+ ...-.... 1.....+. ...+....| ok p=0.967773
Q23:	|...^.... ........ +.0....^ ......0.| ok p=0.969727
Q24:	|..0....^ ...^.0.. ..1...^. ...^..1.| ok p=0.888672
Q25:	|..1..... ........ ^.-..... ......-.| ok p=0.881836
Q26:	|..-..... ....0+.. ........ .0......| ok p=0.876953
Q27:	|........ ....1+.. ..^..... .1....^.| ok p=1
Q28:	|..^..... ....+-.. ........ .+......| ok p=1
Q29:	|........ .....0.. ........ .0......| ok p=0.904297
Q30:	|........ ....^1.. ........ .-......| ok p=1
Q31:	|........ ........ ........ .-......| ok p=1
Q32:	|........ ........ ........ ........| ok p=1
Q33:	|........ ........ ........ .!......| ok p=1
Q34:	|........ ........ ........ ........| ok p=1
Q35:	|........ ........ ........ ........| ok p=1
Q36:	|........ ........ ........ ........| ok p=1
Q37:	|........ ........ ........ ........| ok p=1
Q38:	|........ ........ ........ ........| ok p=1
Q39:	|........ ........ ........ ........| ok p=1
Q40:	|........ ........ ........ ........| ok p=1
Q41:	|........ ........ ........ ........| ok p=1
Q42:	|........ ........ ........ ........| ok p=1
Q43:	|........ ........ ........ ........| ok p=1
Q44:	|........ ........ ........ ........| ok p=1
Q45:	|........ ........ ........ ........| ok p=1
Q46:	|........ ........ ........ ........| ok p=1
Q47:	|........ ........ ........ ........| ok p=1
Q48:	|........ ........ ........ ........| ok p=1
Q49:	|........ ........ ........ ........| ok p=1
Q50:	|........ ........ ........ ........| ok p=1
Q51:	|........ ........ ........ ........| ok p=1
Q52:	|........ ........ ........ ........| ok p=1
Q53:	|........ ........ ........ ........| ok p=1
Q54:	|........ ........ ........ ........| ok p=1
Q55:	|........ ........ ........ ........| ok p=1
Q56:	|........ ........ ........ ........| ok p=1
Q57:	|........ ........ ........ ........| ok p=1
Q58:	|........ ........ ........ ........| ok p=1
Q59:	|........ ........ ........ ........| ok p=1
Q60:	|........ .......0 ........ ........| ok p=1
Q61:	|........ .......1 ........ ........| ok p=1
Q62:	|........ .......+ ........ ........| ok p=1
Q63:	|........ .......+ ........ ........| ok p=1
Q64:	|........ .......+ ........ ........|
Best path: totcompl=-27 tottunnel=32, totcond=566, p=0.00952327
Q-3:	|10010100 01010101 10011100 11001010|
Q-2:	|0++++++0 1+--0011 001010-1 0+11+---|
Q-1:	|-10-+++1 001+1110 001-+++1 1+01101+|
Q0:	|1-0-011- -10+1-++ ++---10+ -+-000+0| ok p=0.875977
Q1:	|1++.0-01 1..+.-00 +101-1+1 1.0..---| ok p=0.65332
Q2:	|.++0+1.- 0.....-- 0-00..-0 -0-..+0-| ok p=1
Q3:	|!1..--.+ .^11.110 0-.+1.-. +.+..+-.| ok p=1
Q4:	|.00.-+.+ .+1.!.+0 .+.-1.+. 0.+..100| ok p=1
Q5:	|..1.0+.- .1-...-. .1.-011. 0!...-0.| ok p=1
Q6:	|!...--.- .1-...-. .0.+-.-. ..1..0..| ok p=1
Q7:	|.!..01.. ..+..0+! ...0-.1. .....1^1| ok p=1
Q8:	|!...+0.0 ..+.!01. ...0..1. .1.1.++1| ok p=1
Q9:	|.!..-... ..+..-0. ....0..^ .1.1.00+| ok p=1
Q10:	|..^1-.01 .01..-.. ...0..!- 1+0-001+| ok p=1
Q11:	|.1-1+000 110^^+.0 1110..00 0-1-11--| ok p=1
Q12:	|.00+-1+- 0++---.1 000+^^1- -+-0++0+| ok p=1
Q13:	|!--+--++ +-111+0+ ---++++1 --0--1+1| ok p=1
Q14:	|!00.+0-0 0+000100 001.1011 +011+1-1| ok p=1
Q15:	|.111-11+ 01...--0 01-11+0- 0-.--.-.| ok p=0.914062
Q16:	|0...0.1. .+..1-.. 0.-..+.. 0-..0.+.| ok p=0.245117
Q17:	|1...+..^ .0..10^. 1.0..1.^ .1.^-.-.| ok p=0.486328
Q18:	|+...+... .0..+0.. +.1..-.. .1....+.| ok p=0.566406
Q19:	|...0-... .-...... .....-.0 .+..^.+.| ok p=0.996094
Q20:	|^..1-..0 ...0^... ^....001 ...0..1.| ok p=1
Q21:	|...-0..1 .^.1.... 0....11- .^.1..1.| ok p=0.49707
Q22:	|....0..+ ...-.... 1.....+. ...+....| ok p=0.957031
Q23:	|...^.... ........ +.0....^ ......0.| ok p=0.964844
Q24:	|..0....^ ...^.0.. ..1...^. ...^..1.| ok p=0.923828
Q25:	|..1..... ........ ^.-..... ......-.| ok p=0.863281
Q26:	|..-..... ....0+.. ........ .0......| ok p=0.881836
Q27:	|........ ....1+.. ..^..... .1....^.| ok p=1
Q28:	|..^..... ....+-.. ........ .+......| ok p=1
Q29:	|........ .....0.. ........ .0......| ok p=0.879883
Q30:	|........ ....^1.. ........ .-......| ok p=1
Q31:	|........ ........ ........ .-......| ok p=1
Q32:	|........ ........ ........ ........| ok p=1
Q33:	|........ ........ ........ .!......| ok p=1
Q34:	|........ ........ ........ ........| ok p=1
Q35:	|........ ........ ........ ........| ok p=1
Q36:	|........ ........ ........ ........| ok p=1
Q37:	|........ ........ ........ ........| ok p=1
Q38:	|........ ........ ........ ........| ok p=1
Q39:	|........ ........ ........ ........| ok p=1
Q40:	|........ ........ ........ ........| ok p=1
Q41:	|........ ........ ........ ........| ok p=1
Q42:	|........ ........ ........ ........| ok p=1
Q43:	|........ ........ ........ ........| ok p=1
Q44:	|........ ........ ........ ........| ok p=1
Q45:	|........ ........ ........ ........| ok p=1
Q46:	|........ ........ ........ ........| ok p=1
Q47:	|........ ........ ........ ........| ok p=1
Q48:	|........ ........ ........ ........| ok p=1
Q49:	|........ ........ ........ ........| ok p=1
Q50:	|........ ........ ........ ........| ok p=1
Q51:	|........ ........ ........ ........| ok p=1
Q52:	|........ ........ ........ ........| ok p=1
Q53:	|........ ........ ........ ........| ok p=1
Q54:	|........ ........ ........ ........| ok p=1
Q55:	|........ ........ ........ ........| ok p=1
Q56:	|........ ........ ........ ........| ok p=1
Q57:	|........ ........ ........ ........| ok p=1
Q58:	|........ ........ ........ ........| ok p=1
Q59:	|........ ........ ........ ........| ok p=1
Q60:	|........ .......0 ........ ........| ok p=1
Q61:	|........ .......1 ........ ........| ok p=1
Q62:	|........ .......+ ........ ........| ok p=1
Q63:	|........ .......+ ........ ........| ok p=1
Q64:	|........ .......+ ........ ........|
Best path: totcompl=-26 tottunnel=33, totcond=564, p=0.00989917
Q-3:	|10010100 01010101 10011100 11001010|
Q-2:	|0++++++0 1+--0011 001010-1 0+11+---|
Q-1:	|-10-+++1 001+1110 001-+++1 1+01101+|
Q0:	|1-0-011- -10+1-++ ++---10+ -+-000+0| ok p=0.867188
Q1:	|1++.0-01 1..+.-00 +101-1+1 1.0..---| ok p=0.665039
Q2:	|.++0+1.- 0.....-- 0-00..-0 -0-..+0-| ok p=1
Q3:	|!...--.+ .^11.110 0-.+1.-. +.+..+-.| ok p=1
Q4:	|!00.-+.+ .+1..0+0 .+.-1.+. 0.+..100| ok p=1
Q5:	|..1.0+.- .1-...-. .1.-011. 0!...-0.| ok p=1
Q6:	|!...--.- .1-...-. .0.+-.-. ..1..0..| ok p=1
Q7:	|!...10.. ..+..0+. !..0-.1. ....01^1| ok p=1
Q8:	|!...+1.0 ..+.!01. ...0..1. .0..0++1| ok p=1
Q9:	|!..^-... ..+..-0. ....0... .0..+00-| ok p=1
Q10:	|.0^-+.10 .0...-.. ...11..1 0-11-01-| ok p=1
Q11:	|.1-0+001 011.^+^0 11100.^1 1+10--0-| ok p=1
Q12:	|.000-1+- 1+..+-+1 000+-^-+ +--+00++| ok p=1
Q13:	|.--+--++ +-..1+1- ---+++0+ 11+1++-1| ok p=1
Q14:	|!001+0-0 0+..0110 001.1011 +001+1-1| ok p=1
Q15:	|.111-11+ 01...1-0 01-10+.- 1-0--0-.| ok p=0.957031
Q16:	|0...0.1. .+..0-.. 0.-..+.. 1-..0.+.| ok p=0.245117
Q17:	|1...+..^ .0..1.^. 1.0..1.^ .1.^-.-.| ok p=0.462891
Q18:	|-...+... .0..+^.. +.1..-.. .1....+.| ok p=0.441406
Q19:	|...0-... .-...... .....-.0 .+..^.+.| ok p=0.99707
Q20:	|^..1-..0 ...0^... ^....001 ...0..1.| ok p=1
Q21:	|...-0..1 .^.1.... 0....11- .^.1..1.| ok p=0.49707
Q22:	|....0..+ ...-.... 1.....+. ...+....| ok p=0.962891
Q23:	|...^.... ........ +.0....^ ......0.| ok p=0.96582
Q24:	|..0....^ ...^.0.. ..1...^. ...^..1.| ok p=0.901367
Q25:	|..1..... ........ ^.-..... ......-.| ok p=0.866211
Q26:	|..-..... ....0+.. ........ .0......| ok p=0.875977
Q27:	|........ ....1+.. ..^..... .1....^.| ok p=1
Q28:	|..^..... ....+-.. ........ .+......| ok p=1
Q29:	|........ .....0.. ........ .0......| ok p=0.890625
Q30:	|........ ....^1.. ........ .-......| ok p=1
Q31:	|........ ........ ........ .-......| ok p=1
Q32:	|........ ........ ........ ........| ok p=1
Q33:	|........ ........ ........ .!......| ok p=1
Q34:	|........ ........ ........ ........| ok p=1
Q35:	|........ ........ ........ ........| ok p=1
Q36:	|........ ........ ........ ........| ok p=1
Q37:	|........ ........ ........ ........| ok p=1
Q38:	|........ ........ ........ ........| ok p=1
Q39:	|........ ........ ........ ........| ok p=1
Q40:	|........ ........ ........ ........| ok p=1
Q41:	|........ ........ ........ ........| ok p=1
Q42:	|........ ........ ........ ........| ok p=1
Q43:	|........ ........ ........ ........| ok p=1
Q44:	|........ ........ ........ ........| ok p=1
Q45:	|........ ........ ........ ........| ok p=1
Q46:	|........ ........ ........ ........| ok p=1
Q47:	|........ ........ ........ ........| ok p=1
Q48:	|........ ........ ........ ........| ok p=1
Q49:	|........ ........ ........ ........| ok p=1
Q50:	|........ ........ ........ ........| ok p=1
Q51:	|........ ........ ........ ........| ok p=1
Q52:	|........ ........ ........ ........| ok p=1
Q53:	|........ ........ ........ ........| ok p=1
Q54:	|........ ........ ........ ........| ok p=1
Q55:	|........ ........ ........ ........| ok p=1
Q56:	|........ ........ ........ ........| ok p=1
Q57:	|........ ........ ........ ........| ok p=1
Q58:	|........ ........ ........ ........| ok p=1
Q59:	|........ ........ ........ ........| ok p=1
Q60:	|........ .......0 ........ ........| ok p=1
Q61:	|........ .......1 ........ ........| ok p=1
Q62:	|........ .......+ ........ ........| ok p=1
Q63:	|........ .......+ ........ ........| ok p=1
Q64:	|........ .......+ ........ ........|
Best path: totcompl=-26 tottunnel=33, totcond=561, p=0.00792256
Q-3:	|10010100 01010101 10011100 11001010|
Q-2:	|0++++++0 1+--0011 001010-1 0+11+---|
Q-1:	|-10-+++1 001+1110 001-+++1 1+01101+|
Q0:	|1-0-011- -10+1-++ ++---10+ -+-000+0| ok p=0.87207
Q1:	|1++.0-01 1..+.-00 +101-1+1 1.0..---| ok p=0.660156
Q2:	|.++0+1.- 0.....-- 0-00..-0 -0-..+0-| ok p=1
Q3:	|!...--.+ .^11.110 0-.+1.-. +.+..+-.| ok p=1
Q4:	|!00.-+.+ .+1.!.+0 .+.-1.+. 0.+..100| ok p=1
Q5:	|!...0+.- .1-...-. .1.-011. 0!...-0.| ok p=1
Q6:	|!...--.- .1-...-. .0.+-.-. ..1..0..| ok p=1
Q7:	|.!..10.. ..+..0+. !..0-.1. ....01^1| ok p=1
Q8:	|.!..+1.0 ..+.!01. ...0..1. .0..0++1| ok p=1
Q9:	|!..^-... ..+..-0. ....0... .0..+00-| ok p=1
Q10:	|.0^-+.10 .0...-.. ...11..1 0-11-01-| ok p=1
Q11:	|.1-0+001 011.^+^0 11100..1 1+10--0-| ok p=1
Q12:	|.000-1+- 1+..+-+1 000+-^^- +--+00++| ok p=1
Q13:	|.--+--++ +-..1+1- ---++++- 00+1++-1| ok p=1
Q14:	|!001+0-0 0+..0110 001.1011 +111+1-1| ok p=1
Q15:	|.111-11+ 01...1-0 01-10+0- 0-0--0-.| ok p=0.952148
Q16:	|0...0.1. .+..0-.. 0.-..+.. 0-..0.+.| ok p=0.261719
Q17:	|1...+..^ .0..1.^. 1.0..1.^ .1.^-.-.| ok p=0.47168
Q18:	|-...+... .0..+^.. +.1..-.. .1....+.| ok p=0.4375
Q19:	|...0-... .-...... .....-.0 .+..^.+.| ok p=0.992188
Q20:	|^..1-..0 ...0^... ^....001 ...0..1.| ok p=1
Q21:	|...-0..1 .^.1.... 0....11- .^.1..1.| ok p=0.500977
Q22:	|....0..+ ...-.... 1.....+. ...+....| ok p=0.957031
Q23:	|...^.... ........ +.0....^ ......0.| ok p=0.958984
Q24:	|..0....^ ...^.0.. ..1...^. ...^..1.| ok p=0.905273
Q25:	|..1..... ........ ^.-..... ......-.| ok p=0.856445
Q26:	|..-..... ....0+.. ........ .0......| ok p=0.854492
Q27:	|........ ....1+.. ..^..... .1....^.| ok p=1
Q28:	|..^..... ....+-.. ........ .+......| ok p=1
Q29:	|........ .....0.. ........ .0......| ok p=0.864258
Q30:	|........ ....^1.. ........ .-......| ok p=1
Q31:	|........ ........ ........ .-......| ok p=1
Q32:	|........ ........ ........ ........| ok p=1
Q33:	|........ ........ ........ .!......| ok p=1
Q34:	|........ ........ ........ ........| ok p=1
Q35:	|........ ........ ........ ........| ok p=1
Q36:	|........ ........ ........ ........| ok p=1
Q37:	|........ ........ ........ ........| ok p=1
Q38:	|........ ........ ........ ........| ok p=1
Q39:	|........ ........ ........ ........| ok p=1
Q40:	|........ ........ ........ ........| ok p=1
Q41:	|........ ........ ........ ........| ok p=1
Q42:	|........ ........ ........ ........| ok p=1
Q43:	|........ ........ ........ ........| ok p=1
Q44:	|........ ........ ........ ........| ok p=1
Q45:	|........ ........ ........ ........| ok p=1
Q46:	|........ ........ ........ ........| ok p=1
Q47:	|........ ........ ........ ........| ok p=1
Q48:	|........ ........ ........ ........| ok p=1
Q49:	|........ ........ ........ ........| ok p=1
Q50:	|........ ........ ........ ........| ok p=1
Q51:	|........ ........ ........ ........| ok p=1
Q52:	|........ ........ ........ ........| ok p=1
Q53:	|........ ........ ........ ........| ok p=1
Q54:	|........ ........ ........ ........| ok p=1
Q55:	|........ ........ ........ ........| ok p=1
Q56:	|........ ........ ........ ........| ok p=1
Q57:	|........ ........ ........ ........| ok p=1
Q58:	|........ ........ ........ ........| ok p=1
Q59:	|........ ........ ........ ........| ok p=1
Q60:	|........ .......0 ........ ........| ok p=1
Q61:	|........ .......1 ........ ........| ok p=1
Q62:	|........ .......+ ........ ........| ok p=1
Q63:	|........ .......+ ........ ........| ok p=1
Q64:	|........ .......+ ........ ........|
Best path: totcompl=-25 tottunnel=34, totcond=561, p=0.00818769
Q-3:	|10010100 01010101 10011100 11001010|
Q-2:	|0++++++0 1+--0011 001010-1 0+11+---|
Q-1:	|-10-+++1 001+1110 001-+++1 1+01101+|
Q0:	|1-0-011- -10+1-++ ++---10+ -+-000+0| ok p=0.857422
Q1:	|1++.0-01 1..+.-00 +101-1+1 1.0..---| ok p=0.632812
Q2:	|.++0+1.- 0.....-- 0-00..-0 -0-..+0-| ok p=1
Q3:	|!...--.+ .^11.110 0-.+1.-. +.+..+-.| ok p=1
Q4:	|!00.-+.+ .+10..+0 .+.-1.+. 0.+..100| ok p=1
Q5:	|.1..0+.- .1-...-. .1.-011. 0!...-0.| ok p=1
Q6:	|.0..--.- .1-...-. .0.+-.-. ..1..0..| ok p=1
Q7:	|..!.10.. ..+..0+! ...0-.1. ....01^1| ok p=1
Q8:	|.!..+1.0 ..+!.01. ...0..1. .0..0++1| ok p=1
Q9:	|!..^-... ..+..-0. ....0... .0..+00-| ok p=1
Q10:	|.0^-+.10 .0...-.. ...11..1 0-00-01-| ok p=1
Q11:	|.1-0+001 011.^+^. .0100.^1 1+11--0-| ok p=1
Q12:	|.000-1+- 1+..+-+^ ^10+-^-+ +--+00++| ok p=1
Q13:	|.--+--++ +-..1+1- ---+++0+ 11+1++-1| ok p=1
Q14:	|!001+0-0 0+..0110 001.1011 +001+1-1| ok p=1
Q15:	|.111-11+ 01...1-0 01-10+.- 1-0--0-.| ok p=0.948242
Q16:	|0...0.1. .+..0-.. 0.-..+.. 1-..0.+.| ok p=0.237305
Q17:	|1...+..^ .0..1.^. 1.0..1.^ .1.^-.-.| ok p=0.460938
Q18:	|-...+... .0..+^.. +.1..-.. .1....+.| ok p=0.446289
Q19:	|...0-... .-...... .....-.0 .+..^.+.| ok p=0.998047
Q20:	|^..1-..0 ...0^... ^....001 ...0..1.| ok p=1
Q21:	|...-0..1 .^.1.... 0....11- .^.1..1.| ok p=0.495117
Q22:	|....0..+ ...-.... 1.....+. ...+....| ok p=0.955078
Q23:	|...^.... ........ +.0....^ ......0.| ok p=0.977539
Q24:	|..0....^ ...^.0.. ..1...^. ...^..1.| ok p=0.916992
Q25:	|..1..... ........ ^.-..... ......-.| ok p=0.857422
Q26:	|..-..... ....0+.. ........ .0......| ok p=0.874023
Q27:	|........ ....1+.. ..^..... .1....^.| ok p=1
Q28:	|..^..... ....+-.. ........ .+......| ok p=1
Q29:	|........ .....0.. ........ .0......| ok p=0.87793
Q30:	|........ ....^1.. ........ .-......| ok p=1
Q31:	|........ ........ ........ .-......| ok p=1
Q32:	|........ ........ ........ ........| ok p=1
Q33:	|........ ........ ........ .!......| ok p=1
Q34:	|........ ........ ........ ........| ok p=1
Q35:	|........ ........ ........ ........| ok p=1
Q36:	|........ ........ ........ ........| ok p=1
Q37:	|........ ........ ........ ........| ok p=1
Q38:	|........ ........ ........ ........| ok p=1
Q39:	|........ ........ ........ ........| ok p=1
Q40:	|........ ........ ........ ........| ok p=1
Q41:	|........ ........ ........ ........| ok p=1
Q42:	|........ ........ ........ ........| ok p=1
Q43:	|........ ........ ........ ........| ok p=1
Q44:	|........ ........ ........ ........| ok p=1
Q45:	|........ ........ ........ ........| ok p=1
Q46:	|........ ........ ........ ........| ok p=1
Q47:	|........ ........ ........ ........| ok p=1
Q48:	|........ ........ ........ ........| ok p=1
Q49:	|........ ........ ........ ........| ok p=1
Q50:	|........ ........ ........ ........| ok p=1
Q51:	|........ ........ ........ ........| ok p=1
Q52:	|........ ........ ........ ........| ok p=1
Q53:	|........ ........ ........ ........| ok p=1
Q54:	|........ ........ ........ ........| ok p=1
Q55:	|........ ........ ........ ........| ok p=1
Q56:	|........ ........ ........ ........| ok p=1
Q57:	|........ ........ ........ ........| ok p=1
Q58:	|........ ........ ........ ........| ok p=1
Q59:	|........ ........ ........ ........| ok p=1
Q60:	|........ .......0 ........ ........| ok p=1
Q61:	|........ .......1 ........ ........| ok p=1
Q62:	|........ .......+ ........ ........| ok p=1
Q63:	|........ .......+ ........ ........| ok p=1
Q64:	|........ .......+ ........ ........|
Best path: totcompl=-25 tottunnel=34, totcond=559, p=0.00752618
Q-3:	|10010100 01010101 10011100 11001010|
Q-2:	|0++++++0 1+--0011 001010-1 0+11+---|
Q-1:	|-10-+++1 001+1110 001-+++1 1+01101+|
Q0:	|1-0-011- -10+1-++ ++---10+ -+-000+0| ok p=0.888672
Q1:	|1++.0-01 1..+.-00 +101-1+1 1.0..---| ok p=0.701172
Q2:	|.++0+1.- 0.....-- 0-00..-0 -0-..+0-| ok p=1
Q3:	|!1..--.+ .^11.110 0-.+1.-. +.+..+-.| ok p=1
Q4:	|.00.-+.+ .+10..+0 .+.-1.+. 0.+..100| ok p=1
Q5:	|..1.0+.- .1-...-. .1.-0.1. 0!...-0.| ok p=1
Q6:	|!...--.- .1-...-. .0.+-^-. ..1..0..| ok p=1
Q7:	|!...10.. ..+..0+. !..0-.1. ....01^1| ok p=1
Q8:	|.!..+1.0 ..+.!01. ...0..1. .0..0++1| ok p=1
Q9:	|.!.^-... ..+..-0. ....0... .0..+00-| ok p=1
Q10:	|.0^-+.10 .0...-.. ...11..0 0-00-01-| ok p=1
Q11:	|.1-0+001 011.^+^. .0100..0 1+11--0-| ok p=1
Q12:	|.000-1+- 1+..+-+^ ^10+-^.- +--+00++| ok p=1
Q13:	|.--+--++ +-..1+1- ---+++.+ 11+1++-1| ok p=1
Q14:	|!001+0-0 0+..0110 001.10.1 +001+1-1| ok p=1
Q15:	|.111-11+ 01...1-0 01-10+.- 1-0--0-.| ok p=0.964844
Q16:	|0...0.1. .+..0-.. 0.-..+.. 1-..0.+.| ok p=0.236328
Q17:	|1...+..^ .0..1.^. 1.0..1.^ .1.^-.-.| ok p=0.458984
Q18:	|-...+... .0..+^.. +.1..-.. .1....+.| ok p=0.438477
Q19:	|...0-... .-...... .....-.0 .+..^.+.| ok p=0.998047
Q20:	|^..1-..0 ...0^... ^....001 ...0..1.| ok p=1
Q21:	|...-0..1 .^.1.... 0....11- .^.1..1.| ok p=0.496094
Q22:	|....0..+ ...-.... 1.....+. ...+....| ok p=0.963867
Q23:	|...^.... ........ +.0....^ ......0.| ok p=0.972656
Q24:	|..0....^ ...^.0.. ..1...^. ...^..1.| ok p=0.90918
Q25:	|..1..... ........ ^.-..... ......-.| ok p=0.871094
Q26:	|..-..... ....0+.. ........ .0......| ok p=0.876953
Q27:	|........ ....1+.. ..^..... .1....^.| ok p=1
Q28:	|..^..... ....+-.. ........ .+......| ok p=1
Q29:	|........ .....0.. ........ .0......| ok p=0.862305
Q30:	|........ ....^1.. ........ .-......| ok p=1
Q31:	|........ ........ ........ .-......| ok p=1
Q32:	|........ ........ ........ ........| ok p=1
Q33:	|........ ........ ........ .!......| ok p=1
Q34:	|........ ........ ........ ........| ok p=1
Q35:	|........ ........ ........ ........| ok p=1
Q36:	|........ ........ ........ ........| ok p=1
Q37:	|........ ........ ........ ........| ok p=1
Q38:	|........ ........ ........ ........| ok p=1
Q39:	|........ ........ ........ ........| ok p=1
Q40:	|........ ........ ........ ........| ok p=1
Q41:	|........ ........ ........ ........| ok p=1
Q42:	|........ ........ ........ ........| ok p=1
Q43:	|........ ........ ........ ........| ok p=1
Q44:	|........ ........ ........ ........| ok p=1
Q45:	|........ ........ ........ ........| ok p=1
Q46:	|........ ........ ........ ........| ok p=1
Q47:	|........ ........ ........ ........| ok p=1
Q48:	|........ ........ ........ ........| ok p=1
Q49:	|........ ........ ........ ........| ok p=1
Q50:	|........ ........ ........ ........| ok p=1
Q51:	|........ ........ ........ ........| ok p=1
Q52:	|........ ........ ........ ........| ok p=1
Q53:	|........ ........ ........ ........| ok p=1
Q54:	|........ ........ ........ ........| ok p=1
Q55:	|........ ........ ........ ........| ok p=1
Q56:	|........ ........ ........ ........| ok p=1
Q57:	|........ ........ ........ ........| ok p=1
Q58:	|........ ........ ........ ........| ok p=1
Q59:	|........ ........ ........ ........| ok p=1
Q60:	|........ .......0 ........ ........| ok p=1
Q61:	|........ .......1 ........ ........| ok p=1
Q62:	|........ .......+ ........ ........| ok p=1
Q63:	|........ .......+ ........ ........| ok p=1
Q64:	|........ .......+ ........ ........|
Best path: totcompl=-25 tottunnel=34, totcond=555, p=0.00778049
Q-3:	|10010100 01010101 10011100 11001010|
Q-2:	|0++++++0 1+--0011 001010-1 0+11+---|
Q-1:	|-10-+++1 001+1110 001-+++1 1+01101+|
Q0:	|1-0-011- -10+1-++ ++---10+ -+-000+0| ok p=0.879883
Q1:	|1++.0-01 1..+.-00 +101-1+1 1.0..---| ok p=0.65918
Q2:	|.++0+1.- 0.....-- 0-00..-0 -0-..+0-| ok p=1
Q3:	|!...--.+ .^11.110 0-.+1.-. +.+..+-.| ok p=1
Q4:	|!00.-+.+ .+10..+0 .+.-1.+. 0.+..100| ok p=1
Q5:	|!...0+.- .1-...-. .1.-011. 0!...-0.| ok p=1
Q6:	|!...--.- .1-...-. .0.+-.-. ..1..0..| ok p=1
Q7:	|!...10.. ..+..0+! ...0-.1. ....01^1| ok p=1
Q8:	|.!..+1.0 ..+.!01. ...0..1. .0..0++1| ok p=1
Q9:	|!.1^-... ..+..-0. ....0... .0..+00-| ok p=1
Q10:	|..1-+.10 .0...-.. ...11..0 0-00-01-| ok p=1
Q11:	|.1-0+001 011.^+^. ..000..0 1+11--0-| ok p=1
Q12:	|.000-1+- 1+..+-+^ ^^1+-^.- +--+00++| ok p=1
Q13:	|.--+--++ +-..1+1- ---+++.+ 11+1++-1| ok p=1
Q14:	|!001+0-0 0+..0110 001.10.1 +001+1-1| ok p=1
Q15:	|.111-11+ 01...1-0 01-10+.- 1-0--0-.| ok p=0.960938
Q16:	|0...0.1. .+..0-.. 0.-..+.. 1-..0.+.| ok p=0.273438
Q17:	|1...+..^ .0..1.^. 1.0..1.^ .1.^-.-.| ok p=0.482422
Q18:	|-...+... .0..+^.. +.1..-.. .1....+.| ok p=0.436523
Q19:	|...0-... .-...... .....-.0 .+..^.+.| ok p=0.993164
Q20:	|^..1-..0 ...0^... ^....001 ...0..1.| ok p=1
Q21:	|...-0..1 .^.1.... 0....11- .^.1..1.| ok p=0.511719
Q22:	|....0..+ ...-.... 1.....+. ...+....| ok p=0.961914
Q23:	|...^.... ........ +.0....^ ......0.| ok p=0.97168
Q24:	|..0....^ ...^.0.. ..1...^. ...^..1.| ok p=0.904297
Q25:	|..1..... ........ ^.-..... ......-.| ok p=0.871094
Q26:	|..-..... ....0+.. ........ .0......| ok p=0.876953
Q27:	|........ ....1+.. ..^..... .1....^.| ok p=1
Q28:	|..^..... ....+-.. ........ .+......| ok p=1
Q29:	|........ .....0.. ........ .0......| ok p=0.868164
Q30:	|........ ....^1.. ........ .-......| ok p=1
Q31:	|........ ........ ........ .-......| ok p=1
Q32:	|........ ........ ........ ........| ok p=1
Q33:	|........ ........ ........ .!......| ok p=1
Q34:	|........ ........ ........ ........| ok p=1
Q35:	|........ ........ ........ ........| ok p=1
Q36:	|........ ........ ........ ........| ok p=1
Q37:	|........ ........ ........ ........| ok p=1
Q38:	|........ ........ ........ ........| ok p=1
Q39:	|........ ........ ........ ........| ok p=1
Q40:	|........ ........ ........ ........| ok p=1
Q41:	|........ ........ ........ ........| ok p=1
Q42:	|........ ........ ........ ........| ok p=1
Q43:	|........ ........ ........ ........| ok p=1
Q44:	|........ ........ ........ ........| ok p=1
Q45:	|........ ........ ........ ........| ok p=1
Q46:	|........ ........ ........ ........| ok p=1
Q47:	|........ ........ ........ ........| ok p=1
Q48:	|........ ........ ........ ........| ok p=1
Q49:	|........ ........ ........ ........| ok p=1
Q50:	|........ ........ ........ ........| ok p=1
Q51:	|........ ........ ........ ........| ok p=1
Q52:	|........ ........ ........ ........| ok p=1
Q53:	|........ ........ ........ ........| ok p=1
Q54:	|........ ........ ........ ........| ok p=1
Q55:	|........ ........ ........ ........| ok p=1
Q56:	|........ ........ ........ ........| ok p=1
Q57:	|........ ........ ........ ........| ok p=1
Q58:	|........ ........ ........ ........| ok p=1
Q59:	|........ ........ ........ ........| ok p=1
Q60:	|........ .......0 ........ ........| ok p=1
Q61:	|........ .......1 ........ ........| ok p=1
Q62:	|........ .......+ ........ ........| ok p=1
Q63:	|........ .......+ ........ ........| ok p=1
Q64:	|........ .......+ ........ ........|
Best path: totcompl=-25 tottunnel=34, totcond=554, p=0.00660895
Q-3:	|10010100 01010101 10011100 11001010|
Q-2:	|0++++++0 1+--0011 001010-1 0+11+---|
Q-1:	|-10-+++1 001+1110 001-+++1 1+01101+|
Q0:	|1-0-011- -10+1-++ ++---10+ -+-000+0| ok p=0.883789
Q1:	|1++.0-01 1..+.-00 +101-1+1 1.0..---| ok p=0.652344
Q2:	|.++0+1.- 0.....-- 0-00..-0 -0-..+0-| ok p=1
Q3:	|!1..--.+ .^11.110 0-.+1.-. +.+..+-.| ok p=1
Q4:	|.00.-+.+ .+1..0+0 .+.-1.+. 0.+..100| ok p=1
Q5:	|!...0+.- .1-...-. .1.-011. 0!...-0.| ok p=1
Q6:	|.!..--.- .1-...-. .0.+-.-. ..1..0..| ok p=1
Q7:	|!...01.. ..+..0+! ...0-.1. .....1^1| ok p=1
Q8:	|!...+0.0 ..+.!01. ...0..1. .0.1.++1| ok p=1
Q9:	|.!..-... ..+..-0. ....0.0^ .0.1.00+| ok p=0.999023
Q10:	|..^.-..0 .0...-.. ...1..1- 0+0-001+| ok p=1
Q11:	|!1-.+.01 110^^+.0 1110..00 1-1-11--| ok p=1
Q12:	|.00^-.1+ 0+.+--.1 000+^^-+ -+-0++0+| ok p=1
Q13:	|!--+-.-+ +-.11-0+ ---++++1 --0--1+1| ok p=1
Q14:	|!001+.-0 0+.01000 001.1011 +011+0-1| ok p=1
Q15:	|.100-..+ 01...1+0 01-11+0- 0-.--.-.| ok p=0.880859
Q16:	|0...0.^. .+..0-.. 0.-..+.. 0-..0.+.| ok p=0.25
Q17:	|1...+..^ .0..1.^. 1.0..1.^ .1.^-.-.| ok p=0.482422
Q18:	|-...+... .0..+^.. +.1..-.. .1....+.| ok p=0.575195
Q19:	|...0-... .-...... .....-.0 .+..^.+.| ok p=0.999023
Q20:	|^..1-..0 ...0^... ^....001 ...0..1.| ok p=1
Q21:	|...-0..1 .^.1.... 0....11- .^.1..1.| ok p=0.491211
Q22:	|....0..+ ...-.... 1.....+. ...+....| ok p=0.960938
Q23:	|...^.... ........ +.0....^ ......0.| ok p=0.960938
Q24:	|..0....^ ...^.0.. ..1...^. ...^..1.| ok p=0.910156
Q25:	|..1..... ........ ^.-..... ......-.| ok p=0.879883
Q26:	|..-..... ....0+.. ........ .0......| ok p=0.863281
Q27:	|........ ....1+.. ..^..... .1....^.| ok p=1
Q28:	|..^..... ....+-.. ........ .+......| ok p=1
Q29:	|........ .....0.. ........ .0......| ok p=0.889648
Q30:	|........ ....^1.. ........ .-......| ok p=1
Q31:	|........ ........ ........ .-......| ok p=1
Q32:	|........ ........ ........ ........| ok p=1
Q33:	|........ ........ ........ .!......| ok p=1
Q34:	|........ ........ ........ ........| ok p=1
Q35:	|........ ........ ........ ........| ok p=1
Q36:	|........ ........ ........ ........| ok p=1
Q37:	|........ ........ ........ ........| ok p=1
Q38:	|........ ........ ........ ........| ok p=1
Q39:	|........ ........ ........ ........| ok p=1
Q40:	|........ ........ ........ ........| ok p=1
Q41:	|........ ........ ........ ........| ok p=1
Q42:	|........ ........ ........ ........| ok p=1
Q43:	|........ ........ ........ ........| ok p=1
Q44:	|........ ........ ........ ........| ok p=1
Q45:	|........ ........ ........ ........| ok p=1
Q46:	|........ ........ ........ ........| ok p=1
Q47:	|........ ........ ........ ........| ok p=1
Q48:	|........ ........ ........ ........| ok p=1
Q49:	|........ ........ ........ ........| ok p=1
Q50:	|........ ........ ........ ........| ok p=1
Q51:	|........ ........ ........ ........| ok p=1
Q52:	|........ ........ ........ ........| ok p=1
Q53:	|........ ........ ........ ........| ok p=1
Q54:	|........ ........ ........ ........| ok p=1
Q55:	|........ ........ ........ ........| ok p=1
Q56:	|........ ........ ........ ........| ok p=1
Q57:	|........ ........ ........ ........| ok p=1
Q58:	|........ ........ ........ ........| ok p=1
Q59:	|........ ........ ........ ........| ok p=1
Q60:	|........ .......0 ........ ........| ok p=1
Q61:	|........ .......1 ........ ........| ok p=0.999023
Q62:	|........ .......+ ........ ........| ok p=1
Q63:	|........ .......+ ........ ........| ok p=1
Q64:	|........ .......+ ........ ........|
Best path: totcompl=-24 tottunnel=35, totcond=553, p=0.00965746
Q-3:	|10010100 01010101 10011100 11001010|
Q-2:	|0++++++0 1+--0011 001010-1 0+11+---|
Q-1:	|-10-+++1 001+1110 001-+++1 1+01101+|
Q0:	|1-0-011- -10+1-++ ++---10+ -+-000+0| ok p=0.899414
Q1:	|1++.0-01 1..+.-00 +101-1+1 1.0..---| ok p=0.668945
Q2:	|.++0+1.- 0.....-- 0-00..-0 -0-..+0-| ok p=1
Q3:	|!...--.+ .^11.110 0-.+1.-. +.+..+-.| ok p=1
Q4:	|!00.-+.+ .+1..0+0 .+.-1.+. 0.+..100| ok p=1
Q5:	|!...0+.- .1-...-. .1.-011. 0!...-0.| ok p=1
Q6:	|!...--.- .1-...-. .0.+-.-. ..1..0..| ok p=1
Q7:	|!...01.. ..+..0+. !..0-.1. .....1^1| ok p=1
Q8:	|0!..+0.0 ..+!.01. ...0..1. .1.1.++1| ok p=1
Q9:	|1...-... ..+..-0. ....0.0^ .1.1.00+| ok p=0.998047
Q10:	|..^1-..0 .01..-.. ......1- 1+0-001+| ok p=1
Q11:	|.1-1+.01 110^^+0. ..^^..00 0-1-11--| ok p=1
Q12:	|.00+-.1+ 0++---1^ ^^+-.^-0 ++-0++0+| ok p=1
Q13:	|!--+-.-+ +-111++- --01.-+- +-0--1+1| ok p=1
Q14:	|!00.+.-0 0+000100 0011!101 +011+1-1| ok p=1
Q15:	|.111-..+ 01...--0 01-..+0- .-.--.-.| ok p=0.915039
Q16:	|0...0.^. .+..1-.. 0.-..+.. ^-..0.+.| ok p=0.261719
Q17:	|1...+..^ .0..10^. 1.0..1.^ .1.^-.-.| ok p=0.443359
Q18:	|+...+... .0..+0.. +.1..-.. .1....+.| ok p=0.583984
Q19:	|...0-... .-...... .....-.0 .+..^.+.| ok p=0.99707
Q20:	|^..1-..0 ...0^... ^....001 ...0..1.| ok p=1
Q21:	|...-0..1 .^.1.... 0....11- .^.1..1.| ok p=0.50293
Q22:	|....0..+ ...-.... 1.....+. ...+....| ok p=0.964844
Q23:	|...^.... ........ +.0....^ ......0.| ok p=0.969727
Q24:	|..0....^ ...^.0.. ..1...^. ...^..1.| ok p=0.914062
Q25:	|..1..... ........ ^.-..... ......-.| ok p=0.883789
Q26:	|..-..... ....0+.. ........ .0......| ok p=0.863281
Q27:	|........ ....1+.. ..^..... .1....^.| ok p=1
Q28:	|..^..... ....+-.. ........ .+......| ok p=1
Q29:	|........ .....0.. ........ .0......| ok p=0.880859
Q30:	|........ ....^1.. ........ .-......| ok p=1
Q31:	|........ ........ ........ .-......| ok p=1
Q32:	|........ ........ ........ ........| ok p=1
Q33:	|........ ........ ........ .!......| ok p=1
Q34:	|........ ........ ........ ........| ok p=1
Q35:	|........ ........ ........ ........| ok p=1
Q36:	|........ ........ ........ ........| ok p=1
Q37:	|........ ........ ........ ........| ok p=1
Q38:	|........ ........ ........ ........| ok p=1
Q39:	|........ ........ ........ ........| ok p=1
Q40:	|........ ........ ........ ........| ok p=1
Q41:	|........ ........ ........ ........| ok p=1
Q42:	|........ ........ ........ ........| ok p=1
Q43:	|........ ........ ........ ........| ok p=1
Q44:	|........ ........ ........ ........| ok p=1
Q45:	|........ ........ ........ ........| ok p=1
Q46:	|........ ........ ........ ........| ok p=1
Q47:	|........ ........ ........ ........| ok p=1
Q48:	|........ ........ ........ ........| ok p=1
Q49:	|........ ........ ........ ........| ok p=1
Q50:	|........ ........ ........ ........| ok p=1
Q51:	|........ ........ ........ ........| ok p=1
Q52:	|........ ........ ........ ........| ok p=1
Q53:	|........ ........ ........ ........| ok p=1
Q54:	|........ ........ ........ ........| ok p=1
Q55:	|........ ........ ........ ........| ok p=1
Q56:	|........ ........ ........ ........| ok p=1
Q57:	|........ ........ ........ ........| ok p=1
Q58:	|........ ........ ........ ........| ok p=1
Q59:	|........ ........ ........ ........| ok p=1
Q60:	|........ .......0 ........ ........| ok p=1
Q61:	|........ .......1 ........ ........| ok p=1
Q62:	|........ .......+ ........ ........| ok p=1
Q63:	|........ .......+ ........ ........| ok p=1
Q64:	|........ .......+ ........ ........|
Best path: totcompl=-22 tottunnel=37, totcond=553, p=0.00890361
Best paths: 2
Q-3:	|10010100 01010101 10011100 11001010|
Q-2:	|0++++++0 1+--0011 001010-1 0+11+---|
Q-1:	|-10-+++1 001+1110 001-+++1 1+01101+|
Q0:	|1-0-011- -10+1-++ ++---10+ -+-000+0| ok p=0.863281
Q1:	|1++.0-01 1..+.-00 +101-1+1 1.0..---| ok p=0.672852
Q2:	|.++0+1.- 0.....-- 0-00..-0 -0-..+0-| ok p=1
Q3:	|!.1.--.+ .^11.110 0-.+1.-. +.+..+-.| ok p=1
Q4:	|.00.-+.+ .+1..0+0 .+.-1.+. 0.+..100| ok p=1
Q5:	|!...0+.- .1-...-. .1.-0.1. 0!...-0.| ok p=1
Q6:	|!...--.- .1-...-. .0.+-^-. ..1..0..| ok p=1
Q7:	|.!..01.. ..+..0+! ...0-.1. .....1^0| ok p=1
Q8:	|.!..+0.0 ..+.!01. ...0..1. .1.1.++1| ok p=1
Q9:	|!...-... ..+..-0. ...10... ^1.1.00+| ok p=0.999023
Q10:	|.0..-..0 .0...-.. ..1+1..1 --.-001+| ok p=1
Q11:	|.1..+.01 110^^+.0 110+0110 1-^-11--| ok p=1
Q12:	|.0.^-.1+ 0+.+--.1 00+1100- -+-0++0+| ok p=1
Q13:	|!-.--.-+ +-.11-0+ --1-+++1 --0--1+1| ok p=1
Q14:	|!0.1+.-0 0+.01000 01001011 +011+0-1| ok p=1
Q15:	|.1.0-..+ 01...1+0 00-01+0- 0-.--.-.| ok p=0.853516
Q16:	|0...0.^. .+..0-.. 0.-..+.. 0-..0.+.| ok p=0.230469
Q17:	|1...+..^ .0..1.^. 1.0..1.^ .1.^-.-.| ok p=0.494141
Q18:	|-...+... .0..+^.. +.1..-.. .1....+.| ok p=0.571289
Q19:	|...0-... .-...... .....-.0 .+..^.+.| ok p=0.998047
Q20:	|^..1-..0 ...0^... ^....001 ...0..1.| ok p=1
Q21:	|...-0..1 .^.1.... 0....11- .^.1..1.| ok p=0.521484
Q22:	|....0..+ ...-.... 1.....+. ...+....| ok p=0.956055
Q23:	|...^.... ........ +.0....^ ......0.| ok p=0.966797
Q24:	|..0....^ ...^.0.. ..1...^. ...^..1.| ok p=0.896484
Q25:	|..1..... ........ ^.-..... ......-.| ok p=0.868164
Q26:	|..-..... ....0+.. ........ .0......| ok p=0.890625
Q27:	|........ ....1+.. ..^..... .1....^.| ok p=1
Q28:	|..^..... ....+-.. ........ .+......| ok p=1
Q29:	|........ .....0.. ........ .0......| ok p=0.870117
Q30:	|........ ....^1.. ........ .-......| ok p=1
Q31:	|........ ........ ........ .-......| ok p=1
Q32:	|........ ........ ........ ........| ok p=1
Q33:	|........ ........ ........ .!......| ok p=1
Q34:	|........ ........ ........ ........| ok p=1
Q35:	|........ ........ ........ ........| ok p=1
Q36:	|........ ........ ........ ........| ok p=1
Q37:	|........ ........ ........ ........| ok p=1
Q38:	|........ ........ ........ ........| ok p=1
Q39:	|........ ........ ........ ........| ok p=1
Q40:	|........ ........ ........ ........| ok p=1
Q41:	|........ ........ ........ ........| ok p=1
Q42:	|........ ........ ........ ........| ok p=1
Q43:	|........ ........ ........ ........| ok p=1
Q44:	|........ ........ ........ ........| ok p=1
Q45:	|........ ........ ........ ........| ok p=1
Q46:	|........ ........ ........ ........| ok p=1
Q47:	|........ ........ ........ ........| ok p=1
Q48:	|........ ........ ........ ........| ok p=1
Q49:	|........ ........ ........ ........| ok p=1
Q50:	|........ ........ ........ ........| ok p=1
Q51:	|........ ........ ........ ........| ok p=1
Q52:	|........ ........ ........ ........| ok p=1
Q53:	|........ ........ ........ ........| ok p=1
Q54:	|........ ........ ........ ........| ok p=1
Q55:	|........ ........ ........ ........| ok p=1
Q56:	|........ ........ ........ ........| ok p=1
Q57:	|........ ........ ........ ........| ok p=1
Q58:	|........ ........ ........ ........| ok p=1
Q59:	|........ ........ ........ ........| ok p=1
Q60:	|........ .......0 ........ ........| ok p=1
Q61:	|........ .......1 ........ ........| ok p=1
Q62:	|........ .......+ ........ ........| ok p=1
Q63:	|........ .......+ ........ ........| ok p=1
Q64:	|........ .......+ ........ ........|
Best path: totcompl=-22 tottunnel=37, totcond=550, p=0.00885284
Q-3:	|10010100 01010101 10011100 11001010|
Q-2:	|0++++++0 1+--0011 001010-1 0+11+---|
Q-1:	|-10-+++1 001+1110 001-+++1 1+01101+|
Q0:	|1-0-011- -10+1-++ ++---10+ -+-000+0| ok p=0.878906
Q1:	|1++.0-01 1..+.-00 +101-1+1 1.0..---| ok p=0.665039
Q2:	|.++0+1.- 0.....-- 0-00..-0 -0-..+0-| ok p=1
Q3:	|!...--.+ .^11.110 0-.+1.-. +.+..+-.| ok p=1
Q4:	|!00.-+.+ .+10..+0 .+.-1.+. 0.+..100| ok p=1
Q5:	|.1..0+.- .1-...-. .1.-0.1. 0!...-0.| ok p=1
Q6:	|.0..--.- .1-...-. .0.+-^-. ..1..0..| ok p=1
Q7:	|.1..01.. ..+..0+! ...0-.1. .....1^1| ok p=1
Q8:	|!...+0.0 ..+!.01. ...0..1. .0.1.++1| ok p=1
Q9:	|.!..-... ..+..-0. ....0..^ .0.1.00+| ok p=1
Q10:	|!0^.-000 .0...-.. ....1.0- 1+0-001+| ok p=1
Q11:	|.1-0+111 110.^+.1 1.^^..10 0-1-11--| ok p=1
Q12:	|.0001--- 0+..+-.0 0^+-..-0 +1+0++0+| ok p=1
Q13:	|.--+-011 --..1+0- --01.0-- 1+1--1+1| ok p=1
Q14:	|.00100-0 0+..0110 0011.1.1 +111+0-1| ok p=1
Q15:	|.100-.0+ 01...1+0 01-..+0- 1-.--.-.| ok p=0.875
Q16:	|0...1.0. .+..0-.. 0.-..+.. 1-..0.+.| ok p=0.243164
Q17:	|1...+..^ .0..1.^. 1.0..1.^ .1.^-.-.| ok p=0.482422
Q18:	|+...+... .0..+^.. +.1..-.. .1....+.| ok p=0.538086
Q19:	|...0-... .-...... .....-.0 .+..^.+.| ok p=0.998047
Q20:	|^..1-..0 ...0^... ^....001 ...0..1.| ok p=1
Q21:	|...-0..1 .^.1.... 0....11- .^.1..1.| ok p=0.482422
Q22:	|....0..+ ...-.... 1.....+. ...+....| ok p=0.960938
Q23:	|...^.... ........ +.0....^ ......0.| ok p=0.97168
Q24:	|..0....^ ...^.0.. ..1...^. ...^..1.| ok p=0.927734
Q25:	|..1..... ........ ^.-..... ......-.| ok p=0.868164
Q26:	|..-..... ....0+.. ........ .0......| ok p=0.894531
Q27:	|........ ....1+.. ..^..... .1....^.| ok p=1
Q28:	|..^..... ....+-.. ........ .+......| ok p=1
Q29:	|........ .....0.. ........ .0......| ok p=0.885742
Q30:	|........ ....^1.. ........ .-......| ok p=1
Q31:	|........ ........ ........ .-......| ok p=1
Q32:	|........ ........ ........ ........| ok p=1
Q33:	|........ ........ ........ .!......| ok p=1
Q34:	|........ ........ ........ ........| ok p=1
Q35:	|........ ........ ........ ........| ok p=1
Q36:	|........ ........ ........ ........| ok p=1
Q37:	|........ ........ ........ ........| ok p=1
Q38:	|........ ........ ........ ........| ok p=1
Q39:	|........ ........ ........ ........| ok p=1
Q40:	|........ ........ ........ ........| ok p=1
Q41:	|........ ........ ........ ........| ok p=1
Q42:	|........ ........ ........ ........| ok p=1
Q43:	|........ ........ ........ ........| ok p=1
Q44:	|........ ........ ........ ........| ok p=1
Q45:	|........ ........ ........ ........| ok p=1
Q46:	|........ ........ ........ ........| ok p=1
Q47:	|........ ........ ........ ........| ok p=1
Q48:	|........ ........ ........ ........| ok p=1
Q49:	|........ ........ ........ ........| ok p=1
Q50:	|........ ........ ........ ........| ok p=1
Q51:	|........ ........ ........ ........| ok p=1
Q52:	|........ ........ ........ ........| ok p=1
Q53:	|........ ........ ........ ........| ok p=1
Q54:	|........ ........ ........ ........| ok p=1
Q55:	|........ ........ ........ ........| ok p=1
Q56:	|........ ........ ........ ........| ok p=1
Q57:	|........ ........ ........ ........| ok p=1
Q58:	|........ ........ ........ ........| ok p=1
Q59:	|........ ........ ........ ........| ok p=1
Q60:	|........ .......0 ........ ........| ok p=1
Q61:	|........ .......1 ........ ........| ok p=1
Q62:	|........ .......+ ........ ........| ok p=1
Q63:	|........ .......+ ........ ........| ok p=1
Q64:	|........ .......+ ........ ........|
Best path: totcompl=-22 tottunnel=37, totcond=548, p=0.00930673
Best paths: 2
Q-3:	|10010100 01010101 10011100 11001010|
Q-2:	|0++++++0 1+--0011 001010-1 0+11+---|
Q-1:	|-10-+++1 001+1110 001-+++1 1+01101+|
Q0:	|1-0-011- -10+1-++ ++---10+ -+-000+0| ok p=0.883789
Q1:	|1++.0-01 1..+.-00 +101-1+1 1.0..---| ok p=0.678711
Q2:	|.++0+1.- 0.....-- 0-00..-0 -0-..+0-| ok p=1
Q3:	|!.1.--.+ .^11.110 0-.+1.-. +.+..+-.| ok p=1
Q4:	|.00.-+.+ .+1..0+0 .+.-1.+. 0.+..100| ok p=1
Q5:	|..1.0+.- .1-...-. .1.-0.1. 0!...-0.| ok p=1
Q6:	|.!..--.- .1-...-. .0.+-^-. ..1..0..| ok p=1
Q7:	|.!..01.. ..+..0+! ...0-.1. .....1^1| ok p=1
Q8:	|.!..+0.0 ..+.!01. ...0..1. .0.1.++1| ok p=1
Q9:	|.!..-... ..+..-0. ....0..^ .0.1.00+| ok p=1
Q10:	|!.^.-..0 .0...-.. ....1.0- 1+0-001+| ok p=1
Q11:	|!1-.+.11 110.^+.1 1.^^..10 0-1-11--| ok p=1
Q12:	|.00^-^0+ 0+..+-.0 0^+-..-0 +1+0++0+| ok p=1
Q13:	|!--+--++ +-..1+0- --01.0-- 1+1--1+1| ok p=1
Q14:	|.00100-0 0+..0110 0011.1.1 +111+0-1| ok p=1
Q15:	|.100-00+ 01...1+0 01-..+0- 1-.--.-.| ok p=0.90332
Q16:	|0...1.0. .+..0-.. 0.-..+.. 1-..0.+.| ok p=0.238281
Q17:	|1...+..^ .0..1.^. 1.0..1.^ .1.^-.-.| ok p=0.478516
Q18:	|+...+... .0..+^.. +.1..-.. .1....+.| ok p=0.568359
Q19:	|...0-... .-...... .....-.0 .+..^.+.| ok p=0.995117
Q20:	|^..1-..0 ...0^... ^....001 ...0..1.| ok p=1
Q21:	|...-0..1 .^.1.... 0....11- .^.1..1.| ok p=0.493164
Q22:	|....0..+ ...-.... 1.....+. ...+....| ok p=0.96875
Q23:	|...^.... ........ +.0....^ ......0.| ok p=0.958984
Q24:	|..0....^ ...^.0.. ..1...^. ...^..1.| ok p=0.896484
Q25:	|..1..... ........ ^.-..... ......-.| ok p=0.876953
Q26:	|..-..... ....0+.. ........ .0......| ok p=0.869141
Q27:	|........ ....1+.. ..^..... .1....^.| ok p=1
Q28:	|..^..... ....+-.. ........ .+......| ok p=1
Q29:	|........ .....0.. ........ .0......| ok p=0.876953
Q30:	|........ ....^1.. ........ .-......| ok p=1
Q31:	|........ ........ ........ .-......| ok p=1
Q32:	|........ ........ ........ ........| ok p=1
Q33:	|........ ........ ........ .!......| ok p=1
Q34:	|........ ........ ........ ........| ok p=1
Q35:	|........ ........ ........ ........| ok p=1
Q36:	|........ ........ ........ ........| ok p=1
Q37:	|........ ........ ........ ........| ok p=1
Q38:	|........ ........ ........ ........| ok p=1
Q39:	|........ ........ ........ ........| ok p=1
Q40:	|........ ........ ........ ........| ok p=1
Q41:	|........ ........ ........ ........| ok p=1
Q42:	|........ ........ ........ ........| ok p=1
Q43:	|........ ........ ........ ........| ok p=1
Q44:	|........ ........ ........ ........| ok p=1
Q45:	|........ ........ ........ ........| ok p=1
Q46:	|........ ........ ........ ........| ok p=1
Q47:	|........ ........ ........ ........| ok p=1
Q48:	|........ ........ ........ ........| ok p=1
Q49:	|........ ........ ........ ........| ok p=1
Q50:	|........ ........ ........ ........| ok p=1
Q51:	|........ ........ ........ ........| ok p=1
Q52:	|........ ........ ........ ........| ok p=1
Q53:	|........ ........ ........ ........| ok p=1
Q54:	|........ ........ ........ ........| ok p=1
Q55:	|........ ........ ........ ........| ok p=1
Q56:	|........ ........ ........ ........| ok p=1
Q57:	|........ ........ ........ ........| ok p=1
Q58:	|........ ........ ........ ........| ok p=1
Q59:	|........ ........ ........ ........| ok p=1
Q60:	|........ .......0 ........ ........| ok p=1
Q61:	|........ .......1 ........ ........| ok p=1
Q62:	|........ .......+ ........ ........| ok p=1
Q63:	|........ .......+ ........ ........| ok p=1
Q64:	|........ .......+ ........ ........|
Best path: totcompl=-22 tottunnel=37, totcond=546, p=0.00974107
Q-3:	|10010100 01010101 10011100 11001010|
Q-2:	|0++++++0 1+--0011 001010-1 0+11+---|
Q-1:	|-10-+++1 001+1110 001-+++1 1+01101+|
Q0:	|1-0-011- -10+1-++ ++---10+ -+-000+0| ok p=0.882812
Q1:	|1++.0-01 1..+.-00 +101-1+1 1.0..---| ok p=0.648438
Q2:	|.++0+1.- 0.....-- 0-00..-0 -0-..+0-| ok p=1
Q3:	|!...--.+ .^11.110 0-.+1.-. +.+..+-.| ok p=1
Q4:	|!00.-+.+ .+10..+0 .+.-1.+. 0.+..100| ok p=1
Q5:	|!...0+.- .1-...-. .1.-011. 0!...-0.| ok p=1
Q6:	|!...--.- .1-...-. .0.+-.-. ..1..0..| ok p=1
Q7:	|.!..01.. ..+..0+! ...0-.1. .....1^1| ok p=1
Q8:	|!...+0.0 ..+.!01. ...0..1. .0.1.++1| ok p=1
Q9:	|!...-... ..+..-0. ....0..^ .0.1.00+| ok p=1
Q10:	|!.^.-..0 .0...-.. ....1.0- 1+0-001+| ok p=1
Q11:	|!1-0+.11 110.^+.1 1.^^..10 0-1-11--| ok p=1
Q12:	|.000-^0+ 0+..+-.0 0^+-..-0 +1+0++0+| ok p=1
Q13:	|.--+--++ +-..1+0- --01.0-- 1+1--1+1| ok p=1
Q14:	|.00100-0 0+..0110 0011.1.1 +111+0-1| ok p=1
Q15:	|.100-11+ 01...1+0 01-..+0- 1-.--.-.| ok p=0.863281
Q16:	|0...1.1. .+..0-.. 0.-..+.. 1-..0.+.| ok p=0.267578
Q17:	|1...+..^ .0..1.^. 1.0..1.^ .1.^-.-.| ok p=0.485352
Q18:	|+...+... .0..+^.. +.1..-.. .1....+.| ok p=0.554688
Q19:	|...0-... .-...... .....-.0 .+..^.+.| ok p=0.996094
Q20:	|^..1-..0 ...0^... ^....001 ...0..1.| ok p=1
Q21:	|...-0..1 .^.1.... 0....11- .^.1..1.| ok p=0.491211
Q22:	|....0..+ ...-.... 1.....+. ...+....| ok p=0.958984
Q23:	|...^.... ........ +.0....^ ......0.| ok p=0.964844
Q24:	|..0....^ ...^.0.. ..1...^. ...^..1.| ok p=0.921875
Q25:	|..1..... ........ ^.-..... ......-.| ok p=0.881836
Q26:	|..-..... ....0+.. ........ .0......| ok p=0.883789
Q27:	|........ ....1+.. ..^..... .1....^.| ok p=1
Q28:	|..^..... ....+-.. ........ .+......| ok p=1
Q29:	|........ .....0.. ........ .0......| ok p=0.871094
Q30:	|........ ....^1.. ........ .-......| ok p=1
Q31:	|........ ........ ........ .-......| ok p=1
Q32:	|........ ........ ........ ........| ok p=1
Q33:	|........ ........ ........ .!......| ok p=1
Q34:	|........ ........ ........ ........| ok p=1
Q35:	|........ ........ ........ ........| ok p=1
Q36:	|........ ........ ........ ........| ok p=1
Q37:	|........ ........ ........ ........| ok p=1
Q38:	|........ ........ ........ ........| ok p=1
Q39:	|........ ........ ........ ........| ok p=1
Q40:	|........ ........ ........ ........| ok p=1
Q41:	|........ ........ ........ ........| ok p=1
Q42:	|........ ........ ........ ........| ok p=1
Q43:	|........ ........ ........ ........| ok p=1
Q44:	|........ ........ ........ ........| ok p=1
Q45:	|........ ........ ........ ........| ok p=1
Q46:	|........ ........ ........ ........| ok p=1
Q47:	|........ ........ ........ ........| ok p=1
Q48:	|........ ........ ........ ........| ok p=1
Q49:	|........ ........ ........ ........| ok p=1
Q50:	|........ ........ ........ ........| ok p=1
Q51:	|........ ........ ........ ........| ok p=1
Q52:	|........ ........ ........ ........| ok p=1
Q53:	|........ ........ ........ ........| ok p=1
Q54:	|........ ........ ........ ........| ok p=1
Q55:	|........ ........ ........ ........| ok p=1
Q56:	|........ ........ ........ ........| ok p=1
Q57:	|........ ........ ........ ........| ok p=1
Q58:	|........ ........ ........ ........| ok p=1
Q59:	|........ ........ ........ ........| ok p=1
Q60:	|........ .......0 ........ ........| ok p=1
Q61:	|........ .......1 ........ ........| ok p=1
Q62:	|........ .......+ ........ ........| ok p=1
Q63:	|........ .......+ ........ ........| ok p=1
Q64:	|........ .......+ ........ ........|
Best path: totcompl=-20 tottunnel=39, totcond=546, p=0.0082953
**