Extend MD5 differential paths forward
Copyright (C) 2009 Marc Stevens
http://homepages.cwi.nl/~stevens/

delta_m[11] = [!6!]
Loading workdir0/lowerpath.bin.gz...done: 1.
Estimating maxcond for upper bound 8000000 (=2000000 * 4)...
t=1:  0%   10   20   30   40   50   60   70   80   90   100%
      |----|----|----|----|----|----|----|----|----|----|
e     ***************************************************
Found maxcond = 2176
t=1:  0%   10   20   30   40   50   60   70   80   90   100%
      |----|----|----|----|----|----|----|----|----|----|
      ***************************************************
Q-3:	|10010100 01010101 10011100 11001010|
Q-2:	|0++++++0 1+--0011 001010-1 0+11+---|
Q-1:	|-10-+++1 001+1110 001-+++1 1+01101+|
Q0:	|1-0-011- -10+1-++ ++---10+ -+-000+0| ok p=0.891602
Q1:	|1++.1-10 0...++00 +00.-1+0 0.0.-.0+| ok p=0.820312
Q2:	|..+..+.- ...-.+.+ ...+.-.+ ..-..-.-|
Saving 868352 paths...done.
Autobalance parameters: maxcond=2176
Verified: 409600 bad out of 1277952
Estimating maxcond for upper bound 8000000 (=2000000 * 4)...
t=2:  0%   10   20   30   40   50   60   70   80   90   100%
      |----|----|----|----|----|----|----|----|----|----|
e     ***************************************************
Found maxcond = 172
t=2:  0%   10   20   30   40   50   60   70   80   90   100%
      |----|----|----|----|----|----|----|----|----|----|
      ***************************************************
Q-3:	|10010100 01010101 10011100 11001010|
Q-2:	|0++++++0 1+--0011 001010-1 0+11+---|
Q-1:	|-10-+++1 001+1110 001-+++1 1+01101+|
Q0:	|1-0-011- -10+1-++ ++---10+ -+-000+0| ok p=0.515625
Q1:	|1++.1-01 1..+.-00 +01.-1+1 0.1..---| ok p=0.689453
Q2:	|.++1.0.+ 1.....++ .-11..-- 11-..0++| ok p=0.295898
Q3:	|.-.+.-.+ .+...+.. ....-..+ ..+..-..|
Saving 2000000 paths...done.
Autobalance parameters: maxcond=171
Verified: 43488 bad out of 2047073
Estimating maxcond for upper bound 8000000 (=2000000 * 4)...
t=3:  0%   10   20   30   40   50   60   70   80   90   100%
      |----|----|----|----|----|----|----|----|----|----|
e     ***************************************************
Found maxcond = 189
t=3:  0%   10   20   30   40   50   60   70   80   90   100%
      |----|----|----|----|----|----|----|----|----|----|
      ***************************************************
Q-3:	|10010100 01010101 10011100 11001010|
Q-2:	|0++++++0 1+--0011 001010-1 0+11+---|
Q-1:	|-10-+++1 001+1110 001-+++1 1+01101+|
Q0:	|1-0-011- -10+1-++ ++---10+ -+-000+0| ok p=0.879883
Q1:	|1++.0-01 1..+.-00 +110-1+1 1.0..---| ok p=0.525391
Q2:	|.++10+.+ 0....-0+ .-00..-0 -0-..+0-| ok p=0.271484
Q3:	|....--.- ...1...0 10.-1.0. +.+..11.| ok p=0.532227
Q4:	|+....-.. .+...+.. .-.+.+.. -....+.-|
Saving 1379105 paths...done.
Autobalance parameters: maxcond=189
Verified: 99455 bad out of 1478560
Estimating maxcond for upper bound 8000000 (=2000000 * 4)...
t=4:  0%   10   20   30   40   50   60   70   80   90   100%
      |----|----|----|----|----|----|----|----|----|----|
e     **************************************************Found maxcond = 207
t=4:  0%   10   20   30   40   50   60   70   80   90   100%
      |----|----|----|----|----|----|----|----|----|----|
      **************************************************Q-3:	|10010100 01010101 10011100 11001010|
Q-2:	|0++++++0 1+--0011 001010-1 0+11+---|
Q-1:	|-10-+++1 001+1110 001-+++1 1+01101+|
Q0:	|1-0-011- -10+1-++ ++---10+ -+-000+0| ok p=0.839844
Q1:	|1++00-01 1..+.-00 +010-1+1 1.0.-.0+| ok p=0.424805
Q2:	|.++0.1.+ 1V....-- .10+1.-1 -0-.0.++| ok p=0.400391
Q3:	|...-.-.+ ...0.010 1.+11.+. -.+.0.+.| ok p=0.834961
Q4:	|.11+.+.. .+....++ ..---.1. ..1....1| ok p=0.320312
Q5:	|+.+.-.+. ........ +.+.-.-. .-.-.-.+|
Saving 2000000 paths...done.
Autobalance parameters: maxcond=206
Verified: 69993 bad out of 2809594
Estimating maxcond for upper bound 8000000 (=2000000 * 4)...
t=5:  0%   10   20   30   40   50   60   70   80   90   100%
      |----|----|----|----|----|----|----|----|----|----|
e     ***************************************************
Found maxcond = 221
t=5:  0%   10   20   30   40   50   60   70   80   90   100%
      |----|----|----|----|----|----|----|----|----|----|
      ***************************************************
Q-3:	|10010100 01010101 10011100 11001010|
Q-2:	|0++++++0 1+--0011 001010-1 0+11+---|
Q-1:	|-10-+++1 001+1110 001-+++1 1+01101+|
Q0:	|1-0-011- -10+1-++ ++---10+ -+-000+0| ok p=0.870117
Q1:	|+0-11-01 1..+.-00 +01.-1+1 1.0..---| ok p=0.761719
Q2:	|-0-1.0.+ 1.V...-- .-01..1+ 00-..+0-| ok p=0.0126953
Q3:	|-..+.+.- ..01.100 000.0.-- ..+..+-.| ok p=0.455078
Q4:	|..00.-.- ..+...++ .1-...0+ ..+..+-0| ok p=0.753906
Q5:	|1..1.0.. ..-...00 ..-...-1 ........| ok p=0.490234
Q6:	|.-..+.+. ........ .+.-.+.. .+......|
Saving 2000000 paths...done.
Autobalance parameters: maxcond=220
Verified: 153876 bad out of 3089510
Estimating maxcond for upper bound 8000000 (=2000000 * 4)...
t=6:  0%   10   20   30   40   50   60   70   80   90   100%
      |----|----|----|----|----|----|----|----|----|----|
e     ***************************************************
Found maxcond = 235
t=6:  0%   10   20   30   40   50   60   70   80   90   100%
      |----|----|----|----|----|----|----|----|----|----|
      ***************************************************
Q-3:	|10010100 01010101 10011100 11001010|
Q-2:	|0++++++0 1+--0011 001010-1 0+11+---|
Q-1:	|-10-+++1 001+1110 001-+++1 1+01101+|
Q0:	|1-0-011- -10+1-++ ++---10+ -+-000+0| ok p=0.904297
Q1:	|1++00-01 1..+.-00 +110-1+1 1.0..---| ok p=0.760742
Q2:	|.++1.+.+ 0V...-0+ .-10.V-0 -0-..+0-| ok p=0.59082
Q3:	|.+.-.+.- ...1.0.0 00.-0.1. +.+..10.| ok p=0.491211
Q4:	|.-00V-.1 .-.V.0.1 .-.+.+0. -.+..1.0| ok p=0.385742
Q5:	|.+.0.1.0 .0...-.. .-.+.0.. -.......| ok p=0.558594
Q6:	|.1..+1.. .-.+.+.. .....+.. +.1.....| ok p=0.280273
Q7:	|+...+... ...+.+.+ ..-.+.+. +.......|
Saving 2000000 paths...done.
Autobalance parameters: maxcond=234
Verified: 96573 bad out of 2765827
Estimating maxcond for upper bound 8000000 (=2000000 * 4)...
t=7:  0%   10   20   30   40   50   60   70   80   90   100%
      |----|----|----|----|----|----|----|----|----|----|
e     ***************************************************
Found maxcond = 247
t=7:  0%   10   20   30   40   50   60   70   80   90   100%
      |----|----|----|----|----|----|----|----|----|----|
      ***************************************************
Q-3:	|10010100 01010101 10011100 11001010|
Q-2:	|0++++++0 1+--0011 001010-1 0+11+---|
Q-1:	|-10-+++1 001+1110 001-+++1 1+01101+|
Q0:	|1-0-011- -10+1-++ ++---10+ -+-000+0| ok p=0.87793
Q1:	|1++.0-01 1..+.-00 +100-1+1 1.0..---| ok p=0.637695
Q2:	|.++0+1.- 0V....-- .-00..-0 -0-..+0-| ok p=0.274414
Q3:	|....--.+ ..V1.110 0-.+1.-. +.+..+-.| ok p=0.890625
Q4:	|.00.-+.+ .+1...+0 .+.-0.+. 0.+..+00| ok p=0.705078
Q5:	|....0+.- .0-...-. .1.-1.1. 0.....0.| ok p=0.705078
Q6:	|....--.- .1-...-. .+..+.-. ..1..1..| ok p=0.900391
Q7:	|....00.. ..+...+. .+.1-.0. ........| ok p=0.524414
Q8:	|+...+..+ ..+...+. .+...... ...+...-|
Saving 2000000 paths...done.
Autobalance parameters: maxcond=245
Verified: 43542 bad out of 3600385
Estimating maxcond for upper bound 8000000 (=2000000 * 4)...
t=8:  0%   10   20   30   40   50   60   70   80   90   100%
      |----|----|----|----|----|----|----|----|----|----|
e     ***************************************************
Found maxcond = 257
t=8:  0%   10   20   30   40   50   60   70   80   90   100%
      |----|----|----|----|----|----|----|----|----|----|
      ***************************************************
Q-3:	|10010100 01010101 10011100 11001010|
Q-2:	|0++++++0 1+--0011 001010-1 0+11+---|
Q-1:	|-10-+++1 001+1110 001-+++1 1+01101+|
Q0:	|1-0-011- -10+1-++ ++---10+ -+-000+0| ok p=0.844727
Q1:	|1++.0-01 1..+.-00 +101-1+1 1.0..---| ok p=0.655273
Q2:	|.++0+1.- 0V....-- .-00..-0 -0-..+0-| ok p=0.287109
Q3:	|....--.+ ..V1.110 0-.+1.-. +.+..+-.| ok p=0.887695
Q4:	|.00.-+.+ .+1...+0 .+.-0.+. 0.+..100| ok p=0.62207
Q5:	|....+-.- .0-...-. .1.-1.1. 0....-0.| ok p=0.700195
Q6:	|....--.- .1-...-. .0.1+.-. ..1..-..| ok p=0.912109
Q7:	|....1..0 ..+...+. ...-0.1. .....-..| ok p=0.845703
Q8:	|....+1.- ..+...-. ...0-.1. .....+..| ok p=0.561523
Q9:	|+...-.-. ..+.-.+. ...-.+.. .....+.+|
Saving 2000000 paths...done.
Autobalance parameters: maxcond=256
Verified: 184 bad out of 2898203
Estimating maxcond for upper bound 8000000 (=2000000 * 4)...
t=9:  0%   10   20   30   40   50   60   70   80   90   100%
      |----|----|----|----|----|----|----|----|----|----|
e     ***************************************************
Found maxcond = 268
t=9:  0%   10   20   30   40   50   60   70   80   90   100%
      |----|----|----|----|----|----|----|----|----|----|
      ***************************************************
Q-3:	|10010100 01010101 10011100 11001010|
Q-2:	|0++++++0 1+--0011 001010-1 0+11+---|
Q-1:	|-10-+++1 001+1110 001-+++1 1+01101+|
Q0:	|1-0-011- -10+1-++ ++---10+ -+-000+0| ok p=0.866211
Q1:	|1++.0-01 1..+.-00 +101-1+1 1.0..---| ok p=0.649414
Q2:	|.++0+1.- 0V....-- .-00..-0 -0-..+0-| ok p=0.256836
Q3:	|....--.+ ..V1.110 0-.+1.-. +.+..+-.| ok p=0.878906
Q4:	|.00.-+.+ .+1...+0 .+.-1.+. 0.+..100| ok p=0.672852
Q5:	|....0+.- .1-...-. .1.-0.1. 0....-0.| ok p=0.703125
Q6:	|....--.- .1-...-. .0.+-.-. ..1..0V.| ok p=0.944336
Q7:	|....00.0 ..+...+. ...0-.1. .....1.V| ok p=0.96582
Q8:	|....+0.0 ..+...+. ...0..1. .....++.| ok p=0.896484
Q9:	|....-..- ..+...-. ....1... .....00+| ok p=0.955078
Q10:	|....-... -.....-. .......- .+.-...+|
Saving 2000000 paths...done.
Autobalance parameters: maxcond=267
Verified: 204 bad out of 2251535
Estimating maxcond for upper bound 8000000 (=2000000 * 4)...
t=10: 0%   10   20   30   40   50   60   70   80   90   100%
      |----|----|----|----|----|----|----|----|----|----|
e     ***************************************************
Found maxcond = 279
t=10: 0%   10   20   30   40   50   60   70   80   90   100%
      |----|----|----|----|----|----|----|----|----|----|
      ***************************************************
Q-3:	|10010100 01010101 10011100 11001010|
Q-2:	|0++++++0 1+--0011 001010-1 0+11+---|
Q-1:	|-10-+++1 001+1110 001-+++1 1+01101+|
Q0:	|1-0-011- -10+1-++ ++---10+ -+-000+0| ok p=0.859375
Q1:	|1++.0-01 1..+.-00 +101-1+1 1.0..---| ok p=0.655273
Q2:	|.++0+1.- 0V....-- .-00..-0 -0-..+0-| ok p=0.258789
Q3:	|....--.+ ..V1.110 0-.+1.-. +.+..+-.| ok p=0.87793
Q4:	|.00.-+.+ .+1...+0 .+.-0.+. 0.+..100| ok p=0.648438
Q5:	|....0+.- .1-...-. .1.-1.1. 0....-0.| ok p=0.688477
Q6:	|....--.- .1-...-. .0.0+.-. ..1.V0..| ok p=0.917969
Q7:	|....10.. ..+..V+. ...-+.1. ....11.V| ok p=0.882812
Q8:	|....+1.0 ..+..11. ...0..1. .V..++.1| ok p=0.828125
Q9:	|....-... ..+..-0. ...00... ....++.+| ok p=0.973633
Q10:	|....-... .....-.. ........ .-...-.+| ok p=0.947266
Q11:	|..-.+... ...+.+.. ........ .+.....+|
Saving 2000000 paths...done.
Autobalance parameters: maxcond=278
Verified: 3658 bad out of 2333741
Runtime: 182.068
Extend MD5 differential paths forward
Copyright (C) 2009 Marc Stevens
http://homepages.cwi.nl/~stevens/

delta_m[11] = [!6!]
Loading workdir0/paths10_0of1...done: 2000000 (work:2000000).
Estimating maxcond for upper bound 2000000 (=500000 * 4)...
t=11: 0%   10   20   30   40   50   60   70   80   90   100%
      |----|----|----|----|----|----|----|----|----|----|
e     ***************************************************
Found maxcond = 288
t=11: 0%   10   20   30   40   50   60   70   80   90   100%
      |----|----|----|----|----|----|----|----|----|----|
      ***************************************************
Q-3:	|10010100 01010101 10011100 11001010|
Q-2:	|0++++++0 1+--0011 001010-1 0+11+---|
Q-1:	|-10-+++1 001+1110 001-+++1 1+01101+|
Q0:	|1-0-011- -10+1-++ ++---10+ -+-000+0| ok p=0.871094
Q1:	|1++.0-01 1..+.-00 +101-1+1 1.0..---| ok p=0.639648
Q2:	|.++0+1.- 0V....-- .-00..-0 -0-..+0-| ok p=0.276367
Q3:	|....--.+ ..V1.110 0-.+1.-. +.+..+-.| ok p=0.865234
Q4:	|.00.-+.+ .+1...+0 .+.-1.+. 0.+..100| ok p=0.664062
Q5:	|....0+.- .1-...-. .1.-0.1. 0....-0.| ok p=0.694336
Q6:	|....--.- .1-...-. .0.+-.-. ..1..0V.| ok p=0.913086
Q7:	|....10.. ..+1.V+. ...0-.1. .....1.V| ok p=0.984375
Q8:	|....+0.0 ..+0.01. ...1..1. .V.V.++.| ok p=0.834961
Q9:	|...V-... ...+.+0. ....0... .....+0+| ok p=0.977539
Q10:	|....-... ..1-.+.. ........ .-.-.+00| ok p=0.945312
Q11:	|...--... ...0.... ........ .0.0...1| ok p=0.930664
Q12:	|....-.+. +....... ...+.-.+ ........|
Saving 500000 paths...done.
Autobalance parameters: maxcond=287
Verified: 32 bad out of 655013
Runtime: 14.7781
