MD5 differential path toolbox
Copyright (C) 2009 Marc Stevens
http://homepages.cwi.nl/~stevens/

IHV1   = {2488638666,3620486304,3509465498,11742007}
IHV1   = ca9c5594a03cccd79a312ed1372bb300

IHV2   = {2488638666,2254161218,1329475547,2126719352}
IHV2   = ca9c559442c55b86db2f3e4f7829c37e

dIHV   = {0,2928642210,2114977345,2114977345}
NC0: delta c = delta d = [!-0,31!]
NC0: delta b           = [!-0,-23,31!]
NC1: delta c = delta d = [!-6!]
NC1: delta b           = [!-6,28!]
NC2: delta c = delta d = [!9!]
NC2: delta b           = [!-0,9,-30!]
NC3: delta c = delta d = [!16!]
NC3: delta b           = [!16!]
NC4: delta c = delta d = [!-16!]
NC4: delta b           = [!5,-7,-16!]
NC5: delta c = delta d = [!-20!]
NC5: delta b           = [!-9,-11,-20!]
NC6: delta c = delta d = [!25!]
NC6: delta b           = [!15,25!]
NC0: prob=-10.9611
NC1: prob=-5.16177
NC2: prob=-6.07507
NC3: prob=-3.49005
NC4: prob=-6.92709
NC5: prob=-8.40801
NC6: prob=-5.88643
delta m_11 = [!6!]
Q-3:	|10010100 01010101 10011100 11001010|
Q-2:	|0++++++0 1+--0011 001010-1 0+11+---|
Q-1:	|-10-+++1 001+1110 001-+++1 1+01101+|
Q0:	|1-0-011- -10+1-++ ++---10+ -+-000+0| ok p=0.624023
Q1:	|+.-..-.. ...+.-.. +...-.+. ....-..+|
Saved lower diff. path to 'workdir0/lowerpath.bin.gz'.

Q32:	|........ ........ ........ ........|
Q33:	|........ ........ ........ ........|
Q34:	|........ ........ ........ ........|
Q35:	|........ ........ ........ ........| ok p=1
Q36:	|........ ........ ........ ........| ok p=1
Q37:	|........ ........ ........ ........| ok p=1
Q38:	|........ ........ ........ ........| ok p=1
Q39:	|........ ........ ........ ........| ok p=1
Q40:	|........ ........ ........ ........| ok p=1
Q41:	|........ ........ ........ ........| ok p=1
Q42:	|........ ........ ........ ........| ok p=1
Q43:	|........ ........ ........ ........| ok p=1
Q44:	|........ ........ ........ ........| ok p=1
Q45:	|........ ........ ........ ........| ok p=1
Q46:	|........ ........ ........ ........| ok p=1
Q47:	|........ ........ ........ ........| ok p=1
Q48:	|........ ........ ........ ........| ok p=1
Q49:	|........ ........ ........ ........| ok p=1
Q50:	|........ ........ ........ ........| ok p=1
Q51:	|........ ........ ........ ........| ok p=1
Q52:	|........ ........ ........ ........| ok p=1
Q53:	|........ ........ ........ ........| ok p=1
Q54:	|........ ........ ........ ........| ok p=1
Q55:	|........ ........ ........ ........| ok p=1
Q56:	|........ ........ ........ ........| ok p=1
Q57:	|........ ........ ........ ........| ok p=1
Q58:	|........ ........ ........ ........| ok p=1
Q59:	|........ ........ ........ ........| ok p=1
Q60:	|........ .......0 ........ ........| ok p=1
Q61:	|........ .......1 ........ ........| ok p=1
Q62:	|........ .......+ ........ ........| ok p=1
Q63:	|........ .......+ ........ ........| ok p=1
Q64:	|........ .......+ ........ ........|
Saved upper diff. path to 'workdir0/upperpath.bin.gz'.
Saved 'md5diffpathforward.cfg'.
Saved 'md5diffpathbackward.cfg'.
Saved 'md5diffpathconnect.cfg'.
Saved 'md5diffpathhelper.cfg'.
