Extend MD5 differential paths backward
Copyright (C) 2009 Marc Stevens
http://homepages.cwi.nl/~stevens/

delta_m[11] = [!-28!]
Loading workdir1/upperpath.bin.gz...done: 1.
Estimating maxcond for upper bound 262144 (=65536 * 4)...
t=34: 0%   10   20   30   40   50   60   70   80   90   100%
      |----|----|----|----|----|----|----|----|----|----|
e     ***************************************************
Found maxcond = 2176
t=34: 0%   10   20   30   40   50   60   70   80   90   100%
      |----|----|----|----|----|----|----|----|----|----|
      ***************************************************
Q31:	|...+.... ........ ........ ........|
Q32:	|........ ........ ........ ........|
Q33:	|........ ........ ........ ........|
Q34:	|........ ........ ........ ........| ok p=1
Q35:	|........ ........ ........ ........| ok p=1
Q36:	|........ ........ ........ ........| ok p=1
Q37:	|........ ........ ........ ........| ok p=1
Q38:	|........ ........ ........ ........| ok p=1
Q39:	|........ ........ ........ ........| ok p=1
Q40:	|........ ........ ........ ........| ok p=1
Q41:	|........ ........ ........ ........| ok p=1
Q42:	|........ ........ ........ ........| ok p=1
Q43:	|........ ........ ........ ........| ok p=1
Q44:	|........ ........ ........ ........| ok p=1
Q45:	|........ ........ ........ ........| ok p=1
Q46:	|........ ........ ........ ........| ok p=1
Q47:	|........ ........ ........ ........| ok p=1
Q48:	|........ ........ ........ ........| ok p=1
Q49:	|........ ........ ........ ........| ok p=1
Q50:	|........ ........ ........ ........| ok p=1
Q51:	|........ ........ ........ ........| ok p=1
Q52:	|........ ........ ........ ........| ok p=1
Q53:	|........ ........ ........ ........| ok p=1
Q54:	|........ ........ ........ ........| ok p=1
Q55:	|........ ........ ........ ........| ok p=1
Q56:	|........ ........ ........ ........| ok p=1
Q57:	|........ ........ ........ ........| ok p=1
Q58:	|........ ........ ........ ........| ok p=1
Q59:	|........ ........ ........ ........| ok p=1
Q60:	|........ ........ ........ .0......| ok p=1
Q61:	|........ ........ ........ 11......| ok p=0.875977
Q62:	|........ ........ ........ 1-......| ok p=1
Q63:	|........ ........ ........ -+......| ok p=0.941406
Q64:	|...+.... ........ ........ .-......|
Saving 1 paths...done.
Autobalance parameters: maxcond=2176
Verified: 0 bad out of 1
Estimating maxcond for upper bound 262144 (=65536 * 4)...
t=33: 0%   10   20   30   40   50   60   70   80   90   100%
      |----|----|----|----|----|----|----|----|----|----|
e     ***************************************************
Found maxcond = 2176
t=33: 0%   10   20   30   40   50   60   70   80   90   100%
      |----|----|----|----|----|----|----|----|----|----|
      ***************************************************
Q30:	|...-.... ........ ........ ........|
Q31:	|...+.... ........ ........ ........|
Q32:	|........ ........ ........ ........|
Q33:	|...^.... ........ ........ ........| ok p=1
Q34:	|........ ........ ........ ........| ok p=1
Q35:	|........ ........ ........ ........| ok p=1
Q36:	|........ ........ ........ ........| ok p=1
Q37:	|........ ........ ........ ........| ok p=1
Q38:	|........ ........ ........ ........| ok p=1
Q39:	|........ ........ ........ ........| ok p=1
Q40:	|........ ........ ........ ........| ok p=1
Q41:	|........ ........ ........ ........| ok p=1
Q42:	|........ ........ ........ ........| ok p=1
Q43:	|........ ........ ........ ........| ok p=1
Q44:	|........ ........ ........ ........| ok p=1
Q45:	|........ ........ ........ ........| ok p=1
Q46:	|........ ........ ........ ........| ok p=1
Q47:	|........ ........ ........ ........| ok p=1
Q48:	|........ ........ ........ ........| ok p=1
Q49:	|........ ........ ........ ........| ok p=1
Q50:	|........ ........ ........ ........| ok p=1
Q51:	|........ ........ ........ ........| ok p=1
Q52:	|........ ........ ........ ........| ok p=1
Q53:	|........ ........ ........ ........| ok p=1
Q54:	|........ ........ ........ ........| ok p=1
Q55:	|........ ........ ........ ........| ok p=1
Q56:	|........ ........ ........ ........| ok p=1
Q57:	|........ ........ ........ ........| ok p=1
Q58:	|........ ........ ........ ........| ok p=1
Q59:	|........ ........ ........ ........| ok p=1
Q60:	|........ ........ ........ .0......| ok p=1
Q61:	|........ ........ ........ 11......| ok p=0.870117
Q62:	|........ ........ ........ 1-......| ok p=1
Q63:	|........ ........ ........ -+......| ok p=0.927734
Q64:	|...+.... ........ ........ .-......|
Saving 46 paths...done.
Autobalance parameters: maxcond=2176
Verified: 0 bad out of 46
Estimating maxcond for upper bound 262144 (=65536 * 4)...
t=32: 0%   10   20   30   40   50   60   70   80   90   100%
      |----|----|----|----|----|----|----|----|----|----|
e     ***************************************************
Found maxcond = 2176
t=32: 0%   10   20   30   40   50   60   70   80   90   100%
      |----|----|----|----|----|----|----|----|----|----|
      ***************************************************
Q29:	|........ ........ ........ ........|
Q30:	|...-.... ........ ........ ........|
Q31:	|...+.... ........ ........ ........|
Q32:	|........ ........ ........ ........| ok p=1
Q33:	|...^.... ........ ........ ........| ok p=1
Q34:	|........ ........ ........ ........| ok p=1
Q35:	|........ ........ ........ ........| ok p=1
Q36:	|........ ........ ........ ........| ok p=1
Q37:	|........ ........ ........ ........| ok p=1
Q38:	|........ ........ ........ ........| ok p=1
Q39:	|........ ........ ........ ........| ok p=1
Q40:	|........ ........ ........ ........| ok p=1
Q41:	|........ ........ ........ ........| ok p=1
Q42:	|........ ........ ........ ........| ok p=1
Q43:	|........ ........ ........ ........| ok p=1
Q44:	|........ ........ ........ ........| ok p=1
Q45:	|........ ........ ........ ........| ok p=1
Q46:	|........ ........ ........ ........| ok p=1
Q47:	|........ ........ ........ ........| ok p=1
Q48:	|........ ........ ........ ........| ok p=1
Q49:	|........ ........ ........ ........| ok p=1
Q50:	|........ ........ ........ ........| ok p=1
Q51:	|........ ........ ........ ........| ok p=1
Q52:	|........ ........ ........ ........| ok p=1
Q53:	|........ ........ ........ ........| ok p=1
Q54:	|........ ........ ........ ........| ok p=1
Q55:	|........ ........ ........ ........| ok p=1
Q56:	|........ ........ ........ ........| ok p=1
Q57:	|........ ........ ........ ........| ok p=1
Q58:	|........ ........ ........ ........| ok p=1
Q59:	|........ ........ ........ ........| ok p=1
Q60:	|........ ........ ........ .0......| ok p=1
Q61:	|........ ........ ........ 11......| ok p=0.844727
Q62:	|........ ........ ........ 1-......| ok p=1
Q63:	|........ ........ ........ -+......| ok p=0.944336
Q64:	|...+.... ........ ........ .-......|
Saving 806 paths...done.
Autobalance parameters: maxcond=2176
Verified: 0 bad out of 806
Estimating maxcond for upper bound 262144 (=65536 * 4)...
t=31: 0%   10   20   30   40   50   60   70   80   90   100%
      |----|----|----|----|----|----|----|----|----|----|
e     ***************************************************
Found maxcond = 2176
t=31: 0%   10   20   30   40   50   60   70   80   90   100%
      |----|----|----|----|----|----|----|----|----|----|
      ***************************************************
Q28:	|...-.... ........ .......- ........|
Q29:	|........ ........ ........ ........|
Q30:	|...+.... ........ ........ ........|
Q31:	|...+.... ........ ........ ........| ok p=0.948242
Q32:	|........ ........ ........ ........| ok p=1
Q33:	|...!.... ........ ........ ........| ok p=1
Q34:	|........ ........ ........ ........| ok p=1
Q35:	|........ ........ ........ ........| ok p=1
Q36:	|........ ........ ........ ........| ok p=1
Q37:	|........ ........ ........ ........| ok p=1
Q38:	|........ ........ ........ ........| ok p=1
Q39:	|........ ........ ........ ........| ok p=1
Q40:	|........ ........ ........ ........| ok p=1
Q41:	|........ ........ ........ ........| ok p=1
Q42:	|........ ........ ........ ........| ok p=1
Q43:	|........ ........ ........ ........| ok p=1
Q44:	|........ ........ ........ ........| ok p=1
Q45:	|........ ........ ........ ........| ok p=1
Q46:	|........ ........ ........ ........| ok p=1
Q47:	|........ ........ ........ ........| ok p=1
Q48:	|........ ........ ........ ........| ok p=1
Q49:	|........ ........ ........ ........| ok p=1
Q50:	|........ ........ ........ ........| ok p=1
Q51:	|........ ........ ........ ........| ok p=1
Q52:	|........ ........ ........ ........| ok p=1
Q53:	|........ ........ ........ ........| ok p=1
Q54:	|........ ........ ........ ........| ok p=1
Q55:	|........ ........ ........ ........| ok p=1
Q56:	|........ ........ ........ ........| ok p=1
Q57:	|........ ........ ........ ........| ok p=1
Q58:	|........ ........ ........ ........| ok p=1
Q59:	|........ ........ ........ ........| ok p=1
Q60:	|........ ........ ........ .0......| ok p=1
Q61:	|........ ........ ........ 11......| ok p=0.861328
Q62:	|........ ........ ........ 1-......| ok p=1
Q63:	|........ ........ ........ -+......| ok p=0.93457
Q64:	|...+.... ........ ........ .-......|
Saving 24087 paths...done.
Autobalance parameters: maxcond=2176
Verified: 0 bad out of 24087
Estimating maxcond for upper bound 262144 (=65536 * 4)...
t=30: 0%   10   20   30   40   50   60   70   80   90   100%
      |----|----|----|----|----|----|----|----|----|----|
e     **************************************************Found maxcond = 21
t=30: 0%   10   20   30   40   50   60   70   80   90   100%
      |----|----|----|----|----|----|----|----|----|----|
      **************************************************Q27:	|........ ........ +....... ........|
Q28:	|...+.... ........ .......- ........|
Q29:	|...0.... ........ ........ ........|
Q30:	|...-.... ........ .......^ ........| ok p=0.874023
Q31:	|...+.... ........ ........ ........| ok p=0.949219
Q32:	|........ ........ ........ ........| ok p=1
Q33:	|...^.... ........ ........ ........| ok p=1
Q34:	|........ ........ ........ ........| ok p=1
Q35:	|........ ........ ........ ........| ok p=1
Q36:	|........ ........ ........ ........| ok p=1
Q37:	|........ ........ ........ ........| ok p=1
Q38:	|........ ........ ........ ........| ok p=1
Q39:	|........ ........ ........ ........| ok p=1
Q40:	|........ ........ ........ ........| ok p=1
Q41:	|........ ........ ........ ........| ok p=1
Q42:	|........ ........ ........ ........| ok p=1
Q43:	|........ ........ ........ ........| ok p=1
Q44:	|........ ........ ........ ........| ok p=1
Q45:	|........ ........ ........ ........| ok p=1
Q46:	|........ ........ ........ ........| ok p=1
Q47:	|........ ........ ........ ........| ok p=1
Q48:	|........ ........ ........ ........| ok p=1
Q49:	|........ ........ ........ ........| ok p=1
Q50:	|........ ........ ........ ........| ok p=1
Q51:	|........ ........ ........ ........| ok p=1
Q52:	|........ ........ ........ ........| ok p=1
Q53:	|........ ........ ........ ........| ok p=1
Q54:	|........ ........ ........ ........| ok p=1
Q55:	|........ ........ ........ ........| ok p=1
Q56:	|........ ........ ........ ........| ok p=1
Q57:	|........ ........ ........ ........| ok p=1
Q58:	|........ ........ ........ ........| ok p=1
Q59:	|........ ........ ........ ........| ok p=1
Q60:	|........ ........ ........ .0......| ok p=1
Q61:	|........ ........ ........ 11......| ok p=0.87207
Q62:	|........ ........ ........ 1-......| ok p=1
Q63:	|........ ........ ........ -+......| ok p=0.93457
Q64:	|...+.... ........ ........ .-......|
Saving 65536 paths...done.
Autobalance parameters: maxcond=19
Verified: 1419 bad out of 123002
Runtime: 2.39212
Extend MD5 differential paths backward
Copyright (C) 2009 Marc Stevens
http://homepages.cwi.nl/~stevens/

delta_m[11] = [!-28!]
Loading workdir1/paths30_0of1...done: 65536 (work:65536).
Estimating maxcond for upper bound 400000 (=100000 * 4)...
t=29: 0%   10   20   30   40   50   60   70   80   90   100%
      |----|----|----|----|----|----|----|----|----|----|
e     ***************************************************
Found maxcond = 23
t=29: 0%   10   20   30   40   50   60   70   80   90   100%
      |----|----|----|----|----|----|----|----|----|----|
      ***************************************************
Q26:	|...+.... ....+... ........ ........|
Q27:	|...-.... ........ .......1 ........|
Q28:	|...-.... ........ .......- ........|
Q29:	|...1.... ........ ........ ........| ok p=0.944336
Q30:	|...+.... ........ .......^ ........| ok p=1
Q31:	|...+.... ........ ........ ........| ok p=0.947266
Q32:	|........ ........ ........ ........| ok p=1
Q33:	|...!.... ........ ........ ........| ok p=1
Q34:	|........ ........ ........ ........| ok p=1
Q35:	|........ ........ ........ ........| ok p=1
Q36:	|........ ........ ........ ........| ok p=1
Q37:	|........ ........ ........ ........| ok p=1
Q38:	|........ ........ ........ ........| ok p=1
Q39:	|........ ........ ........ ........| ok p=1
Q40:	|........ ........ ........ ........| ok p=1
Q41:	|........ ........ ........ ........| ok p=1
Q42:	|........ ........ ........ ........| ok p=1
Q43:	|........ ........ ........ ........| ok p=1
Q44:	|........ ........ ........ ........| ok p=1
Q45:	|........ ........ ........ ........| ok p=1
Q46:	|........ ........ ........ ........| ok p=1
Q47:	|........ ........ ........ ........| ok p=1
Q48:	|........ ........ ........ ........| ok p=1
Q49:	|........ ........ ........ ........| ok p=1
Q50:	|........ ........ ........ ........| ok p=1
Q51:	|........ ........ ........ ........| ok p=1
Q52:	|........ ........ ........ ........| ok p=1
Q53:	|........ ........ ........ ........| ok p=1
Q54:	|........ ........ ........ ........| ok p=1
Q55:	|........ ........ ........ ........| ok p=1
Q56:	|........ ........ ........ ........| ok p=1
Q57:	|........ ........ ........ ........| ok p=1
Q58:	|........ ........ ........ ........| ok p=1
Q59:	|........ ........ ........ ........| ok p=1
Q60:	|........ ........ ........ .0......| ok p=1
Q61:	|........ ........ ........ 11......| ok p=0.874023
Q62:	|........ ........ ........ 1-......| ok p=1
Q63:	|........ ........ ........ -+......| ok p=0.939453
Q64:	|...+.... ........ ........ .-......|
Saving 100000 paths...done.
Autobalance parameters: maxcond=21
Verified: 1552 bad out of 172372
Estimating maxcond for upper bound 400000 (=100000 * 4)...
t=28: 0%   10   20   30   40   50   60   70   80   90   100%
      |----|----|----|----|----|----|----|----|----|----|
e     ***************************************************
Found maxcond = 25
t=28: 0%   10   20   30   40   50   60   70   80   90   100%
      |----|----|----|----|----|----|----|----|----|----|
      ***************************************************
Q25:	|...+.... +....... ........ ....+...|
Q26:	|...+.... ....+... .......+ ........|
Q27:	|...-.... ........ .......0 ........|
Q28:	|...-.... ....^... .......- ........| ok p=0.935547
Q29:	|...1.... ........ ........ ........| ok p=0.936523
Q30:	|...+.... ........ .......^ ........| ok p=1
Q31:	|...+.... ........ ........ ........| ok p=0.9375
Q32:	|........ ........ ........ ........| ok p=1
Q33:	|...!.... ........ ........ ........| ok p=1
Q34:	|........ ........ ........ ........| ok p=1
Q35:	|........ ........ ........ ........| ok p=1
Q36:	|........ ........ ........ ........| ok p=1
Q37:	|........ ........ ........ ........| ok p=1
Q38:	|........ ........ ........ ........| ok p=1
Q39:	|........ ........ ........ ........| ok p=1
Q40:	|........ ........ ........ ........| ok p=1
Q41:	|........ ........ ........ ........| ok p=1
Q42:	|........ ........ ........ ........| ok p=1
Q43:	|........ ........ ........ ........| ok p=1
Q44:	|........ ........ ........ ........| ok p=1
Q45:	|........ ........ ........ ........| ok p=1
Q46:	|........ ........ ........ ........| ok p=1
Q47:	|........ ........ ........ ........| ok p=1
Q48:	|........ ........ ........ ........| ok p=1
Q49:	|........ ........ ........ ........| ok p=1
Q50:	|........ ........ ........ ........| ok p=1
Q51:	|........ ........ ........ ........| ok p=1
Q52:	|........ ........ ........ ........| ok p=1
Q53:	|........ ........ ........ ........| ok p=1
Q54:	|........ ........ ........ ........| ok p=1
Q55:	|........ ........ ........ ........| ok p=1
Q56:	|........ ........ ........ ........| ok p=1
Q57:	|........ ........ ........ ........| ok p=1
Q58:	|........ ........ ........ ........| ok p=1
Q59:	|........ ........ ........ ........| ok p=1
Q60:	|........ ........ ........ .0......| ok p=1
Q61:	|........ ........ ........ 11......| ok p=0.860352
Q62:	|........ ........ ........ 1-......| ok p=1
Q63:	|........ ........ ........ -+......| ok p=0.936523
Q64:	|...+.... ........ ........ .-......|
Saving 100000 paths...done.
Autobalance parameters: maxcond=23
Verified: 0 bad out of 168140
Estimating maxcond for upper bound 400000 (=100000 * 4)...
t=27: 0%   10   20   30   40   50   60   70   80   90   100%
      |----|----|----|----|----|----|----|----|----|----|
e     ***************************************************
Found maxcond = 28
t=27: 0%   10   20   30   40   50   60   70   80   90   100%
      |----|----|----|----|----|----|----|----|----|----|
      ***************************************************
Q24:	|........ ...-.... .......- ........|
Q25:	|........ +...1... ........ ....+...|
Q26:	|...0.... ....+... .......0 ........|
Q27:	|...1.... ^....... .......1 ....^...| ok p=0.939453
Q28:	|...-.... ....^... .......- ........| ok p=0.932617
Q29:	|...0.... ........ ........ ........| ok p=0.944336
Q30:	|...+.... ........ .......^ ........| ok p=1
Q31:	|...+.... ........ ........ ........| ok p=0.941406
Q32:	|........ ........ ........ ........| ok p=1
Q33:	|...!.... ........ ........ ........| ok p=1
Q34:	|........ ........ ........ ........| ok p=1
Q35:	|........ ........ ........ ........| ok p=1
Q36:	|........ ........ ........ ........| ok p=1
Q37:	|........ ........ ........ ........| ok p=1
Q38:	|........ ........ ........ ........| ok p=1
Q39:	|........ ........ ........ ........| ok p=1
Q40:	|........ ........ ........ ........| ok p=1
Q41:	|........ ........ ........ ........| ok p=1
Q42:	|........ ........ ........ ........| ok p=1
Q43:	|........ ........ ........ ........| ok p=1
Q44:	|........ ........ ........ ........| ok p=1
Q45:	|........ ........ ........ ........| ok p=1
Q46:	|........ ........ ........ ........| ok p=1
Q47:	|........ ........ ........ ........| ok p=1
Q48:	|........ ........ ........ ........| ok p=1
Q49:	|........ ........ ........ ........| ok p=1
Q50:	|........ ........ ........ ........| ok p=1
Q51:	|........ ........ ........ ........| ok p=1
Q52:	|........ ........ ........ ........| ok p=1
Q53:	|........ ........ ........ ........| ok p=1
Q54:	|........ ........ ........ ........| ok p=1
Q55:	|........ ........ ........ ........| ok p=1
Q56:	|........ ........ ........ ........| ok p=1
Q57:	|........ ........ ........ ........| ok p=1
Q58:	|........ ........ ........ ........| ok p=1
Q59:	|........ ........ ........ ........| ok p=1
Q60:	|........ ........ ........ .0......| ok p=1
Q61:	|........ ........ ........ 11......| ok p=0.875
Q62:	|........ ........ ........ 1-......| ok p=1
Q63:	|........ ........ ........ -+......| ok p=0.922852
Q64:	|...+.... ........ ........ .-......|
Saving 100000 paths...done.
Autobalance parameters: maxcond=26
Verified: 0 bad out of 172562
Estimating maxcond for upper bound 400000 (=100000 * 4)...
t=26: 0%   10   20   30   40   50   60   70   80   90   100%
      |----|----|----|----|----|----|----|----|----|----|
e     ***************************************************
Found maxcond = 31
t=26: 0%   10   20   30   40   50   60   70   80   90   100%
      |----|----|----|----|----|----|----|----|----|----|
      ***************************************************
Q23:	|....-... ........ .......- ..-.....|
Q24:	|........ 1...-... .......- ....1...|
Q25:	|........ +...0... .......+ ....+...|
Q26:	|...0.... ....+... .......+ ........| ok p=0.975586
Q27:	|...1.... ^....... .......- ....^...| ok p=0.933594
Q28:	|...-.... ....^... .......- ........| ok p=0.936523
Q29:	|...0.... ........ .......1 ........| ok p=0.94043
Q30:	|...+.... ........ .......0 ........| ok p=1
Q31:	|...+.... ........ ........ ........| ok p=0.935547
Q32:	|........ ........ ........ ........| ok p=1
Q33:	|...!.... ........ ........ ........| ok p=1
Q34:	|........ ........ ........ ........| ok p=1
Q35:	|........ ........ ........ ........| ok p=1
Q36:	|........ ........ ........ ........| ok p=1
Q37:	|........ ........ ........ ........| ok p=1
Q38:	|........ ........ ........ ........| ok p=1
Q39:	|........ ........ ........ ........| ok p=1
Q40:	|........ ........ ........ ........| ok p=1
Q41:	|........ ........ ........ ........| ok p=1
Q42:	|........ ........ ........ ........| ok p=1
Q43:	|........ ........ ........ ........| ok p=1
Q44:	|........ ........ ........ ........| ok p=1
Q45:	|........ ........ ........ ........| ok p=1
Q46:	|........ ........ ........ ........| ok p=1
Q47:	|........ ........ ........ ........| ok p=1
Q48:	|........ ........ ........ ........| ok p=1
Q49:	|........ ........ ........ ........| ok p=1
Q50:	|........ ........ ........ ........| ok p=1
Q51:	|........ ........ ........ ........| ok p=1
Q52:	|........ ........ ........ ........| ok p=1
Q53:	|........ ........ ........ ........| ok p=1
Q54:	|........ ........ ........ ........| ok p=1
Q55:	|........ ........ ........ ........| ok p=1
Q56:	|........ ........ ........ ........| ok p=1
Q57:	|........ ........ ........ ........| ok p=1
Q58:	|........ ........ ........ ........| ok p=1
Q59:	|........ ........ ........ ........| ok p=1
Q60:	|........ ........ ........ .0......| ok p=1
Q61:	|........ ........ ........ 11......| ok p=0.864258
Q62:	|........ ........ ........ 1-......| ok p=1
Q63:	|........ ........ ........ -+......| ok p=0.938477
Q64:	|...+.... ........ ........ .-......|
Saving 100000 paths...done.
Autobalance parameters: maxcond=29
Verified: 0 bad out of 164093
Estimating maxcond for upper bound 400000 (=100000 * 4)...
t=25: 0%   10   20   30   40   50   60   70   80   90   100%
      |----|----|----|----|----|----|----|----|----|----|
e     ***************************************************
Found maxcond = 36
t=25: 0%   10   20   30   40   50   60   70   80   90   100%
      |----|----|----|----|----|----|----|----|----|----|
      ***************************************************
Q22:	|.....-.. ........ .-...+.. ........|
Q23:	|....-... 0....... .......- ..-.0...|
Q24:	|........ 1...0... .......- ....1...|
Q25:	|....^... +...1... .......+ ..^.+...| ok p=0.975586
Q26:	|...0.... ....+... .......+ ........| ok p=0.959961
Q27:	|...1.... ^....... .......- ....^...| ok p=0.932617
Q28:	|...-.... ....^... .......- ........| ok p=0.927734
Q29:	|...0.... ........ .......1 ........| ok p=0.925781
Q30:	|...+.... ........ .......0 ........| ok p=1
Q31:	|...+.... ........ ........ ........| ok p=0.917969
Q32:	|........ ........ ........ ........| ok p=1
Q33:	|...!.... ........ ........ ........| ok p=1
Q34:	|........ ........ ........ ........| ok p=1
Q35:	|........ ........ ........ ........| ok p=1
Q36:	|........ ........ ........ ........| ok p=1
Q37:	|........ ........ ........ ........| ok p=1
Q38:	|........ ........ ........ ........| ok p=1
Q39:	|........ ........ ........ ........| ok p=1
Q40:	|........ ........ ........ ........| ok p=1
Q41:	|........ ........ ........ ........| ok p=1
Q42:	|........ ........ ........ ........| ok p=1
Q43:	|........ ........ ........ ........| ok p=1
Q44:	|........ ........ ........ ........| ok p=1
Q45:	|........ ........ ........ ........| ok p=1
Q46:	|........ ........ ........ ........| ok p=1
Q47:	|........ ........ ........ ........| ok p=1
Q48:	|........ ........ ........ ........| ok p=1
Q49:	|........ ........ ........ ........| ok p=1
Q50:	|........ ........ ........ ........| ok p=1
Q51:	|........ ........ ........ ........| ok p=1
Q52:	|........ ........ ........ ........| ok p=1
Q53:	|........ ........ ........ ........| ok p=1
Q54:	|........ ........ ........ ........| ok p=1
Q55:	|........ ........ ........ ........| ok p=1
Q56:	|........ ........ ........ ........| ok p=1
Q57:	|........ ........ ........ ........| ok p=1
Q58:	|........ ........ ........ ........| ok p=1
Q59:	|........ ........ ........ ........| ok p=1
Q60:	|........ ........ ........ .0......| ok p=1
Q61:	|........ ........ ........ 11......| ok p=0.860352
Q62:	|........ ........ ........ 1-......| ok p=1
Q63:	|........ ........ ........ -+......| ok p=0.949219
Q64:	|...+.... ........ ........ .-......|
Saving 100000 paths...done.
Autobalance parameters: maxcond=35
Verified: 0 bad out of 159680
Estimating maxcond for upper bound 400000 (=100000 * 4)...
t=24: 0%   10   20   30   40   50   60   70   80   90   100%
      |----|----|----|----|----|----|----|----|----|----|
e     ***************************************************
Found maxcond = 44
t=24: 0%   10   20   30   40   50   60   70   80   90   100%
      |----|----|----|----|----|----|----|----|----|----|
      ***************************************************
Q21:	|.+...... ...+.-.. +......+ ...+....|
Q22:	|....1-.. ........ .-...... ..1.....|
Q23:	|....-... 0...-... .......- ..-.0...|
Q24:	|.....^.. 1...-... .^.....- ....1...| ok p=0.72168
Q25:	|....^... +...+... .......+ ..^.+...| ok p=0.959961
Q26:	|...0.... ....+... .......+ ........| ok p=0.96875
Q27:	|...1.... ^...1... .......- ....^...| ok p=0.947266
Q28:	|...-.... ....0... .......- ........| ok p=0.933594
Q29:	|...0.... ........ .......1 ........| ok p=0.943359
Q30:	|...+.... ........ .......0 ........| ok p=1
Q31:	|...+.... ........ ........ ........| ok p=0.944336
Q32:	|........ ........ ........ ........| ok p=1
Q33:	|...!.... ........ ........ ........| ok p=1
Q34:	|........ ........ ........ ........| ok p=1
Q35:	|........ ........ ........ ........| ok p=1
Q36:	|........ ........ ........ ........| ok p=1
Q37:	|........ ........ ........ ........| ok p=1
Q38:	|........ ........ ........ ........| ok p=1
Q39:	|........ ........ ........ ........| ok p=1
Q40:	|........ ........ ........ ........| ok p=1
Q41:	|........ ........ ........ ........| ok p=1
Q42:	|........ ........ ........ ........| ok p=1
Q43:	|........ ........ ........ ........| ok p=1
Q44:	|........ ........ ........ ........| ok p=1
Q45:	|........ ........ ........ ........| ok p=1
Q46:	|........ ........ ........ ........| ok p=1
Q47:	|........ ........ ........ ........| ok p=1
Q48:	|........ ........ ........ ........| ok p=1
Q49:	|........ ........ ........ ........| ok p=1
Q50:	|........ ........ ........ ........| ok p=1
Q51:	|........ ........ ........ ........| ok p=1
Q52:	|........ ........ ........ ........| ok p=1
Q53:	|........ ........ ........ ........| ok p=1
Q54:	|........ ........ ........ ........| ok p=1
Q55:	|........ ........ ........ ........| ok p=1
Q56:	|........ ........ ........ ........| ok p=1
Q57:	|........ ........ ........ ........| ok p=1
Q58:	|........ ........ ........ ........| ok p=1
Q59:	|........ ........ ........ ........| ok p=1
Q60:	|........ ........ ........ .0......| ok p=1
Q61:	|........ ........ ........ 11......| ok p=0.87793
Q62:	|........ ........ ........ 1-......| ok p=1
Q63:	|........ ........ ........ -+......| ok p=0.936523
Q64:	|...+.... ........ ........ .-......|
Saving 100000 paths...done.
Autobalance parameters: maxcond=43
Verified: 0 bad out of 142671
Estimating maxcond for upper bound 400000 (=100000 * 4)...
t=23: 0%   10   20   30   40   50   60   70   80   90   100%
      |----|----|----|----|----|----|----|----|----|----|
e     ***************************************************
Found maxcond = 53
t=23: 0%   10   20   30   40   50   60   70   80   90   100%
      |----|----|----|----|----|----|----|----|----|----|
      ***************************************************
Q20:	|........ +.....+. ........ ...+....|
Q21:	|1+...1.. ........ .1...1.. ..+.....|
Q22:	|+....-.. -....... .-...+.. ..0.....|
Q23:	|.^...... -....... ........ ..-.0...| ok p=0.987305
Q24:	|^....^.. +...0... .^...^.0 ....1...| ok p=0.698242
Q25:	|........ +...1... ........ ..^.+...| ok p=0.460938
Q26:	|...0.... 1...+... ......0- ........| ok p=1
Q27:	|...1.... 0....... ......1- ....^...| ok p=0.944336
Q28:	|...-.... ....^... ......-+ ........| ok p=0.946289
Q29:	|...0.... ........ .......0 ........| ok p=0.939453
Q30:	|...+.... ........ ......^1 ........| ok p=1
Q31:	|...+.... ........ ........ ........| ok p=0.926758
Q32:	|........ ........ ........ ........| ok p=1
Q33:	|...!.... ........ ........ ........| ok p=1
Q34:	|........ ........ ........ ........| ok p=1
Q35:	|........ ........ ........ ........| ok p=1
Q36:	|........ ........ ........ ........| ok p=1
Q37:	|........ ........ ........ ........| ok p=1
Q38:	|........ ........ ........ ........| ok p=1
Q39:	|........ ........ ........ ........| ok p=1
Q40:	|........ ........ ........ ........| ok p=1
Q41:	|........ ........ ........ ........| ok p=1
Q42:	|........ ........ ........ ........| ok p=1
Q43:	|........ ........ ........ ........| ok p=1
Q44:	|........ ........ ........ ........| ok p=1
Q45:	|........ ........ ........ ........| ok p=1
Q46:	|........ ........ ........ ........| ok p=1
Q47:	|........ ........ ........ ........| ok p=1
Q48:	|........ ........ ........ ........| ok p=1
Q49:	|........ ........ ........ ........| ok p=1
Q50:	|........ ........ ........ ........| ok p=1
Q51:	|........ ........ ........ ........| ok p=1
Q52:	|........ ........ ........ ........| ok p=1
Q53:	|........ ........ ........ ........| ok p=1
Q54:	|........ ........ ........ ........| ok p=1
Q55:	|........ ........ ........ ........| ok p=1
Q56:	|........ ........ ........ ........| ok p=1
Q57:	|........ ........ ........ ........| ok p=1
Q58:	|........ ........ ........ ........| ok p=1
Q59:	|........ ........ ........ ........| ok p=1
Q60:	|........ ........ ........ .0......| ok p=1
Q61:	|........ ........ ........ 11......| ok p=0.880859
Q62:	|........ ........ ........ 1-......| ok p=1
Q63:	|........ ........ ........ -+......| ok p=0.935547
Q64:	|...+.... ........ ........ .-......|
Saving 100000 paths...done.
Autobalance parameters: maxcond=52
Verified: 0 bad out of 145714
Estimating maxcond for upper bound 400000 (=100000 * 4)...
t=22: 0%   10   20   30   40   50   60   70   80   90   100%
      |----|----|----|----|----|----|----|----|----|----|
e     ***************************************************
Found maxcond = 59
t=22: 0%   10   20   30   40   50   60   70   80   90   100%
      |----|----|----|----|----|----|----|----|----|----|
      ***************************************************
Q19:	|+..-.... -.....-. ...+.... .......+|
Q20:	|.1...0.. .....1+. .0...-.. ........|
Q21:	|++...1.. .....+.. .1...0.. ..0.....|
Q22:	|+....-.. ......^. .-...+.. ..1.....| ok p=0.481445
Q23:	|0^...... 0....^.. ........ ..-.0...| ok p=0.999023
Q24:	|1....^.. 1...0... .^...^.0 ....1...| ok p=0.72168
Q25:	|........ +...1... ........ ..^.+...| ok p=0.472656
Q26:	|...0.... ....+... ......0- ........| ok p=1
Q27:	|...1.... ^....... ......1- ....^...| ok p=0.945312
Q28:	|...-.... ....^... ......-+ ........| ok p=0.9375
Q29:	|...0.... ........ .......0 ........| ok p=0.938477
Q30:	|...+.... ........ ......^1 ........| ok p=1
Q31:	|...+.... ........ ........ ........| ok p=0.942383
Q32:	|........ ........ ........ ........| ok p=1
Q33:	|...!.... ........ ........ ........| ok p=1
Q34:	|........ ........ ........ ........| ok p=1
Q35:	|........ ........ ........ ........| ok p=1
Q36:	|........ ........ ........ ........| ok p=1
Q37:	|........ ........ ........ ........| ok p=1
Q38:	|........ ........ ........ ........| ok p=1
Q39:	|........ ........ ........ ........| ok p=1
Q40:	|........ ........ ........ ........| ok p=1
Q41:	|........ ........ ........ ........| ok p=1
Q42:	|........ ........ ........ ........| ok p=1
Q43:	|........ ........ ........ ........| ok p=1
Q44:	|........ ........ ........ ........| ok p=1
Q45:	|........ ........ ........ ........| ok p=1
Q46:	|........ ........ ........ ........| ok p=1
Q47:	|........ ........ ........ ........| ok p=1
Q48:	|........ ........ ........ ........| ok p=1
Q49:	|........ ........ ........ ........| ok p=1
Q50:	|........ ........ ........ ........| ok p=1
Q51:	|........ ........ ........ ........| ok p=1
Q52:	|........ ........ ........ ........| ok p=1
Q53:	|........ ........ ........ ........| ok p=1
Q54:	|........ ........ ........ ........| ok p=1
Q55:	|........ ........ ........ ........| ok p=1
Q56:	|........ ........ ........ ........| ok p=1
Q57:	|........ ........ ........ ........| ok p=1
Q58:	|........ ........ ........ ........| ok p=1
Q59:	|........ ........ ........ ........| ok p=1
Q60:	|........ ........ ........ .0......| ok p=1
Q61:	|........ ........ ........ 11......| ok p=0.875
Q62:	|........ ........ ........ 1-......| ok p=1
Q63:	|........ ........ ........ -+......| ok p=0.931641
Q64:	|...+.... ........ ........ .-......|
Saving 100000 paths...done.
Autobalance parameters: maxcond=58
Verified: 6082 bad out of 136836
Estimating maxcond for upper bound 400000 (=100000 * 4)...
t=21: 0%   10   20   30   40   50   60   70   80   90   100%
      |----|----|----|----|----|----|----|----|----|----|
e     ***************************************************
Found maxcond = 71
t=21: 0%   10   20   30   40   50   60   70   80   90   100%
      |----|----|----|----|----|----|----|----|----|----|
      ***************************************************
Q18:	|.-...... ..+...-. ......-. ..-...+.|
Q19:	|.+.-.... -....-1. ...+.... .......+|
Q20:	|10...0.. .....0+. .0...0.. ........|
Q21:	|1+.^.1.. ^....+1. .1.^.1.. ..0....^| ok p=0.817383
Q22:	|+....-.. ......0. .-...+.. ..1.....| ok p=0.493164
Q23:	|.^...... 0....^.. ........ ..-.0...| ok p=1
Q24:	|^....^.. 1...0... .^...^.0 ....1...| ok p=0.712891
Q25:	|........ +...1... ........ ..^.+...| ok p=0.464844
Q26:	|...0.... ....+... ......0- ........| ok p=1
Q27:	|...1.... ^....... ......1- ....^...| ok p=0.933594
Q28:	|...-.... ....^... ......-+ ........| ok p=0.935547
Q29:	|...0.... ........ .......0 ........| ok p=0.935547
Q30:	|...+.... ........ ......^1 ........| ok p=1
Q31:	|...+.... ........ ........ ........| ok p=0.933594
Q32:	|........ ........ ........ ........| ok p=1
Q33:	|...!.... ........ ........ ........| ok p=1
Q34:	|........ ........ ........ ........| ok p=1
Q35:	|........ ........ ........ ........| ok p=1
Q36:	|........ ........ ........ ........| ok p=1
Q37:	|........ ........ ........ ........| ok p=1
Q38:	|........ ........ ........ ........| ok p=1
Q39:	|........ ........ ........ ........| ok p=1
Q40:	|........ ........ ........ ........| ok p=1
Q41:	|........ ........ ........ ........| ok p=1
Q42:	|........ ........ ........ ........| ok p=1
Q43:	|........ ........ ........ ........| ok p=1
Q44:	|........ ........ ........ ........| ok p=1
Q45:	|........ ........ ........ ........| ok p=1
Q46:	|........ ........ ........ ........| ok p=1
Q47:	|........ ........ ........ ........| ok p=1
Q48:	|........ ........ ........ ........| ok p=1
Q49:	|........ ........ ........ ........| ok p=1
Q50:	|........ ........ ........ ........| ok p=1
Q51:	|........ ........ ........ ........| ok p=1
Q52:	|........ ........ ........ ........| ok p=1
Q53:	|........ ........ ........ ........| ok p=1
Q54:	|........ ........ ........ ........| ok p=1
Q55:	|........ ........ ........ ........| ok p=1
Q56:	|........ ........ ........ ........| ok p=1
Q57:	|........ ........ ........ ........| ok p=1
Q58:	|........ ........ ........ ........| ok p=1
Q59:	|........ ........ ........ ........| ok p=1
Q60:	|........ ........ ........ .0......| ok p=1
Q61:	|........ ........ ........ 11......| ok p=0.894531
Q62:	|........ ........ ........ 1-......| ok p=1
Q63:	|........ ........ ........ -+......| ok p=0.931641
Q64:	|...+.... ........ ........ .-......|
Saving 100000 paths...done.
Autobalance parameters: maxcond=70
Verified: 0 bad out of 107235
Runtime: 9.97237
Extend MD5 differential paths backward
Copyright (C) 2009 Marc Stevens
http://homepages.cwi.nl/~stevens/

delta_m[11] = [!-28!]
Loading workdir1/paths21_0of1...done: 100000 (work:100000).
Estimating maxcond for upper bound 65536 (=16384 * 4)...
t=20: 0%   10   20   30   40   50   60   70   80   90   100%
      |----|----|----|----|----|----|----|----|----|----|
e     ***************************************************
Found maxcond = 83
t=20: 0%   10   20   30   40   50   60   70   80   90   100%
      |----|----|----|----|----|----|----|----|----|----|
      ***************************************************
Q17:	|......+. ........ ...+.... ........|
Q18:	|...1.... 1.+...-. ...1..-. ..-....+|
Q19:	|.0.-.... -....0-. ...+.... .......+|
Q20:	|01...0.. ..^..0+. .0...0^. ..^....0| ok p=1
Q21:	|1+.^.1.. ^....+1. .1.^.1.. ..0....1| ok p=0.789062
Q22:	|+....-.. ......^. .-...+.. ..1.....| ok p=0.422852
Q23:	|.^...... 0....^.. ........ ..-.0...| ok p=1
Q24:	|^....^.. 1...0... .^...^.0 ....1...| ok p=0.726562
Q25:	|........ +...1... ........ ..^.+...| ok p=0.469727
Q26:	|...0.... ....+... ......0- ........| ok p=1
Q27:	|...1.... ^....... ......1- ....^...| ok p=0.953125
Q28:	|...-.... ....^... ......-+ ........| ok p=0.941406
Q29:	|...0.... ........ .......0 ........| ok p=0.920898
Q30:	|...+.... ........ ......^1 ........| ok p=1
Q31:	|...+.... ........ ........ ........| ok p=0.943359
Q32:	|........ ........ ........ ........| ok p=1
Q33:	|...!.... ........ ........ ........| ok p=1
Q34:	|........ ........ ........ ........| ok p=1
Q35:	|........ ........ ........ ........| ok p=1
Q36:	|........ ........ ........ ........| ok p=1
Q37:	|........ ........ ........ ........| ok p=1
Q38:	|........ ........ ........ ........| ok p=1
Q39:	|........ ........ ........ ........| ok p=1
Q40:	|........ ........ ........ ........| ok p=1
Q41:	|........ ........ ........ ........| ok p=1
Q42:	|........ ........ ........ ........| ok p=1
Q43:	|........ ........ ........ ........| ok p=1
Q44:	|........ ........ ........ ........| ok p=1
Q45:	|........ ........ ........ ........| ok p=1
Q46:	|........ ........ ........ ........| ok p=1
Q47:	|........ ........ ........ ........| ok p=1
Q48:	|........ ........ ........ ........| ok p=1
Q49:	|........ ........ ........ ........| ok p=1
Q50:	|........ ........ ........ ........| ok p=1
Q51:	|........ ........ ........ ........| ok p=1
Q52:	|........ ........ ........ ........| ok p=1
Q53:	|........ ........ ........ ........| ok p=1
Q54:	|........ ........ ........ ........| ok p=1
Q55:	|........ ........ ........ ........| ok p=1
Q56:	|........ ........ ........ ........| ok p=1
Q57:	|........ ........ ........ ........| ok p=1
Q58:	|........ ........ ........ ........| ok p=1
Q59:	|........ ........ ........ ........| ok p=1
Q60:	|........ ........ ........ .0......| ok p=1
Q61:	|........ ........ ........ 11......| ok p=0.84375
Q62:	|........ ........ ........ 1-......| ok p=1
Q63:	|........ ........ ........ -+......| ok p=0.928711
Q64:	|...+.... ........ ........ .-......|
Saving 16384 paths...done.
Autobalance parameters: maxcond=82
Verified: 432 bad out of 19245
Runtime: 2.36596
Extend MD5 differential paths backward
Copyright (C) 2009 Marc Stevens
http://homepages.cwi.nl/~stevens/

delta_m[11] = [!-28!]
Loading workdir1/paths20_0of1...done: 16384 (work:16384).
Estimating maxcond for upper bound 2000000 (=500000 * 4)...
t=19: 0%   10   20   30   40   50   60   70   80   90   100%
      |----|----|----|----|----|----|----|----|----|----|
e     ***************************************************
Found maxcond = 93
t=19: 0%   10   20   30   40   50   60   70   80   90   100%
      |----|----|----|----|----|----|----|----|----|----|
      ***************************************************
Q16:	|.+.....- ......+. ..-....+ ....+..-|
Q17:	|...0..+. +.1..... ......1. ..1.....|
Q18:	|...1.... 0.+...-. ...+..-. ..-....+|
Q19:	|.0.-..^. -....0-. ...+.... .......+| ok p=0.52832
Q20:	|01...0.. ..^..0+. .0.1.0^. ..^....0| ok p=1
Q21:	|1+.^.1.. ^....+1. .1.0.1.. ..0....1| ok p=0.745117
Q22:	|-....-.. ......^. .-...+.. ..1.....| ok p=0.443359
Q23:	|.^...... 0....^.. ........ ..-.0...| ok p=1
Q24:	|^....^.. 1...0... .^...^.0 ....1...| ok p=0.736328
Q25:	|........ +...1... ........ ..^.+...| ok p=0.472656
Q26:	|...0.... ....+... ......0- ........| ok p=1
Q27:	|...1.... ^....... ......1- ....^...| ok p=0.938477
Q28:	|...-.... ....^... ......-+ ........| ok p=0.94043
Q29:	|...0.... ........ .......0 ........| ok p=0.94043
Q30:	|...+.... ........ ......^1 ........| ok p=1
Q31:	|...+.... ........ ........ ........| ok p=0.938477
Q32:	|........ ........ ........ ........| ok p=1
Q33:	|...!.... ........ ........ ........| ok p=1
Q34:	|........ ........ ........ ........| ok p=1
Q35:	|........ ........ ........ ........| ok p=1
Q36:	|........ ........ ........ ........| ok p=1
Q37:	|........ ........ ........ ........| ok p=1
Q38:	|........ ........ ........ ........| ok p=1
Q39:	|........ ........ ........ ........| ok p=1
Q40:	|........ ........ ........ ........| ok p=1
Q41:	|........ ........ ........ ........| ok p=1
Q42:	|........ ........ ........ ........| ok p=1
Q43:	|........ ........ ........ ........| ok p=1
Q44:	|........ ........ ........ ........| ok p=1
Q45:	|........ ........ ........ ........| ok p=1
Q46:	|........ ........ ........ ........| ok p=1
Q47:	|........ ........ ........ ........| ok p=1
Q48:	|........ ........ ........ ........| ok p=1
Q49:	|........ ........ ........ ........| ok p=1
Q50:	|........ ........ ........ ........| ok p=1
Q51:	|........ ........ ........ ........| ok p=1
Q52:	|........ ........ ........ ........| ok p=1
Q53:	|........ ........ ........ ........| ok p=1
Q54:	|........ ........ ........ ........| ok p=1
Q55:	|........ ........ ........ ........| ok p=1
Q56:	|........ ........ ........ ........| ok p=1
Q57:	|........ ........ ........ ........| ok p=1
Q58:	|........ ........ ........ ........| ok p=1
Q59:	|........ ........ ........ ........| ok p=1
Q60:	|........ ........ ........ .0......| ok p=1
Q61:	|........ ........ ........ 11......| ok p=0.865234
Q62:	|........ ........ ........ 1-......| ok p=1
Q63:	|........ ........ ........ -+......| ok p=0.945312
Q64:	|...+.... ........ ........ .-......|
Saving 500000 paths...done.
Autobalance parameters: maxcond=92
Verified: 11040 bad out of 666026
Estimating maxcond for upper bound 2000000 (=500000 * 4)...
t=18: 0%   10   20   30   40   50   60   70   80   90   100%
      |----|----|----|----|----|----|----|----|----|----|
e     ***************************************************
Found maxcond = 106
t=18: 0%   10   20   30   40   50   60   70   80   90   100%
      |----|----|----|----|----|----|----|----|----|----|
      ***************************************************
Q15:	|+.-.-... +.....+. .-....-. -..+....|
Q16:	|......1. -.0..... ...-..0+ ..0.+..-|
Q17:	|...0..+. 1.1...-. ...0..1. ..1....0|
Q18:	|...1.... 1.+...-. ...0..-^ ..-.^..+| ok p=0.665039
Q19:	|.0.-..^. -....0+. ...+.... .......+| ok p=1
Q20:	|01...0.. ..^..1+. .0...0^. ..^....0| ok p=1
Q21:	|1+.^.1.. ^....+0. .1.^.1.. ..0....1| ok p=0.785156
Q22:	|+....-.. ......^. .-...+.. ..1.....| ok p=0.451172
Q23:	|.^...... 0....^.. ........ ..-.0...| ok p=1
Q24:	|^....^.. 1...0... .^...^.0 ....1...| ok p=0.707031
Q25:	|........ +...1... ........ ..^.+...| ok p=0.474609
Q26:	|...0.... ....+... ......0- ........| ok p=1
Q27:	|...1.... ^....... ......1- ....^...| ok p=0.943359
Q28:	|...-.... ....^... ......-+ ........| ok p=0.925781
Q29:	|...0.... ........ .......0 ........| ok p=0.944336
Q30:	|...+.... ........ ......^1 ........| ok p=1
Q31:	|...+.... ........ ........ ........| ok p=0.943359
Q32:	|........ ........ ........ ........| ok p=1
Q33:	|...!.... ........ ........ ........| ok p=1
Q34:	|........ ........ ........ ........| ok p=1
Q35:	|........ ........ ........ ........| ok p=1
Q36:	|........ ........ ........ ........| ok p=1
Q37:	|........ ........ ........ ........| ok p=1
Q38:	|........ ........ ........ ........| ok p=1
Q39:	|........ ........ ........ ........| ok p=1
Q40:	|........ ........ ........ ........| ok p=1
Q41:	|........ ........ ........ ........| ok p=1
Q42:	|........ ........ ........ ........| ok p=1
Q43:	|........ ........ ........ ........| ok p=1
Q44:	|........ ........ ........ ........| ok p=1
Q45:	|........ ........ ........ ........| ok p=1
Q46:	|........ ........ ........ ........| ok p=1
Q47:	|........ ........ ........ ........| ok p=1
Q48:	|........ ........ ........ ........| ok p=1
Q49:	|........ ........ ........ ........| ok p=1
Q50:	|........ ........ ........ ........| ok p=1
Q51:	|........ ........ ........ ........| ok p=1
Q52:	|........ ........ ........ ........| ok p=1
Q53:	|........ ........ ........ ........| ok p=1
Q54:	|........ ........ ........ ........| ok p=1
Q55:	|........ ........ ........ ........| ok p=1
Q56:	|........ ........ ........ ........| ok p=1
Q57:	|........ ........ ........ ........| ok p=1
Q58:	|........ ........ ........ ........| ok p=1
Q59:	|........ ........ ........ ........| ok p=1
Q60:	|........ ........ ........ .0......| ok p=1
Q61:	|........ ........ ........ 11......| ok p=0.874023
Q62:	|........ ........ ........ 1-......| ok p=1
Q63:	|........ ........ ........ -+......| ok p=0.929688
Q64:	|...+.... ........ ........ .-......|
Saving 500000 paths...done.
Autobalance parameters: maxcond=105
Verified: 0 bad out of 863036
Estimating maxcond for upper bound 2000000 (=500000 * 4)...
t=17: 0%   10   20   30   40   50   60   70   80   90   100%
      |----|----|----|----|----|----|----|----|----|----|
e     ***************************************************
Found maxcond = 122
t=17: 0%   10   20   30   40   50   60   70   80   90   100%
      |----|----|----|----|----|----|----|----|----|----|
      ***************************************************
Q14:	|...-.... +....... .......- ....-..-|
Q15:	|.--.-... +.....+. .-.1...1 -...1..1|
Q16:	|.+...... -.0...+. ...-..1+ ..0.+..-|
Q17:	|.-^0^... 1.1...0. .^.+..1. ^.1....0| ok p=0.848633
Q18:	|.-.1.... 1.+...-. ...1..-^ ..-.^..+| ok p=0.341797
Q19:	|.+.-.... -....0-. ...+.... .......+| ok p=0.861328
Q20:	|1+...0.. ..^..1+. .0...0^. ..^....0| ok p=1
Q21:	|1+.^.1.. ^....+1. .1.^.1.. ..0....1| ok p=1
Q22:	|-1...-.. ......^. .-...+.. ..1.....| ok p=0.47168
Q23:	|.0...... 0....^.. ........ ..-.0...| ok p=0.999023
Q24:	|^....^.. 1...0... .^...^.0 ....1...| ok p=0.711914
Q25:	|........ +...1... ........ ..^.+...| ok p=0.476562
Q26:	|...0.... ....+... ......0- ........| ok p=1
Q27:	|...1.... ^....... ......1- ....^...| ok p=0.933594
Q28:	|...-.... ....^... ......-+ ........| ok p=0.938477
Q29:	|...0.... ........ .......0 ........| ok p=0.930664
Q30:	|...+.... ........ ......^1 ........| ok p=1
Q31:	|...+.... ........ ........ ........| ok p=0.947266
Q32:	|........ ........ ........ ........| ok p=1
Q33:	|...!.... ........ ........ ........| ok p=1
Q34:	|........ ........ ........ ........| ok p=1
Q35:	|........ ........ ........ ........| ok p=1
Q36:	|........ ........ ........ ........| ok p=1
Q37:	|........ ........ ........ ........| ok p=1
Q38:	|........ ........ ........ ........| ok p=1
Q39:	|........ ........ ........ ........| ok p=1
Q40:	|........ ........ ........ ........| ok p=1
Q41:	|........ ........ ........ ........| ok p=1
Q42:	|........ ........ ........ ........| ok p=1
Q43:	|........ ........ ........ ........| ok p=1
Q44:	|........ ........ ........ ........| ok p=1
Q45:	|........ ........ ........ ........| ok p=1
Q46:	|........ ........ ........ ........| ok p=1
Q47:	|........ ........ ........ ........| ok p=1
Q48:	|........ ........ ........ ........| ok p=1
Q49:	|........ ........ ........ ........| ok p=1
Q50:	|........ ........ ........ ........| ok p=1
Q51:	|........ ........ ........ ........| ok p=1
Q52:	|........ ........ ........ ........| ok p=1
Q53:	|........ ........ ........ ........| ok p=1
Q54:	|........ ........ ........ ........| ok p=1
Q55:	|........ ........ ........ ........| ok p=1
Q56:	|........ ........ ........ ........| ok p=1
Q57:	|........ ........ ........ ........| ok p=1
Q58:	|........ ........ ........ ........| ok p=1
Q59:	|........ ........ ........ ........| ok p=1
Q60:	|........ ........ ........ .0......| ok p=1
Q61:	|........ ........ ........ 11......| ok p=0.871094
Q62:	|........ ........ ........ 1-......| ok p=1
Q63:	|........ ........ ........ -+......| ok p=0.935547
Q64:	|...+.... ........ ........ .-......|
Saving 500000 paths...done.
Autobalance parameters: maxcond=121
Verified: 0 bad out of 557702
Estimating maxcond for upper bound 2000000 (=500000 * 4)...
t=16: 0%   10   20   30   40   50   60   70   80   90   100%
      |----|----|----|----|----|----|----|----|----|----|
e     ***************************************************
Found maxcond = 133
t=16: 0%   10   20   30   40   50   60   70   80   90   100%
      |----|----|----|----|----|----|----|----|----|----|
      ***************************************************
Q13:	|+....+.. ......+. ........ -...-..+|
Q14:	|.11.-... +....... .1.+...- 1...-...|
Q15:	|.--.-... +.....+. .-.1...1 -...0..-|
Q16:	|.+..0... -.0...+. ...-..1+ ..0.+..-| ok p=0.392578
Q17:	|.-^01... 1.1...0. .^.0..1. ^.1....1| ok p=0.892578
Q18:	|.-.1.... 1.+...-. ...0..-^ ..-.^..+| ok p=0.362305
Q19:	|.+.-.... -....0-. ...+.... .......+| ok p=0.860352
Q20:	|1+...0.. ..^..1+. .0...0^. ..^....0| ok p=1
Q21:	|1+.^.1.. ^....+1. .1.^.1.. ..0....1| ok p=1
Q22:	|-1...-.. ......^. .-...+.. ..1.....| ok p=0.483398
Q23:	|.0...... 0....^.. ........ ..-.0...| ok p=1
Q24:	|^....^.. 1...0... .^...^.0 ....1...| ok p=0.730469
Q25:	|........ +...1... ........ ..^.+...| ok p=0.472656
Q26:	|...0.... ....+... ......0- ........| ok p=1
Q27:	|...1.... ^....... ......1- ....^...| ok p=0.9375
Q28:	|...-.... ....^... ......-+ ........| ok p=0.948242
Q29:	|...0.... ........ .......0 ........| ok p=0.938477
Q30:	|...+.... ........ ......^1 ........| ok p=1
Q31:	|...+.... ........ ........ ........| ok p=0.947266
Q32:	|........ ........ ........ ........| ok p=1
Q33:	|...!.... ........ ........ ........| ok p=1
Q34:	|........ ........ ........ ........| ok p=1
Q35:	|........ ........ ........ ........| ok p=1
Q36:	|........ ........ ........ ........| ok p=1
Q37:	|........ ........ ........ ........| ok p=1
Q38:	|........ ........ ........ ........| ok p=1
Q39:	|........ ........ ........ ........| ok p=1
Q40:	|........ ........ ........ ........| ok p=1
Q41:	|........ ........ ........ ........| ok p=1
Q42:	|........ ........ ........ ........| ok p=1
Q43:	|........ ........ ........ ........| ok p=1
Q44:	|........ ........ ........ ........| ok p=1
Q45:	|........ ........ ........ ........| ok p=1
Q46:	|........ ........ ........ ........| ok p=1
Q47:	|........ ........ ........ ........| ok p=1
Q48:	|........ ........ ........ ........| ok p=1
Q49:	|........ ........ ........ ........| ok p=1
Q50:	|........ ........ ........ ........| ok p=1
Q51:	|........ ........ ........ ........| ok p=1
Q52:	|........ ........ ........ ........| ok p=1
Q53:	|........ ........ ........ ........| ok p=1
Q54:	|........ ........ ........ ........| ok p=1
Q55:	|........ ........ ........ ........| ok p=1
Q56:	|........ ........ ........ ........| ok p=1
Q57:	|........ ........ ........ ........| ok p=1
Q58:	|........ ........ ........ ........| ok p=1
Q59:	|........ ........ ........ ........| ok p=1
Q60:	|........ ........ ........ .0......| ok p=1
Q61:	|........ ........ ........ 11......| ok p=0.863281
Q62:	|........ ........ ........ 1-......| ok p=1
Q63:	|........ ........ ........ -+......| ok p=0.943359
Q64:	|...+.... ........ ........ .-......|
Saving 500000 paths...done.
Autobalance parameters: maxcond=132
Verified: 41896 bad out of 740124
Runtime: 33.811
