Connect MD5 differential paths
Copyright (C) 2009 Marc Stevens
http://homepages.cwi.nl/~stevens/

delta_m[11] = [!-28!]
Loading workdir1/paths16_0of1.bin.gz...done: 500000.
Loading workdir1/paths11_0of1.bin.gz...done: 500000.
t=12: 0%   10   20   30   40   50   60   70   80   90   100%
      |----|----|----|----|----|----|----|----|----|----|
      *Q-3:	|01010000 11011100 10101011 01000000|
Q-2:	|+0000-+1 101++--- 100110-1 0+0110+-|
Q-1:	|+00-+++0 11+-001+ 10110-+0 1+01110+|
Q0:	|-+-+10-0 +1+-01+- -011+001 ++-001+0| ok p=0.49707
Q1:	|1-0-00+1 +0.+.-10 0.-.+11. 0.-..+0+| ok p=1
Q2:	|0-1-..++ .10-.1+0 0.0.-1.. +01..+++| ok p=1
Q3:	|1-....10 1-.-.++. ..1.-0.. 10-..0+.| ok p=1
Q4:	|00.1..+1 .0!+.0-. ....++.. 100..+00| ok p=1
Q5:	|1+....1+ .1.1.-0. ^...0111 .+1..-+.| ok p=1
Q6:	|1-....10 .+.0.+0. +...-11. ^--.01-.| ok p=1
Q7:	|.-.....1 .-...0.! 1...-.0. .--.1++^| ok p=1
Q8:	|.-!....+ .-!.00.. +...+.+. .+..+11-| ok p=1
Q9:	|!-0^...+ .1..1-.. -...000. .+00+100| ok p=1
Q10:	|.11+1000 .111--11 -10.+01. 1+.1+110| ok p=1
Q11:	|.0110000 0-10++01 +00^+1+. 1-.-1101| ok p=1
Q12:	|^+--++++ 1+++00-- 0-++0++. ++^1--+-| ok p=1
Q13:	|+-++1001 001++-0- 01+1---. --+++---| ok p=1
Q14:	|001-0111 +00.10-+ 111+1010 01011.11| ok p=1
Q15:	|1+0++.0. +..001+1 ..-10111 -001+11-| ok p=0.637695
Q16:	|...0..1. -.0...00 ..-1..1+ ..0.+..-| ok p=0.620117
Q17:	|.^.0^.+. 1.1...-. ..01..1. ^.1.0..1| ok p=0.819336
Q18:	|...1.... 1.+...-. ..10..-^ ..-.1..+| ok p=0.663086
Q19:	|.0.-..^. -....0+. ...+.... .......+| ok p=1
Q20:	|01...0.. ..^..1+. .0...0^. ..^....0| ok p=1
Q21:	|1+.^.1.. ^....+0. .1.^.1.. ..0....1| ok p=0.767578
Q22:	|+....-.. ......0. .-...+.. ..1.....| ok p=0.439453
Q23:	|.^...... 0....^.. ........ ..-.0...| ok p=1
Q24:	|^....^.. 1...0... .^...^.0 ....1...| ok p=0.71582
Q25:	|........ +...1... ........ ..^.+...| ok p=0.507812
Q26:	|...0.... ....+... ......0- ........| ok p=1
Q27:	|...1.... ^....... ......1- ....^...| ok p=0.941406
Q28:	|...-.... ....^... ......-+ ........| ok p=0.935547
Q29:	|...0.... ........ .......0 ........| ok p=0.942383
Q30:	|...+.... ........ ......^1 ........| ok p=1
Q31:	|...+.... ........ ........ ........| ok p=0.925781
Q32:	|........ ........ ........ ........| ok p=1
Q33:	|...!.... ........ ........ ........| ok p=1
Q34:	|........ ........ ........ ........| ok p=1
Q35:	|........ ........ ........ ........| ok p=1
Q36:	|........ ........ ........ ........| ok p=1
Q37:	|........ ........ ........ ........| ok p=1
Q38:	|........ ........ ........ ........| ok p=1
Q39:	|........ ........ ........ ........| ok p=1
Q40:	|........ ........ ........ ........| ok p=1
Q41:	|........ ........ ........ ........| ok p=1
Q42:	|........ ........ ........ ........| ok p=1
Q43:	|........ ........ ........ ........| ok p=1
Q44:	|........ ........ ........ ........| ok p=1
Q45:	|........ ........ ........ ........| ok p=1
Q46:	|........ ........ ........ ........| ok p=1
Q47:	|........ ........ ........ ........| ok p=1
Q48:	|........ ........ ........ ........| ok p=1
Q49:	|........ ........ ........ ........| ok p=1
Q50:	|........ ........ ........ ........| ok p=1
Q51:	|........ ........ ........ ........| ok p=1
Q52:	|........ ........ ........ ........| ok p=1
Q53:	|........ ........ ........ ........| ok p=1
Q54:	|........ ........ ........ ........| ok p=1
Q55:	|........ ........ ........ ........| ok p=1
Q56:	|........ ........ ........ ........| ok p=1
Q57:	|........ ........ ........ ........| ok p=1
Q58:	|........ ........ ........ ........| ok p=1
Q59:	|........ ........ ........ ........| ok p=1
Q60:	|........ ........ ........ .0......| ok p=1
Q61:	|........ ........ ........ 11......| ok p=0.875
Q62:	|........ ........ ........ 1-......| ok p=1
Q63:	|........ ........ ........ -+......| ok p=0.93457
Q64:	|...+.... ........ ........ .-......|
Best path: totcompl=-36 tottunnel=26, totcond=587, p=0.00743373
Q-3:	|01010000 11011100 10101011 01000000|
Q-2:	|+0000-+1 101++--- 100110-1 0+0110+-|
Q-1:	|+00-+++0 11+-001+ 10110-+0 1+01110+|
Q0:	|-+-+10-0 +1+-01+- -011+001 ++-001+0| ok p=0.495117
Q1:	|1-0-00+1 +0.+.-10 0.-.+11. 0.-..+0+| ok p=1
Q2:	|0-1-..++ .10-.1+0 0.0.-1.. +01..+++| ok p=1
Q3:	|1-....10 1-.-.++. ..1.-0.. 10-..0+.| ok p=1
Q4:	|00.1..+1 .0!+.0-. ....++.. 100..+00| ok p=1
Q5:	|1+....1+ .1.1.-0. ^...011. .+1..-+.| ok p=1
Q6:	|1-....10 .+.0.+0. +...-11^ ^--.01-.| ok p=1
Q7:	|.-.....1 .-...0.! 1...-.0. .--.1++^| ok p=1
Q8:	|!-1....+ .-.!00.. +...+.+. .+..+11-| ok p=1
Q9:	|.-0^...+ .1..1-.. -...000. .+00+100| ok p=1
Q10:	|.11+1000 .111--11 -10.+01. 1+.1+.00| ok p=1
Q11:	|.0110000 0-10++01 +00^+1+. 1-.-1.11| ok p=1
Q12:	|^+--++++ 1+++00-- 0-++0++. ++^1-^--| ok p=1
Q13:	|+-++1001 001++-0- 01+1---. --+++---| ok p=1
Q14:	|001-0111 +00.10-+ 111+1010 010111.1| ok p=1
Q15:	|1+0++.0. +..001+1 ..-10111 -001+11-| ok p=0.649414
Q16:	|...0..1. -.0...00 ..-1..1+ ..0.+..-| ok p=0.588867
Q17:	|.^.0^.+. 1.1...-. ..01..1. ^.1.0..1| ok p=0.786133
Q18:	|...1.... 1.+...-. ..10..-^ ..-.1..+| ok p=0.660156
Q19:	|.0.-..^. -....0+. ...+.... .......+| ok p=1
Q20:	|01...0.. ..^..1+. .0...0^. ..^....0| ok p=1
Q21:	|1+.^.1.. ^....+0. .1.^.1.. ..0....1| ok p=0.802734
Q22:	|+....-.. ......0. .-...+.. ..1.....| ok p=0.412109
Q23:	|.^...... 0....^.. ........ ..-.0...| ok p=1
Q24:	|^....^.. 1...0... .^...^.0 ....1...| ok p=0.71875
Q25:	|........ +...1... ........ ..^.+...| ok p=0.453125
Q26:	|...0.... ....+... ......0- ........| ok p=1
Q27:	|...1.... ^....... ......1- ....^...| ok p=0.945312
Q28:	|...-.... ....^... ......-+ ........| ok p=0.944336
Q29:	|...0.... ........ .......0 ........| ok p=0.946289
Q30:	|...+.... ........ ......^1 ........| ok p=1
Q31:	|...+.... ........ ........ ........| ok p=0.936523
Q32:	|........ ........ ........ ........| ok p=1
Q33:	|...!.... ........ ........ ........| ok p=1
Q34:	|........ ........ ........ ........| ok p=1
Q35:	|........ ........ ........ ........| ok p=1
Q36:	|........ ........ ........ ........| ok p=1
Q37:	|........ ........ ........ ........| ok p=1
Q38:	|........ ........ ........ ........| ok p=1
Q39:	|........ ........ ........ ........| ok p=1
Q40:	|........ ........ ........ ........| ok p=1
Q41:	|........ ........ ........ ........| ok p=1
Q42:	|........ ........ ........ ........| ok p=1
Q43:	|........ ........ ........ ........| ok p=1
Q44:	|........ ........ ........ ........| ok p=1
Q45:	|........ ........ ........ ........| ok p=1
Q46:	|........ ........ ........ ........| ok p=1
Q47:	|........ ........ ........ ........| ok p=1
Q48:	|........ ........ ........ ........| ok p=1
Q49:	|........ ........ ........ ........| ok p=1
Q50:	|........ ........ ........ ........| ok p=1
Q51:	|........ ........ ........ ........| ok p=1
Q52:	|........ ........ ........ ........| ok p=1
Q53:	|........ ........ ........ ........| ok p=1
Q54:	|........ ........ ........ ........| ok p=1
Q55:	|........ ........ ........ ........| ok p=1
Q56:	|........ ........ ........ ........| ok p=1
Q57:	|........ ........ ........ ........| ok p=1
Q58:	|........ ........ ........ ........| ok p=1
Q59:	|........ ........ ........ ........| ok p=1
Q60:	|........ ........ ........ .0......| ok p=1
Q61:	|........ ........ ........ 11......| ok p=0.862305
Q62:	|........ ........ ........ 1-......| ok p=1
Q63:	|........ ........ ........ -+......| ok p=0.930664
Q64:	|...+.... ........ ........ .-......|
Best path: totcompl=-35 tottunnel=27, totcond=585, p=0.00812533
Q-3:	|01010000 11011100 10101011 01000000|
Q-2:	|+0000-+1 101++--- 100110-1 0+0110+-|
Q-1:	|+00-+++0 11+-001+ 10110-+0 1+01110+|
Q0:	|-+-+10-0 +1+-01+- -011+001 ++-001+0| ok p=0.513672
Q1:	|1-0-00+1 +0.+.-10 0.-.+11. 0.-..+0+| ok p=1
Q2:	|0-1-..++ .10-.1+0 0.0.-1.. +01..+++| ok p=1
Q3:	|.-0...10 1-.-.++. ..1.-0.. 10-..0+.| ok p=1
Q4:	|!0.1..+1 .0!+.0-. ....++.. 100..+00| ok p=1
Q5:	|!+....1+ .1.1.-0. ^...011. 1+1..-+.| ok p=1
Q6:	|^-....10 .+.0.+0. +...-11^ .--.01-.| ok p=1
Q7:	|.-.....1 .-...0.! 1...-.0. .--.1++^| ok p=1
Q8:	|!-1....+ .-!.00.. +...+.+. .+..+11-| ok p=1
Q9:	|.-0^...+ .1..1-.. -...000. .+00+100| ok p=1
Q10:	|.11+1..0 .1.0--11 -10.+01. 1+.1+110| ok p=1
Q11:	|.0110^^0 ^-.1++01 +00^+1+. 1-.-1101| ok p=0.0576172
Q12:	|^+--++++ +1!-00-- 0-++0++. ++^1--+-| ok p=1
Q13:	|+-++1001 01.++-0- 01+1---. --+++---| ok p=1
Q14:	|001-0111 +..010-+ .11+1010 01011.11| ok p=1
Q15:	|1+0++.0. +..001+1 ^.-10111 -001+11-| ok p=0.644531
Q16:	|...0..1. -.0...00 ..-1..1+ ..0.+..-| ok p=0.614258
Q17:	|.^.0^.+. 1.1...-. ..01..1. ^.1.0..1| ok p=0.818359
Q18:	|...1.... 1.+...-. ..10..-^ ..-.1..+| ok p=0.663086
Q19:	|.0.-..^. -....0+. ...+.... .......+| ok p=1
Q20:	|01...0.. ..^..1+. .0...0^. ..^....0| ok p=1
Q21:	|1+.^.1.. ^....+0. .1.^.1.. ..0....1| ok p=0.782227
Q22:	|+....-.. ......0. .-...+.. ..1.....| ok p=0.426758
Q23:	|.^...... 0....^.. ........ ..-.0...| ok p=1
Q24:	|^....^.. 1...0... .^...^.0 ....1...| ok p=0.707031
Q25:	|........ +...1... ........ ..^.+...| ok p=0.483398
Q26:	|...0.... ....+... ......0- ........| ok p=1
Q27:	|...1.... ^....... ......1- ....^...| ok p=0.922852
Q28:	|...-.... ....^... ......-+ ........| ok p=0.921875
Q29:	|...0.... ........ .......0 ........| ok p=0.93457
Q30:	|...+.... ........ ......^1 ........| ok p=1
Q31:	|...+.... ........ ........ ........| ok p=0.939453
Q32:	|........ ........ ........ ........| ok p=1
Q33:	|...!.... ........ ........ ........| ok p=1
Q34:	|........ ........ ........ ........| ok p=1
Q35:	|........ ........ ........ ........| ok p=1
Q36:	|........ ........ ........ ........| ok p=1
Q37:	|........ ........ ........ ........| ok p=1
Q38:	|........ ........ ........ ........| ok p=1
Q39:	|........ ........ ........ ........| ok p=1
Q40:	|........ ........ ........ ........| ok p=1
Q41:	|........ ........ ........ ........| ok p=1
Q42:	|........ ........ ........ ........| ok p=1
Q43:	|........ ........ ........ ........| ok p=1
Q44:	|........ ........ ........ ........| ok p=1
Q45:	|........ ........ ........ ........| ok p=1
Q46:	|........ ........ ........ ........| ok p=1
Q47:	|........ ........ ........ ........| ok p=1
Q48:	|........ ........ ........ ........| ok p=1
Q49:	|........ ........ ........ ........| ok p=1
Q50:	|........ ........ ........ ........| ok p=1
Q51:	|........ ........ ........ ........| ok p=1
Q52:	|........ ........ ........ ........| ok p=1
Q53:	|........ ........ ........ ........| ok p=1
Q54:	|........ ........ ........ ........| ok p=1
Q55:	|........ ........ ........ ........| ok p=1
Q56:	|........ ........ ........ ........| ok p=1
Q57:	|........ ........ ........ ........| ok p=1
Q58:	|........ ........ ........ ........| ok p=1
Q59:	|........ ........ ........ ........| ok p=1
Q60:	|........ ........ ........ .0......| ok p=1
Q61:	|........ ........ ........ 11......| ok p=0.87207
Q62:	|........ ........ ........ 1-......| ok p=1
Q63:	|........ ........ ........ -+......| ok p=0.938477
Q64:	|...+.... ........ ........ .-......|
Best path: totcompl=-33 tottunnel=29, totcond=581, p=0.000542198
Q-3:	|01010000 11011100 10101011 01000000|
Q-2:	|+0000-+1 101++--- 100110-1 0+0110+-|
Q-1:	|+00-+++0 11+-001+ 10110-+0 1+01110+|
Q0:	|-+-+10-0 +1+-01+- -011+001 ++-001+0| ok p=0.501953
Q1:	|1-0-00+1 +0.+.-10 0.-.+11. 0.-..+0+| ok p=1
Q2:	|0-1-..++ .10-.1+0 0.0.-1.. +01..+++| ok p=1
Q3:	|1-....10 1-.-.++. ..1.-0.. 10-..0+.| ok p=1
Q4:	|00.1..+1 .0!+.0-. ....++.. 100..+00| ok p=1
Q5:	|1+....1+ .1.1.-0. ^...0111 1+1..-+.| ok p=1
Q6:	|1-....10 .+.0.+0. +...-11. .--.01-.| ok p=1
Q7:	|.-.....1 .-...0.! 1...-.0. .--.1++^| ok p=1
Q8:	|.-!....+ .-!.00.. +...+.+. .+..+11-| ok p=1
Q9:	|!-.^...+ .1..1-.. -...000. .+00+100| ok p=1
Q10:	|!11+1..0 .1.0--11 -10.+01. 1+.1+.00| ok p=1
Q11:	|.0110^^0 ^-.1++01 +00^+1+. 1-.-1.11| ok p=0.0654297
Q12:	|^+--++++ +1!-00-- 0-++0++. ++^1-^--| ok p=1
Q13:	|+-++1001 01.++-0- 01+1---. --+++---| ok p=1
Q14:	|001-0111 +..010-+ 111+1010 010111.1| ok p=1
Q15:	|1+0++.0. +..001+1 ..-10111 -001+11-| ok p=0.62793
Q16:	|...0..1. -.0...00 ..-1..1+ ..0.+..-| ok p=0.619141
Q17:	|.^.0^.+. 1.1...-. ..01..1. ^.1.0..1| ok p=0.830078
Q18:	|...1.... 1.+...-. ..10..-^ ..-.1..+| ok p=0.65625
Q19:	|.0.-..^. -....0+. ...+.... .......+| ok p=1
Q20:	|01...0.. ..^..1+. .0...0^. ..^....0| ok p=1
Q21:	|1+.^.1.. ^....+0. .1.^.1.. ..0....1| ok p=0.78125
Q22:	|+....-.. ......0. .-...+.. ..1.....| ok p=0.413086
Q23:	|.^...... 0....^.. ........ ..-.0...| ok p=1
Q24:	|^....^.. 1...0... .^...^.0 ....1...| ok p=0.733398
Q25:	|........ +...1... ........ ..^.+...| ok p=0.46875
Q26:	|...0.... ....+... ......0- ........| ok p=1
Q27:	|...1.... ^....... ......1- ....^...| ok p=0.942383
Q28:	|...-.... ....^... ......-+ ........| ok p=0.923828
Q29:	|...0.... ........ .......0 ........| ok p=0.927734
Q30:	|...+.... ........ ......^1 ........| ok p=1
Q31:	|...+.... ........ ........ ........| ok p=0.94043
Q32:	|........ ........ ........ ........| ok p=1
Q33:	|...!.... ........ ........ ........| ok p=1
Q34:	|........ ........ ........ ........| ok p=1
Q35:	|........ ........ ........ ........| ok p=1
Q36:	|........ ........ ........ ........| ok p=1
Q37:	|........ ........ ........ ........| ok p=1
Q38:	|........ ........ ........ ........| ok p=1
Q39:	|........ ........ ........ ........| ok p=1
Q40:	|........ ........ ........ ........| ok p=1
Q41:	|........ ........ ........ ........| ok p=1
Q42:	|........ ........ ........ ........| ok p=1
Q43:	|........ ........ ........ ........| ok p=1
Q44:	|........ ........ ........ ........| ok p=1
Q45:	|........ ........ ........ ........| ok p=1
Q46:	|........ ........ ........ ........| ok p=1
Q47:	|........ ........ ........ ........| ok p=1
Q48:	|........ ........ ........ ........| ok p=1
Q49:	|........ ........ ........ ........| ok p=1
Q50:	|........ ........ ........ ........| ok p=1
Q51:	|........ ........ ........ ........| ok p=1
Q52:	|........ ........ ........ ........| ok p=1
Q53:	|........ ........ ........ ........| ok p=1
Q54:	|........ ........ ........ ........| ok p=1
Q55:	|........ ........ ........ ........| ok p=1
Q56:	|........ ........ ........ ........| ok p=1
Q57:	|........ ........ ........ ........| ok p=1
Q58:	|........ ........ ........ ........| ok p=1
Q59:	|........ ........ ........ ........| ok p=1
Q60:	|........ ........ ........ .0......| ok p=1
Q61:	|........ ........ ........ 11......| ok p=0.880859
Q62:	|........ ........ ........ 1-......| ok p=1
Q63:	|........ ........ ........ -+......| ok p=0.930664
Q64:	|...+.... ........ ........ .-......|
Best path: totcompl=-32 tottunnel=30, totcond=579, p=0.000550911
Best paths: 2
Q-3:	|01010000 11011100 10101011 01000000|
Q-2:	|+0000-+1 101++--- 100110-1 0+0110+-|
Q-1:	|+00-+++0 11+-001+ 10110-+0 1+01110+|
Q0:	|-+-+10-0 +1+-01+- -011+001 ++-001+0| ok p=0.505859
Q1:	|1-0-00+1 +0.+.-10 0.-.+11. 0.-..+0+| ok p=1
Q2:	|0-1-..++ .10-.1+0 0.0.-1.. +01..+++| ok p=1
Q3:	|.-0...10 1-.-.++. ..1.-0.. 10-..0+.| ok p=1
Q4:	|!0.1..+1 .0!+.0-. ....++.. 100..+00| ok p=1
Q5:	|!+....1+ .1.1.-0. ^...0111 .+1..-+.| ok p=1
Q6:	|^-....10 .+.0.+0. +...-110 .--.01-.| ok p=1
Q7:	|.-.....1 .-...0.! 1...-.0. .--.1++^| ok p=1
Q8:	|!-1....+ .-.!00.. +...+.+. .+..+11-| ok p=1
Q9:	|.-0^...+ .1..1-.. -...000. .+00+100| ok p=1
Q10:	|.11+0..0 .1.0--11 -10.+01. 1+.1+.00| ok p=1
Q11:	|.0111^^0 ^-.1++01 +00^+1+. 1-.-1.11| ok p=0.0595703
Q12:	|^+-1-+++ +1!-00-- 0-++0++. ++^1-^--| ok p=1
Q13:	|+-++1001 01.++-0- 01+1---. --+++---| ok p=1
Q14:	|001-0111 +..010-+ .11+1010 010111.1| ok p=1
Q15:	|1+0++.0. +..001+1 ^.-10111 -001+11-| ok p=0.65625
Q16:	|...0..1. -.0...00 ..-1..1+ ..0.+..-| ok p=0.610352
Q17:	|.^.0^.+. 1.1...-. ..01..1. ^.1.0..1| ok p=0.81543
Q18:	|...1.... 1.+...-. ..10..-^ ..-.1..+| ok p=0.668945
Q19:	|.0.-..^. -....0+. ...+.... .......+| ok p=1
Q20:	|01...0.. ..^..1+. .0...0^. ..^....0| ok p=1
Q21:	|1+.^.1.. ^....+0. .1.^.1.. ..0....1| ok p=0.780273
Q22:	|+....-.. ......0. .-...+.. ..1.....| ok p=0.404297
Q23:	|.^...... 0....^.. ........ ..-.0...| ok p=1
Q24:	|^....^.. 1...0... .^...^.0 ....1...| ok p=0.749023
Q25:	|........ +...1... ........ ..^.+...| ok p=0.484375
Q26:	|...0.... ....+... ......0- ........| ok p=1
Q27:	|...1.... ^....... ......1- ....^...| ok p=0.916016
Q28:	|...-.... ....^... ......-+ ........| ok p=0.930664
Q29:	|...0.... ........ .......0 ........| ok p=0.929688
Q30:	|...+.... ........ ......^1 ........| ok p=1
Q31:	|...+.... ........ ........ ........| ok p=0.93457
Q32:	|........ ........ ........ ........| ok p=1
Q33:	|...!.... ........ ........ ........| ok p=1
Q34:	|........ ........ ........ ........| ok p=1
Q35:	|........ ........ ........ ........| ok p=1
Q36:	|........ ........ ........ ........| ok p=1
Q37:	|........ ........ ........ ........| ok p=1
Q38:	|........ ........ ........ ........| ok p=1
Q39:	|........ ........ ........ ........| ok p=1
Q40:	|........ ........ ........ ........| ok p=1
Q41:	|........ ........ ........ ........| ok p=1
Q42:	|........ ........ ........ ........| ok p=1
Q43:	|........ ........ ........ ........| ok p=1
Q44:	|........ ........ ........ ........| ok p=1
Q45:	|........ ........ ........ ........| ok p=1
Q46:	|........ ........ ........ ........| ok p=1
Q47:	|........ ........ ........ ........| ok p=1
Q48:	|........ ........ ........ ........| ok p=1
Q49:	|........ ........ ........ ........| ok p=1
Q50:	|........ ........ ........ ........| ok p=1
Q51:	|........ ........ ........ ........| ok p=1
Q52:	|........ ........ ........ ........| ok p=1
Q53:	|........ ........ ........ ........| ok p=1
Q54:	|........ ........ ........ ........| ok p=1
Q55:	|........ ........ ........ ........| ok p=1
Q56:	|........ ........ ........ ........| ok p=1
Q57:	|........ ........ ........ ........| ok p=1
Q58:	|........ ........ ........ ........| ok p=1
Q59:	|........ ........ ........ ........| ok p=1
Q60:	|........ ........ ........ .0......| ok p=1
Q61:	|........ ........ ........ 11......| ok p=0.881836
Q62:	|........ ........ ........ 1-......| ok p=1
Q63:	|........ ........ ........ -+......| ok p=0.939453
Q64:	|...+.... ........ ........ .-......|
Best path: totcompl=-31 tottunnel=31, totcond=579, p=0.00049786
Best paths: 2
Best paths: 4
Q-3:	|01010000 11011100 10101011 01000000|
Q-2:	|+0000-+1 101++--- 100110-1 0+0110+-|
Q-1:	|+00-+++0 11+-001+ 10110-+0 1+01110+|
Q0:	|-+-+10-0 +1+-01+- -011+001 ++-001+0| ok p=0.50293
Q1:	|1-0-00+1 +0.+.-10 0.-.+11. 0.-..+0+| ok p=1
Q2:	|0-1-..++ .10-.1+0 0.0.-1.. +01..+++| ok p=1
Q3:	|1-....10 1-.-.++. ..1.-0.. 10-..0+.| ok p=1
Q4:	|00.1..+1 .0!+.0-. ....++.. 100..+00| ok p=1
Q5:	|1+....1+ .1.00-0. ^...011. .+1..-+.| ok p=1
Q6:	|1-....10 .+.01+0. +...-10. .--..-01| ok p=1
Q7:	|.-.....1 .-..+0.! 1...-1.. .--..+11| ok p=1
Q8:	|0-..1... .-!.+0.. +...++.. .+...++-| ok p=1
Q9:	|1+..0... .1.1+-.. +...1-.. .+0..+1+| ok p=1
Q10:	|0000+0.1 .+.00-0. +01.1+1. 0+110++0| ok p=1
Q11:	|1010-100 010+111^ -10^--11 11-1101-| ok p=1
Q12:	|+---+-1- 101+-0++ +-++11+0 --1----1| ok p=1
Q13:	|+0++++-- ---.--11 --001+-- 101-1+--| ok p=0.483398
Q14:	|.10-101. +101.1-+ 101+.11- 00..00.0| ok p=0.499023
Q15:	|0+0++101 +01.10+1 0-.1.100 -..1+00-| ok p=0.641602
Q16:	|...0..1. -.0...00 ...-..1+ ..0.+..-| ok p=0.633789
Q17:	|.^.0^.+. 1.1...-. .^.0..1. ^.1.0..1| ok p=0.833984
Q18:	|...1.... 1.+...-. ...0..-^ ..-.1..+| ok p=0.701172
Q19:	|.0.-..^. -....0+. ...+.... .......+| ok p=1
Q20:	|01...0.. ..^..1+. .0...0^. ..^....0| ok p=1
Q21:	|1+.^.1.. ^....+0. .1.^.1.. ..0....1| ok p=0.787109
Q22:	|+....-.. ......0. .-...+.. ..1.....| ok p=0.44043
Q23:	|.^...... 0....^.. ........ ..-.0...| ok p=1
Q24:	|^....^.. 1...0... .^...^.0 ....1...| ok p=0.717773
Q25:	|........ +...1... ........ ..^.+...| ok p=0.455078
Q26:	|...0.... ....+... ......0- ........| ok p=1
Q27:	|...1.... ^....... ......1- ....^...| ok p=0.949219
Q28:	|...-.... ....^... ......-+ ........| ok p=0.922852
Q29:	|...0.... ........ .......0 ........| ok p=0.921875
Q30:	|...+.... ........ ......^1 ........| ok p=1
Q31:	|...+.... ........ ........ ........| ok p=0.938477
Q32:	|........ ........ ........ ........| ok p=1
Q33:	|...!.... ........ ........ ........| ok p=1
Q34:	|........ ........ ........ ........| ok p=1
Q35:	|........ ........ ........ ........| ok p=1
Q36:	|........ ........ ........ ........| ok p=1
Q37:	|........ ........ ........ ........| ok p=1
Q38:	|........ ........ ........ ........| ok p=1
Q39:	|........ ........ ........ ........| ok p=1
Q40:	|........ ........ ........ ........| ok p=1
Q41:	|........ ........ ........ ........| ok p=1
Q42:	|........ ........ ........ ........| ok p=1
Q43:	|........ ........ ........ ........| ok p=1
Q44:	|........ ........ ........ ........| ok p=1
Q45:	|........ ........ ........ ........| ok p=1
Q46:	|........ ........ ........ ........| ok p=1
Q47:	|........ ........ ........ ........| ok p=1
Q48:	|........ ........ ........ ........| ok p=1
Q49:	|........ ........ ........ ........| ok p=1
Q50:	|........ ........ ........ ........| ok p=1
Q51:	|........ ........ ........ ........| ok p=1
Q52:	|........ ........ ........ ........| ok p=1
Q53:	|........ ........ ........ ........| ok p=1
Q54:	|........ ........ ........ ........| ok p=1
Q55:	|........ ........ ........ ........| ok p=1
Q56:	|........ ........ ........ ........| ok p=1
Q57:	|........ ........ ........ ........| ok p=1
Q58:	|........ ........ ........ ........| ok p=1
Q59:	|........ ........ ........ ........| ok p=1
Q60:	|........ ........ ........ .0......| ok p=1
Q61:	|........ ........ ........ 11......| ok p=0.874023
Q62:	|........ ........ ........ 1-......| ok p=1
Q63:	|........ ........ ........ -+......| ok p=0.927734
Q64:	|...+.... ........ ........ .-......|
Best path: totcompl=-30 tottunnel=32, totcond=579, p=0.0020377
Best paths: 2
******************Q-3:	|01010000 11011100 10101011 01000000|
Q-2:	|+0000-+1 101++--- 100110-1 0+0110+-|
Q-1:	|+00-+++0 11+-001+ 10110-+0 1+01110+|
Q0:	|-+-+10-0 +1+-01+- -011+001 ++-001+0| ok p=0.488281
Q1:	|1-0-00+1 +0.+.-10 0.-.+11. 0.-..+0+| ok p=1
Q2:	|0-1-..++ .10-.1+0 0.0.-1.. +01..+++| ok p=1
Q3:	|1-....10 1-.-.++. ..1.-0.. 10-..0+.| ok p=1
Q4:	|00.1..+1 .0!+.0-. ....++.. 100..+00| ok p=1
Q5:	|1+....1+ .1.1.-0. ^...011. .+1..-+.| ok p=1
Q6:	|1-....10 .+.0.+0. +...-10. .--.01-.| ok p=1
Q7:	|.-.....1 .-...0.! 1...-.0. .--.1++^| ok p=1
Q8:	|.-!.0..+ .-!0.0.. +...+.+. .+..+11-| ok p=1
Q9:	|.-..1..+ ...0.-.. +...0.1. 1+0.+101| ok p=1
Q10:	|!..1+1.. .1.+1+.. +011-^10 0+..+1.1| ok p=1
Q11:	|.0^1+100 101-01.! -100+1+0 -+00+0.+| ok p=1
Q12:	|^1--.-11 1-00++.. -++++0++ 1010++^0| ok p=1
Q13:	|-11-0+-- ---0--0^ .+------ 1-++00+-| ok p=1
Q14:	|100-0111 +.1.111- 111+000- +0110100| ok p=1
Q15:	|0+.++100 +11.01+0 .-110010 -110+.1-| ok p=0.626953
Q16:	|...0..1. -.0...00 ...-..1+ 0.0.+..-| ok p=0.601562
Q17:	|.^.0^.+. 1.1...-. .^.0..1. 1.1.0..1| ok p=0.837891
Q18:	|...1.... 1.+...-. ...0..-^ ..-.1..+| ok p=0.665039
Q19:	|.0.-..^. -....0+. ...+.... .......+| ok p=1
Q20:	|01...0.. ..^..1+. .0...0^. ..^....0| ok p=1
Q21:	|1+.^.1.. ^....+0. .1.^.1.. ..0....1| ok p=0.751953
Q22:	|-....-.. ......0. .-...+.. ..1.....| ok p=0.442383
Q23:	|.^...... 0....^.. ........ ..-.0...| ok p=1
Q24:	|^....^.. 1...0... .^...^.0 ....1...| ok p=0.730469
Q25:	|........ +...1... ........ ..^.+...| ok p=0.501953
Q26:	|...0.... ....+... ......0- ........| ok p=1
Q27:	|...1.... ^....... ......1- ....^...| ok p=0.922852
Q28:	|...-.... ....^... ......-+ ........| ok p=0.931641
Q29:	|...0.... ........ .......0 ........| ok p=0.946289
Q30:	|...+.... ........ ......^1 ........| ok p=1
Q31:	|...+.... ........ ........ ........| ok p=0.923828
Q32:	|........ ........ ........ ........| ok p=1
Q33:	|...!.... ........ ........ ........| ok p=1
Q34:	|........ ........ ........ ........| ok p=1
Q35:	|........ ........ ........ ........| ok p=1
Q36:	|........ ........ ........ ........| ok p=1
Q37:	|........ ........ ........ ........| ok p=1
Q38:	|........ ........ ........ ........| ok p=1
Q39:	|........ ........ ........ ........| ok p=1
Q40:	|........ ........ ........ ........| ok p=1
Q41:	|........ ........ ........ ........| ok p=1
Q42:	|........ ........ ........ ........| ok p=1
Q43:	|........ ........ ........ ........| ok p=1
Q44:	|........ ........ ........ ........| ok p=1
Q45:	|........ ........ ........ ........| ok p=1
Q46:	|........ ........ ........ ........| ok p=1
Q47:	|........ ........ ........ ........| ok p=1
Q48:	|........ ........ ........ ........| ok p=1
Q49:	|........ ........ ........ ........| ok p=1
Q50:	|........ ........ ........ ........| ok p=1
Q51:	|........ ........ ........ ........| ok p=1
Q52:	|........ ........ ........ ........| ok p=1
Q53:	|........ ........ ........ ........| ok p=1
Q54:	|........ ........ ........ ........| ok p=1
Q55:	|........ ........ ........ ........| ok p=1
Q56:	|........ ........ ........ ........| ok p=1
Q57:	|........ ........ ........ ........| ok p=1
Q58:	|........ ........ ........ ........| ok p=1
Q59:	|........ ........ ........ ........| ok p=1
Q60:	|........ ........ ........ .0......| ok p=1
Q61:	|........ ........ ........ 11......| ok p=0.879883
Q62:	|........ ........ ........ 1-......| ok p=1
Q63:	|........ ........ ........ -+......| ok p=0.935547
Q64:	|...+.... ........ ........ .-......|
Best path: totcompl=-30 tottunnel=32, totcond=575, p=0.00879585
Best paths: 2
Q-3:	|01010000 11011100 10101011 01000000|
Q-2:	|+0000-+1 101++--- 100110-1 0+0110+-|
Q-1:	|+00-+++0 11+-001+ 10110-+0 1+01110+|
Q0:	|-+-+10-0 +1+-01+- -011+001 ++-001+0| ok p=0.523438
Q1:	|1-0-00+1 +0.+.-10 0.-.+11. 0.-..+0+| ok p=1
Q2:	|0-1-..++ .10-.1+0 0.0.-1.. +01..+++| ok p=1
Q3:	|1-....10 1-.-.++. ..1.-0.. 10-..0+.| ok p=1
Q4:	|00.1..+1 .0!+.0-. ....++.. 100..+00| ok p=1
Q5:	|1+....1+ .1.1.-0. ^...011. .+1..-+.| ok p=1
Q6:	|1-....10 .+.0.+0. +...-10. .--.01-.| ok p=1
Q7:	|.-.....1 .-.1.0.! 1...-.0. .--.1++^| ok p=1
Q8:	|!-..0..+ .-.0.0.. +...+.+. .+..+11-| ok p=1
Q9:	|.-..1..+ ...0.-.. +...0.1. 1+0.+101| ok p=1
Q10:	|!...+1.. .10+0+.. +001-^10 0+..+1.1| ok p=1
Q11:	|.0^^+1.1 101-11.! -110+1+0 -+00+0.+| ok p=1
Q12:	|^1--1-^0 1-+--+.. 0--++0++ 0010++^0| ok p=1
Q13:	|-1110--- ---.--0^ +------- 1-++00+-| ok p=1
Q14:	|1000-.11 +.01.11- 11.+010- 00110100| ok p=1
Q15:	|0+.++100 +11.01+0 0-110010 -110+.1-| ok p=0.631836
Q16:	|...01.1. -.0...00 ...-..1+ ..0.+..-| ok p=0.693359
Q17:	|.^.00.+. 1.1...-. .^.0..1. ^.1.0..1| ok p=0.806641
Q18:	|...1.... 1.+...-. ...0..-^ ..-.1..+| ok p=0.692383
Q19:	|.0.-..^. -....0+. ...+.... .......+| ok p=1
Q20:	|01...0.. ..^..1+. .0...0^. ..^....0| ok p=1
Q21:	|1+.^.1.. ^....+0. .1.^.1.. ..0....1| ok p=0.75293
Q22:	|-....-.. ......0. .-...+.. ..1.....| ok p=0.40625
Q23:	|.^...... 0....^.. ........ ..-.0...| ok p=1
Q24:	|^....^.. 1...0... .^...^.0 ....1...| ok p=0.730469
Q25:	|........ +...1... ........ ..^.+...| ok p=0.481445
Q26:	|...0.... ....+... ......0- ........| ok p=1
Q27:	|...1.... ^....... ......1- ....^...| ok p=0.94043
Q28:	|...-.... ....^... ......-+ ........| ok p=0.947266
Q29:	|...0.... ........ .......0 ........| ok p=0.941406
Q30:	|...+.... ........ ......^1 ........| ok p=1
Q31:	|...+.... ........ ........ ........| ok p=0.939453
Q32:	|........ ........ ........ ........| ok p=1
Q33:	|...!.... ........ ........ ........| ok p=1
Q34:	|........ ........ ........ ........| ok p=1
Q35:	|........ ........ ........ ........| ok p=1
Q36:	|........ ........ ........ ........| ok p=1
Q37:	|........ ........ ........ ........| ok p=1
Q38:	|........ ........ ........ ........| ok p=1
Q39:	|........ ........ ........ ........| ok p=1
Q40:	|........ ........ ........ ........| ok p=1
Q41:	|........ ........ ........ ........| ok p=1
Q42:	|........ ........ ........ ........| ok p=1
Q43:	|........ ........ ........ ........| ok p=1
Q44:	|........ ........ ........ ........| ok p=1
Q45:	|........ ........ ........ ........| ok p=1
Q46:	|........ ........ ........ ........| ok p=1
Q47:	|........ ........ ........ ........| ok p=1
Q48:	|........ ........ ........ ........| ok p=1
Q49:	|........ ........ ........ ........| ok p=1
Q50:	|........ ........ ........ ........| ok p=1
Q51:	|........ ........ ........ ........| ok p=1
Q52:	|........ ........ ........ ........| ok p=1
Q53:	|........ ........ ........ ........| ok p=1
Q54:	|........ ........ ........ ........| ok p=1
Q55:	|........ ........ ........ ........| ok p=1
Q56:	|........ ........ ........ ........| ok p=1
Q57:	|........ ........ ........ ........| ok p=1
Q58:	|........ ........ ........ ........| ok p=1
Q59:	|........ ........ ........ ........| ok p=1
Q60:	|........ ........ ........ .0......| ok p=1
Q61:	|........ ........ ........ 11......| ok p=0.880859
Q62:	|........ ........ ........ 1-......| ok p=1
Q63:	|........ ........ ........ -+......| ok p=0.928711
Q64:	|...+.... ........ ........ .-......|
Best path: totcompl=-28 tottunnel=34, totcond=574, p=0.00797993
Best paths: 2
Best paths: 4
********************************
Best path: totcompl=-28 tottunnel=34, totcond=574
Verified: 399911 bad out of 399932
Runtime: 985.099
