Extend MD5 differential paths forward
Copyright (C) 2009 Marc Stevens
http://homepages.cwi.nl/~stevens/

delta_m[11] = [!-28!]
Loading workdir1/lowerpath.bin.gz...done: 1.
Estimating maxcond for upper bound 8000000 (=2000000 * 4)...
t=1:  0%   10   20   30   40   50   60   70   80   90   100%
      |----|----|----|----|----|----|----|----|----|----|
e     ***************************************************
Found maxcond = 2176
t=1:  0%   10   20   30   40   50   60   70   80   90   100%
      |----|----|----|----|----|----|----|----|----|----|
      ***************************************************
Q-3:	|01010000 11011100 10101011 01000000|
Q-2:	|+0000-+1 101++--- 100110-1 0+0110+-|
Q-1:	|+00-+++0 11+-001+ 10110-+0 1+01110+|
Q0:	|-+-+10-0 +1+-01+- -011+001 ++-001+0| ok p=0.494141
Q1:	|+0++11+. +...++00 0..--11. 0.-..+0+| ok p=0.329102
Q2:	|...+..+. +..-..+. ........ .-..+..-|
Saving 118784 paths...done.
Autobalance parameters: maxcond=2176
Verified: 8192 bad out of 126976
Estimating maxcond for upper bound 8000000 (=2000000 * 4)...
t=2:  0%   10   20   30   40   50   60   70   80   90   100%
      |----|----|----|----|----|----|----|----|----|----|
e     ***************************************************
Found maxcond = 170
t=2:  0%   10   20   30   40   50   60   70   80   90   100%
      |----|----|----|----|----|----|----|----|----|----|
      ***************************************************
Q-3:	|01010000 11011100 10101011 01000000|
Q-2:	|+0000-+1 101++--- 100110-1 0+0110+-|
Q-1:	|+00-+++0 11+-001+ 10110-+0 1+01110+|
Q0:	|-+-+10-0 +1+-01+- -011+001 ++-001+0| ok p=0.629883
Q1:	|-0++10+. +.0+.-10 0..--01. 0.-..+1+| ok p=0.713867
Q2:	|.-1-..+. ..++.0+1 1..+0... 11...+++| ok p=0.291992
Q3:	|+.+...-. +....-.- ...-.-.+ .+.-.-.+|
Saving 2000000 paths...done.
Autobalance parameters: maxcond=169
Verified: 205944 bad out of 2754786
Estimating maxcond for upper bound 8000000 (=2000000 * 4)...
t=3:  0%   10   20   30   40   50   60   70   80   90   100%
      |----|----|----|----|----|----|----|----|----|----|
e     ***************************************************
Found maxcond = 185
t=3:  0%   10   20   30   40   50   60   70   80   90   100%
      |----|----|----|----|----|----|----|----|----|----|
      ***************************************************
Q-3:	|01010000 11011100 10101011 01000000|
Q-2:	|+0000-+1 101++--- 100110-1 0+0110+-|
Q-1:	|+00-+++0 11+-001+ 10110-+0 1+01110+|
Q0:	|-+-+10-0 +1+-01+- -011+001 ++-001+0| ok p=0.610352
Q1:	|-0++00+. +V..++11 0..--11. 1.-..+1+| ok p=0.173828
Q2:	|.10+..+. +.011--0 0..+0.1. +1...+++| ok p=0.945312
Q3:	|1.1..... .-..10+. ...-1.-. 0.1...-.| ok p=0.625977
Q4:	|..+.+.+. ...-..+. .+.-..+. +.+.....|
Saving 2000000 paths...done.
Autobalance parameters: maxcond=184
Verified: 400086 bad out of 2538327
Estimating maxcond for upper bound 8000000 (=2000000 * 4)...
t=4:  0%   10   20   30   40   50   60   70   80   90   100%
      |----|----|----|----|----|----|----|----|----|----|
e     ***************************************************
Found maxcond = 202
t=4:  0%   10   20   30   40   50   60   70   80   90   100%
      |----|----|----|----|----|----|----|----|----|----|
      ***************************************************
Q-3:	|01010000 11011100 10101011 01000000|
Q-2:	|+0000-+1 101++--- 100110-1 0+0110+-|
Q-1:	|+00-+++0 11+-001+ 10110-+0 1+01110+|
Q0:	|-+-+10-0 +1+-01+- -011+001 ++-001+0| ok p=0.485352
Q1:	|0-0-00+1 +.0+.-10 0.-.+10. 0.-..+0+| ok p=1
Q2:	|0-1-..++ ..0+.1+0 0.0.-... +01..+++| ok p=0.891602
Q3:	|.-....00 1.--.++. ..1.-... 1.-..0+.| ok p=0.785156
Q4:	|...1..+1 ..++.0-. ..+..... 1.0..+.1| ok p=0.414062
Q5:	|.+..+..+ .+.-..-. ...+.+.. .-...-.+|
Saving 2000000 paths...done.
Autobalance parameters: maxcond=201
Verified: 41816 bad out of 3100157
Estimating maxcond for upper bound 8000000 (=2000000 * 4)...
t=5:  0%   10   20   30   40   50   60   70   80   90   100%
      |----|----|----|----|----|----|----|----|----|----|
e     ***************************************************
Found maxcond = 218
t=5:  0%   10   20   30   40   50   60   70   80   90   100%
      |----|----|----|----|----|----|----|----|----|----|
      ***************************************************
Q-3:	|01010000 11011100 10101011 01000000|
Q-2:	|+0000-+1 101++--- 100110-1 0+0110+-|
Q-1:	|+00-+++0 11+-001+ 10110-+0 1+01110+|
Q0:	|-+-+10-0 +1+-01+- -011+001 ++-001+0| ok p=0.650391
Q1:	|1-0-00+1 +.0+.-10 0.-.+10. 0.-..+1+| ok p=1
Q2:	|0-0-..++ ..0+.1+0 0.+.-... +01..+++| ok p=0.71582
Q3:	|-0....10 0.-1.--. ..-.-V.. 1.-..+-.| ok p=0.598633
Q4:	|-+.1..+1 ..1+.0+. ..+..... -.1..+10| ok p=0.583984
Q5:	|.0....0. ..10.1+. ..1.1+.. -.1...-.| ok p=0.680664
Q6:	|..+..+.. -...+.+. +.+.-..- .-.-...-|
Saving 2000000 paths...done.
Autobalance parameters: maxcond=217
Verified: 39444 bad out of 2397805
Estimating maxcond for upper bound 8000000 (=2000000 * 4)...
t=6:  0%   10   20   30   40   50   60   70   80   90   100%
      |----|----|----|----|----|----|----|----|----|----|
e     ***************************************************
Found maxcond = 234
t=6:  0%   10   20   30   40   50   60   70   80   90   100%
      |----|----|----|----|----|----|----|----|----|----|
      ***************************************************
Q-3:	|01010000 11011100 10101011 01000000|
Q-2:	|+0000-+1 101++--- 100110-1 0+0110+-|
Q-1:	|+00-+++0 11+-001+ 10110-+0 1+01110+|
Q0:	|-+-+10-0 +1+-01+- -011+001 ++-001+0| ok p=0.633789
Q1:	|-0++00+. +0..++11 0..--01. 1.-..+1+| ok p=0.339844
Q2:	|.10+..+. .+011--0 0..+0.1. +00..+++| ok p=0.931641
Q3:	|011...1. 10.011+. .V.-0.-. -.0...-.| ok p=0.582031
Q4:	|1+.0..+. .+.+.1+. ...+..0. 1.+.V1-1| ok p=0.316406
Q5:	|+1....0. .+.0.++. .-.1..+. +.1.....| ok p=0.833984
Q6:	|0+....+. .+.-.0.. .0.+..0. -.+.+.1.| ok p=0.704102
Q7:	|.+....-. +..-.-.. +..+.... .+.+....|
Saving 641842 paths...done.
Autobalance parameters: maxcond=234
Verified: 49078 bad out of 690920
Estimating maxcond for upper bound 8000000 (=2000000 * 4)...
t=7:  0%   10   20   30   40   50   60   70   80   90   100%
      |----|----|----|----|----|----|----|----|----|----|
e     **************************************************Found maxcond = 249
t=7:  0%   10   20   30   40   50   60   70   80   90   100%
      |----|----|----|----|----|----|----|----|----|----|
      **************************************************Q-3:	|01010000 11011100 10101011 01000000|
Q-2:	|+0000-+1 101++--- 100110-1 0+0110+-|
Q-1:	|+00-+++0 11+-001+ 10110-+0 1+01110+|
Q0:	|-+-+10-0 +1+-01+- -011+001 ++-001+0| ok p=0.606445
Q1:	|-0++00+. +0..++11 0..--01. 1.-..+1+| ok p=0.333984
Q2:	|.10+..+. .+011--0 0..+0.1. +00..+++| ok p=0.924805
Q3:	|011...1. 10.011+. .V.-0.-. -.0...-.| ok p=0.612305
Q4:	|1+.0..+. .+.+.1+. ...+..0. 1.+.11-1| ok p=0.355469
Q5:	|+1....0. .+.0.++. .-.1..+. +.0.0...| ok p=0.384766
Q6:	|+-....+. .+.-.1-. .0.+..1. -.+.+.0.| ok p=1
Q7:	|.+....+. ...+.++. .1.+..1. +.-.-...| ok p=0.498047
Q8:	|.+..+.+. -...-..- .+..-.-. ..-..-..|
Saving 2000000 paths...done.
Autobalance parameters: maxcond=248
Verified: 111423 bad out of 2312703
Estimating maxcond for upper bound 8000000 (=2000000 * 4)...
t=8:  0%   10   20   30   40   50   60   70   80   90   100%
      |----|----|----|----|----|----|----|----|----|----|
e     ***************************************************
Found maxcond = 263
t=8:  0%   10   20   30   40   50   60   70   80   90   100%
      |----|----|----|----|----|----|----|----|----|----|
      ***************************************************
Q-3:	|01010000 11011100 10101011 01000000|
Q-2:	|+0000-+1 101++--- 100110-1 0+0110+-|
Q-1:	|+00-+++0 11+-001+ 10110-+0 1+01110+|
Q0:	|-+-+10-0 +1+-01+- -011+001 ++-001+0| ok p=0.521484
Q1:	|1-0-00+1 +0.+.-10 0.-.+11. 0.-..+0+| ok p=1
Q2:	|0-1-..++ .10-.1+0 0.0.-1.. +01..+++| ok p=0.916016
Q3:	|.-....10 1-.-.++. ..1.-0.. 1V-..0+.| ok p=0.347656
Q4:	|.0.1..+1 .0.+.0-. V...++.. 100..+00| ok p=0.71875
Q5:	|.+....1+ .1.1.-0. ....01.. .+1..-+.| ok p=0.297852
Q6:	|.-....10 .+.0.+0. +...-1.. .--..0-V| ok p=0.741211
Q7:	|.-.....1 .-.+.1.. 1...-... .--..++.| ok p=0.950195
Q8:	|.-...... .-.+.1.. +...+... .+...+++| ok p=0.504883
Q9:	|.+..+.-. ...+.-.. +...-..+ .+..+...|
Saving 2000000 paths...done.
Autobalance parameters: maxcond=262
Verified: 14595 bad out of 3107393
Estimating maxcond for upper bound 8000000 (=2000000 * 4)...
t=9:  0%   10   20   30   40   50   60   70   80   90   100%
      |----|----|----|----|----|----|----|----|----|----|
e     ***************************************************
Found maxcond = 275
t=9:  0%   10   20   30   40   50   60   70   80   90   100%
      |----|----|----|----|----|----|----|----|----|----|
      ***************************************************
Q-3:	|01010000 11011100 10101011 01000000|
Q-2:	|+0000-+1 101++--- 100110-1 0+0110+-|
Q-1:	|+00-+++0 11+-001+ 10110-+0 1+01110+|
Q0:	|-+-+10-0 +1+-01+- -011+001 ++-001+0| ok p=0.643555
Q1:	|-0++00+. +1..++11 0..--01. 1.-..+1+| ok p=0.354492
Q2:	|.10+..+. .+011--0 0..+0.1. +00..+++| ok p=0.931641
Q3:	|0.1...1. 10.011+. ...-1.-. 0.0.1.-.| ok p=0.525391
Q4:	|1.+1..+. .+.+.0+. ...+..0. +.+.0111| ok p=0.634766
Q5:	|+.-..V-V .+V1.++. ...0..+. 0.1.+1+.| ok p=0.410156
Q6:	|0.-...-. .+.-.1.. ...-..-. -.-.---.| ok p=0.957031
Q7:	|0.-..-.- ..++V00. ...-..-. 1.-.1+-.| ok p=0.124023
Q8:	|..-..000 .10+.... ...+.... 1.-.0+-.| ok p=0.668945
Q9:	|.....+.- ..1.+... ...1..1. ........| ok p=0.720703
Q10:	|.....+.- ..-..-.- .+...-.. -.+..+..|
Saving 2000000 paths...done.
Autobalance parameters: maxcond=273
Verified: 42171 bad out of 3590141
Estimating maxcond for upper bound 8000000 (=2000000 * 4)...
t=10: 0%   10   20   30   40   50   60   70   80   90   100%
      |----|----|----|----|----|----|----|----|----|----|
e     ***************************************************
Found maxcond = 289
t=10: 0%   10   20   30   40   50   60   70   80   90   100%
      |----|----|----|----|----|----|----|----|----|----|
      ***************************************************
Q-3:	|01010000 11011100 10101011 01000000|
Q-2:	|+0000-+1 101++--- 100110-1 0+0110+-|
Q-1:	|+00-+++0 11+-001+ 10110-+0 1+01110+|
Q0:	|-+-+10-0 +1+-01+- -011+001 ++-001+0| ok p=0.517578
Q1:	|1-0-00+1 +0.+.-10 0.-.+11. 0.-..+0+| ok p=1
Q2:	|0-1-..++ .10-.1+0 0.0.-1.. +01..+++| ok p=0.908203
Q3:	|.-....10 1-.-.++. ..1.-0.. 1V-..0+.| ok p=0.351562
Q4:	|.0.1..+1 .0.+.0-. V...++.. 100..+00| ok p=0.709961
Q5:	|.+....1+ .1.0V-0. ....01.. .+1..-+.| ok p=0.263672
Q6:	|.-....10 .+.01+0. +...-1.. .--..-00| ok p=0.768555
Q7:	|.-.....1 .-..+1.. 1...-1.. .--..+11| ok p=1
Q8:	|.-..V... .-..+0.. +...++.. .+...+V+| ok p=0.506836
Q9:	|.+...... .1..+-.. +...1-.. .-0..+.+| ok p=0.441406
Q10:	|.+..+... .+...-.. +...--.. .-...++.| ok p=0.646484
Q11:	|.+..-... -..+..-. ...-.+.. -.-....-|
Saving 2000000 paths...done.
Autobalance parameters: maxcond=288
Verified: 331372 bad out of 2901554
Runtime: 189.314
Extend MD5 differential paths forward
Copyright (C) 2009 Marc Stevens
http://homepages.cwi.nl/~stevens/

delta_m[11] = [!-28!]
Loading workdir1/paths10_0of1...done: 2000000 (work:2000000).
Estimating maxcond for upper bound 2000000 (=500000 * 4)...
t=11: 0%   10   20   30   40   50   60   70   80   90   100%
      |----|----|----|----|----|----|----|----|----|----|
e     ***************************************************
Found maxcond = 301
t=11: 0%   10   20   30   40   50   60   70   80   90   100%
      |----|----|----|----|----|----|----|----|----|----|
      ***************************************************
Q-3:	|01010000 11011100 10101011 01000000|
Q-2:	|+0000-+1 101++--- 100110-1 0+0110+-|
Q-1:	|+00-+++0 11+-001+ 10110-+0 1+01110+|
Q0:	|-+-+10-0 +1+-01+- -011+001 ++-001+0| ok p=0.479492
Q1:	|1-0-00+1 +0.+.-10 0.-.+11. 0.-..+0+| ok p=1
Q2:	|0-1-..++ .10-.1+0 0.0.-1.. +01..+++| ok p=0.897461
Q3:	|.-....10 1-.-.++. ..1.-0.. 1V-..0+.| ok p=0.324219
Q4:	|.0.1..+1 .0.+.0-. V...++.. 100..+00| ok p=0.710938
Q5:	|.+....1+ .1.1.-0. ....01.. .+1..-+.| ok p=0.158203
Q6:	|.-....10 .+.0.+0. +...-11. .--.01-V| ok p=0.734375
Q7:	|.-.....1 .-...0.. 1...-.0. .--.1++.| ok p=0.970703
Q8:	|.-.V...+ .-.V.0.. +...+.+. .+..+11-| ok p=0.995117
Q9:	|.-.....+ ...0.-.. -...0.1. .+0.+100| ok p=0.360352
Q10:	|...+.... .1.+.+.. -...+.1. .+..+..0| ok p=0.473633
Q11:	|.1.0...1 ...-.-.. +...+.+. .-..+...| ok p=0.441406
Q12:	|+.+..+.. -.+.-..+ .-..-.+. .-.+.-.+|
Saving 500000 paths...done.
Autobalance parameters: maxcond=300
Verified: 10440 bad out of 571846
Runtime: 17.0128
