MD5 differential path toolbox
Copyright (C) 2009 Marc Stevens
http://homepages.cwi.nl/~stevens/

IHV1   = {1356639040,2857742628,282244252,94870297}
IHV1   = 40abdc5024b155aa9cb4d210199ba705

IHV2   = {1356639040,1491483078,2397287133,2209913178}
IHV2   = 40abdc50c639e658ddb2e38e5a99b883

dIHV   = {0,2928707746,2115042881,2115042881}
NC0: delta c = delta d = [!-0,31!]
NC0: delta b           = [!-0,-23,31!]
NC1: delta c = delta d = [!-6!]
NC1: delta b           = [!-6,28!]
NC2: delta c = delta d = [!9!]
NC2: delta b           = [!-0,9,-30!]
NC3: delta c = delta d = [!-16!]
NC3: delta b           = [!5,-7,-16!]
NC4: delta c = delta d = [!-20!]
NC4: delta b           = [!-9,-11,-20!]
NC5: delta c = delta d = [!25!]
NC5: delta b           = [!15,25!]
NC0: prob=-10.9319
NC1: prob=-5.16254
NC2: prob=-6.07986
NC3: prob=-6.91937
NC4: prob=-8.43692
NC5: prob=-5.89201
delta m_11 = [!-28!]
Q-3:	|01010000 11011100 10101011 01000000|
Q-2:	|+0000-+1 101++--- 100110-1 0+0110+-|
Q-1:	|+00-+++0 11+-001+ 10110-+0 1+01110+|
Q0:	|-+-+10-0 +1+-01+- -011+001 ++-001+0| ok p=0.555664
Q1:	|.-.-..+. +..+.-.. ..-.+... ..-..+.+|
Saved lower diff. path to 'workdir1/lowerpath.bin.gz'.

Q32:	|........ ........ ........ ........|
Q33:	|........ ........ ........ ........|
Q34:	|........ ........ ........ ........|
Q35:	|........ ........ ........ ........| ok p=1
Q36:	|........ ........ ........ ........| ok p=1
Q37:	|........ ........ ........ ........| ok p=1
Q38:	|........ ........ ........ ........| ok p=1
Q39:	|........ ........ ........ ........| ok p=1
Q40:	|........ ........ ........ ........| ok p=1
Q41:	|........ ........ ........ ........| ok p=1
Q42:	|........ ........ ........ ........| ok p=1
Q43:	|........ ........ ........ ........| ok p=1
Q44:	|........ ........ ........ ........| ok p=1
Q45:	|........ ........ ........ ........| ok p=1
Q46:	|........ ........ ........ ........| ok p=1
Q47:	|........ ........ ........ ........| ok p=1
Q48:	|........ ........ ........ ........| ok p=1
Q49:	|........ ........ ........ ........| ok p=1
Q50:	|........ ........ ........ ........| ok p=1
Q51:	|........ ........ ........ ........| ok p=1
Q52:	|........ ........ ........ ........| ok p=1
Q53:	|........ ........ ........ ........| ok p=1
Q54:	|........ ........ ........ ........| ok p=1
Q55:	|........ ........ ........ ........| ok p=1
Q56:	|........ ........ ........ ........| ok p=1
Q57:	|........ ........ ........ ........| ok p=1
Q58:	|........ ........ ........ ........| ok p=1
Q59:	|........ ........ ........ ........| ok p=1
Q60:	|........ ........ ........ .0......| ok p=1
Q61:	|........ ........ ........ 11......| ok p=0.860352
Q62:	|........ ........ ........ 1-......| ok p=1
Q63:	|........ ........ ........ -+......| ok p=0.954102
Q64:	|...+.... ........ ........ .-......|
Saved upper diff. path to 'workdir1/upperpath.bin.gz'.
Saved 'md5diffpathforward.cfg'.
Saved 'md5diffpathbackward.cfg'.
Saved 'md5diffpathconnect.cfg'.
Saved 'md5diffpathhelper.cfg'.
