Connect MD5 differential paths
Copyright (C) 2009 Marc Stevens
http://homepages.cwi.nl/~stevens/

delta_m[11] = [!-6!]
Loading workdir4/paths16_0of1.bin.gz...done: 500000.
Loading workdir4/paths11_0of1.bin.gz...done: 500000.
t=12: 0%   10   20   30   40   50   60   70   80   90   100%
      |----|----|----|----|----|----|----|----|----|----|
      *Q-3:	|10111010 00110110 01111100 11011110|
Q-2:	|-0001100 101+011+ 10010110 11111+--|
Q-1:	|+1011111 11+-01+- 10101111 0100010+|
Q0:	|-0111100 +1+-010+ 1010++-1 1++1110+| ok p=1
Q1:	|+..1...+ -..+.+1+ ..1.-0+. -1-..0.+| ok p=0.859375
Q2:	|+..+...+ 111-.0.+ .0+.11+. -1-..-.-| ok p=1
Q3:	|+!.1...+ 00.1.-.0 ^0+^00+. +....1.-| ok p=1
Q4:	|+.!-0..0 .+.0.1.1 .++..+.. 1.0..1.0| ok p=1
Q5:	|1^^+1.0+ .-.+.-^. .+0.0+0. 1..^...+| ok p=1
Q6:	|0..--.0+ .+00.1+. ..-.1+.. ...+...-| ok p=1
Q7:	|.!.0-0-. .+01010! .1-.-... ...0...1| ok p=1
Q8:	|.!.0-0-0 .0-1.11. ..+.+1.. ...+.^.0| ok p=1
Q9:	|.!..0-0. .10-..-. ..+.+.^0 .!.+.-..| ok p=1
Q10:	|00101--. 1+1-.010 01+0-^-0 .000.0.0| ok p=1
Q11:	|1010-1+0 1+0+0001 10001-1- 11101-.0| ok p=1
Q12:	|--++01+1 +0--1-0- --++101- 0---0-1-| ok p=1
Q13:	|0---++-- -+-++++1 10-----0 ++1+-.1+| ok p=1
Q14:	|011101+0 00.01110 00111001 000010+0| ok p=1
Q15:	|.001+01- 000011-. 1.+11-1+ 0++1-.+1| ok p=0.998047
Q16:	|0...1.1. .-..0+.. 0.+..-.. .1..-.-.| ok p=0.517578
Q17:	|1...-..^ .0..1.^. 1.0..1.^ .0^.+.+.| ok p=0.493164
Q18:	|-...-... .0..-^.. -.1..+.. .1..0.-.| ok p=0.548828
Q19:	|...0+... .+...... .....+.0 .-..1.-.| ok p=0.998047
Q20:	|^..1+..0 ...0^... ^....001 ...0..1.| ok p=1
Q21:	|...+0..1 .^.1.... 0....11+ .^.1..1.| ok p=0.49707
Q22:	|....0..- ...+.... 1.....-. ...-....| ok p=0.957031
Q23:	|...^.... ........ -.0....^ ......0.| ok p=0.96875
Q24:	|..0....^ ...^.0.. ..1...^. ...^..1.| ok p=0.895508
Q25:	|..1..... ........ ^.+..... ......+.| ok p=0.870117
Q26:	|..+..... ....0-.. ........ .0......| ok p=0.864258
Q27:	|........ ....1-.. ..^..... .1....^.| ok p=1
Q28:	|..^..... ....-+.. ........ .-......| ok p=1
Q29:	|........ .....0.. ........ .0......| ok p=0.883789
Q30:	|........ ....^1.. ........ .+......| ok p=1
Q31:	|........ ........ ........ .+......| ok p=1
Q32:	|........ ........ ........ ........| ok p=1
Q33:	|........ ........ ........ .!......| ok p=1
Q34:	|........ ........ ........ ........| ok p=1
Q35:	|........ ........ ........ ........| ok p=1
Q36:	|........ ........ ........ ........| ok p=1
Q37:	|........ ........ ........ ........| ok p=1
Q38:	|........ ........ ........ ........| ok p=1
Q39:	|........ ........ ........ ........| ok p=1
Q40:	|........ ........ ........ ........| ok p=1
Q41:	|........ ........ ........ ........| ok p=1
Q42:	|........ ........ ........ ........| ok p=1
Q43:	|........ ........ ........ ........| ok p=1
Q44:	|........ ........ ........ ........| ok p=1
Q45:	|........ ........ ........ ........| ok p=1
Q46:	|........ ........ ........ ........| ok p=1
Q47:	|........ ........ ........ ........| ok p=1
Q48:	|........ ........ ........ ........| ok p=1
Q49:	|........ ........ ........ ........| ok p=1
Q50:	|........ ........ ........ ........| ok p=1
Q51:	|........ ........ ........ ........| ok p=1
Q52:	|........ ........ ........ ........| ok p=1
Q53:	|........ ........ ........ ........| ok p=1
Q54:	|........ ........ ........ ........| ok p=1
Q55:	|........ ........ ........ ........| ok p=1
Q56:	|........ ........ ........ ........| ok p=1
Q57:	|........ ........ ........ ........| ok p=1
Q58:	|........ ........ ........ ........| ok p=1
Q59:	|........ ........ ........ ........| ok p=1
Q60:	|........ ......00 ........ ........| ok p=1
Q61:	|........ ......10 ........ ........| ok p=1
Q62:	|........ ......-+ ........ ........| ok p=1
Q63:	|........ ......0- ........ ........| ok p=1
Q64:	|........ .......- ........ -.+.....|
Best path: totcompl=-34 tottunnel=29, totcond=585, p=0.0326298
Q-3:	|10111010 00110110 01111100 11011110|
Q-2:	|-0001100 101+011+ 10010110 11111+--|
Q-1:	|+1011111 11+-01+- 10101111 0100010+|
Q0:	|-0111100 +1+-010+ 1010++-1 1++1110+| ok p=1
Q1:	|+..1...+ -..+.+1+ ..1.-0+. -1-..0.+| ok p=0.84668
Q2:	|+..+...+ 111-.0.+ .0+.11+. -1-..-.-| ok p=1
Q3:	|+!.1...+ 00.1.-.0 ^0+^00+. +....1.-| ok p=1
Q4:	|+!.-0..0 .+.0.1.1 .++..+.. 1.0..1.0| ok p=1
Q5:	|.^^+1.0+ .-.+.-^. .+0.0+0. 1..^...+| ok p=1
Q6:	|0!.--.0+ .+00.1+. ..-.1+.. ...+...-| ok p=1
Q7:	|..!0-0-. .+01010. !1-.-... ...0...1| ok p=1
Q8:	|!..0-0-0 .0-1.11. ..+.+1.. ...+.^.0| ok p=1
Q9:	|.!..0-0. .10-..-. ..+.+.^0 .!.+.-..| ok p=1
Q10:	|00101--. 1+1-.010 .0+0-^-0 .000.0.0| ok p=1
Q11:	|1010-1+0 1+0+0001 ^1001-1- 11101-.0| ok p=1
Q12:	|--++01+1 +0--1-0- --++101- 0---0-1-| ok p=1
Q13:	|0---++-- -+1-+++1 10-----0 ++1+-.1+| ok p=1
Q14:	|011101+0 000.1110 00111001 000010+0| ok p=1
Q15:	|.001+01- 00.011-1 ..+11-1+ 0++1-.+1| ok p=0.999023
Q16:	|0...1.1. .-..0+.. 0.+..-.. .1..-.-.| ok p=0.521484
Q17:	|1...-..^ .0..1.^. 1.0..1.^ .0^.+.+.| ok p=0.499023
Q18:	|-...-... .0..-^.. -.1..+.. .1..0.-.| ok p=0.574219
Q19:	|...0+... .+...... .....+.0 .-..1.-.| ok p=0.998047
Q20:	|^..1+..0 ...0^... ^....001 ...0..1.| ok p=1
Q21:	|...+0..1 .^.1.... 0....11+ .^.1..1.| ok p=0.470703
Q22:	|....0..- ...+.... 1.....-. ...-....| ok p=0.958984
Q23:	|...^.... ........ -.0....^ ......0.| ok p=0.96582
Q24:	|..0....^ ...^.0.. ..1...^. ...^..1.| ok p=0.899414
Q25:	|..1..... ........ ^.+..... ......+.| ok p=0.858398
Q26:	|..+..... ....0-.. ........ .0......| ok p=0.883789
Q27:	|........ ....1-.. ..^..... .1....^.| ok p=1
Q28:	|..^..... ....-+.. ........ .-......| ok p=1
Q29:	|........ .....0.. ........ .0......| ok p=0.890625
Q30:	|........ ....^1.. ........ .+......| ok p=1
Q31:	|........ ........ ........ .+......| ok p=1
Q32:	|........ ........ ........ ........| ok p=1
Q33:	|........ ........ ........ .!......| ok p=1
Q34:	|........ ........ ........ ........| ok p=1
Q35:	|........ ........ ........ ........| ok p=1
Q36:	|........ ........ ........ ........| ok p=1
Q37:	|........ ........ ........ ........| ok p=1
Q38:	|........ ........ ........ ........| ok p=1
Q39:	|........ ........ ........ ........| ok p=1
Q40:	|........ ........ ........ ........| ok p=1
Q41:	|........ ........ ........ ........| ok p=1
Q42:	|........ ........ ........ ........| ok p=1
Q43:	|........ ........ ........ ........| ok p=1
Q44:	|........ ........ ........ ........| ok p=1
Q45:	|........ ........ ........ ........| ok p=1
Q46:	|........ ........ ........ ........| ok p=1
Q47:	|........ ........ ........ ........| ok p=1
Q48:	|........ ........ ........ ........| ok p=1
Q49:	|........ ........ ........ ........| ok p=1
Q50:	|........ ........ ........ ........| ok p=1
Q51:	|........ ........ ........ ........| ok p=1
Q52:	|........ ........ ........ ........| ok p=1
Q53:	|........ ........ ........ ........| ok p=1
Q54:	|........ ........ ........ ........| ok p=1
Q55:	|........ ........ ........ ........| ok p=1
Q56:	|........ ........ ........ ........| ok p=1
Q57:	|........ ........ ........ ........| ok p=1
Q58:	|........ ........ ........ ........| ok p=1
Q59:	|........ ........ ........ ........| ok p=1
Q60:	|........ ......00 ........ ........| ok p=1
Q61:	|........ ......10 ........ ........| ok p=1
Q62:	|........ ......-+ ........ ........| ok p=1
Q63:	|........ ......0- ........ ........| ok p=1
Q64:	|........ .......- ........ -.+.....|
Best path: totcompl=-32 tottunnel=31, totcond=583, p=0.0287377
Q-3:	|10111010 00110110 01111100 11011110|
Q-2:	|-0001100 101+011+ 10010110 11111+--|
Q-1:	|+1011111 11+-01+- 10101111 0100010+|
Q0:	|-0111100 +1+-010+ 1010++-1 1++1110+| ok p=1
Q1:	|+..1...+ -..+.+1+ ..1.-0+. -1-..0.+| ok p=0.852539
Q2:	|+..+...+ 111-.0.+ 10+.11+. -1-..-.-| ok p=1
Q3:	|+.!1...+ 00.1.-.0 .0+^00+. +....1.-| ok p=1
Q4:	|+.!-0..0 .+.0.1.1 .++..+.. 1.0..1.0| ok p=1
Q5:	|.^^+1.0+ .-.+.-^. .+0.0+0. 1..^...+| ok p=1
Q6:	|0!.--.0+ .+00.1+. ..-.1+.. ...+...-| ok p=1
Q7:	|..!0-0-. .+01010. !1-.-... ...0...1| ok p=1
Q8:	|..!0-0-0 .0-11.1. ..+.+1.. ...+.^.0| ok p=1
Q9:	|.!..0-0. .10-..-. ..+.+.^0 .!.+.-..| ok p=1
Q10:	|00101--. .+1-.010 .0+0-^-0 .000.0.0| ok p=1
Q11:	|1010-1+0 ^+0+0001 ^1001-1- 11101-.0| ok p=1
Q12:	|--++01+1 +1--1-0- --++101- 0---0-1-| ok p=1
Q13:	|0---++-- 1--++++1 10-----0 ++1+-.1+| ok p=1
Q14:	|011101+0 00.01110 00111001 000010+0| ok p=1
Q15:	|.001+01- .00011-. .1+11-1+ 0++1-.+1| ok p=0.993164
Q16:	|0...1.1. .-..0+.. 0.+..-.. .1..-.-.| ok p=0.509766
Q17:	|1...-..^ .0..1.^. 1.0..1.^ .0^.+.+.| ok p=0.512695
Q18:	|-...-... .0..-^.. -.1..+.. .1..0.-.| ok p=0.53418
Q19:	|...0+... .+...... .....+.0 .-..1.-.| ok p=0.996094
Q20:	|^..1+..0 ...0^... ^....001 ...0..1.| ok p=1
Q21:	|...+0..1 .^.1.... 0....11+ .^.1..1.| ok p=0.494141
Q22:	|....0..- ...+.... 1.....-. ...-....| ok p=0.954102
Q23:	|...^.... ........ -.0....^ ......0.| ok p=0.973633
Q24:	|..0....^ ...^.0.. ..1...^. ...^..1.| ok p=0.912109
Q25:	|..1..... ........ ^.+..... ......+.| ok p=0.875
Q26:	|..+..... ....0-.. ........ .0......| ok p=0.873047
Q27:	|........ ....1-.. ..^..... .1....^.| ok p=1
Q28:	|..^..... ....-+.. ........ .-......| ok p=1
Q29:	|........ .....0.. ........ .0......| ok p=0.87793
Q30:	|........ ....^1.. ........ .+......| ok p=1
Q31:	|........ ........ ........ .+......| ok p=1
Q32:	|........ ........ ........ ........| ok p=1
Q33:	|........ ........ ........ .!......| ok p=1
Q34:	|........ ........ ........ ........| ok p=1
Q35:	|........ ........ ........ ........| ok p=1
Q36:	|........ ........ ........ ........| ok p=1
Q37:	|........ ........ ........ ........| ok p=1
Q38:	|........ ........ ........ ........| ok p=1
Q39:	|........ ........ ........ ........| ok p=1
Q40:	|........ ........ ........ ........| ok p=1
Q41:	|........ ........ ........ ........| ok p=1
Q42:	|........ ........ ........ ........| ok p=1
Q43:	|........ ........ ........ ........| ok p=1
Q44:	|........ ........ ........ ........| ok p=1
Q45:	|........ ........ ........ ........| ok p=1
Q46:	|........ ........ ........ ........| ok p=1
Q47:	|........ ........ ........ ........| ok p=1
Q48:	|........ ........ ........ ........| ok p=1
Q49:	|........ ........ ........ ........| ok p=1
Q50:	|........ ........ ........ ........| ok p=1
Q51:	|........ ........ ........ ........| ok p=1
Q52:	|........ ........ ........ ........| ok p=1
Q53:	|........ ........ ........ ........| ok p=1
Q54:	|........ ........ ........ ........| ok p=1
Q55:	|........ ........ ........ ........| ok p=1
Q56:	|........ ........ ........ ........| ok p=1
Q57:	|........ ........ ........ ........| ok p=1
Q58:	|........ ........ ........ ........| ok p=1
Q59:	|........ ........ ........ ........| ok p=1
Q60:	|........ ......00 ........ ........| ok p=1
Q61:	|........ ......10 ........ ........| ok p=1
Q62:	|........ ......-+ ........ ........| ok p=1
Q63:	|........ ......0- ........ ........| ok p=1
Q64:	|........ .......- ........ -.+.....|
Best path: totcompl=-32 tottunnel=31, totcond=582, p=0.0347774
Q-3:	|10111010 00110110 01111100 11011110|
Q-2:	|-0001100 101+011+ 10010110 11111+--|
Q-1:	|+1011111 11+-01+- 10101111 0100010+|
Q0:	|-0111100 +1+-010+ 1010++-1 1++1110+| ok p=1
Q1:	|+..1...+ -..+.+1+ ..1.-0+. -1-..0.+| ok p=0.859375
Q2:	|+..+...+ 111-.0.+ .0+.11+. -1-..-.-| ok p=1
Q3:	|+.!1...+ 00.1.-.0 ^0+^00+. +....1.-| ok p=1
Q4:	|+!.-0..0 .+.0.1.1 .++..+.. 1.0..1.0| ok p=1
Q5:	|1^^+1.0+ .-.+.-^. .+0.0+0. 1..^...+| ok p=1
Q6:	|0..--.0+ .+10.1+. ..-.1+.. ...+...-| ok p=1
Q7:	|.!.0-.-. .+11110. !1-.-... ...0...1| ok p=1
Q8:	|..!0-^-0 ..-1.01. ..+.+11. ...+.^.0| ok p=1
Q9:	|!...0-0. .10-..-. ..+.+.0. .!0+.-..| ok p=1
Q10:	|1...-0+. .0++.010 .0+0-.-. 1011.0.1| ok p=1
Q11:	|011^10-0 ^+1+0011 ^1001.-^ 00+10-.0| ok p=1
Q12:	|-00-+0+1 +1--1-0- --++1^1- --1-1-1-| ok p=1
Q13:	|1--1-+-- 1-1-+++0 00-----0 +++0+.1+| ok p=1
Q14:	|0110-0+0 000.1110 00111001 101110+0| ok p=1
Q15:	|.00.+01- .0.011-. .1+11-1+ 0+0++.+1| ok p=0.96582
Q16:	|0...0.1. .-..0+.. 0.+..-.. .1..-.-.| ok p=1
Q17:	|1...-..^ .0..1.^. 1.0..1.^ .0.^+.+.| ok p=0.508789
Q18:	|-...-... .0..-^.. -.1..+.. .1..0.-.| ok p=0.550781
Q19:	|...0+... .+...... .....+.0 .-..1.-.| ok p=0.996094
Q20:	|^..1+..0 ...0^... ^....001 ...0..1.| ok p=1
Q21:	|...+0..1 .^.1.... 0....11+ .^.1..1.| ok p=0.503906
Q22:	|....0..- ...+.... 1.....-. ...-....| ok p=0.96875
Q23:	|...^.... ........ -.0....^ ......0.| ok p=0.966797
Q24:	|..0....^ ...^.0.. ..1...^. ...^..1.| ok p=0.922852
Q25:	|..1..... ........ ^.+..... ......+.| ok p=0.864258
Q26:	|..+..... ....0-.. ........ .0......| ok p=0.875
Q27:	|........ ....1-.. ..^..... .1....^.| ok p=1
Q28:	|..^..... ....-+.. ........ .-......| ok p=1
Q29:	|........ .....0.. ........ .0......| ok p=0.881836
Q30:	|........ ....^1.. ........ .+......| ok p=1
Q31:	|........ ........ ........ .+......| ok p=1
Q32:	|........ ........ ........ ........| ok p=1
Q33:	|........ ........ ........ .!......| ok p=1
Q34:	|........ ........ ........ ........| ok p=1
Q35:	|........ ........ ........ ........| ok p=1
Q36:	|........ ........ ........ ........| ok p=1
Q37:	|........ ........ ........ ........| ok p=1
Q38:	|........ ........ ........ ........| ok p=1
Q39:	|........ ........ ........ ........| ok p=1
Q40:	|........ ........ ........ ........| ok p=1
Q41:	|........ ........ ........ ........| ok p=1
Q42:	|........ ........ ........ ........| ok p=1
Q43:	|........ ........ ........ ........| ok p=1
Q44:	|........ ........ ........ ........| ok p=1
Q45:	|........ ........ ........ ........| ok p=1
Q46:	|........ ........ ........ ........| ok p=1
Q47:	|........ ........ ........ ........| ok p=1
Q48:	|........ ........ ........ ........| ok p=1
Q49:	|........ ........ ........ ........| ok p=1
Q50:	|........ ........ ........ ........| ok p=1
Q51:	|........ ........ ........ ........| ok p=1
Q52:	|........ ........ ........ ........| ok p=1
Q53:	|........ ........ ........ ........| ok p=1
Q54:	|........ ........ ........ ........| ok p=1
Q55:	|........ ........ ........ ........| ok p=1
Q56:	|........ ........ ........ ........| ok p=1
Q57:	|........ ........ ........ ........| ok p=1
Q58:	|........ ........ ........ ........| ok p=1
Q59:	|........ ........ ........ ........| ok p=1
Q60:	|........ ......00 ........ ........| ok p=1
Q61:	|........ ......10 ........ ........| ok p=1
Q62:	|........ ......-+ ........ ........| ok p=1
Q63:	|........ ......0- ........ ........| ok p=1
Q64:	|........ .......- ........ -.+.....|
Best path: totcompl=-32 tottunnel=31, totcond=574, p=0.0594168
Q-3:	|10111010 00110110 01111100 11011110|
Q-2:	|-0001100 101+011+ 10010110 11111+--|
Q-1:	|+1011111 11+-01+- 10101111 0100010+|
Q0:	|-0111100 +1+-010+ 1010++-1 1++1110+| ok p=1
Q1:	|+..1...+ -..+.+1+ ..1.-0+. -1-..0.+| ok p=0.866211
Q2:	|+..+...+ 111-.0.+ 10+.11+. -1-..-.-| ok p=1
Q3:	|+.!1...+ 00.1.-.0 00+.00+. +....1.-| ok p=1
Q4:	|+!.-0..0 .+.0.1.1 .++..+.. 1.0..1.0| ok p=1
Q5:	|.^^+1.0+ .-.+.-^. .+0.0+0. 1..^...+| ok p=1
Q6:	|0.!--.0+ .+00.1+. ..-.1+.. ...+...-| ok p=1
Q7:	|1..0-.-. .+01.10! .1-.-... ...0...1| ok p=1
Q8:	|..!0-^-0 ..-1^11. ..+.+11. ..1+.^.0| ok p=1
Q9:	|!...0-0. .10-..-. ..+.+.0. ..0+.-..| ok p=1
Q10:	|1...-0+. .0++0110 01+0-.-. 1011.0.1| ok p=1
Q11:	|011^10-0 .++-0111 10001.-^ 00+10-.0| ok p=1
Q12:	|-00-+0+1 .+01++0- --++1^1- --1-1-1-| ok p=1
Q13:	|1--1-+-- .--++++0 00-----0 +++0+.1+| ok p=1
Q14:	|0110-0+0 .001.110 00111001 101110+0| ok p=1
Q15:	|.00.+01- .00011-. 1.+11-1+ 0+0++.+1| ok p=0.951172
Q16:	|0...0.1. .-..0+.. 0.+..-.. .1..-.-.| ok p=1
Q17:	|1...-..^ .0..1.^. 1.0..1.^ .0.^+.+.| ok p=0.490234
Q18:	|-...-... .0..-^.. -.1..+.. .1..0.-.| ok p=0.571289
Q19:	|...0+... .+...... .....+.0 .-..1.-.| ok p=0.995117
Q20:	|^..1+..0 ...0^... ^....001 ...0..1.| ok p=1
Q21:	|...+0..1 .^.1.... 0....11+ .^.1..1.| ok p=0.511719
Q22:	|....0..- ...+.... 1.....-. ...-....| ok p=0.972656
Q23:	|...^.... ........ -.0....^ ......0.| ok p=0.97168
Q24:	|..0....^ ...^.0.. ..1...^. ...^..1.| ok p=0.901367
Q25:	|..1..... ........ ^.+..... ......+.| ok p=0.856445
Q26:	|..+..... ....0-.. ........ .0......| ok p=0.895508
Q27:	|........ ....1-.. ..^..... .1....^.| ok p=1
Q28:	|..^..... ....-+.. ........ .-......| ok p=1
Q29:	|........ .....0.. ........ .0......| ok p=0.889648
Q30:	|........ ....^1.. ........ .+......| ok p=1
Q31:	|........ ........ ........ .+......| ok p=1
Q32:	|........ ........ ........ ........| ok p=1
Q33:	|........ ........ ........ .!......| ok p=1
Q34:	|........ ........ ........ ........| ok p=1
Q35:	|........ ........ ........ ........| ok p=1
Q36:	|........ ........ ........ ........| ok p=1
Q37:	|........ ........ ........ ........| ok p=1
Q38:	|........ ........ ........ ........| ok p=1
Q39:	|........ ........ ........ ........| ok p=1
Q40:	|........ ........ ........ ........| ok p=1
Q41:	|........ ........ ........ ........| ok p=1
Q42:	|........ ........ ........ ........| ok p=1
Q43:	|........ ........ ........ ........| ok p=1
Q44:	|........ ........ ........ ........| ok p=1
Q45:	|........ ........ ........ ........| ok p=1
Q46:	|........ ........ ........ ........| ok p=1
Q47:	|........ ........ ........ ........| ok p=1
Q48:	|........ ........ ........ ........| ok p=1
Q49:	|........ ........ ........ ........| ok p=1
Q50:	|........ ........ ........ ........| ok p=1
Q51:	|........ ........ ........ ........| ok p=1
Q52:	|........ ........ ........ ........| ok p=1
Q53:	|........ ........ ........ ........| ok p=1
Q54:	|........ ........ ........ ........| ok p=1
Q55:	|........ ........ ........ ........| ok p=1
Q56:	|........ ........ ........ ........| ok p=1
Q57:	|........ ........ ........ ........| ok p=1
Q58:	|........ ........ ........ ........| ok p=1
Q59:	|........ ........ ........ ........| ok p=1
Q60:	|........ ......00 ........ ........| ok p=1
Q61:	|........ ......10 ........ ........| ok p=1
Q62:	|........ ......-+ ........ ........| ok p=1
Q63:	|........ ......0- ........ ........| ok p=1
Q64:	|........ .......- ........ -.+.....|
Best path: totcompl=-31 tottunnel=32, totcond=573, p=0.0631521
Q-3:	|10111010 00110110 01111100 11011110|
Q-2:	|-0001100 101+011+ 10010110 11111+--|
Q-1:	|+1011111 11+-01+- 10101111 0100010+|
Q0:	|-0111100 +1+-010+ 1010++-1 1++1110+| ok p=1
Q1:	|+..1...+ -..+.+1+ ..1.-0+. -1-..0.+| ok p=0.873047
Q2:	|+..+...+ 111-.0.+ .0+.11+. -1-..-.-| ok p=1
Q3:	|+!.1...+ 00.1.-.0 ^0+^00+. +....1.-| ok p=1
Q4:	|+.!-0..0 .+.0.1.1 .++..+.. 1.0..1.0| ok p=1
Q5:	|.^^+1.0+ .-.+.-^. .+0.0+0. 1..^...+| ok p=1
Q6:	|0.!--.0+ .+00.1+. ..-.1+.. ...+...-| ok p=1
Q7:	|.!.0-1-. .+01010! .1-.-... ...0...1| ok p=1
Q8:	|..!0-1-0 .1-11.1. ..+.+11. ...+.^.0| ok p=1
Q9:	|....0-0. .10-..-. ..+.+.1. 1.!+.-..| ok p=1
Q10:	|.1011--. .+1-.110 .0+1-.-. 1..1.0.0| ok p=1
Q11:	|1001-1+1 ^+0+0001 ^1011.+^ +^^00-.0| ok p=1
Q12:	|0+++0+-0 +1--1-0- --+++^0- ----1-1-| ok p=1
Q13:	|-1+-++1- 1-1-+++1 11-----0 010--.1+| ok p=1
Q14:	|01010.+0 0-0.1110 00111110 001.10+0| ok p=1
Q15:	|0001+01- .1.011-. ..+11-0+ .++1-.+1| ok p=0.948242
Q16:	|0...1.0. .-..0+.. 0.+..-.. .1..-.-.| ok p=0.491211
Q17:	|1...-..^ .0..1.^. 1.0..1.^ .0^.+.+.| ok p=0.508789
Q18:	|-...-... .0..-^.. -.1..+.. .1..0.-.| ok p=0.541992
Q19:	|...0+... .+...... .....+.0 .-..1.-.| ok p=0.994141
Q20:	|^..1+..0 ...0^... ^....001 ...0..1.| ok p=1
Q21:	|...+0..1 .^.1.... 0....11+ .^.1..1.| ok p=0.483398
Q22:	|....0..- ...+.... 1.....-. ...-....| ok p=0.960938
Q23:	|...^.... ........ -.0....^ ......0.| ok p=0.966797
Q24:	|..0....^ ...^.0.. ..1...^. ...^..1.| ok p=0.913086
Q25:	|..1..... ........ ^.+..... ......+.| ok p=0.875
Q26:	|..+..... ....0-.. ........ .0......| ok p=0.859375
Q27:	|........ ....1-.. ..^..... .1....^.| ok p=1
Q28:	|..^..... ....-+.. ........ .-......| ok p=1
Q29:	|........ .....0.. ........ .0......| ok p=0.837891
Q30:	|........ ....^1.. ........ .+......| ok p=1
Q31:	|........ ........ ........ .+......| ok p=1
Q32:	|........ ........ ........ ........| ok p=1
Q33:	|........ ........ ........ .!......| ok p=1
Q34:	|........ ........ ........ ........| ok p=1
Q35:	|........ ........ ........ ........| ok p=1
Q36:	|........ ........ ........ ........| ok p=1
Q37:	|........ ........ ........ ........| ok p=1
Q38:	|........ ........ ........ ........| ok p=1
Q39:	|........ ........ ........ ........| ok p=1
Q40:	|........ ........ ........ ........| ok p=1
Q41:	|........ ........ ........ ........| ok p=1
Q42:	|........ ........ ........ ........| ok p=1
Q43:	|........ ........ ........ ........| ok p=1
Q44:	|........ ........ ........ ........| ok p=1
Q45:	|........ ........ ........ ........| ok p=1
Q46:	|........ ........ ........ ........| ok p=1
Q47:	|........ ........ ........ ........| ok p=1
Q48:	|........ ........ ........ ........| ok p=1
Q49:	|........ ........ ........ ........| ok p=1
Q50:	|........ ........ ........ ........| ok p=1
Q51:	|........ ........ ........ ........| ok p=1
Q52:	|........ ........ ........ ........| ok p=1
Q53:	|........ ........ ........ ........| ok p=1
Q54:	|........ ........ ........ ........| ok p=1
Q55:	|........ ........ ........ ........| ok p=1
Q56:	|........ ........ ........ ........| ok p=1
Q57:	|........ ........ ........ ........| ok p=1
Q58:	|........ ........ ........ ........| ok p=1
Q59:	|........ ........ ........ ........| ok p=1
Q60:	|........ ......00 ........ ........| ok p=1
Q61:	|........ ......10 ........ ........| ok p=1
Q62:	|........ ......-+ ........ ........| ok p=1
Q63:	|........ ......0- ........ ........| ok p=1
Q64:	|........ .......- ........ -.+.....|
Best path: totcompl=-29 tottunnel=34, totcond=573, p=0.0329815
Best paths: 2
Q-3:	|10111010 00110110 01111100 11011110|
Q-2:	|-0001100 101+011+ 10010110 11111+--|
Q-1:	|+1011111 11+-01+- 10101111 0100010+|
Q0:	|-0111100 +1+-010+ 1010++-1 1++1110+| ok p=1
Q1:	|+..1...+ -..+.+1+ ..1.-0+. -1-..0.+| ok p=0.859375
Q2:	|+..+...+ 111-.0.+ 10+.11+. -1-..-.-| ok p=1
Q3:	|+!.1...+ 00.1.-.0 00+.00+. +....1.-| ok p=1
Q4:	|+!.-0..0 .+.0.1.1 .++..+.. 1.0..1.0| ok p=1
Q5:	|.^^+1.0+ .-.+.-^. .+0.0+0. 1..^...+| ok p=1
Q6:	|0!.--.0+ .+00.1+. ..-.1+.. ...+...-| ok p=1
Q7:	|..!0-1-. .+01010. !1-.-... ...0...1| ok p=1
Q8:	|!..0-1-0 .1-11.1. ..+.+11. ...+.^.0| ok p=1
Q9:	|....0-0. .10-..-. ..+.+.1. 1!.+.-..| ok p=1
Q10:	|.1111--. .+1-.110 .0+1-.-. 1..1.0.0| ok p=1
Q11:	|0011-1+1 ^+0+0001 ^1011.+^ +^^00-.0| ok p=1
Q12:	|1+++0+-0 +1--1-0- --+++^0- ----1-1-| ok p=1
Q13:	|-+--++1- 1-1-+++1 11-----0 010--.1+| ok p=1
Q14:	|00110.+0 0-0.1110 00111110 001.10+0| ok p=1
Q15:	|0001+01- .1.011-. ..+11-0+ .++1-.+1| ok p=0.932617
Q16:	|0...1.0. .-..0+.. 0.+..-.. .1..-.-.| ok p=0.521484
Q17:	|1...-..^ .0..1.^. 1.0..1.^ .0^.+.+.| ok p=0.472656
Q18:	|-...-... .0..-^.. -.1..+.. .1..0.-.| ok p=0.577148
Q19:	|...0+... .+...... .....+.0 .-..1.-.| ok p=0.99707
Q20:	|^..1+..0 ...0^... ^....001 ...0..1.| ok p=1
Q21:	|...+0..1 .^.1.... 0....11+ .^.1..1.| ok p=0.500977
Q22:	|....0..- ...+.... 1.....-. ...-....| ok p=0.950195
Q23:	|...^.... ........ -.0....^ ......0.| ok p=0.976562
Q24:	|..0....^ ...^.0.. ..1...^. ...^..1.| ok p=0.896484
Q25:	|..1..... ........ ^.+..... ......+.| ok p=0.895508
Q26:	|..+..... ....0-.. ........ .0......| ok p=0.887695
Q27:	|........ ....1-.. ..^..... .1....^.| ok p=1
Q28:	|..^..... ....-+.. ........ .-......| ok p=0.999023
Q29:	|........ .....0.. ........ .0......| ok p=0.87793
Q30:	|........ ....^1.. ........ .+......| ok p=1
Q31:	|........ ........ ........ .+......| ok p=1
Q32:	|........ ........ ........ ........| ok p=1
Q33:	|........ ........ ........ .!......| ok p=1
Q34:	|........ ........ ........ ........| ok p=1
Q35:	|........ ........ ........ ........| ok p=1
Q36:	|........ ........ ........ ........| ok p=1
Q37:	|........ ........ ........ ........| ok p=1
Q38:	|........ ........ ........ ........| ok p=1
Q39:	|........ ........ ........ ........| ok p=1
Q40:	|........ ........ ........ ........| ok p=1
Q41:	|........ ........ ........ ........| ok p=1
Q42:	|........ ........ ........ ........| ok p=1
Q43:	|........ ........ ........ ........| ok p=1
Q44:	|........ ........ ........ ........| ok p=1
Q45:	|........ ........ ........ ........| ok p=1
Q46:	|........ ........ ........ ........| ok p=1
Q47:	|........ ........ ........ ........| ok p=1
Q48:	|........ ........ ........ ........| ok p=1
Q49:	|........ ........ ........ ........| ok p=1
Q50:	|........ ........ ........ ........| ok p=1
Q51:	|........ ........ ........ ........| ok p=1
Q52:	|........ ........ ........ ........| ok p=1
Q53:	|........ ........ ........ ........| ok p=1
Q54:	|........ ........ ........ ........| ok p=1
Q55:	|........ ........ ........ ........| ok p=1
Q56:	|........ ........ ........ ........| ok p=1
Q57:	|........ ........ ........ ........| ok p=1
Q58:	|........ ........ ........ ........| ok p=1
Q59:	|........ ........ ........ ........| ok p=1
Q60:	|........ ......00 ........ ........| ok p=1
Q61:	|........ ......10 ........ ........| ok p=1
Q62:	|........ ......-+ ........ ........| ok p=1
Q63:	|........ ......0- ........ ........| ok p=1
Q64:	|........ .......- ........ -.+.....|
Best path: totcompl=-28 tottunnel=35, totcond=573, p=0.0294733
Best paths: 2
**************Q-3:	|10111010 00110110 01111100 11011110|
Q-2:	|-0001100 101+011+ 10010110 11111+--|
Q-1:	|+1011111 11+-01+- 10101111 0100010+|
Q0:	|-0111100 +1+-010+ 1010++-1 1++1110+| ok p=1
Q1:	|+..1...+ -..+.+1+ ..1.-0+. -1-..0.+| ok p=0.860352
Q2:	|+..+...+ 111-.0.+ .0+.11+. -1-..-.-| ok p=1
Q3:	|+.!1...+ 00.1.-.0 ^0+^00+. +....1.-| ok p=1
Q4:	|+.!-0..0 .+.0.1.1 .++..+.. 1.0..1.0| ok p=1
Q5:	|.^^+1.1+ .-.+.-^. .+0.0+0. 1..^...+| ok p=1
Q6:	|0!.--.1+ .+10.1+. ..-.1+.. ...+...-| ok p=1
Q7:	|1..0-.-. .+11110! .1-.-... ..^1...1| ok p=1
Q8:	|1!.0-.+0 ..-10.1. ..+.+10. ..+-.^.0| ok p=1
Q9:	|0....10. .10-..-. ..+.+.0. ..1+.-..| ok p=1
Q10:	|1.0011-0 00++..00 0.+1-.-1 100010.0| ok p=1
Q11:	|0.111-+0 1+0+0011 1..0+.-0 10+111^1| ok p=1
Q12:	|-^-+0-0- -1--111- -.0-1^1- --11----| ok p=1
Q13:	|+-+0-.1+ 1--++++1 1.101+-0 -+++-000| ok p=1
Q14:	|111001+0 00.01101 1.01.010 001100+0| ok p=1
Q15:	|010.+.1- .0010+1- 1^-..-0+ 0++0-.+.| ok p=0.949219
Q16:	|0...1.1. .-..1+.. 1.+..-.. .1..0.-.| ok p=0.625977
Q17:	|1...-..^ .0..10.^ 1.1..1.^ .0^.+.+.| ok p=0.490234
Q18:	|-...-... .0..-1.. -.0..+.. .1....-.| ok p=0.533203
Q19:	|...0+... .+...... .....+.0 .-..^.-.| ok p=0.99707
Q20:	|^..1+..0 ...0^... ^....001 ...0..1.| ok p=1
Q21:	|...+0..1 .^.1.... 0....11+ .^.1..1.| ok p=0.490234
Q22:	|....0..- ...+.... 1.....-. ...-....| ok p=0.959961
Q23:	|...^.... ........ -.0....^ ......0.| ok p=0.973633
Q24:	|..0....^ ...^.0.. ..1...^. ...^..1.| ok p=0.912109
Q25:	|..1..... ........ ^.+..... ......+.| ok p=0.881836
Q26:	|..+..... ....0-.. ........ .0......| ok p=0.879883
Q27:	|........ ....1-.. ..^..... .1....^.| ok p=1
Q28:	|..^..... ....-+.. ........ .-......| ok p=1
Q29:	|........ .....0.. ........ .0......| ok p=0.864258
Q30:	|........ ....^1.. ........ .+......| ok p=1
Q31:	|........ ........ ........ .+......| ok p=1
Q32:	|........ ........ ........ ........| ok p=1
Q33:	|........ ........ ........ .!......| ok p=1
Q34:	|........ ........ ........ ........| ok p=1
Q35:	|........ ........ ........ ........| ok p=1
Q36:	|........ ........ ........ ........| ok p=1
Q37:	|........ ........ ........ ........| ok p=1
Q38:	|........ ........ ........ ........| ok p=1
Q39:	|........ ........ ........ ........| ok p=1
Q40:	|........ ........ ........ ........| ok p=1
Q41:	|........ ........ ........ ........| ok p=1
Q42:	|........ ........ ........ ........| ok p=1
Q43:	|........ ........ ........ ........| ok p=1
Q44:	|........ ........ ........ ........| ok p=1
Q45:	|........ ........ ........ ........| ok p=1
Q46:	|........ ........ ........ ........| ok p=1
Q47:	|........ ........ ........ ........| ok p=1
Q48:	|........ ........ ........ ........| ok p=1
Q49:	|........ ........ ........ ........| ok p=1
Q50:	|........ ........ ........ ........| ok p=1
Q51:	|........ ........ ........ ........| ok p=1
Q52:	|........ ........ ........ ........| ok p=1
Q53:	|........ ........ ........ ........| ok p=1
Q54:	|........ ........ ........ ........| ok p=1
Q55:	|........ ........ ........ ........| ok p=1
Q56:	|........ ........ ........ ........| ok p=1
Q57:	|........ ........ ........ ........| ok p=1
Q58:	|........ ........ ........ ........| ok p=1
Q59:	|........ ........ ........ ........| ok p=1
Q60:	|........ ......00 ........ ........| ok p=1
Q61:	|........ ......10 ........ ........| ok p=1
Q62:	|........ ......-+ ........ ........| ok p=1
Q63:	|........ ......0- ........ ........| ok p=1
Q64:	|........ .......- ........ -.+.....|
Best path: totcompl=-27 tottunnel=36, totcond=573, p=0.0399695
Best paths: 2
**********Best paths: 4
Q-3:	|10111010 00110110 01111100 11011110|
Q-2:	|-0001100 101+011+ 10010110 11111+--|
Q-1:	|+1011111 11+-01+- 10101111 0100010+|
Q0:	|-0111100 +1+-010+ 1010++-1 1++1110+| ok p=1
Q1:	|+..1...+ -..+.+1+ ..1.-0+. -1-..0.+| ok p=0.864258
Q2:	|+..+...+ 111-.0.+ 10+.11+. -1-..-.-| ok p=1
Q3:	|+.!1...+ 00.1.-.0 00+.00+. +....1.-| ok p=1
Q4:	|+!.-0..0 .+.0.1.1 .++..+.. 1.0..1.0| ok p=1
Q5:	|.^^+1.1+ .-.+.-^. .+0.0+0. 1..^...+| ok p=1
Q6:	|0.!--.1+ .+00.1+. ..-.1+.. ...+...-| ok p=1
Q7:	|.!.0-.-. .+01.10. !1-.-... ...1.0.1| ok p=1
Q8:	|.!.0-.+0 .1-1^110 ..+^+1.. ...+.0.0| ok p=1
Q9:	|.!....0. .00-..-0 ..++00^. ..!+.-..| ok p=1
Q10:	|1.111.-1 .-1-001- .1+001-^ 0.11.+.0| ok p=1
Q11:	|1001.^-1 .-0+11-+ ^11+101- 1^10.0.1| ok p=1
Q12:	|-1-+^++- .-11+++- -++++--1 ++--101+| ok p=1
Q13:	|--+-+01+ .0+----1 0-1.10++ 00+01.00| ok p=1
Q14:	|010101+0 .+110010 11001111 0101+.+0| ok p=1
Q15:	|0101+11- .11011-. .0+..-1+ .+1++.+.| ok p=0.924805
Q16:	|0...1.1. .-..0+.. 0.+..-.. .1.10.-.| ok p=1
Q17:	|1...-..^ .0..1.^. 1.0..1.^ .0.0+.+.| ok p=0.506836
Q18:	|-...-... .0..-^.. -.1..+.. .1....-.| ok p=0.555664
Q19:	|...0+... .+...... .....+.0 .-..^.-.| ok p=0.999023
Q20:	|^..1+..0 ...0^... ^....001 ...0..1.| ok p=1
Q21:	|...+0..1 .^.1.... 0....11+ .^.1..1.| ok p=0.492188
Q22:	|....0..- ...+.... 1.....-. ...-....| ok p=0.964844
Q23:	|...^.... ........ -.0....^ ......0.| ok p=0.97168
Q24:	|..0....^ ...^.0.. ..1...^. ...^..1.| ok p=0.90332
Q25:	|..1..... ........ ^.+..... ......+.| ok p=0.873047
Q26:	|..+..... ....0-.. ........ .0......| ok p=0.87793
Q27:	|........ ....1-.. ..^..... .1....^.| ok p=1
Q28:	|..^..... ....-+.. ........ .-......| ok p=1
Q29:	|........ .....0.. ........ .0......| ok p=0.889648
Q30:	|........ ....^1.. ........ .+......| ok p=1
Q31:	|........ ........ ........ .+......| ok p=1
Q32:	|........ ........ ........ ........| ok p=1
Q33:	|........ ........ ........ .!......| ok p=1
Q34:	|........ ........ ........ ........| ok p=1
Q35:	|........ ........ ........ ........| ok p=1
Q36:	|........ ........ ........ ........| ok p=1
Q37:	|........ ........ ........ ........| ok p=1
Q38:	|........ ........ ........ ........| ok p=1
Q39:	|........ ........ ........ ........| ok p=1
Q40:	|........ ........ ........ ........| ok p=1
Q41:	|........ ........ ........ ........| ok p=1
Q42:	|........ ........ ........ ........| ok p=1
Q43:	|........ ........ ........ ........| ok p=1
Q44:	|........ ........ ........ ........| ok p=1
Q45:	|........ ........ ........ ........| ok p=1
Q46:	|........ ........ ........ ........| ok p=1
Q47:	|........ ........ ........ ........| ok p=1
Q48:	|........ ........ ........ ........| ok p=1
Q49:	|........ ........ ........ ........| ok p=1
Q50:	|........ ........ ........ ........| ok p=1
Q51:	|........ ........ ........ ........| ok p=1
Q52:	|........ ........ ........ ........| ok p=1
Q53:	|........ ........ ........ ........| ok p=1
Q54:	|........ ........ ........ ........| ok p=1
Q55:	|........ ........ ........ ........| ok p=1
Q56:	|........ ........ ........ ........| ok p=1
Q57:	|........ ........ ........ ........| ok p=1
Q58:	|........ ........ ........ ........| ok p=1
Q59:	|........ ........ ........ ........| ok p=1
Q60:	|........ ......00 ........ ........| ok p=1
Q61:	|........ ......10 ........ ........| ok p=1
Q62:	|........ ......-+ ........ ........| ok p=1
Q63:	|........ ......0- ........ ........| ok p=1
Q64:	|........ .......- ........ -.+.....|
Best path: totcompl=-26 tottunnel=37, totcond=573, p=0.0612036
**Best paths: 2
************************
Best path: totcompl=-26 tottunnel=37, totcond=573
Verified: 156513 bad out of 156530
Runtime: 1244.04
