Extend MD5 differential paths forward
Copyright (C) 2009 Marc Stevens
http://homepages.cwi.nl/~stevens/

delta_m[11] = [!-6!]
Loading workdir4/lowerpath.bin.gz...done: 1.
Estimating maxcond for upper bound 8000000 (=2000000 * 4)...
t=1:  0%   10   20   30   40   50   60   70   80   90   100%
      |----|----|----|----|----|----|----|----|----|----|
e     ***************************************************
Found maxcond = 2176
t=1:  0%   10   20   30   40   50   60   70   80   90   100%
      |----|----|----|----|----|----|----|----|----|----|
      ***************************************************
Q-3:	|10111010 00110110 01111100 11011110|
Q-2:	|-0001100 101+011+ 10010110 11111+--|
Q-1:	|+1011111 11+-01+- 10101111 0100010+|
Q0:	|-0111100 +1+-010+ 1010++-1 1++1110+| ok p=1
Q1:	|+....... +..+.+1+ ....-00+ .++....+| ok p=0.447266
Q2:	|+..+...+ ..+.-..- ...+..+. -.-..+.-|
Saving 752 paths...done.
Autobalance parameters: maxcond=2176
Verified: 0 bad out of 752
Estimating maxcond for upper bound 8000000 (=2000000 * 4)...
t=2:  0%   10   20   30   40   50   60   70   80   90   100%
      |----|----|----|----|----|----|----|----|----|----|
e     ***************************************************
Found maxcond = 163
t=2:  0%   10   20   30   40   50   60   70   80   90   100%
      |----|----|----|----|----|----|----|----|----|----|
      ***************************************************
Q-3:	|10111010 00110110 01111100 11011110|
Q-2:	|-0001100 101+011+ 10010110 11111+--|
Q-1:	|+1011111 11+-01+- 10101111 0100010+|
Q0:	|-0111100 +1+-010+ 1010++-1 1++1110+| ok p=1
Q1:	|-..1.... +..+.+1+ ...-+0+. -1-...0+| ok p=0.482422
Q2:	|+..+.... +.1-.0.+ ...+.1+. -1-...++| ok p=0.844727
Q3:	|+.+..... +..-.+.+ ...+..+. +...+..-|
Saving 2000000 paths...done.
Autobalance parameters: maxcond=162
Verified: 759994 bad out of 2870296
Estimating maxcond for upper bound 8000000 (=2000000 * 4)...
t=3:  0%   10   20   30   40   50   60   70   80   90   100%
      |----|----|----|----|----|----|----|----|----|----|
e     ***************************************************
Found maxcond = 178
t=3:  0%   10   20   30   40   50   60   70   80   90   100%
      |----|----|----|----|----|----|----|----|----|----|
      ***************************************************
Q-3:	|10111010 00110110 01111100 11011110|
Q-2:	|-0001100 101+011+ 10010110 11111+--|
Q-1:	|+1011111 11+-01+- 10101111 0100010+|
Q0:	|-0111100 +1+-010+ 1010++-1 1++1110+| ok p=1
Q1:	|+.V1.... +..+.+1+ ...-+0+. -1-V.0.+| ok p=0.516602
Q2:	|-..+.... +.1-.1.+ ...+.1+. -1-..+.-| ok p=0.508789
Q3:	|+.+0.... +..-.-.. ...+1.+. +..+.0.-| ok p=0.450195
Q4:	|+..+.... +..+.-.. +.-.-..- ...+..+.|
Saving 2000000 paths...done.
Autobalance parameters: maxcond=177
Verified: 22194 bad out of 2551622
Estimating maxcond for upper bound 8000000 (=2000000 * 4)...
t=4:  0%   10   20   30   40   50   60   70   80   90   100%
      |----|----|----|----|----|----|----|----|----|----|
e     ***************************************************
Found maxcond = 192
t=4:  0%   10   20   30   40   50   60   70   80   90   100%
      |----|----|----|----|----|----|----|----|----|----|
      ***************************************************
Q-3:	|10111010 00110110 01111100 11011110|
Q-2:	|-0001100 101+011+ 10010110 11111+--|
Q-1:	|+1011111 11+-01+- 10101111 0100010+|
Q0:	|-0111100 +1+-010+ 1010++-1 1++1110+| ok p=1
Q1:	|+..1...+ -..+.+1+ ..1.-0+. -1-..0.+| ok p=1
Q2:	|-..+...+ 1.1-.0.+ V.+.1+-. -1-..-.-| ok p=0.459961
Q3:	|-..1...+ 1.11.-.. ..+.0+-. +....1.-| ok p=0.339844
Q4:	|...-.... ..+1.0.1 +....+.. 1.1..1..| ok p=0.797852
Q5:	|.-...-.- .-.-..-. +..-.+.. .......+|
Saving 2000000 paths...done.
Autobalance parameters: maxcond=190
Verified: 474733 bad out of 4059028
Estimating maxcond for upper bound 8000000 (=2000000 * 4)...
t=5:  0%   10   20   30   40   50   60   70   80   90   100%
      |----|----|----|----|----|----|----|----|----|----|
e     ***************************************************
Found maxcond = 207
t=5:  0%   10   20   30   40   50   60   70   80   90   100%
      |----|----|----|----|----|----|----|----|----|----|
      ***************************************************
Q-3:	|10111010 00110110 01111100 11011110|
Q-2:	|-0001100 101+011+ 10010110 11111+--|
Q-1:	|+1011111 11+-01+- 10101111 0100010+|
Q0:	|-0111100 +1+-010+ 1010++-1 1++1110+| ok p=1
Q1:	|+..1...+ -..+.+1+ ..1.-0+. -1-..0.+| ok p=0.852539
Q2:	|+..+...+ 111-.0.+ .0+.11+. -1-..-.-| ok p=0.413086
Q3:	|+..1...+ 00.1.-.. .1+.00+. +....1.-| ok p=0.866211
Q4:	|+..-...0 .+.0.1.1 .++..+.. 0.0..1.1| ok p=0.607422
Q5:	|...+...+ .0.-.-.. .-...+1. 1......+| ok p=0.823242
Q6:	|..-.+..+ .+....+. -..-.+.. ...+...+|
Saving 2000000 paths...done.
Autobalance parameters: maxcond=206
Verified: 48080 bad out of 2741563
Estimating maxcond for upper bound 8000000 (=2000000 * 4)...
t=6:  0%   10   20   30   40   50   60   70   80   90   100%
      |----|----|----|----|----|----|----|----|----|----|
e     ***************************************************
Found maxcond = 222
t=6:  0%   10   20   30   40   50   60   70   80   90   100%
      |----|----|----|----|----|----|----|----|----|----|
      ***************************************************
Q-3:	|10111010 00110110 01111100 11011110|
Q-2:	|-0001100 101+011+ 10010110 11111+--|
Q-1:	|+1011111 11+-01+- 10101111 0100010+|
Q0:	|-0111100 +1+-010+ 1010++-1 1++1110+| ok p=1
Q1:	|+..1...+ -..+.+1+ ..1.-0+. -1-..0.+| ok p=0.867188
Q2:	|+..+...+ 111-.0.+ V.+.11+. -1-..-.-| ok p=0.442383
Q3:	|+..1..1+ 10.1.-.. 0.+.00+. +....0.-| ok p=0.920898
Q4:	|+..-..0+ .+.0.1V1 +.0..+.. 1.0..1.0| ok p=0.618164
Q5:	|...+..+. .-.+.-.. +.-..+0. 1......+| ok p=0.862305
Q6:	|1..-..-1 .+.0.0+. ..0..+.. .......-| ok p=0.363281
Q7:	|.+...-.- .+.....- ....+.-. ....-...|
Saving 1305502 paths...done.
Autobalance parameters: maxcond=222
Verified: 2072 bad out of 1307574
Estimating maxcond for upper bound 8000000 (=2000000 * 4)...
t=7:  0%   10   20   30   40   50   60   70   80   90   100%
      |----|----|----|----|----|----|----|----|----|----|
e     **************************************************Found maxcond = 236
t=7:  0%   10   20   30   40   50   60   70   80   90   100%
      |----|----|----|----|----|----|----|----|----|----|
      **************************************************Q-3:	|10111010 00110110 01111100 11011110|
Q-2:	|-0001100 101+011+ 10010110 11111+--|
Q-1:	|+1011111 11+-01+- 10101111 0100010+|
Q0:	|-0111100 +1+-010+ 1010++-1 1++1110+| ok p=1
Q1:	|+..1...+ -..+.+1+ ..1.-0+. -1-..0.+| ok p=0.858398
Q2:	|+..+...+ 111-.0.+ V.+.11+. -1-..-.-| ok p=0.40332
Q3:	|+..1.V.+ 10.1V-.. ..+.00+. +....1.-| ok p=0.900391
Q4:	|+..-...0 .+.0.0V1 +.0..+.. 0.0..1.0| ok p=0.603516
Q5:	|...+.+.- .-..++.. 1.-..+0. 1.0....+| ok p=0.853516
Q6:	|1..-.0.- .+..0+-. -.1..+.. ..+....0| ok p=0.476562
Q7:	|...0.-.. .+..1.0. +.1..+.. ..+....1| ok p=0.514648
Q8:	|.....+.. ..+....+ .+.+.+.+ ..+...+.|
Saving 2000000 paths...done.
Autobalance parameters: maxcond=235
Verified: 20009 bad out of 2420724
Estimating maxcond for upper bound 8000000 (=2000000 * 4)...
t=8:  0%   10   20   30   40   50   60   70   80   90   100%
      |----|----|----|----|----|----|----|----|----|----|
e     ***************************************************
Found maxcond = 250
t=8:  0%   10   20   30   40   50   60   70   80   90   100%
      |----|----|----|----|----|----|----|----|----|----|
      ***************************************************
Q-3:	|10111010 00110110 01111100 11011110|
Q-2:	|-0001100 101+011+ 10010110 11111+--|
Q-1:	|+1011111 11+-01+- 10101111 0100010+|
Q0:	|-0111100 +1+-010+ 1010++-1 1++1110+| ok p=1
Q1:	|+..1...+ -..+.+1+ ..1.-0+. -1-..0.+| ok p=0.875977
Q2:	|+..+...+ 111-.0.+ 0.+.1+-. -1-..-.-| ok p=0.851562
Q3:	|+..1...+ 10.1.-.1 1.+.0+-. +....1.-| ok p=0.506836
Q4:	|0..-..10 .+.0.1.+ -.1..+.. 1.0V.1.0| ok p=0.611328
Q5:	|+..+..0+ .0.+.0.- -.-..+0. 1......+| ok p=0.480469
Q6:	|-..-..++ .+.0.+.0 ..1..-.V ...+...-| ok p=0.748047
Q7:	|+..0..1. .+.0.+.- 0.1..-.. ...0...1| ok p=0.962891
Q8:	|+..1..11 .....+.0 ..-....+ ...1...+| ok p=0.400391
Q9:	|..+.+..+ .+.-.+.. ..-....+ .+..+.+.|
Saving 2000000 paths...done.
Autobalance parameters: maxcond=249
Verified: 64980 bad out of 2787994
Estimating maxcond for upper bound 8000000 (=2000000 * 4)...
t=9:  0%   10   20   30   40   50   60   70   80   90   100%
      |----|----|----|----|----|----|----|----|----|----|
e     ***************************************************
Found maxcond = 263
t=9:  0%   10   20   30   40   50   60   70   80   90   100%
      |----|----|----|----|----|----|----|----|----|----|
      ***************************************************
Q-3:	|10111010 00110110 01111100 11011110|
Q-2:	|-0001100 101+011+ 10010110 11111+--|
Q-1:	|+1011111 11+-01+- 10101111 0100010+|
Q0:	|-0111100 +1+-010+ 1010++-1 1++1110+| ok p=1
Q1:	|+..1...+ -..+.+1+ ..1.-0+. -1-..0.+| ok p=0.880859
Q2:	|+..+...+ 111-.0.+ V.+.11+. -1-..-.-| ok p=0.448242
Q3:	|+..1...+ 10.1.-.. ..+.00+. +....1.-| ok p=0.919922
Q4:	|+..-.0.0 .+.0.1V1 +.0..+.. 0.01.1.0| ok p=0.628906
Q5:	|...+.1V+ .-V+.-.. 1.-..+0. 1..0...+| ok p=0.84668
Q6:	|1..-.-1+ .+.0.1+. -V1..+.. ...+...-| ok p=0.483398
Q7:	|...0.--. .0+1.10. +11..... ...0...-| ok p=0.508789
Q8:	|...0.--0 .001..1. ++...1.. ...1...+| ok p=0.977539
Q9:	|........ ..1-..+. ++...... .......1| ok p=0.697266
Q10:	|.+...... .+.-.+.. .-....-. +..-.+..|
Saving 2000000 paths...done.
Autobalance parameters: maxcond=262
Verified: 115703 bad out of 2582335
Estimating maxcond for upper bound 8000000 (=2000000 * 4)...
t=10: 0%   10   20   30   40   50   60   70   80   90   100%
      |----|----|----|----|----|----|----|----|----|----|
e     ***************************************************
Found maxcond = 277
t=10: 0%   10   20   30   40   50   60   70   80   90   100%
      |----|----|----|----|----|----|----|----|----|----|
      ***************************************************
Q-3:	|10111010 00110110 01111100 11011110|
Q-2:	|-0001100 101+011+ 10010110 11111+--|
Q-1:	|+1011111 11+-01+- 10101111 0100010+|
Q0:	|-0111100 +1+-010+ 1010++-1 1++1110+| ok p=1
Q1:	|+..1...+ -..+.+1+ ..1.-0+. -1-..0.+| ok p=0.850586
Q2:	|+..+...+ 111-.0.+ V.+.11+. -1-..-.-| ok p=0.420898
Q3:	|+..1...+ 10.1.-.. ..+.00+. +....1.-| ok p=0.845703
Q4:	|+..-.1.0 .+.0.1V1 +.0..+.. 0.0V.1.0| ok p=0.607422
Q5:	|...+.0V+ .-.+.-0. 1.-V.+0. 1......+| ok p=0.861328
Q6:	|1..-.-1+ .+V0.1+. -.1..+.. ...+...-| ok p=0.506836
Q7:	|...0.--. .+01.1-. +.+-.... ...1...-| ok p=0.189453
Q8:	|...0.0-0 .++...-. 0V-0.1.V V..1V..+| ok p=0.944336
Q9:	|.....+.. .+-..... 0.-1.... .......0| ok p=0.896484
Q10:	|.....+1. .++...1. ++.....- -...-..1| ok p=0.892578
Q11:	|..-..+.. +.-....- .-...-.. -..-.+.+|
Saving 2000000 paths...done.
Autobalance parameters: maxcond=276
Verified: 944 bad out of 2204987
Runtime: 164.181
Extend MD5 differential paths forward
Copyright (C) 2009 Marc Stevens
http://homepages.cwi.nl/~stevens/

delta_m[11] = [!-6!]
Loading workdir4/paths10_0of1...done: 2000000 (work:2000000).
Estimating maxcond for upper bound 2000000 (=500000 * 4)...
t=11: 0%   10   20   30   40   50   60   70   80   90   100%
      |----|----|----|----|----|----|----|----|----|----|
e     ***************************************************
Found maxcond = 289
t=11: 0%   10   20   30   40   50   60   70   80   90   100%
      |----|----|----|----|----|----|----|----|----|----|
      ***************************************************
Q-3:	|10111010 00110110 01111100 11011110|
Q-2:	|-0001100 101+011+ 10010110 11111+--|
Q-1:	|+1011111 11+-01+- 10101111 0100010+|
Q0:	|-0111100 +1+-010+ 1010++-1 1++1110+| ok p=1
Q1:	|+..1...+ -..+.+1+ ..1.-0+. -1-..0.+| ok p=0.869141
Q2:	|+..+...+ 111-.0.+ .V+.11+. -1-..-.-| ok p=0.410156
Q3:	|+..1...+ 00.1.-.. .0+.00+. +....1.-| ok p=0.928711
Q4:	|+..-0..0 .+.0.1V1 .++..+.. 1.0V.1.0| ok p=0.623047
Q5:	|...+1.V+ .-.+.-.. .+0.0+0. 1......+| ok p=0.863281
Q6:	|0..--.1+ .+V0.1+. ..-.1+.. ..V+...-| ok p=0.923828
Q7:	|...0-.-. .+.1.10. .1-.-... ...1.V.1| ok p=0.503906
Q8:	|...0-.+0 ..-1..1. ..+.+1V. ..+-...0| ok p=0.973633
Q9:	|......0. .10-..-. ..+.+.1. ..1+.-..| ok p=0.994141
Q10:	|....0.-. ..++..0. ..+.-.-. ..10.0..| ok p=0.928711
Q11:	|......-. ..0+..1. ....-.-. ..+1.1..| ok p=0.905273
Q12:	|...-..+. ...+..-. ...-..-. .+.-..+.|
Saving 500000 paths...done.
Autobalance parameters: maxcond=288
Verified: 528 bad out of 590847
Runtime: 16.6463
