MD5 differential path toolbox
Copyright (C) 2009 Marc Stevens
http://homepages.cwi.nl/~stevens/

IHV1   = {3124133086,3159663516,1607839556,2359727867}
IHV1   = de7c36ba9ca354bc44afd55ffb96a68c

IHV2   = {3124133086,1021685245,3756437317,213358332}
IHV2   = de7c36bafdade53c45afe6dffc96b70c

dIHV   = {0,2156989025,2148597761,2148597761}
NC0: delta c = delta d = [!-0,31!]
NC0: delta b           = [!-0,-23,31!]
NC1: delta c = delta d = [!-16!]
NC1: delta b           = [!5,-7,-16!]
NC2: delta c = delta d = [!-20!]
NC2: delta b           = [!-9,-11,-20!]
NC0: prob=-10.9621
NC1: prob=-6.92298
NC2: prob=-8.40848
delta m_11 = [!-6!]
Q-3:	|10111010 00110110 01111100 11011110|
Q-2:	|-0001100 101+011+ 10010110 11111+--|
Q-1:	|+1011111 11+-01+- 10101111 0100010+|
Q0:	|-0111100 +1+-010+ 1010++-1 1++1110+| ok p=1
Q1:	|+....... +..+.+.+ ....-.+. -.-....+|
Saved lower diff. path to 'workdir4/lowerpath.bin.gz'.

Q32:	|........ ........ ........ ........|
Q33:	|........ ........ ........ ........|
Q34:	|........ ........ ........ ........|
Q35:	|........ ........ ........ ........| ok p=1
Q36:	|........ ........ ........ ........| ok p=1
Q37:	|........ ........ ........ ........| ok p=1
Q38:	|........ ........ ........ ........| ok p=1
Q39:	|........ ........ ........ ........| ok p=1
Q40:	|........ ........ ........ ........| ok p=1
Q41:	|........ ........ ........ ........| ok p=1
Q42:	|........ ........ ........ ........| ok p=1
Q43:	|........ ........ ........ ........| ok p=1
Q44:	|........ ........ ........ ........| ok p=1
Q45:	|........ ........ ........ ........| ok p=1
Q46:	|........ ........ ........ ........| ok p=1
Q47:	|........ ........ ........ ........| ok p=1
Q48:	|........ ........ ........ ........| ok p=1
Q49:	|........ ........ ........ ........| ok p=1
Q50:	|........ ........ ........ ........| ok p=1
Q51:	|........ ........ ........ ........| ok p=1
Q52:	|........ ........ ........ ........| ok p=1
Q53:	|........ ........ ........ ........| ok p=1
Q54:	|........ ........ ........ ........| ok p=1
Q55:	|........ ........ ........ ........| ok p=1
Q56:	|........ ........ ........ ........| ok p=1
Q57:	|........ ........ ........ ........| ok p=1
Q58:	|........ ........ ........ ........| ok p=1
Q59:	|........ ........ ........ ........| ok p=1
Q60:	|........ ......00 ........ ........| ok p=1
Q61:	|........ ......10 ........ ........| ok p=1
Q62:	|........ ......-+ ........ ........| ok p=1
Q63:	|........ ......0- ........ ........| ok p=0.999023
Q64:	|........ .......- ........ -.+.....|
Saved upper diff. path to 'workdir4/upperpath.bin.gz'.
Saved 'md5diffpathforward.cfg'.
Saved 'md5diffpathbackward.cfg'.
Saved 'md5diffpathconnect.cfg'.
Saved 'md5diffpathhelper.cfg'.
